2024-12-07 22:34:40,327 [INFO] Activator:178 - 


2024-12-07 22:34:40,328 [INFO] Activator:179 - !SESSION log4j initialized
2024-12-07 22:34:42,385 [ERROR] LogOutputStream:74 - [STDERR_REDIRECT] [Fatal Error] :1:1: Premature end of file.
2024-12-07 22:34:42,387 [ERROR] LogOutputStream:74 - [STDERR_REDIRECT] 
2024-12-07 22:34:42,459 [ERROR] LogOutputStream:74 - [STDERR_REDIRECT] [Fatal Error] :1:1: Premature end of file.
2024-12-07 22:34:42,460 [ERROR] LogOutputStream:74 - [STDERR_REDIRECT] 
2024-12-07 22:34:42,529 [ERROR] LogOutputStream:74 - [STDERR_REDIRECT] [Fatal Error] :1:1: Premature end of file.
2024-12-07 22:34:42,530 [ERROR] LogOutputStream:74 - [STDERR_REDIRECT] 
2024-12-07 22:34:47,321 [INFO] ApplicationProperties:181 - Using Application install path: C:\ST\STM32CubeIDE_1.4.0\STM32CubeIDE\plugins\com.st.stm32cube.common.mx_6.0.0.202007160824
2024-12-07 22:34:47,329 [INFO] DbMcusXml:70 - Set database path to: C:\ST\STM32CubeIDE_1.4.0\STM32CubeIDE\plugins\com.st.stm32cube.common.mx_6.0.0.202007160824\\db\/mcu/
2024-12-07 22:34:47,333 [INFO] DbBoardsPdsc:56 - Set plugin database path to: C:\ST\STM32CubeIDE_1.4.0\STM32CubeIDE\plugins\com.st.stm32cube.common.mx_6.0.0.202007160824\\db\/plugins/boardmanager/
2024-12-07 22:34:47,333 [INFO] DbMcus:258 - Set plugin images path to: C:\ST\STM32CubeIDE_1.4.0\STM32CubeIDE\plugins\com.st.stm32cube.common.mx_6.0.0.202007160824\\db\/plugins/mcufinder/images/
2024-12-07 22:34:47,333 [INFO] DbBoards:264 - Set plugin images path to: C:\ST\STM32CubeIDE_1.4.0\STM32CubeIDE\plugins\com.st.stm32cube.common.mx_6.0.0.202007160824\\db\/plugins/mcufinder/images/
2024-12-07 22:34:47,335 [INFO] DbExamples:326 - Set plugin images path to: C:\ST\STM32CubeIDE_1.4.0\STM32CubeIDE\plugins\com.st.stm32cube.common.mx_6.0.0.202007160824\\db\/plugins/mcufinder/images/
2024-12-07 22:34:47,340 [INFO] DbMcusDocs:112 - Set database path to: C:\Users\Younis\.stmcufinder\plugins\mcufinder//mcu/
2024-12-07 22:34:47,341 [INFO] DbMcusJson:63 - Set database path to: C:\Users\Younis\.stmcufinder\plugins\mcufinder//mcu/
2024-12-07 22:34:47,342 [INFO] DbBoardsDocs:112 - Set database path to: C:\Users\Younis\.stmcufinder\plugins\mcufinder//mcu/
2024-12-07 22:34:47,343 [INFO] DbBoardsJson:56 - Set database path to: C:\Users\Younis\.stmcufinder\plugins\mcufinder//mcu/
2024-12-07 22:34:47,345 [INFO] CrossReferenceDbSqlite:196 - Set database path to: C:\Users\Younis\.stmcufinder\plugins\mcufinder//mcu/cs/
2024-12-07 22:34:47,349 [INFO] DbExamplesSqlite:800 - Set database path to: C:\Users\Younis\.stmcufinder\plugins\mcufinder//mcu/
2024-12-07 22:34:47,435 [INFO] RulesReader:52 - Compatibility file has been processed (209 Rules)
2024-12-07 22:34:47,500 [INFO] MicroXplorer:564 - Detected Java Version = 1.8.0_252
2024-12-07 22:34:47,501 [INFO] DbMcusXml:70 - Set database path to: C:\ST\STM32CubeIDE_1.4.0\STM32CubeIDE\plugins\com.st.stm32cube.common.mx_6.0.0.202007160824\\db\/mcu/
2024-12-07 22:34:47,501 [INFO] DbBoardsPdsc:56 - Set plugin database path to: C:\ST\STM32CubeIDE_1.4.0\STM32CubeIDE\plugins\com.st.stm32cube.common.mx_6.0.0.202007160824\\db\/plugins/boardmanager/
2024-12-07 22:34:47,502 [INFO] DbMcus:258 - Set plugin images path to: C:\ST\STM32CubeIDE_1.4.0\STM32CubeIDE\plugins\com.st.stm32cube.common.mx_6.0.0.202007160824\\db\/plugins/mcufinder/images/
2024-12-07 22:34:47,502 [INFO] DbBoards:264 - Set plugin images path to: C:\ST\STM32CubeIDE_1.4.0\STM32CubeIDE\plugins\com.st.stm32cube.common.mx_6.0.0.202007160824\\db\/plugins/mcufinder/images/
2024-12-07 22:34:47,502 [INFO] DbExamples:326 - Set plugin images path to: C:\ST\STM32CubeIDE_1.4.0\STM32CubeIDE\plugins\com.st.stm32cube.common.mx_6.0.0.202007160824\\db\/plugins/mcufinder/images/
2024-12-07 22:34:47,502 [WARN] DbFile:36 - Overriding database path with different value: C:\Users\Younis\.stmcufinder\plugins\mcufinder/ => C:\Users\Younis\.stmcufinder\plugins\mcufinder
2024-12-07 22:34:47,502 [INFO] DbMcusDocs:112 - Set database path to: C:\Users\Younis\.stmcufinder\plugins\mcufinder//mcu/
2024-12-07 22:34:47,502 [WARN] DbFile:36 - Overriding database path with different value: C:\Users\Younis\.stmcufinder\plugins\mcufinder/ => C:\Users\Younis\.stmcufinder\plugins\mcufinder
2024-12-07 22:34:47,502 [INFO] DbMcusJson:63 - Set database path to: C:\Users\Younis\.stmcufinder\plugins\mcufinder//mcu/
2024-12-07 22:34:47,503 [WARN] DbFile:36 - Overriding database path with different value: C:\Users\Younis\.stmcufinder\plugins\mcufinder/ => C:\Users\Younis\.stmcufinder\plugins\mcufinder
2024-12-07 22:34:47,503 [INFO] DbBoardsDocs:112 - Set database path to: C:\Users\Younis\.stmcufinder\plugins\mcufinder//mcu/
2024-12-07 22:34:47,503 [WARN] DbFile:36 - Overriding database path with different value: C:\Users\Younis\.stmcufinder\plugins\mcufinder/ => C:\Users\Younis\.stmcufinder\plugins\mcufinder
2024-12-07 22:34:47,503 [INFO] DbBoardsJson:56 - Set database path to: C:\Users\Younis\.stmcufinder\plugins\mcufinder//mcu/
2024-12-07 22:34:47,503 [WARN] DbFile:36 - Overriding database path with different value: C:\Users\Younis\.stmcufinder\plugins\mcufinder/ => C:\Users\Younis\.stmcufinder\plugins\mcufinder
2024-12-07 22:34:47,503 [WARN] DbFile:36 - Overriding database path with different value: C:\Users\Younis\.stmcufinder\plugins\mcufinder/ => C:\Users\Younis\.stmcufinder\plugins\mcufinder
2024-12-07 22:34:47,503 [INFO] CrossReferenceDbSqlite:196 - Set database path to: C:\Users\Younis\.stmcufinder\plugins\mcufinder//mcu/cs/
2024-12-07 22:34:47,503 [WARN] DbFile:36 - Overriding database path with different value: C:\Users\Younis\.stmcufinder\plugins\mcufinder/ => C:\Users\Younis\.stmcufinder\plugins\mcufinder
2024-12-07 22:34:47,503 [INFO] DbExamplesSqlite:800 - Set database path to: C:\Users\Younis\.stmcufinder\plugins\mcufinder//mcu/
2024-12-07 22:34:47,551 [INFO] MainPanel:189 - HeapMemory: 289406976
2024-12-07 22:34:47,594 [INFO] DbMcusXml:70 - Set database path to: C:\ST\STM32CubeIDE_1.4.0\STM32CubeIDE\plugins\com.st.stm32cube.common.mx_6.0.0.202007160824\\db\/mcu/
2024-12-07 22:34:47,595 [INFO] DbBoardsPdsc:56 - Set plugin database path to: C:\ST\STM32CubeIDE_1.4.0\STM32CubeIDE\plugins\com.st.stm32cube.common.mx_6.0.0.202007160824\\db\/plugins/boardmanager/
2024-12-07 22:34:47,595 [INFO] DbMcus:258 - Set plugin images path to: C:\ST\STM32CubeIDE_1.4.0\STM32CubeIDE\plugins\com.st.stm32cube.common.mx_6.0.0.202007160824\\db\/plugins/mcufinder/images/
2024-12-07 22:34:47,595 [INFO] DbBoards:264 - Set plugin images path to: C:\ST\STM32CubeIDE_1.4.0\STM32CubeIDE\plugins\com.st.stm32cube.common.mx_6.0.0.202007160824\\db\/plugins/mcufinder/images/
2024-12-07 22:34:47,595 [INFO] DbExamples:326 - Set plugin images path to: C:\ST\STM32CubeIDE_1.4.0\STM32CubeIDE\plugins\com.st.stm32cube.common.mx_6.0.0.202007160824\\db\/plugins/mcufinder/images/
2024-12-07 22:34:47,595 [WARN] DbFile:36 - Overriding database path with different value: C:\Users\Younis\.stmcufinder\plugins\mcufinder/ => C:\Users\Younis\.stmcufinder\plugins\mcufinder
2024-12-07 22:34:47,595 [INFO] DbMcusDocs:112 - Set database path to: C:\Users\Younis\.stmcufinder\plugins\mcufinder//mcu/
2024-12-07 22:34:47,595 [WARN] DbFile:36 - Overriding database path with different value: C:\Users\Younis\.stmcufinder\plugins\mcufinder/ => C:\Users\Younis\.stmcufinder\plugins\mcufinder
2024-12-07 22:34:47,596 [INFO] DbMcusJson:63 - Set database path to: C:\Users\Younis\.stmcufinder\plugins\mcufinder//mcu/
2024-12-07 22:34:47,596 [WARN] DbFile:36 - Overriding database path with different value: C:\Users\Younis\.stmcufinder\plugins\mcufinder/ => C:\Users\Younis\.stmcufinder\plugins\mcufinder
2024-12-07 22:34:47,596 [INFO] DbBoardsDocs:112 - Set database path to: C:\Users\Younis\.stmcufinder\plugins\mcufinder//mcu/
2024-12-07 22:34:47,596 [WARN] DbFile:36 - Overriding database path with different value: C:\Users\Younis\.stmcufinder\plugins\mcufinder/ => C:\Users\Younis\.stmcufinder\plugins\mcufinder
2024-12-07 22:34:47,596 [INFO] DbBoardsJson:56 - Set database path to: C:\Users\Younis\.stmcufinder\plugins\mcufinder//mcu/
2024-12-07 22:34:47,596 [WARN] DbFile:36 - Overriding database path with different value: C:\Users\Younis\.stmcufinder\plugins\mcufinder/ => C:\Users\Younis\.stmcufinder\plugins\mcufinder
2024-12-07 22:34:47,596 [WARN] DbFile:36 - Overriding database path with different value: C:\Users\Younis\.stmcufinder\plugins\mcufinder/ => C:\Users\Younis\.stmcufinder\plugins\mcufinder
2024-12-07 22:34:47,597 [INFO] CrossReferenceDbSqlite:196 - Set database path to: C:\Users\Younis\.stmcufinder\plugins\mcufinder//mcu/cs/
2024-12-07 22:34:47,597 [WARN] DbFile:36 - Overriding database path with different value: C:\Users\Younis\.stmcufinder\plugins\mcufinder/ => C:\Users\Younis\.stmcufinder\plugins\mcufinder
2024-12-07 22:34:47,597 [INFO] DbExamplesSqlite:800 - Set database path to: C:\Users\Younis\.stmcufinder\plugins\mcufinder//mcu/
2024-12-07 22:34:47,609 [INFO] ApplicationProperties:181 - Using Application install path: C:\ST\STM32CubeIDE_1.4.0\STM32CubeIDE\plugins\com.st.stm32cube.common.mx_6.0.0.202007160824
2024-12-07 22:34:47,611 [INFO] PluginManage:178 - Search for loadable plugins [exclusion list=, ]
2024-12-07 22:34:47,612 [INFO] PluginManage:292 - Check plugin analytics
2024-12-07 22:34:47,727 [INFO] AnalyticsPlugin:203 - Accepted Software Licenses: 
2024-12-07 22:34:47,728 [INFO] AnalyticsPlugin:205 - Accepted CMSIS Pack Licenses: 
2024-12-07 22:34:47,728 [INFO] AnalyticsPlugin:207 - Accepted Firmware Licenses: 
2024-12-07 22:34:47,728 [INFO] PluginManage:342 - Loaded plugin analytics (category:tool,tabindex:-1)
2024-12-07 22:34:47,729 [INFO] PluginManage:292 - Check plugin clock
2024-12-07 22:34:47,756 [INFO] PluginManage:342 - Loaded plugin clock (category:base,tabindex:2)
2024-12-07 22:34:47,757 [INFO] PluginManage:292 - Check plugin ddr
2024-12-07 22:34:47,759 [INFO] PluginManage:342 - Loaded plugin ddr (category:tool,tabindex:6)
2024-12-07 22:34:47,759 [INFO] PluginManage:292 - Check plugin filemanager
2024-12-07 22:34:47,847 [ERROR] LogOutputStream:74 - [STDERR_REDIRECT] [Fatal Error] :1:1: Premature end of file.
2024-12-07 22:34:47,848 [ERROR] LogOutputStream:74 - [STDERR_REDIRECT] 
2024-12-07 22:34:47,894 [INFO] PluginManage:342 - Loaded plugin filemanager (category:base,tabindex:10)
2024-12-07 22:34:47,894 [INFO] PluginManage:292 - Check plugin ipmanager
2024-12-07 22:34:47,900 [INFO] PluginManage:342 - Loaded plugin ipmanager (category:base,tabindex:5)
2024-12-07 22:34:47,900 [INFO] PluginManage:292 - Check plugin pinoutandconfiguration
2024-12-07 22:34:47,903 [ERROR] LogOutputStream:74 - [STDERR_REDIRECT] [Fatal Error] :1:1: Premature end of file.
2024-12-07 22:34:47,904 [ERROR] LogOutputStream:74 - [STDERR_REDIRECT] 
2024-12-07 22:34:47,918 [INFO] PluginManage:342 - Loaded plugin pinoutandconfiguration (category:base,tabindex:1)
2024-12-07 22:34:47,919 [INFO] PluginManage:292 - Check plugin pinoutconfig
2024-12-07 22:34:47,952 [INFO] PluginManage:342 - Loaded plugin pinoutconfig (category:base,tabindex:0)
2024-12-07 22:34:47,952 [INFO] PluginManage:292 - Check plugin power
2024-12-07 22:34:47,957 [ERROR] LogOutputStream:74 - [STDERR_REDIRECT] [Fatal Error] :1:1: Premature end of file.
2024-12-07 22:34:47,958 [ERROR] LogOutputStream:74 - [STDERR_REDIRECT] 
2024-12-07 22:34:47,970 [INFO] PluginManage:342 - Loaded plugin power (category:power,tabindex:4)
2024-12-07 22:34:47,971 [INFO] PluginManage:292 - Check plugin projectmanager
2024-12-07 22:34:47,984 [INFO] PluginManage:342 - Loaded plugin projectmanager (category:projectmanager,tabindex:3)
2024-12-07 22:34:47,984 [INFO] PluginManage:292 - Check plugin thirdparty
2024-12-07 22:34:48,158 [INFO] ThirdPartyDb:333 - Open Third Party DataBase File (C:/Users/Younis/.stm32cubemx/plugins/thirdparty/db/thirdparties_db.xml) : 46 ms. number of Sw pack : 64
2024-12-07 22:34:48,162 [INFO] PluginManage:342 - Loaded plugin thirdparty (category:base,tabindex:-1)
2024-12-07 22:34:48,162 [INFO] PluginManage:292 - Check plugin tools
2024-12-07 22:34:48,232 [INFO] PluginManage:342 - Loaded plugin tools (category:base,tabindex:7)
2024-12-07 22:34:48,232 [INFO] PluginManage:292 - Check plugin tutovideos
2024-12-07 22:34:48,450 [INFO] PluginManage:342 - Loaded plugin tutovideos (category:base,tabindex:-1)
2024-12-07 22:34:48,454 [INFO] PluginManage:292 - Check plugin updater
2024-12-07 22:34:48,463 [INFO] PluginManage:342 - Loaded plugin updater (category:base,tabindex:12)
2024-12-07 22:34:48,464 [INFO] PluginManage:265 - PluginManage : Loaded plugins [13]
2024-12-07 22:34:48,588 [INFO] PinOutPanel:1418 - setPackage(No Configuration,No Configuration)
2024-12-07 22:34:48,664 [INFO] IPUIPlugin:64 - create IPUIPlugin
2024-12-07 22:34:48,665 [INFO] PluginManager:200 - loadIPPluginJar : add adc
2024-12-07 22:34:48,717 [INFO] IPUIPlugin:64 - create IPUIPlugin
2024-12-07 22:34:48,718 [INFO] PluginManager:200 - loadIPPluginJar : add aes
2024-12-07 22:34:48,779 [INFO] IPUIPlugin:64 - create IPUIPlugin
2024-12-07 22:34:48,780 [INFO] PluginManager:200 - loadIPPluginJar : add can
2024-12-07 22:34:48,817 [INFO] IPUIPlugin:64 - create IPUIPlugin
2024-12-07 22:34:48,817 [INFO] PluginManager:200 - loadIPPluginJar : add comp
2024-12-07 22:34:48,859 [INFO] IPUIPlugin:64 - create IPUIPlugin
2024-12-07 22:34:48,859 [INFO] PluginManager:200 - loadIPPluginJar : add cryp
2024-12-07 22:34:48,946 [INFO] IPUIPlugin:64 - create IPUIPlugin
2024-12-07 22:34:48,946 [INFO] PluginManager:200 - loadIPPluginJar : add dfsdm
2024-12-07 22:34:48,971 [INFO] IPUIPlugin:64 - create IPUIPlugin
2024-12-07 22:34:48,971 [INFO] PluginManager:200 - loadIPPluginJar : add dma
2024-12-07 22:34:49,007 [INFO] IPUIPlugin:64 - create IPUIPlugin
2024-12-07 22:34:49,007 [INFO] PluginManager:200 - loadIPPluginJar : add fatfs
2024-12-07 22:34:49,070 [INFO] IPUIPlugin:64 - create IPUIPlugin
2024-12-07 22:34:49,070 [INFO] PluginManager:200 - loadIPPluginJar : add fmc
2024-12-07 22:34:49,086 [INFO] IPUIPlugin:64 - create IPUIPlugin
2024-12-07 22:34:49,086 [INFO] PluginManager:200 - loadIPPluginJar : add freertos
2024-12-07 22:34:49,123 [INFO] IPUIPlugin:64 - create IPUIPlugin
2024-12-07 22:34:49,123 [INFO] PluginManager:200 - loadIPPluginJar : add genericplugin
2024-12-07 22:34:49,239 [INFO] IPUIPlugin:64 - create IPUIPlugin
2024-12-07 22:34:49,240 [INFO] PluginManager:200 - loadIPPluginJar : add gfxmmu
2024-12-07 22:34:49,382 [INFO] IPUIPlugin:64 - create IPUIPlugin
2024-12-07 22:34:49,382 [INFO] PluginManager:200 - loadIPPluginJar : add gic
2024-12-07 22:34:49,394 [INFO] IPUIPlugin:64 - create IPUIPlugin
2024-12-07 22:34:49,394 [INFO] PluginManager:200 - loadIPPluginJar : add gpio
2024-12-07 22:34:49,467 [INFO] IPUIPlugin:64 - create IPUIPlugin
2024-12-07 22:34:49,467 [INFO] PluginManager:200 - loadIPPluginJar : add gtzc
2024-12-07 22:34:49,509 [INFO] IPUIPlugin:64 - create IPUIPlugin
2024-12-07 22:34:49,509 [INFO] PluginManager:200 - loadIPPluginJar : add hash
2024-12-07 22:34:49,575 [INFO] IPUIPlugin:64 - create IPUIPlugin
2024-12-07 22:34:49,576 [INFO] PluginManager:200 - loadIPPluginJar : add i2c
2024-12-07 22:34:49,639 [INFO] IPUIPlugin:64 - create IPUIPlugin
2024-12-07 22:34:49,639 [INFO] PluginManager:200 - loadIPPluginJar : add i2s
2024-12-07 22:34:49,652 [INFO] IPUIPlugin:64 - create IPUIPlugin
2024-12-07 22:34:49,652 [INFO] PluginManager:200 - loadIPPluginJar : add ipddr
2024-12-07 22:34:49,710 [INFO] IPUIPlugin:64 - create IPUIPlugin
2024-12-07 22:34:49,710 [INFO] PluginManager:200 - loadIPPluginJar : add ltdc
2024-12-07 22:34:49,721 [INFO] IPUIPlugin:64 - create IPUIPlugin
2024-12-07 22:34:49,722 [INFO] PluginManager:200 - loadIPPluginJar : add mdma
2024-12-07 22:34:49,733 [INFO] IPUIPlugin:64 - create IPUIPlugin
2024-12-07 22:34:49,734 [INFO] PluginManager:200 - loadIPPluginJar : add nvic
2024-12-07 22:34:49,781 [INFO] IPUIPlugin:64 - create IPUIPlugin
2024-12-07 22:34:49,781 [INFO] PluginManager:200 - loadIPPluginJar : add opamp
2024-12-07 22:34:49,853 [INFO] IPUIPlugin:64 - create IPUIPlugin
2024-12-07 22:34:49,853 [INFO] PluginManager:200 - loadIPPluginJar : add openamp
2024-12-07 22:34:49,907 [INFO] IPUIPlugin:64 - create IPUIPlugin
2024-12-07 22:34:49,907 [INFO] PluginManager:200 - loadIPPluginJar : add pdm2pcm
2024-12-07 22:34:49,920 [INFO] IPUIPlugin:64 - create IPUIPlugin
2024-12-07 22:34:49,922 [INFO] PluginManager:200 - loadIPPluginJar : add plateformsettings
2024-12-07 22:34:49,956 [INFO] IPUIPlugin:64 - create IPUIPlugin
2024-12-07 22:34:49,956 [INFO] PluginManager:200 - loadIPPluginJar : add quadspi
2024-12-07 22:34:49,968 [INFO] IPUIPlugin:64 - create IPUIPlugin
2024-12-07 22:34:49,968 [INFO] PluginManager:200 - loadIPPluginJar : add resmgrutility
2024-12-07 22:34:50,034 [INFO] IPUIPlugin:64 - create IPUIPlugin
2024-12-07 22:34:50,034 [INFO] PluginManager:200 - loadIPPluginJar : add sai
2024-12-07 22:34:50,093 [INFO] IPUIPlugin:64 - create IPUIPlugin
2024-12-07 22:34:50,093 [INFO] PluginManager:200 - loadIPPluginJar : add spi
2024-12-07 22:34:50,152 [INFO] IPUIPlugin:64 - create IPUIPlugin
2024-12-07 22:34:50,152 [INFO] PluginManager:200 - loadIPPluginJar : add stm32_wpan
2024-12-07 22:34:50,188 [INFO] IPUIPlugin:64 - create IPUIPlugin
2024-12-07 22:34:50,188 [INFO] PluginManager:200 - loadIPPluginJar : add tim
2024-12-07 22:34:50,258 [INFO] IPUIPlugin:64 - create IPUIPlugin
2024-12-07 22:34:50,258 [INFO] PluginManager:200 - loadIPPluginJar : add touchsensing
2024-12-07 22:34:50,292 [INFO] IPUIPlugin:64 - create IPUIPlugin
2024-12-07 22:34:50,292 [INFO] PluginManager:200 - loadIPPluginJar : add tracer_emb
2024-12-07 22:34:50,332 [INFO] IPUIPlugin:64 - create IPUIPlugin
2024-12-07 22:34:50,332 [INFO] PluginManager:200 - loadIPPluginJar : add ts
2024-12-07 22:34:50,365 [INFO] IPUIPlugin:64 - create IPUIPlugin
2024-12-07 22:34:50,365 [INFO] PluginManager:200 - loadIPPluginJar : add tsc
2024-12-07 22:34:50,397 [INFO] IPUIPlugin:64 - create IPUIPlugin
2024-12-07 22:34:50,397 [INFO] PluginManager:200 - loadIPPluginJar : add ucpd
2024-12-07 22:34:50,459 [INFO] IPUIPlugin:64 - create IPUIPlugin
2024-12-07 22:34:50,460 [INFO] PluginManager:200 - loadIPPluginJar : add usart
2024-12-07 22:34:51,754 [INFO] CubeProgrammer:457 - [DDR PANEL] - PathOfProgrammer: null
2024-12-07 22:34:52,358 [FATAL] Updater:282 - Updater called before beeing initialized
2024-12-07 22:34:52,466 [FATAL] Updater:282 - Updater called before beeing initialized
2024-12-07 22:34:52,466 [WARN] ThirdParty:775 - waiting for thirdparty lock release [close project]
2024-12-07 22:34:52,467 [INFO] ThirdParty:777 - entering critical section [close project]
2024-12-07 22:34:52,467 [INFO] ThirdParty:790 - exiting critical section [close project]
2024-12-07 22:34:52,469 [INFO] PinOutPanel:1418 - setPackage(No Configuration,No Configuration)
2024-12-07 22:34:52,470 [FATAL] Updater:282 - Updater called before beeing initialized
2024-12-07 22:34:52,480 [ERROR] Updater:967 - MainUpdater not yet initialized. External WinMGr cannot be set.
2024-12-07 22:34:52,481 [INFO] CubeProgrammer:457 - [DDR PANEL] - PathOfProgrammer: C:\ST\STM32CubeIDE_1.4.0\STM32CubeIDE\plugins\com.st.stm32cube.ide.mcu.externaltools.cubeprogrammer.win32_1.4.0.202007081208\tools\bin
2024-12-07 22:34:52,484 [INFO] ProgrammerExecThread:148 - [ProgrammerAPI] CubeProgrammer command construction: C:\ST\STM32CubeIDE_1.4.0\STM32CubeIDE\plugins\com.st.stm32cube.ide.mcu.externaltools.cubeprogrammer.win32_1.4.0.202007081208\tools\bin\STM32_Programmer_CLI.exe -l
2024-12-07 22:34:52,816 [INFO] MainDdrPanel:49 - [DDR PANEL] SETTER - Set cubeProgrammerPath to: C:\ST\STM32CubeIDE_1.4.0\STM32CubeIDE\plugins\com.st.stm32cube.ide.mcu.externaltools.cubeprogrammer.win32_1.4.0.202007081208\tools\bin
2024-12-07 22:34:52,911 [INFO] Updater:904 - Updater Version found : 6.0.0
2024-12-07 22:34:52,925 [INFO] ApplicationProperties:181 - Using Application install path: C:\ST\STM32CubeIDE_1.4.0\STM32CubeIDE\plugins\com.st.stm32cube.common.mx_6.0.0.202007160824
2024-12-07 22:34:53,410 [INFO] MainUpdater:2268 - connection check result : 10
2024-12-07 22:34:53,410 [INFO] MainUpdater:239 - Updater Check For Update Now.
2024-12-07 22:34:53,411 [INFO] MicroXplorer:414 - Change Database Version : DB.6.0.0
2024-12-07 22:34:53,514 [INFO] CheckServerUpdateThread:102 - End of CheckServer Thread
2024-12-07 22:34:53,551 [INFO] MainUpdater:2268 - connection check result : 10
2024-12-07 22:34:53,864 [INFO] McuFinderGlobals:40 - Set McuFinder mode to 2 (CubeIDE integrated)
2024-12-07 22:34:54,003 [INFO] CrossSelectorPresenter:1330 - Cross Selector saved comparison directory: C:\Users\Younis\.stmcufinder\plugins\mcufinder\mcu\cs_comparisons_mx
2024-12-07 22:34:54,008 [INFO] MultiScanPanel:193 - Auto-refresh data requested => check proxy status ongoing
2024-12-07 22:34:54,011 [INFO] FinderPluginLoader:87 - Searching for filters in installed packs
2024-12-07 22:34:54,012 [INFO] DbMcusXml:100 - Load MCU database from C:\ST\STM32CubeIDE_1.4.0\STM32CubeIDE\plugins\com.st.stm32cube.common.mx_6.0.0.202007160824\\db\/mcu/families.xml
2024-12-07 22:34:54,174 [WARN] IntegrityCheckThread:61 - waiting for thirdparty lock release [integrity check]
2024-12-07 22:34:54,174 [INFO] IntegrityCheckThread:63 - entering critical section [integrity check]
2024-12-07 22:34:54,698 [INFO] DbMcusJson:92 - JSON generation date=Tue Nov 16 18:17:54 EET 2021 (1637079474)
2024-12-07 22:34:55,395 [INFO] ThirdPartyDb:299 - Save Third Party DataBase File (C:/Users/Younis/.stm32cubemx/plugins/thirdparty/db/thirdparties_db.xml) [forced]
2024-12-07 22:34:55,475 [INFO] ThirdPartyDb:299 - Save Third Party DataBase File (C:/Users/Younis/.stm32cubemx/plugins/thirdparty/db/thirdparties_db.xml) [forced]
2024-12-07 22:34:55,658 [INFO] IntegrityCheckThread:76 - exiting critical section [integrity check]
2024-12-07 22:34:55,658 [INFO] IntegrityCheckThread:79 - End integrity checks thread
2024-12-07 22:34:55,727 [INFO] DbMcus:175 - Found 1761 MCUs (1722 are supported by CubeMX, 1911 are visible in CubeMX)
2024-12-07 22:34:55,728 [INFO] ApiDb:201 - Load user favorites file C:\Users\Younis/.stm32cubeide/favorites.mcus.txt: 0 item(s)
2024-12-07 22:34:55,728 [INFO] ApiDb:205 - User favorites MCUs=[]
2024-12-07 22:34:55,728 [INFO] DbMcus:187 - Set 0 / 0 favorites MCUs
2024-12-07 22:34:56,099 [INFO] LoadUrlFilesThread:162 - End of LoadServerUrlFiles without Thread
2024-12-07 22:34:56,108 [INFO] DetailPanel:331 - Set advertising image to C:/Users/Younis/STM32Cube/Repository/\stm32cubemx-promo_image.jpg
2024-12-07 22:34:56,360 [INFO] McuFilterPanel:245 - Update 0 favorites MCUs
2024-12-07 22:34:56,446 [INFO] DbBoardsPdsc:94 - Found 23 items
2024-12-07 22:34:56,459 [INFO] DbBoardsPdsc:94 - Found 9 items
2024-12-07 22:34:56,472 [INFO] DbBoardsPdsc:94 - Found 29 items
2024-12-07 22:34:56,483 [INFO] DbBoardsPdsc:94 - Found 1 items
2024-12-07 22:34:56,497 [INFO] DbBoardsPdsc:94 - Found 44 items
2024-12-07 22:34:56,527 [INFO] DbBoardsPdsc:94 - Found 40 items
2024-12-07 22:34:56,541 [INFO] DbBoardsPdsc:94 - Found 2 items
2024-12-07 22:34:56,558 [INFO] DbBoardsPdsc:94 - Found 4 items
2024-12-07 22:34:56,565 [WARN] DbBoardsPdsc:258 - Board STM32H7B3I-DK: unknown feature type=Audio, name=, username=Audio stereo codec with Headphone Amp (CS42L51-CNZ), n=1
2024-12-07 22:34:56,565 [WARN] DbBoardsPdsc:258 - Board STM32H735G-DK: unknown feature type=Audio, name=, username=Audio stereo codec with Headphone Amp (WM8994ECS/R), n=1
2024-12-07 22:34:56,568 [WARN] DbBoardsPdsc:258 - Board STM32H7B3I-EVAL: unknown feature type=Audio, name=, username=Multi-Channel Audio Codec (CS42L51-CNZ), n=1
2024-12-07 22:34:56,569 [WARN] DbBoardsPdsc:258 - Board STM32H7B3I-EVAL: unknown feature type=Meter, name=, username=Power-metering and Temperature-monitoring with sigma-delta modulators, n=1
2024-12-07 22:34:56,569 [WARN] DbBoardsPdsc:258 - Board STM32H7B3I-EVAL: unknown feature type=Motor, name=, username=Motor Control, n=1
2024-12-07 22:34:56,631 [INFO] DbBoardsJson:85 - JSON generation date=Tue Nov 16 18:17:54 EET 2021 (1637079474)
2024-12-07 22:34:56,636 [INFO] DbBoards:117 - Found 166 boards (149 are supported by CubeMX)
2024-12-07 22:34:56,647 [INFO] DbBoardsDocs:145 - JSON generation date=Tue Nov 16 18:17:54 EET 2021 (1637079474)
2024-12-07 22:34:56,651 [INFO] DbBoardsDocs:81 - Found 209 boards documents
2024-12-07 22:34:56,651 [WARN] DbBoards:127 - board B-L475E-IOT01A2 has no document id list !
2024-12-07 22:34:56,652 [WARN] DbBoards:127 - board NUCLEO-H743ZI has no document id list !
2024-12-07 22:34:56,653 [WARN] DbBoards:127 - board P-NUCLEO-WB55-Nucleo has no document id list !
2024-12-07 22:34:56,653 [WARN] DbBoards:127 - board P-NUCLEO-WB55-USBDongle has no document id list !
2024-12-07 22:34:56,653 [WARN] DbBoards:127 - board STEVAL-BFA001V1B has no document id list !
2024-12-07 22:34:56,653 [WARN] DbBoards:127 - board STEVAL-BFA001V2B has no document id list !
2024-12-07 22:34:56,653 [WARN] DbBoards:127 - board STEVAL-IDP005V1 has no document id list !
2024-12-07 22:34:56,653 [WARN] DbBoards:127 - board STEVAL-IDP005V2 has no document id list !
2024-12-07 22:34:56,653 [WARN] DbBoards:127 - board STEVAL-MKSBOX1V1 has no document id list !
2024-12-07 22:34:56,653 [WARN] DbBoards:127 - board STEVAL-STWINKT1 has no document id list !
2024-12-07 22:34:56,654 [WARN] DbBoards:127 - board STEVAL-STWINKT1B has no document id list !
2024-12-07 22:34:56,654 [WARN] DbBoards:127 - board STM32439I-EVAL2 has no document id list !
2024-12-07 22:34:56,654 [WARN] DbBoards:127 - board STM32F401C-DISCO has no document id list !
2024-12-07 22:34:56,654 [WARN] DbBoards:127 - board STM32F769I-DISC1 has no document id list !
2024-12-07 22:34:56,655 [WARN] DbBoards:127 - board STM32G474E-EVAL1 has no document id list !
2024-12-07 22:34:56,655 [WARN] DbBoards:127 - board STM32H743I-EVAL2 has no document id list !
2024-12-07 22:34:56,655 [WARN] DbBoards:127 - board STM32H747I-DISC1 has no document id list !
2024-12-07 22:34:56,655 [WARN] DbBoards:127 - board STM32H753I-EVAL2 has no document id list !
2024-12-07 22:34:56,655 [WARN] DbBoards:127 - board STM32L-DISCOVERY has no document id list !
2024-12-07 22:34:56,714 [ERROR] DbBoards:189 - Image file not found for board B-L462E-CELL1: C:\ST\STM32CubeIDE_1.4.0\STM32CubeIDE\plugins\com.st.stm32cube.common.mx_6.0.0.202007160824\\db\/plugins/mcufinder/images/boards/B-L462E-CELL1_small.jpg
2024-12-07 22:34:56,755 [ERROR] DbBoards:189 - Image file not found for board B-U585I-IOT02A: C:\ST\STM32CubeIDE_1.4.0\STM32CubeIDE\plugins\com.st.stm32cube.common.mx_6.0.0.202007160824\\db\/plugins/mcufinder/images/boards/B-U585I-IOT02A_small.jpg
2024-12-07 22:34:56,817 [ERROR] DbBoards:189 - Image file not found for board NUCLEO-F413ZH: C:\ST\STM32CubeIDE_1.4.0\STM32CubeIDE\plugins\com.st.stm32cube.common.mx_6.0.0.202007160824\\db\/plugins/mcufinder/images/boards/nucleo-f413zh_small.jpg
2024-12-07 22:34:56,927 [ERROR] DbBoards:189 - Image file not found for board NUCLEO-L552ZE-Q: C:\ST\STM32CubeIDE_1.4.0\STM32CubeIDE\plugins\com.st.stm32cube.common.mx_6.0.0.202007160824\\db\/plugins/mcufinder/images/boards/nucleo_l552ze_q_small.jpg
2024-12-07 22:34:56,927 [ERROR] DbBoards:189 - Image file not found for board NUCLEO-U575ZI-Q: C:\ST\STM32CubeIDE_1.4.0\STM32CubeIDE\plugins\com.st.stm32cube.common.mx_6.0.0.202007160824\\db\/plugins/mcufinder/images/boards/nucleo-u575zi-q_small.jpg
2024-12-07 22:34:56,927 [ERROR] DbBoards:189 - Image file not found for board NUCLEO-WB15CC: C:\ST\STM32CubeIDE_1.4.0\STM32CubeIDE\plugins\com.st.stm32cube.common.mx_6.0.0.202007160824\\db\/plugins/mcufinder/images/boards/nucleo-wb15cc_small.jpg
2024-12-07 22:34:56,927 [ERROR] DbBoards:189 - Image file not found for board NUCLEO-WB55RG: C:\ST\STM32CubeIDE_1.4.0\STM32CubeIDE\plugins\com.st.stm32cube.common.mx_6.0.0.202007160824\\db\/plugins/mcufinder/images/boards/nucleo-wb55rg_small.jpg
2024-12-07 22:34:56,927 [ERROR] DbBoards:189 - Image file not found for board NUCLEO-WL55JC: C:\ST\STM32CubeIDE_1.4.0\STM32CubeIDE\plugins\com.st.stm32cube.common.mx_6.0.0.202007160824\\db\/plugins/mcufinder/images/boards/nucleo-wl55jc-small.jpg
2024-12-07 22:34:57,054 [ERROR] DbBoards:189 - Image file not found for board STEVAL-STWINKT1B: C:\ST\STM32CubeIDE_1.4.0\STM32CubeIDE\plugins\com.st.stm32cube.common.mx_6.0.0.202007160824\\db\/plugins/mcufinder/images/boards/steval-stwinkt1b_small.jpg
2024-12-07 22:34:57,310 [ERROR] DbBoards:189 - Image file not found for board STM32G0C1E-EV: C:\ST\STM32CubeIDE_1.4.0\STM32CubeIDE\plugins\com.st.stm32cube.common.mx_6.0.0.202007160824\\db\/plugins/mcufinder/images/boards/stm32g0c1e-eval_small.jpg
2024-12-07 22:34:57,377 [ERROR] DbBoards:189 - Image file not found for board STM32H7B3I-EVAL: C:\ST\STM32CubeIDE_1.4.0\STM32CubeIDE\plugins\com.st.stm32cube.common.mx_6.0.0.202007160824\\db\/plugins/mcufinder/images/boards/stm32h7b3ieval_small.jpg
2024-12-07 22:34:57,524 [ERROR] DbBoards:189 - Image file not found for board STM32U575I-EV: C:\ST\STM32CubeIDE_1.4.0\STM32CubeIDE\plugins\com.st.stm32cube.common.mx_6.0.0.202007160824\\db\/plugins/mcufinder/images/boards/stm32u575i-ev_small.jpg
2024-12-07 22:34:57,552 [ERROR] DbBoards:189 - Image file not found for board STM32WB5MM-DK: C:\ST\STM32CubeIDE_1.4.0\STM32CubeIDE\plugins\com.st.stm32cube.common.mx_6.0.0.202007160824\\db\/plugins/mcufinder/images/boards/STM32WB5MM-DK_small.jpg
2024-12-07 22:34:57,552 [INFO] ApiDb:192 - User favorites file not found: C:\Users\Younis/.stm32cubeide/favorites.boards.txt
2024-12-07 22:34:57,552 [INFO] DbBoards:206 - Set 0 / 0 favorites Boards
2024-12-07 22:35:06,766 [INFO] DbMcusDocs:145 - JSON generation date=Tue Nov 16 18:17:54 EET 2021 (1637079474)
2024-12-07 22:35:07,074 [INFO] DbMcusDocs:81 - Found 682 MCUs documents
2024-12-07 22:35:24,297 [INFO] LogOutputStream:76 - [STDOUT_REDIRECT] withoutVersionV1.8.4
2024-12-07 22:35:24,298 [INFO] LogOutputStream:76 - [STDOUT_REDIRECT] withoutVersionV1.8.3
2024-12-07 22:35:24,298 [INFO] LogOutputStream:76 - [STDOUT_REDIRECT] withoutVersionV1.8.2
2024-12-07 22:35:24,298 [INFO] LogOutputStream:76 - [STDOUT_REDIRECT] withoutVersionV1.8.1
2024-12-07 22:35:24,298 [INFO] LogOutputStream:76 - [STDOUT_REDIRECT] withoutVersionV1.8.0
2024-12-07 22:35:28,142 [INFO] ApiDb:226 - Save user favorites file C:\Users\Younis/.stm32cubeide/favorites.mcus.txt: 0 item(s)
2024-12-07 22:35:28,142 [INFO] ApiDb:230 - User favorites MCUs=[]
2024-12-07 22:35:29,016 [ERROR] LogOutputStream:74 - [STDERR_REDIRECT] [Fatal Error] :1:1: Premature end of file.
2024-12-07 22:35:29,017 [ERROR] LogOutputStream:74 - [STDERR_REDIRECT] 
2024-12-07 22:35:29,075 [ERROR] LogOutputStream:74 - [STDERR_REDIRECT] [Fatal Error] :1:1: Premature end of file.
2024-12-07 22:35:29,075 [ERROR] LogOutputStream:74 - [STDERR_REDIRECT] 
2024-12-07 22:35:29,132 [ERROR] LogOutputStream:74 - [STDERR_REDIRECT] [Fatal Error] :1:1: Premature end of file.
2024-12-07 22:35:29,133 [ERROR] LogOutputStream:74 - [STDERR_REDIRECT] 
2024-12-07 22:35:29,189 [ERROR] LogOutputStream:74 - [STDERR_REDIRECT] [Fatal Error] :1:1: Premature end of file.
2024-12-07 22:35:29,190 [ERROR] LogOutputStream:74 - [STDERR_REDIRECT] 
2024-12-07 22:35:29,247 [ERROR] LogOutputStream:74 - [STDERR_REDIRECT] [Fatal Error] :1:1: Premature end of file.
2024-12-07 22:35:29,247 [ERROR] LogOutputStream:74 - [STDERR_REDIRECT] 
2024-12-07 22:35:29,304 [ERROR] LogOutputStream:74 - [STDERR_REDIRECT] [Fatal Error] :1:1: Premature end of file.
2024-12-07 22:35:29,304 [ERROR] LogOutputStream:74 - [STDERR_REDIRECT] 
2024-12-07 22:35:29,362 [ERROR] LogOutputStream:74 - [STDERR_REDIRECT] [Fatal Error] :1:1: Premature end of file.
2024-12-07 22:35:29,362 [ERROR] LogOutputStream:74 - [STDERR_REDIRECT] 
2024-12-07 22:35:29,420 [ERROR] LogOutputStream:74 - [STDERR_REDIRECT] [Fatal Error] :1:1: Premature end of file.
2024-12-07 22:35:29,421 [ERROR] LogOutputStream:74 - [STDERR_REDIRECT] 
2024-12-07 22:35:29,479 [ERROR] LogOutputStream:74 - [STDERR_REDIRECT] [Fatal Error] :1:1: Premature end of file.
2024-12-07 22:35:29,480 [ERROR] LogOutputStream:74 - [STDERR_REDIRECT] 
2024-12-07 22:35:29,825 [ERROR] LogOutputStream:74 - [STDERR_REDIRECT] [Fatal Error] :1:1: Premature end of file.
2024-12-07 22:35:29,826 [ERROR] LogOutputStream:74 - [STDERR_REDIRECT] 
2024-12-07 22:35:29,957 [ERROR] LogOutputStream:74 - [STDERR_REDIRECT] [Fatal Error] :1:1: Premature end of file.
2024-12-07 22:35:29,958 [ERROR] LogOutputStream:74 - [STDERR_REDIRECT] 
2024-12-07 22:35:30,014 [ERROR] LogOutputStream:74 - [STDERR_REDIRECT] [Fatal Error] :1:1: Premature end of file.
2024-12-07 22:35:30,014 [ERROR] LogOutputStream:74 - [STDERR_REDIRECT] 
2024-12-09 15:36:14,675 [ERROR] LogOutputStream:74 - [STDERR_REDIRECT] [Fatal Error] :1:1: Premature end of file.
2024-12-09 15:36:14,678 [ERROR] LogOutputStream:74 - [STDERR_REDIRECT] 
2024-12-09 15:36:14,741 [ERROR] LogOutputStream:74 - [STDERR_REDIRECT] [Fatal Error] :1:1: Premature end of file.
2024-12-09 15:36:14,741 [ERROR] LogOutputStream:74 - [STDERR_REDIRECT] 
2024-12-09 15:36:14,798 [ERROR] LogOutputStream:74 - [STDERR_REDIRECT] [Fatal Error] :1:1: Premature end of file.
2024-12-09 15:36:14,799 [ERROR] LogOutputStream:74 - [STDERR_REDIRECT] 
2024-12-09 15:36:56,406 [ERROR] LogOutputStream:74 - [STDERR_REDIRECT] [Fatal Error] :1:1: Premature end of file.
2024-12-09 15:36:56,407 [ERROR] LogOutputStream:74 - [STDERR_REDIRECT] 
2024-12-09 15:36:56,464 [ERROR] LogOutputStream:74 - [STDERR_REDIRECT] [Fatal Error] :1:1: Premature end of file.
2024-12-09 15:36:56,465 [ERROR] LogOutputStream:74 - [STDERR_REDIRECT] 
2024-12-09 15:36:56,522 [ERROR] LogOutputStream:74 - [STDERR_REDIRECT] [Fatal Error] :1:1: Premature end of file.
2024-12-09 15:36:56,523 [ERROR] LogOutputStream:74 - [STDERR_REDIRECT] 
2024-12-09 19:38:04,708 [ERROR] LogOutputStream:74 - [STDERR_REDIRECT] [Fatal Error] :1:1: Premature end of file.
2024-12-09 19:38:04,708 [ERROR] LogOutputStream:74 - [STDERR_REDIRECT] 
2024-12-09 19:38:04,830 [ERROR] LogOutputStream:74 - [STDERR_REDIRECT] [Fatal Error] :1:1: Premature end of file.
2024-12-09 19:38:04,830 [ERROR] LogOutputStream:74 - [STDERR_REDIRECT] 
2024-12-09 19:38:04,930 [ERROR] LogOutputStream:74 - [STDERR_REDIRECT] [Fatal Error] :1:1: Premature end of file.
2024-12-09 19:38:04,930 [ERROR] LogOutputStream:74 - [STDERR_REDIRECT] 
2024-12-09 19:38:38,280 [ERROR] LogOutputStream:74 - [STDERR_REDIRECT] [Fatal Error] :1:1: Premature end of file.
2024-12-09 19:38:38,280 [ERROR] LogOutputStream:74 - [STDERR_REDIRECT] 
2024-12-09 19:38:38,363 [ERROR] LogOutputStream:74 - [STDERR_REDIRECT] [Fatal Error] :1:1: Premature end of file.
2024-12-09 19:38:38,363 [ERROR] LogOutputStream:74 - [STDERR_REDIRECT] 
2024-12-09 19:38:38,425 [ERROR] LogOutputStream:74 - [STDERR_REDIRECT] [Fatal Error] :1:1: Premature end of file.
2024-12-09 19:38:38,425 [ERROR] LogOutputStream:74 - [STDERR_REDIRECT] 
2024-12-09 19:42:31,626 [ERROR] LogOutputStream:74 - [STDERR_REDIRECT] [Fatal Error] :1:1: Premature end of file.
2024-12-09 19:42:31,626 [ERROR] LogOutputStream:74 - [STDERR_REDIRECT] 
2024-12-09 19:42:31,685 [ERROR] LogOutputStream:74 - [STDERR_REDIRECT] [Fatal Error] :1:1: Premature end of file.
2024-12-09 19:42:31,685 [ERROR] LogOutputStream:74 - [STDERR_REDIRECT] 
2024-12-09 19:42:31,748 [ERROR] LogOutputStream:74 - [STDERR_REDIRECT] [Fatal Error] :1:1: Premature end of file.
2024-12-09 19:42:31,748 [ERROR] LogOutputStream:74 - [STDERR_REDIRECT] 
2024-12-09 19:43:03,798 [ERROR] LogOutputStream:74 - [STDERR_REDIRECT] [Fatal Error] :1:1: Premature end of file.
2024-12-09 19:43:03,798 [ERROR] LogOutputStream:74 - [STDERR_REDIRECT] 
2024-12-09 19:43:03,863 [ERROR] LogOutputStream:74 - [STDERR_REDIRECT] [Fatal Error] :1:1: Premature end of file.
2024-12-09 19:43:03,863 [ERROR] LogOutputStream:74 - [STDERR_REDIRECT] 
2024-12-09 19:43:03,953 [ERROR] LogOutputStream:74 - [STDERR_REDIRECT] [Fatal Error] :1:1: Premature end of file.
2024-12-09 19:43:03,958 [ERROR] LogOutputStream:74 - [STDERR_REDIRECT] 
2024-12-09 19:44:12,681 [ERROR] LogOutputStream:74 - [STDERR_REDIRECT] [Fatal Error] :1:1: Premature end of file.
2024-12-09 19:44:12,681 [ERROR] LogOutputStream:74 - [STDERR_REDIRECT] 
2024-12-09 19:44:12,754 [ERROR] LogOutputStream:74 - [STDERR_REDIRECT] [Fatal Error] :1:1: Premature end of file.
2024-12-09 19:44:12,754 [ERROR] LogOutputStream:74 - [STDERR_REDIRECT] 
2024-12-09 19:44:12,836 [ERROR] LogOutputStream:74 - [STDERR_REDIRECT] [Fatal Error] :1:1: Premature end of file.
2024-12-09 19:44:12,836 [ERROR] LogOutputStream:74 - [STDERR_REDIRECT] 
2024-12-09 19:53:40,168 [ERROR] LogOutputStream:74 - [STDERR_REDIRECT] [Fatal Error] :1:1: Premature end of file.
2024-12-09 19:53:40,168 [ERROR] LogOutputStream:74 - [STDERR_REDIRECT] 
2024-12-09 19:53:40,231 [ERROR] LogOutputStream:74 - [STDERR_REDIRECT] [Fatal Error] :1:1: Premature end of file.
2024-12-09 19:53:40,234 [ERROR] LogOutputStream:74 - [STDERR_REDIRECT] 
2024-12-09 19:53:40,600 [ERROR] LogOutputStream:74 - [STDERR_REDIRECT] [Fatal Error] :1:1: Premature end of file.
2024-12-09 19:53:40,600 [ERROR] LogOutputStream:74 - [STDERR_REDIRECT] 
2024-12-09 19:59:41,082 [ERROR] LogOutputStream:74 - [STDERR_REDIRECT] [Fatal Error] :1:1: Premature end of file.
2024-12-09 19:59:41,082 [ERROR] LogOutputStream:74 - [STDERR_REDIRECT] 
2024-12-09 19:59:41,142 [ERROR] LogOutputStream:74 - [STDERR_REDIRECT] [Fatal Error] :1:1: Premature end of file.
2024-12-09 19:59:41,142 [ERROR] LogOutputStream:74 - [STDERR_REDIRECT] 
2024-12-09 19:59:41,204 [ERROR] LogOutputStream:74 - [STDERR_REDIRECT] [Fatal Error] :1:1: Premature end of file.
2024-12-09 19:59:41,204 [ERROR] LogOutputStream:74 - [STDERR_REDIRECT] 
2024-12-09 20:03:04,570 [ERROR] LogOutputStream:74 - [STDERR_REDIRECT] [Fatal Error] :1:1: Premature end of file.
2024-12-09 20:03:04,570 [ERROR] LogOutputStream:74 - [STDERR_REDIRECT] 
2024-12-09 20:03:04,713 [ERROR] LogOutputStream:74 - [STDERR_REDIRECT] [Fatal Error] :1:1: Premature end of file.
2024-12-09 20:03:04,713 [ERROR] LogOutputStream:74 - [STDERR_REDIRECT] 
2024-12-09 20:03:04,869 [ERROR] LogOutputStream:74 - [STDERR_REDIRECT] [Fatal Error] :1:1: Premature end of file.
2024-12-09 20:03:04,869 [ERROR] LogOutputStream:74 - [STDERR_REDIRECT] 
2024-12-09 20:03:05,198 [ERROR] LogOutputStream:74 - [STDERR_REDIRECT] [Fatal Error] :1:1: Premature end of file.
2024-12-09 20:03:05,198 [ERROR] LogOutputStream:74 - [STDERR_REDIRECT] 
2024-12-09 20:03:05,394 [ERROR] LogOutputStream:74 - [STDERR_REDIRECT] [Fatal Error] :1:1: Premature end of file.
2024-12-09 20:03:05,394 [ERROR] LogOutputStream:74 - [STDERR_REDIRECT] 
2024-12-09 20:03:05,607 [ERROR] LogOutputStream:74 - [STDERR_REDIRECT] [Fatal Error] :1:1: Premature end of file.
2024-12-09 20:03:05,607 [ERROR] LogOutputStream:74 - [STDERR_REDIRECT] 
2024-12-09 20:03:15,299 [ERROR] LogOutputStream:74 - [STDERR_REDIRECT] [Fatal Error] :1:1: Premature end of file.
2024-12-09 20:03:15,299 [ERROR] LogOutputStream:74 - [STDERR_REDIRECT] 
2024-12-09 20:03:15,373 [ERROR] LogOutputStream:74 - [STDERR_REDIRECT] [Fatal Error] :1:1: Premature end of file.
2024-12-09 20:03:15,373 [ERROR] LogOutputStream:74 - [STDERR_REDIRECT] 
2024-12-09 20:03:15,482 [ERROR] LogOutputStream:74 - [STDERR_REDIRECT] [Fatal Error] :1:1: Premature end of file.
2024-12-09 20:03:15,482 [ERROR] LogOutputStream:74 - [STDERR_REDIRECT] 
2024-12-09 20:04:33,529 [ERROR] LogOutputStream:74 - [STDERR_REDIRECT] [Fatal Error] :1:1: Premature end of file.
2024-12-09 20:04:33,529 [ERROR] LogOutputStream:74 - [STDERR_REDIRECT] 
2024-12-09 20:04:33,635 [ERROR] LogOutputStream:74 - [STDERR_REDIRECT] [Fatal Error] :1:1: Premature end of file.
2024-12-09 20:04:33,635 [ERROR] LogOutputStream:74 - [STDERR_REDIRECT] 
2024-12-09 20:04:33,729 [ERROR] LogOutputStream:74 - [STDERR_REDIRECT] [Fatal Error] :1:1: Premature end of file.
2024-12-09 20:04:33,729 [ERROR] LogOutputStream:74 - [STDERR_REDIRECT] 
2024-12-09 20:04:33,832 [ERROR] LogOutputStream:74 - [STDERR_REDIRECT] [Fatal Error] :1:1: Premature end of file.
2024-12-09 20:04:33,832 [ERROR] LogOutputStream:74 - [STDERR_REDIRECT] 
2024-12-09 20:04:33,944 [ERROR] LogOutputStream:74 - [STDERR_REDIRECT] [Fatal Error] :1:1: Premature end of file.
2024-12-09 20:04:33,944 [ERROR] LogOutputStream:74 - [STDERR_REDIRECT] 
2024-12-09 20:04:34,006 [ERROR] LogOutputStream:74 - [STDERR_REDIRECT] [Fatal Error] :1:1: Premature end of file.
2024-12-09 20:04:34,006 [ERROR] LogOutputStream:74 - [STDERR_REDIRECT] 
2024-12-09 20:13:51,351 [ERROR] LogOutputStream:74 - [STDERR_REDIRECT] [Fatal Error] :1:1: Premature end of file.
2024-12-09 20:13:51,351 [ERROR] LogOutputStream:74 - [STDERR_REDIRECT] 
2024-12-09 20:13:51,432 [ERROR] LogOutputStream:74 - [STDERR_REDIRECT] [Fatal Error] :1:1: Premature end of file.
2024-12-09 20:13:51,432 [ERROR] LogOutputStream:74 - [STDERR_REDIRECT] 
2024-12-09 20:13:51,493 [ERROR] LogOutputStream:74 - [STDERR_REDIRECT] [Fatal Error] :1:1: Premature end of file.
2024-12-09 20:13:51,493 [ERROR] LogOutputStream:74 - [STDERR_REDIRECT] 
2024-12-09 20:14:14,180 [ERROR] LogOutputStream:74 - [STDERR_REDIRECT] [Fatal Error] :1:1: Premature end of file.
2024-12-09 20:14:14,180 [ERROR] LogOutputStream:74 - [STDERR_REDIRECT] 
2024-12-09 20:14:14,260 [ERROR] LogOutputStream:74 - [STDERR_REDIRECT] [Fatal Error] :1:1: Premature end of file.
2024-12-09 20:14:14,262 [ERROR] LogOutputStream:74 - [STDERR_REDIRECT] 
2024-12-09 20:14:14,352 [ERROR] LogOutputStream:74 - [STDERR_REDIRECT] [Fatal Error] :1:1: Premature end of file.
2024-12-09 20:14:14,352 [ERROR] LogOutputStream:74 - [STDERR_REDIRECT] 
2024-12-09 20:17:06,846 [ERROR] LogOutputStream:74 - [STDERR_REDIRECT] [Fatal Error] :1:1: Premature end of file.
2024-12-09 20:17:06,846 [ERROR] LogOutputStream:74 - [STDERR_REDIRECT] 
2024-12-09 20:17:06,908 [ERROR] LogOutputStream:74 - [STDERR_REDIRECT] [Fatal Error] :1:1: Premature end of file.
2024-12-09 20:17:06,908 [ERROR] LogOutputStream:74 - [STDERR_REDIRECT] 
2024-12-09 20:17:06,973 [ERROR] LogOutputStream:74 - [STDERR_REDIRECT] [Fatal Error] :1:1: Premature end of file.
2024-12-09 20:17:06,973 [ERROR] LogOutputStream:74 - [STDERR_REDIRECT] 
2024-12-09 20:19:47,689 [ERROR] LogOutputStream:74 - [STDERR_REDIRECT] [Fatal Error] :1:1: Premature end of file.
2024-12-09 20:19:47,689 [ERROR] LogOutputStream:74 - [STDERR_REDIRECT] 
2024-12-09 20:19:47,749 [ERROR] LogOutputStream:74 - [STDERR_REDIRECT] [Fatal Error] :1:1: Premature end of file.
2024-12-09 20:19:47,749 [ERROR] LogOutputStream:74 - [STDERR_REDIRECT] 
2024-12-09 20:19:47,807 [ERROR] LogOutputStream:74 - [STDERR_REDIRECT] [Fatal Error] :1:1: Premature end of file.
2024-12-09 20:19:47,809 [ERROR] LogOutputStream:74 - [STDERR_REDIRECT] 
2024-12-09 20:20:23,238 [ERROR] LogOutputStream:74 - [STDERR_REDIRECT] [Fatal Error] :1:1: Premature end of file.
2024-12-09 20:20:23,238 [ERROR] LogOutputStream:74 - [STDERR_REDIRECT] 
2024-12-09 20:20:23,307 [ERROR] LogOutputStream:74 - [STDERR_REDIRECT] [Fatal Error] :1:1: Premature end of file.
2024-12-09 20:20:23,307 [ERROR] LogOutputStream:74 - [STDERR_REDIRECT] 
2024-12-09 20:20:23,354 [ERROR] LogOutputStream:74 - [STDERR_REDIRECT] [Fatal Error] :1:1: Premature end of file.
2024-12-09 20:20:23,354 [ERROR] LogOutputStream:74 - [STDERR_REDIRECT] 
2024-12-09 20:23:05,131 [ERROR] LogOutputStream:74 - [STDERR_REDIRECT] [Fatal Error] :1:1: Premature end of file.
2024-12-09 20:23:05,131 [ERROR] LogOutputStream:74 - [STDERR_REDIRECT] 
2024-12-09 20:23:05,190 [ERROR] LogOutputStream:74 - [STDERR_REDIRECT] [Fatal Error] :1:1: Premature end of file.
2024-12-09 20:23:05,190 [ERROR] LogOutputStream:74 - [STDERR_REDIRECT] 
2024-12-09 20:23:05,267 [ERROR] LogOutputStream:74 - [STDERR_REDIRECT] [Fatal Error] :1:1: Premature end of file.
2024-12-09 20:23:05,267 [ERROR] LogOutputStream:74 - [STDERR_REDIRECT] 
