2024-08-31 19:46:38,638 [INFO] Activator:178 - 


2024-08-31 19:46:38,639 [INFO] Activator:179 - !SESSION log4j initialized
2024-08-31 19:46:41,045 [ERROR] LogOutputStream:74 - [STDERR_REDIRECT] [Fatal Error] :1:1: Premature end of file.
2024-08-31 19:46:41,049 [ERROR] LogOutputStream:74 - [STDERR_REDIRECT] 
2024-08-31 19:46:41,138 [ERROR] LogOutputStream:74 - [STDERR_REDIRECT] [Fatal Error] :1:1: Premature end of file.
2024-08-31 19:46:41,139 [ERROR] LogOutputStream:74 - [STDERR_REDIRECT] 
2024-08-31 19:46:41,232 [ERROR] LogOutputStream:74 - [STDERR_REDIRECT] [Fatal Error] :1:1: Premature end of file.
2024-08-31 19:46:41,232 [ERROR] LogOutputStream:74 - [STDERR_REDIRECT] 
2024-08-31 19:47:00,925 [INFO] ApplicationProperties:181 - Using Application install path: C:\ST\STM32CubeIDE_1.4.0\STM32CubeIDE\plugins\com.st.stm32cube.common.mx_6.0.0.202007160824
2024-08-31 19:47:00,935 [INFO] DbMcusXml:70 - Set database path to: C:\ST\STM32CubeIDE_1.4.0\STM32CubeIDE\plugins\com.st.stm32cube.common.mx_6.0.0.202007160824\\db\/mcu/
2024-08-31 19:47:00,937 [INFO] DbBoardsPdsc:56 - Set plugin database path to: C:\ST\STM32CubeIDE_1.4.0\STM32CubeIDE\plugins\com.st.stm32cube.common.mx_6.0.0.202007160824\\db\/plugins/boardmanager/
2024-08-31 19:47:00,938 [INFO] DbMcus:258 - Set plugin images path to: C:\ST\STM32CubeIDE_1.4.0\STM32CubeIDE\plugins\com.st.stm32cube.common.mx_6.0.0.202007160824\\db\/plugins/mcufinder/images/
2024-08-31 19:47:00,938 [INFO] DbBoards:264 - Set plugin images path to: C:\ST\STM32CubeIDE_1.4.0\STM32CubeIDE\plugins\com.st.stm32cube.common.mx_6.0.0.202007160824\\db\/plugins/mcufinder/images/
2024-08-31 19:47:00,940 [INFO] DbExamples:326 - Set plugin images path to: C:\ST\STM32CubeIDE_1.4.0\STM32CubeIDE\plugins\com.st.stm32cube.common.mx_6.0.0.202007160824\\db\/plugins/mcufinder/images/
2024-08-31 19:47:00,947 [INFO] DbMcusDocs:112 - Set database path to: C:\Users\Younis\.stmcufinder\plugins\mcufinder//mcu/
2024-08-31 19:47:00,950 [INFO] DbMcusJson:63 - Set database path to: C:\Users\Younis\.stmcufinder\plugins\mcufinder//mcu/
2024-08-31 19:47:00,950 [INFO] DbBoardsDocs:112 - Set database path to: C:\Users\Younis\.stmcufinder\plugins\mcufinder//mcu/
2024-08-31 19:47:00,951 [INFO] DbBoardsJson:56 - Set database path to: C:\Users\Younis\.stmcufinder\plugins\mcufinder//mcu/
2024-08-31 19:47:00,981 [INFO] CrossReferenceDbSqlite:196 - Set database path to: C:\Users\Younis\.stmcufinder\plugins\mcufinder//mcu/cs/
2024-08-31 19:47:00,987 [INFO] DbExamplesSqlite:800 - Set database path to: C:\Users\Younis\.stmcufinder\plugins\mcufinder//mcu/
2024-08-31 19:47:01,091 [INFO] RulesReader:52 - Compatibility file has been processed (209 Rules)
2024-08-31 19:47:01,165 [INFO] MicroXplorer:564 - Detected Java Version = 1.8.0_252
2024-08-31 19:47:01,165 [INFO] DbMcusXml:70 - Set database path to: C:\ST\STM32CubeIDE_1.4.0\STM32CubeIDE\plugins\com.st.stm32cube.common.mx_6.0.0.202007160824\\db\/mcu/
2024-08-31 19:47:01,165 [INFO] DbBoardsPdsc:56 - Set plugin database path to: C:\ST\STM32CubeIDE_1.4.0\STM32CubeIDE\plugins\com.st.stm32cube.common.mx_6.0.0.202007160824\\db\/plugins/boardmanager/
2024-08-31 19:47:01,166 [INFO] DbMcus:258 - Set plugin images path to: C:\ST\STM32CubeIDE_1.4.0\STM32CubeIDE\plugins\com.st.stm32cube.common.mx_6.0.0.202007160824\\db\/plugins/mcufinder/images/
2024-08-31 19:47:01,166 [INFO] DbBoards:264 - Set plugin images path to: C:\ST\STM32CubeIDE_1.4.0\STM32CubeIDE\plugins\com.st.stm32cube.common.mx_6.0.0.202007160824\\db\/plugins/mcufinder/images/
2024-08-31 19:47:01,167 [INFO] DbExamples:326 - Set plugin images path to: C:\ST\STM32CubeIDE_1.4.0\STM32CubeIDE\plugins\com.st.stm32cube.common.mx_6.0.0.202007160824\\db\/plugins/mcufinder/images/
2024-08-31 19:47:01,167 [WARN] DbFile:36 - Overriding database path with different value: C:\Users\Younis\.stmcufinder\plugins\mcufinder/ => C:\Users\Younis\.stmcufinder\plugins\mcufinder
2024-08-31 19:47:01,167 [INFO] DbMcusDocs:112 - Set database path to: C:\Users\Younis\.stmcufinder\plugins\mcufinder//mcu/
2024-08-31 19:47:01,167 [WARN] DbFile:36 - Overriding database path with different value: C:\Users\Younis\.stmcufinder\plugins\mcufinder/ => C:\Users\Younis\.stmcufinder\plugins\mcufinder
2024-08-31 19:47:01,167 [INFO] DbMcusJson:63 - Set database path to: C:\Users\Younis\.stmcufinder\plugins\mcufinder//mcu/
2024-08-31 19:47:01,167 [WARN] DbFile:36 - Overriding database path with different value: C:\Users\Younis\.stmcufinder\plugins\mcufinder/ => C:\Users\Younis\.stmcufinder\plugins\mcufinder
2024-08-31 19:47:01,168 [INFO] DbBoardsDocs:112 - Set database path to: C:\Users\Younis\.stmcufinder\plugins\mcufinder//mcu/
2024-08-31 19:47:01,168 [WARN] DbFile:36 - Overriding database path with different value: C:\Users\Younis\.stmcufinder\plugins\mcufinder/ => C:\Users\Younis\.stmcufinder\plugins\mcufinder
2024-08-31 19:47:01,168 [INFO] DbBoardsJson:56 - Set database path to: C:\Users\Younis\.stmcufinder\plugins\mcufinder//mcu/
2024-08-31 19:47:01,168 [WARN] DbFile:36 - Overriding database path with different value: C:\Users\Younis\.stmcufinder\plugins\mcufinder/ => C:\Users\Younis\.stmcufinder\plugins\mcufinder
2024-08-31 19:47:01,168 [WARN] DbFile:36 - Overriding database path with different value: C:\Users\Younis\.stmcufinder\plugins\mcufinder/ => C:\Users\Younis\.stmcufinder\plugins\mcufinder
2024-08-31 19:47:01,168 [INFO] CrossReferenceDbSqlite:196 - Set database path to: C:\Users\Younis\.stmcufinder\plugins\mcufinder//mcu/cs/
2024-08-31 19:47:01,168 [WARN] DbFile:36 - Overriding database path with different value: C:\Users\Younis\.stmcufinder\plugins\mcufinder/ => C:\Users\Younis\.stmcufinder\plugins\mcufinder
2024-08-31 19:47:01,168 [INFO] DbExamplesSqlite:800 - Set database path to: C:\Users\Younis\.stmcufinder\plugins\mcufinder//mcu/
2024-08-31 19:47:01,258 [INFO] MainPanel:189 - HeapMemory: 330301440
2024-08-31 19:47:01,324 [INFO] DbMcusXml:70 - Set database path to: C:\ST\STM32CubeIDE_1.4.0\STM32CubeIDE\plugins\com.st.stm32cube.common.mx_6.0.0.202007160824\\db\/mcu/
2024-08-31 19:47:01,325 [INFO] DbBoardsPdsc:56 - Set plugin database path to: C:\ST\STM32CubeIDE_1.4.0\STM32CubeIDE\plugins\com.st.stm32cube.common.mx_6.0.0.202007160824\\db\/plugins/boardmanager/
2024-08-31 19:47:01,325 [INFO] DbMcus:258 - Set plugin images path to: C:\ST\STM32CubeIDE_1.4.0\STM32CubeIDE\plugins\com.st.stm32cube.common.mx_6.0.0.202007160824\\db\/plugins/mcufinder/images/
2024-08-31 19:47:01,325 [INFO] DbBoards:264 - Set plugin images path to: C:\ST\STM32CubeIDE_1.4.0\STM32CubeIDE\plugins\com.st.stm32cube.common.mx_6.0.0.202007160824\\db\/plugins/mcufinder/images/
2024-08-31 19:47:01,325 [INFO] DbExamples:326 - Set plugin images path to: C:\ST\STM32CubeIDE_1.4.0\STM32CubeIDE\plugins\com.st.stm32cube.common.mx_6.0.0.202007160824\\db\/plugins/mcufinder/images/
2024-08-31 19:47:01,325 [WARN] DbFile:36 - Overriding database path with different value: C:\Users\Younis\.stmcufinder\plugins\mcufinder/ => C:\Users\Younis\.stmcufinder\plugins\mcufinder
2024-08-31 19:47:01,326 [INFO] DbMcusDocs:112 - Set database path to: C:\Users\Younis\.stmcufinder\plugins\mcufinder//mcu/
2024-08-31 19:47:01,326 [WARN] DbFile:36 - Overriding database path with different value: C:\Users\Younis\.stmcufinder\plugins\mcufinder/ => C:\Users\Younis\.stmcufinder\plugins\mcufinder
2024-08-31 19:47:01,326 [INFO] DbMcusJson:63 - Set database path to: C:\Users\Younis\.stmcufinder\plugins\mcufinder//mcu/
2024-08-31 19:47:01,326 [WARN] DbFile:36 - Overriding database path with different value: C:\Users\Younis\.stmcufinder\plugins\mcufinder/ => C:\Users\Younis\.stmcufinder\plugins\mcufinder
2024-08-31 19:47:01,326 [INFO] DbBoardsDocs:112 - Set database path to: C:\Users\Younis\.stmcufinder\plugins\mcufinder//mcu/
2024-08-31 19:47:01,326 [WARN] DbFile:36 - Overriding database path with different value: C:\Users\Younis\.stmcufinder\plugins\mcufinder/ => C:\Users\Younis\.stmcufinder\plugins\mcufinder
2024-08-31 19:47:01,326 [INFO] DbBoardsJson:56 - Set database path to: C:\Users\Younis\.stmcufinder\plugins\mcufinder//mcu/
2024-08-31 19:47:01,326 [WARN] DbFile:36 - Overriding database path with different value: C:\Users\Younis\.stmcufinder\plugins\mcufinder/ => C:\Users\Younis\.stmcufinder\plugins\mcufinder
2024-08-31 19:47:01,327 [WARN] DbFile:36 - Overriding database path with different value: C:\Users\Younis\.stmcufinder\plugins\mcufinder/ => C:\Users\Younis\.stmcufinder\plugins\mcufinder
2024-08-31 19:47:01,327 [INFO] CrossReferenceDbSqlite:196 - Set database path to: C:\Users\Younis\.stmcufinder\plugins\mcufinder//mcu/cs/
2024-08-31 19:47:01,327 [WARN] DbFile:36 - Overriding database path with different value: C:\Users\Younis\.stmcufinder\plugins\mcufinder/ => C:\Users\Younis\.stmcufinder\plugins\mcufinder
2024-08-31 19:47:01,327 [INFO] DbExamplesSqlite:800 - Set database path to: C:\Users\Younis\.stmcufinder\plugins\mcufinder//mcu/
2024-08-31 19:47:01,343 [INFO] ApplicationProperties:181 - Using Application install path: C:\ST\STM32CubeIDE_1.4.0\STM32CubeIDE\plugins\com.st.stm32cube.common.mx_6.0.0.202007160824
2024-08-31 19:47:01,344 [INFO] PluginManage:178 - Search for loadable plugins [exclusion list=, ]
2024-08-31 19:47:01,345 [INFO] PluginManage:292 - Check plugin analytics
2024-08-31 19:47:01,481 [INFO] AnalyticsPlugin:203 - Accepted Software Licenses: 
2024-08-31 19:47:01,482 [INFO] AnalyticsPlugin:205 - Accepted CMSIS Pack Licenses: 
2024-08-31 19:47:01,482 [INFO] AnalyticsPlugin:207 - Accepted Firmware Licenses: 
2024-08-31 19:47:01,482 [INFO] PluginManage:342 - Loaded plugin analytics (category:tool,tabindex:-1)
2024-08-31 19:47:01,482 [INFO] PluginManage:292 - Check plugin clock
2024-08-31 19:47:01,502 [INFO] PluginManage:342 - Loaded plugin clock (category:base,tabindex:2)
2024-08-31 19:47:01,502 [INFO] PluginManage:292 - Check plugin ddr
2024-08-31 19:47:01,504 [INFO] PluginManage:342 - Loaded plugin ddr (category:tool,tabindex:6)
2024-08-31 19:47:01,504 [INFO] PluginManage:292 - Check plugin filemanager
2024-08-31 19:47:01,611 [INFO] PluginManage:342 - Loaded plugin filemanager (category:base,tabindex:10)
2024-08-31 19:47:01,611 [INFO] PluginManage:292 - Check plugin ipmanager
2024-08-31 19:47:01,620 [INFO] PluginManage:342 - Loaded plugin ipmanager (category:base,tabindex:5)
2024-08-31 19:47:01,620 [INFO] PluginManage:292 - Check plugin pinoutandconfiguration
2024-08-31 19:47:01,637 [INFO] PluginManage:342 - Loaded plugin pinoutandconfiguration (category:base,tabindex:1)
2024-08-31 19:47:01,637 [INFO] PluginManage:292 - Check plugin pinoutconfig
2024-08-31 19:47:01,668 [INFO] PluginManage:342 - Loaded plugin pinoutconfig (category:base,tabindex:0)
2024-08-31 19:47:01,668 [INFO] PluginManage:292 - Check plugin power
2024-08-31 19:47:01,685 [ERROR] LogOutputStream:74 - [STDERR_REDIRECT] [Fatal Error] :1:1: Premature end of file.
2024-08-31 19:47:01,685 [INFO] PluginManage:342 - Loaded plugin power (category:power,tabindex:4)
2024-08-31 19:47:01,685 [ERROR] LogOutputStream:74 - [STDERR_REDIRECT] 
2024-08-31 19:47:01,685 [INFO] PluginManage:292 - Check plugin projectmanager
2024-08-31 19:47:01,699 [INFO] PluginManage:342 - Loaded plugin projectmanager (category:projectmanager,tabindex:3)
2024-08-31 19:47:01,699 [INFO] PluginManage:292 - Check plugin thirdparty
2024-08-31 19:47:01,776 [ERROR] LogOutputStream:74 - [STDERR_REDIRECT] [Fatal Error] :1:1: Premature end of file.
2024-08-31 19:47:01,776 [ERROR] LogOutputStream:74 - [STDERR_REDIRECT] 
2024-08-31 19:47:01,833 [INFO] ThirdPartyDb:333 - Open Third Party DataBase File (C:/Users/Younis/.stm32cubemx/plugins/thirdparty/db/thirdparties_db.xml) : 44 ms. number of Sw pack : 57
2024-08-31 19:47:01,837 [INFO] PluginManage:342 - Loaded plugin thirdparty (category:base,tabindex:-1)
2024-08-31 19:47:01,837 [INFO] PluginManage:292 - Check plugin tools
2024-08-31 19:47:01,895 [INFO] PluginManage:342 - Loaded plugin tools (category:base,tabindex:7)
2024-08-31 19:47:01,895 [INFO] PluginManage:292 - Check plugin tutovideos
2024-08-31 19:47:02,037 [ERROR] LogOutputStream:74 - [STDERR_REDIRECT] [Fatal Error] :1:1: Premature end of file.
2024-08-31 19:47:02,038 [ERROR] LogOutputStream:74 - [STDERR_REDIRECT] 
2024-08-31 19:47:02,093 [INFO] PluginManage:342 - Loaded plugin tutovideos (category:base,tabindex:-1)
2024-08-31 19:47:02,093 [INFO] PluginManage:292 - Check plugin updater
2024-08-31 19:47:02,103 [INFO] PluginManage:342 - Loaded plugin updater (category:base,tabindex:12)
2024-08-31 19:47:02,104 [INFO] PluginManage:265 - PluginManage : Loaded plugins [13]
2024-08-31 19:47:02,244 [INFO] PinOutPanel:1418 - setPackage(No Configuration,No Configuration)
2024-08-31 19:47:02,326 [INFO] IPUIPlugin:64 - create IPUIPlugin
2024-08-31 19:47:02,326 [INFO] PluginManager:200 - loadIPPluginJar : add adc
2024-08-31 19:47:02,366 [INFO] IPUIPlugin:64 - create IPUIPlugin
2024-08-31 19:47:02,367 [INFO] PluginManager:200 - loadIPPluginJar : add aes
2024-08-31 19:47:02,421 [INFO] IPUIPlugin:64 - create IPUIPlugin
2024-08-31 19:47:02,421 [INFO] PluginManager:200 - loadIPPluginJar : add can
2024-08-31 19:47:02,456 [INFO] IPUIPlugin:64 - create IPUIPlugin
2024-08-31 19:47:02,457 [INFO] PluginManager:200 - loadIPPluginJar : add comp
2024-08-31 19:47:02,493 [INFO] IPUIPlugin:64 - create IPUIPlugin
2024-08-31 19:47:02,494 [INFO] PluginManager:200 - loadIPPluginJar : add cryp
2024-08-31 19:47:02,529 [INFO] IPUIPlugin:64 - create IPUIPlugin
2024-08-31 19:47:02,530 [INFO] PluginManager:200 - loadIPPluginJar : add dfsdm
2024-08-31 19:47:02,541 [INFO] IPUIPlugin:64 - create IPUIPlugin
2024-08-31 19:47:02,542 [INFO] PluginManager:200 - loadIPPluginJar : add dma
2024-08-31 19:47:02,569 [INFO] IPUIPlugin:64 - create IPUIPlugin
2024-08-31 19:47:02,569 [INFO] PluginManager:200 - loadIPPluginJar : add fatfs
2024-08-31 19:47:02,622 [INFO] IPUIPlugin:64 - create IPUIPlugin
2024-08-31 19:47:02,623 [INFO] PluginManager:200 - loadIPPluginJar : add fmc
2024-08-31 19:47:02,637 [INFO] IPUIPlugin:64 - create IPUIPlugin
2024-08-31 19:47:02,637 [INFO] PluginManager:200 - loadIPPluginJar : add freertos
2024-08-31 19:47:02,667 [INFO] IPUIPlugin:64 - create IPUIPlugin
2024-08-31 19:47:02,667 [INFO] PluginManager:200 - loadIPPluginJar : add genericplugin
2024-08-31 19:47:02,759 [INFO] IPUIPlugin:64 - create IPUIPlugin
2024-08-31 19:47:02,759 [INFO] PluginManager:200 - loadIPPluginJar : add gfxmmu
2024-08-31 19:47:02,884 [INFO] IPUIPlugin:64 - create IPUIPlugin
2024-08-31 19:47:02,885 [INFO] PluginManager:200 - loadIPPluginJar : add gic
2024-08-31 19:47:02,897 [INFO] IPUIPlugin:64 - create IPUIPlugin
2024-08-31 19:47:02,897 [INFO] PluginManager:200 - loadIPPluginJar : add gpio
2024-08-31 19:47:02,963 [INFO] IPUIPlugin:64 - create IPUIPlugin
2024-08-31 19:47:02,963 [INFO] PluginManager:200 - loadIPPluginJar : add gtzc
2024-08-31 19:47:03,003 [INFO] IPUIPlugin:64 - create IPUIPlugin
2024-08-31 19:47:03,003 [INFO] PluginManager:200 - loadIPPluginJar : add hash
2024-08-31 19:47:03,075 [INFO] IPUIPlugin:64 - create IPUIPlugin
2024-08-31 19:47:03,075 [INFO] PluginManager:200 - loadIPPluginJar : add i2c
2024-08-31 19:47:03,127 [INFO] IPUIPlugin:64 - create IPUIPlugin
2024-08-31 19:47:03,127 [INFO] PluginManager:200 - loadIPPluginJar : add i2s
2024-08-31 19:47:03,137 [INFO] IPUIPlugin:64 - create IPUIPlugin
2024-08-31 19:47:03,137 [INFO] PluginManager:200 - loadIPPluginJar : add ipddr
2024-08-31 19:47:03,179 [INFO] IPUIPlugin:64 - create IPUIPlugin
2024-08-31 19:47:03,180 [INFO] PluginManager:200 - loadIPPluginJar : add ltdc
2024-08-31 19:47:03,190 [INFO] IPUIPlugin:64 - create IPUIPlugin
2024-08-31 19:47:03,190 [INFO] PluginManager:200 - loadIPPluginJar : add mdma
2024-08-31 19:47:03,201 [INFO] IPUIPlugin:64 - create IPUIPlugin
2024-08-31 19:47:03,201 [INFO] PluginManager:200 - loadIPPluginJar : add nvic
2024-08-31 19:47:03,242 [INFO] IPUIPlugin:64 - create IPUIPlugin
2024-08-31 19:47:03,242 [INFO] PluginManager:200 - loadIPPluginJar : add opamp
2024-08-31 19:47:03,306 [INFO] IPUIPlugin:64 - create IPUIPlugin
2024-08-31 19:47:03,306 [INFO] PluginManager:200 - loadIPPluginJar : add openamp
2024-08-31 19:47:03,356 [INFO] IPUIPlugin:64 - create IPUIPlugin
2024-08-31 19:47:03,356 [INFO] PluginManager:200 - loadIPPluginJar : add pdm2pcm
2024-08-31 19:47:03,368 [INFO] IPUIPlugin:64 - create IPUIPlugin
2024-08-31 19:47:03,371 [INFO] PluginManager:200 - loadIPPluginJar : add plateformsettings
2024-08-31 19:47:03,404 [INFO] IPUIPlugin:64 - create IPUIPlugin
2024-08-31 19:47:03,404 [INFO] PluginManager:200 - loadIPPluginJar : add quadspi
2024-08-31 19:47:03,415 [INFO] IPUIPlugin:64 - create IPUIPlugin
2024-08-31 19:47:03,416 [INFO] PluginManager:200 - loadIPPluginJar : add resmgrutility
2024-08-31 19:47:03,471 [INFO] IPUIPlugin:64 - create IPUIPlugin
2024-08-31 19:47:03,471 [INFO] PluginManager:200 - loadIPPluginJar : add sai
2024-08-31 19:47:03,514 [INFO] IPUIPlugin:64 - create IPUIPlugin
2024-08-31 19:47:03,514 [INFO] PluginManager:200 - loadIPPluginJar : add spi
2024-08-31 19:47:03,565 [INFO] IPUIPlugin:64 - create IPUIPlugin
2024-08-31 19:47:03,565 [INFO] PluginManager:200 - loadIPPluginJar : add stm32_wpan
2024-08-31 19:47:03,595 [INFO] IPUIPlugin:64 - create IPUIPlugin
2024-08-31 19:47:03,596 [INFO] PluginManager:200 - loadIPPluginJar : add tim
2024-08-31 19:47:03,664 [INFO] IPUIPlugin:64 - create IPUIPlugin
2024-08-31 19:47:03,664 [INFO] PluginManager:200 - loadIPPluginJar : add touchsensing
2024-08-31 19:47:03,695 [INFO] IPUIPlugin:64 - create IPUIPlugin
2024-08-31 19:47:03,696 [INFO] PluginManager:200 - loadIPPluginJar : add tracer_emb
2024-08-31 19:47:03,728 [INFO] IPUIPlugin:64 - create IPUIPlugin
2024-08-31 19:47:03,728 [INFO] PluginManager:200 - loadIPPluginJar : add ts
2024-08-31 19:47:03,757 [INFO] IPUIPlugin:64 - create IPUIPlugin
2024-08-31 19:47:03,757 [INFO] PluginManager:200 - loadIPPluginJar : add tsc
2024-08-31 19:47:03,786 [INFO] IPUIPlugin:64 - create IPUIPlugin
2024-08-31 19:47:03,786 [INFO] PluginManager:200 - loadIPPluginJar : add ucpd
2024-08-31 19:47:03,835 [INFO] IPUIPlugin:64 - create IPUIPlugin
2024-08-31 19:47:03,835 [INFO] PluginManager:200 - loadIPPluginJar : add usart
2024-08-31 19:47:04,921 [INFO] CubeProgrammer:457 - [DDR PANEL] - PathOfProgrammer: null
2024-08-31 19:47:05,522 [FATAL] Updater:282 - Updater called before beeing initialized
2024-08-31 19:47:05,635 [FATAL] Updater:282 - Updater called before beeing initialized
2024-08-31 19:47:05,635 [WARN] ThirdParty:775 - waiting for thirdparty lock release [close project]
2024-08-31 19:47:05,635 [INFO] ThirdParty:777 - entering critical section [close project]
2024-08-31 19:47:05,636 [INFO] ThirdParty:790 - exiting critical section [close project]
2024-08-31 19:47:05,638 [INFO] PinOutPanel:1418 - setPackage(No Configuration,No Configuration)
2024-08-31 19:47:05,638 [FATAL] Updater:282 - Updater called before beeing initialized
2024-08-31 19:47:05,649 [ERROR] Updater:967 - MainUpdater not yet initialized. External WinMGr cannot be set.
2024-08-31 19:47:05,650 [INFO] CubeProgrammer:457 - [DDR PANEL] - PathOfProgrammer: C:\ST\STM32CubeIDE_1.4.0\STM32CubeIDE\plugins\com.st.stm32cube.ide.mcu.externaltools.cubeprogrammer.win32_1.4.0.202007081208\tools\bin
2024-08-31 19:47:05,652 [INFO] ProgrammerExecThread:148 - [ProgrammerAPI] CubeProgrammer command construction: C:\ST\STM32CubeIDE_1.4.0\STM32CubeIDE\plugins\com.st.stm32cube.ide.mcu.externaltools.cubeprogrammer.win32_1.4.0.202007081208\tools\bin\STM32_Programmer_CLI.exe -l
2024-08-31 19:47:05,972 [INFO] MainDdrPanel:49 - [DDR PANEL] SETTER - Set cubeProgrammerPath to: C:\ST\STM32CubeIDE_1.4.0\STM32CubeIDE\plugins\com.st.stm32cube.ide.mcu.externaltools.cubeprogrammer.win32_1.4.0.202007081208\tools\bin
2024-08-31 19:47:06,074 [INFO] Updater:904 - Updater Version found : 6.0.0
2024-08-31 19:47:06,090 [INFO] ApplicationProperties:181 - Using Application install path: C:\ST\STM32CubeIDE_1.4.0\STM32CubeIDE\plugins\com.st.stm32cube.common.mx_6.0.0.202007160824
2024-08-31 19:47:06,879 [INFO] MainUpdater:2268 - connection check result : 10
2024-08-31 19:47:06,879 [INFO] MainUpdater:2935 - Updater definition file requires update
2024-08-31 19:47:06,880 [INFO] MainUpdater:239 - Updater Check For Update Now.
2024-08-31 19:47:06,880 [INFO] MicroXplorer:414 - Change Database Version : DB.6.0.0
2024-08-31 19:47:07,418 [INFO] ServerAccessManage:348 - Download File updaters.zip
2024-08-31 19:47:07,849 [WARN] IntegrityCheckThread:61 - waiting for thirdparty lock release [integrity check]
2024-08-31 19:47:07,849 [INFO] IntegrityCheckThread:63 - entering critical section [integrity check]
2024-08-31 19:47:07,849 [WARN] MainUpdater:1087 - Updater busy. Cannot search thirdparties
2024-08-31 19:47:08,413 [INFO] FileExtend:225 - Unzip File : updaters.zip
2024-08-31 19:47:08,414 [INFO] FileExtend:240 - Standard Zip Deflate
2024-08-31 19:47:09,561 [INFO] ServerAccessManage:348 - Download File PacksControlFlags.xml
2024-08-31 19:47:10,251 [INFO] ServerAccessManage:348 - Download File cubemx.pidx
2024-08-31 19:47:10,350 [INFO] LoadServerUpdatesThread:309 - End of LoadServerUpdate Thread
2024-08-31 19:47:10,398 [INFO] CheckServerUpdateThread:102 - End of CheckServer Thread
2024-08-31 19:47:10,473 [INFO] MainUpdater:2268 - connection check result : 10
2024-08-31 19:47:10,824 [INFO] ServerAccessManage:348 - Download File mcusDocs.json._tmp_
2024-08-31 19:47:10,864 [WARN] MainUpdater:1087 - Updater busy. Cannot search thirdparties
2024-08-31 19:47:11,133 [INFO] LoadUrlFilesThread:135 - End of LoadUrlFiles Thread
2024-08-31 19:47:11,300 [INFO] ServerAccessManage:348 - Download File mcusFeaturesAndDescription.json._tmp_
2024-08-31 19:47:13,865 [WARN] MainUpdater:1087 - Updater busy. Cannot search thirdparties
2024-08-31 19:47:16,868 [WARN] MainUpdater:1087 - Updater busy. Cannot search thirdparties
2024-08-31 19:47:19,872 [WARN] MainUpdater:1087 - Updater busy. Cannot search thirdparties
2024-08-31 19:47:22,875 [WARN] MainUpdater:1087 - Updater busy. Cannot search thirdparties
2024-08-31 19:47:25,884 [WARN] MainUpdater:1087 - Updater busy. Cannot search thirdparties
2024-08-31 19:47:28,893 [WARN] MainUpdater:1087 - Updater busy. Cannot search thirdparties
2024-08-31 19:47:31,895 [WARN] MainUpdater:1087 - Updater busy. Cannot search thirdparties
2024-08-31 19:47:34,906 [WARN] MainUpdater:1087 - Updater busy. Cannot search thirdparties
2024-08-31 19:47:35,052 [INFO] LoadUrlFilesThread:135 - End of LoadUrlFiles Thread
2024-08-31 19:47:35,184 [INFO] ServerAccessManage:348 - Download File boardsDocs.json._tmp_
2024-08-31 19:47:35,275 [INFO] LoadUrlFilesThread:135 - End of LoadUrlFiles Thread
2024-08-31 19:47:35,438 [INFO] ServerAccessManage:348 - Download File boards.json._tmp_
2024-08-31 19:47:36,138 [INFO] LoadUrlFilesThread:135 - End of LoadUrlFiles Thread
2024-08-31 19:47:36,834 [INFO] ServerAccessManage:348 - Download File cube-finder-db.zip
2024-08-31 19:47:37,912 [WARN] MainUpdater:1087 - Updater busy. Cannot search thirdparties
2024-08-31 19:47:40,921 [WARN] MainUpdater:1087 - Updater busy. Cannot search thirdparties
2024-08-31 19:47:43,925 [WARN] MainUpdater:1087 - Updater busy. Cannot search thirdparties
2024-08-31 19:47:46,937 [WARN] MainUpdater:1087 - Updater busy. Cannot search thirdparties
2024-08-31 19:47:49,952 [WARN] MainUpdater:1087 - Updater busy. Cannot search thirdparties
2024-08-31 19:47:52,959 [ERROR] IntegrityCheckThread:67 - Unexpected exception IntegrityCheckThread Thread:
2024-08-31 19:47:52,959 [ERROR] IntegrityCheckThread:70 - java.lang.Exception: Updater error
	at com.st.microxplorer.plugins.thirdparty.engine.IntegrityCheckThread.getUpdaterThirdPartyList(IntegrityCheckThread.java:296)
	at com.st.microxplorer.plugins.thirdparty.engine.IntegrityCheckThread.runProcess(IntegrityCheckThread.java:84)
	at com.st.microxplorer.plugins.thirdparty.engine.IntegrityCheckThread.run(IntegrityCheckThread.java:65)

2024-08-31 19:47:52,960 [INFO] ThirdPartyDb:299 - Save Third Party DataBase File (C:/Users/Younis/.stm32cubemx/plugins/thirdparty/db/thirdparties_db.xml) [forced]
2024-08-31 19:47:53,012 [INFO] IntegrityCheckThread:76 - exiting critical section [integrity check]
2024-08-31 19:47:53,013 [INFO] IntegrityCheckThread:79 - End integrity checks thread
2024-08-31 19:49:35,605 [INFO] FileExtend:225 - Unzip File : cube-finder-db.zip
2024-08-31 19:49:35,608 [INFO] FileExtend:240 - Standard Zip Deflate
2024-08-31 19:49:36,268 [INFO] LoadUrlFilesThread:135 - End of LoadUrlFiles Thread
2024-08-31 19:49:36,695 [INFO] ServerAccessManage:348 - Download File crdb.zip
2024-08-31 19:49:37,094 [INFO] FileExtend:225 - Unzip File : crdb.zip
2024-08-31 19:49:37,095 [INFO] FileExtend:240 - Standard Zip Deflate
2024-08-31 19:49:37,126 [INFO] LoadUrlFilesThread:135 - End of LoadUrlFiles Thread
2024-08-31 19:49:37,732 [INFO] ServerAccessManage:348 - Download File tutoVideoDB.zip
2024-08-31 19:49:37,913 [INFO] FileExtend:225 - Unzip File : tutoVideoDB.zip
2024-08-31 19:49:37,914 [INFO] FileExtend:240 - Standard Zip Deflate
2024-08-31 19:49:37,934 [INFO] LoadUrlFilesThread:135 - End of LoadUrlFiles Thread
2024-08-31 19:49:37,953 [INFO] DbMcusDocs:145 - JSON generation date=Tue Nov 16 18:17:54 EET 2021 (1637079474)
2024-08-31 19:49:37,954 [INFO] DbMcusXml:100 - Load MCU database from C:\ST\STM32CubeIDE_1.4.0\STM32CubeIDE\plugins\com.st.stm32cube.common.mx_6.0.0.202007160824\\db\/mcu/families.xml
2024-08-31 19:49:38,498 [INFO] DbMcusJson:92 - JSON generation date=Tue Nov 16 18:17:54 EET 2021 (1637079474)
2024-08-31 19:49:39,034 [INFO] DbMcus:175 - Found 1761 MCUs (1722 are supported by CubeMX, 1911 are visible in CubeMX)
2024-08-31 19:49:39,035 [INFO] ApiDb:201 - Load user favorites file C:\Users\Younis/.stm32cubemx/favorites.mcus.txt: 0 item(s)
2024-08-31 19:49:39,035 [INFO] ApiDb:205 - User favorites MCUs=[]
2024-08-31 19:49:39,035 [INFO] DbMcus:187 - Set 0 / 0 favorites MCUs
2024-08-31 19:49:39,271 [INFO] DbMcusDocs:81 - Found 682 MCUs documents
2024-08-31 19:49:39,273 [INFO] ApiDb:226 - Save user favorites file C:\Users\Younis/.stm32cubemx/favorites.mcus.txt: 0 item(s)
2024-08-31 19:49:39,274 [INFO] ApiDb:230 - User favorites MCUs=[]
2024-08-31 19:49:39,274 [INFO] DbMcusXml:100 - Load MCU database from C:\ST\STM32CubeIDE_1.4.0\STM32CubeIDE\plugins\com.st.stm32cube.common.mx_6.0.0.202007160824\\db\/mcu/families.xml
2024-08-31 19:49:39,698 [INFO] DbMcusJson:92 - JSON generation date=Tue Nov 16 18:17:54 EET 2021 (1637079474)
2024-08-31 19:49:40,094 [INFO] DbMcus:175 - Found 1761 MCUs (1722 are supported by CubeMX, 1911 are visible in CubeMX)
2024-08-31 19:49:40,094 [INFO] ApiDb:201 - Load user favorites file C:\Users\Younis/.stm32cubemx/favorites.mcus.txt: 0 item(s)
2024-08-31 19:49:40,094 [INFO] ApiDb:205 - User favorites MCUs=[]
2024-08-31 19:49:40,094 [INFO] DbMcus:187 - Set 0 / 0 favorites MCUs
2024-08-31 19:49:40,100 [INFO] DbBoardsDocs:145 - JSON generation date=Tue Nov 16 18:17:54 EET 2021 (1637079474)
2024-08-31 19:49:40,119 [INFO] DbBoardsPdsc:94 - Found 23 items
2024-08-31 19:49:40,128 [INFO] DbBoardsPdsc:94 - Found 9 items
2024-08-31 19:49:40,138 [INFO] DbBoardsPdsc:94 - Found 29 items
2024-08-31 19:49:40,147 [INFO] DbBoardsPdsc:94 - Found 1 items
2024-08-31 19:49:40,159 [INFO] DbBoardsPdsc:94 - Found 44 items
2024-08-31 19:49:40,172 [INFO] DbBoardsPdsc:94 - Found 40 items
2024-08-31 19:49:40,181 [INFO] DbBoardsPdsc:94 - Found 2 items
2024-08-31 19:49:40,190 [INFO] DbBoardsPdsc:94 - Found 4 items
2024-08-31 19:49:40,196 [WARN] DbBoardsPdsc:258 - Board STM32H7B3I-DK: unknown feature type=Audio, name=, username=Audio stereo codec with Headphone Amp (CS42L51-CNZ), n=1
2024-08-31 19:49:40,196 [WARN] DbBoardsPdsc:258 - Board STM32H735G-DK: unknown feature type=Audio, name=, username=Audio stereo codec with Headphone Amp (WM8994ECS/R), n=1
2024-08-31 19:49:40,199 [WARN] DbBoardsPdsc:258 - Board STM32H7B3I-EVAL: unknown feature type=Audio, name=, username=Multi-Channel Audio Codec (CS42L51-CNZ), n=1
2024-08-31 19:49:40,199 [WARN] DbBoardsPdsc:258 - Board STM32H7B3I-EVAL: unknown feature type=Meter, name=, username=Power-metering and Temperature-monitoring with sigma-delta modulators, n=1
2024-08-31 19:49:40,199 [WARN] DbBoardsPdsc:258 - Board STM32H7B3I-EVAL: unknown feature type=Motor, name=, username=Motor Control, n=1
2024-08-31 19:49:40,210 [INFO] DbBoardsJson:85 - JSON generation date=Tue Nov 16 18:17:54 EET 2021 (1637079474)
2024-08-31 19:49:40,217 [INFO] DbBoards:117 - Found 166 boards (149 are supported by CubeMX)
2024-08-31 19:49:40,218 [INFO] DbBoardsDocs:145 - JSON generation date=Tue Nov 16 18:17:54 EET 2021 (1637079474)
2024-08-31 19:49:40,222 [INFO] DbBoardsDocs:81 - Found 209 boards documents
2024-08-31 19:49:40,223 [WARN] DbBoards:127 - board B-L475E-IOT01A2 has no document id list !
2024-08-31 19:49:40,224 [WARN] DbBoards:127 - board NUCLEO-H743ZI has no document id list !
2024-08-31 19:49:40,225 [WARN] DbBoards:127 - board P-NUCLEO-WB55-Nucleo has no document id list !
2024-08-31 19:49:40,225 [WARN] DbBoards:127 - board P-NUCLEO-WB55-USBDongle has no document id list !
2024-08-31 19:49:40,225 [WARN] DbBoards:127 - board STEVAL-BFA001V1B has no document id list !
2024-08-31 19:49:40,225 [WARN] DbBoards:127 - board STEVAL-BFA001V2B has no document id list !
2024-08-31 19:49:40,225 [WARN] DbBoards:127 - board STEVAL-IDP005V1 has no document id list !
2024-08-31 19:49:40,225 [WARN] DbBoards:127 - board STEVAL-IDP005V2 has no document id list !
2024-08-31 19:49:40,225 [WARN] DbBoards:127 - board STEVAL-MKSBOX1V1 has no document id list !
2024-08-31 19:49:40,225 [WARN] DbBoards:127 - board STEVAL-STWINKT1 has no document id list !
2024-08-31 19:49:40,225 [WARN] DbBoards:127 - board STEVAL-STWINKT1B has no document id list !
2024-08-31 19:49:40,225 [WARN] DbBoards:127 - board STM32439I-EVAL2 has no document id list !
2024-08-31 19:49:40,226 [WARN] DbBoards:127 - board STM32F401C-DISCO has no document id list !
2024-08-31 19:49:40,226 [WARN] DbBoards:127 - board STM32F769I-DISC1 has no document id list !
2024-08-31 19:49:40,226 [WARN] DbBoards:127 - board STM32G474E-EVAL1 has no document id list !
2024-08-31 19:49:40,226 [WARN] DbBoards:127 - board STM32H743I-EVAL2 has no document id list !
2024-08-31 19:49:40,227 [WARN] DbBoards:127 - board STM32H747I-DISC1 has no document id list !
2024-08-31 19:49:40,227 [WARN] DbBoards:127 - board STM32H753I-EVAL2 has no document id list !
2024-08-31 19:49:40,227 [WARN] DbBoards:127 - board STM32L-DISCOVERY has no document id list !
2024-08-31 19:49:40,290 [ERROR] DbBoards:189 - Image file not found for board B-L462E-CELL1: C:\ST\STM32CubeIDE_1.4.0\STM32CubeIDE\plugins\com.st.stm32cube.common.mx_6.0.0.202007160824\\db\/plugins/mcufinder/images/boards/B-L462E-CELL1_small.jpg
2024-08-31 19:49:40,336 [ERROR] DbBoards:189 - Image file not found for board B-U585I-IOT02A: C:\ST\STM32CubeIDE_1.4.0\STM32CubeIDE\plugins\com.st.stm32cube.common.mx_6.0.0.202007160824\\db\/plugins/mcufinder/images/boards/B-U585I-IOT02A_small.jpg
2024-08-31 19:49:40,401 [ERROR] DbBoards:189 - Image file not found for board NUCLEO-F413ZH: C:\ST\STM32CubeIDE_1.4.0\STM32CubeIDE\plugins\com.st.stm32cube.common.mx_6.0.0.202007160824\\db\/plugins/mcufinder/images/boards/nucleo-f413zh_small.jpg
2024-08-31 19:49:40,509 [ERROR] DbBoards:189 - Image file not found for board NUCLEO-L552ZE-Q: C:\ST\STM32CubeIDE_1.4.0\STM32CubeIDE\plugins\com.st.stm32cube.common.mx_6.0.0.202007160824\\db\/plugins/mcufinder/images/boards/nucleo_l552ze_q_small.jpg
2024-08-31 19:49:40,509 [ERROR] DbBoards:189 - Image file not found for board NUCLEO-U575ZI-Q: C:\ST\STM32CubeIDE_1.4.0\STM32CubeIDE\plugins\com.st.stm32cube.common.mx_6.0.0.202007160824\\db\/plugins/mcufinder/images/boards/nucleo-u575zi-q_small.jpg
2024-08-31 19:49:40,509 [ERROR] DbBoards:189 - Image file not found for board NUCLEO-WB15CC: C:\ST\STM32CubeIDE_1.4.0\STM32CubeIDE\plugins\com.st.stm32cube.common.mx_6.0.0.202007160824\\db\/plugins/mcufinder/images/boards/nucleo-wb15cc_small.jpg
2024-08-31 19:49:40,509 [ERROR] DbBoards:189 - Image file not found for board NUCLEO-WB55RG: C:\ST\STM32CubeIDE_1.4.0\STM32CubeIDE\plugins\com.st.stm32cube.common.mx_6.0.0.202007160824\\db\/plugins/mcufinder/images/boards/nucleo-wb55rg_small.jpg
2024-08-31 19:49:40,509 [ERROR] DbBoards:189 - Image file not found for board NUCLEO-WL55JC: C:\ST\STM32CubeIDE_1.4.0\STM32CubeIDE\plugins\com.st.stm32cube.common.mx_6.0.0.202007160824\\db\/plugins/mcufinder/images/boards/nucleo-wl55jc-small.jpg
2024-08-31 19:49:40,642 [ERROR] DbBoards:189 - Image file not found for board STEVAL-STWINKT1B: C:\ST\STM32CubeIDE_1.4.0\STM32CubeIDE\plugins\com.st.stm32cube.common.mx_6.0.0.202007160824\\db\/plugins/mcufinder/images/boards/steval-stwinkt1b_small.jpg
2024-08-31 19:49:40,921 [ERROR] DbBoards:189 - Image file not found for board STM32G0C1E-EV: C:\ST\STM32CubeIDE_1.4.0\STM32CubeIDE\plugins\com.st.stm32cube.common.mx_6.0.0.202007160824\\db\/plugins/mcufinder/images/boards/stm32g0c1e-eval_small.jpg
2024-08-31 19:49:40,991 [ERROR] DbBoards:189 - Image file not found for board STM32H7B3I-EVAL: C:\ST\STM32CubeIDE_1.4.0\STM32CubeIDE\plugins\com.st.stm32cube.common.mx_6.0.0.202007160824\\db\/plugins/mcufinder/images/boards/stm32h7b3ieval_small.jpg
2024-08-31 19:49:41,162 [ERROR] DbBoards:189 - Image file not found for board STM32U575I-EV: C:\ST\STM32CubeIDE_1.4.0\STM32CubeIDE\plugins\com.st.stm32cube.common.mx_6.0.0.202007160824\\db\/plugins/mcufinder/images/boards/stm32u575i-ev_small.jpg
2024-08-31 19:49:41,187 [ERROR] DbBoards:189 - Image file not found for board STM32WB5MM-DK: C:\ST\STM32CubeIDE_1.4.0\STM32CubeIDE\plugins\com.st.stm32cube.common.mx_6.0.0.202007160824\\db\/plugins/mcufinder/images/boards/STM32WB5MM-DK_small.jpg
2024-08-31 19:49:41,188 [INFO] ApiDb:201 - Load user favorites file C:\Users\Younis/.stm32cubemx/favorites.boards.txt: 0 item(s)
2024-08-31 19:49:41,188 [INFO] ApiDb:205 - User favorites Boards=[]
2024-08-31 19:49:41,188 [INFO] DbBoards:206 - Set 0 / 0 favorites Boards
2024-08-31 19:49:41,190 [INFO] DbBoardsDocs:81 - Found 418 boards documents
2024-08-31 19:49:41,190 [INFO] ApiDb:226 - Save user favorites file C:\Users\Younis/.stm32cubemx/favorites.boards.txt: 0 item(s)
2024-08-31 19:49:41,191 [INFO] ApiDb:230 - User favorites Boards=[]
2024-08-31 19:49:41,193 [INFO] DbBoardsPdsc:94 - Found 23 items
2024-08-31 19:49:41,194 [INFO] DbBoardsPdsc:94 - Found 9 items
2024-08-31 19:49:41,196 [INFO] DbBoardsPdsc:94 - Found 29 items
2024-08-31 19:49:41,196 [INFO] DbBoardsPdsc:94 - Found 1 items
2024-08-31 19:49:41,199 [INFO] DbBoardsPdsc:94 - Found 44 items
2024-08-31 19:49:41,202 [INFO] DbBoardsPdsc:94 - Found 40 items
2024-08-31 19:49:41,203 [INFO] DbBoardsPdsc:94 - Found 2 items
2024-08-31 19:49:41,204 [INFO] DbBoardsPdsc:94 - Found 4 items
2024-08-31 19:49:41,205 [WARN] DbBoardsPdsc:258 - Board STM32H7B3I-DK: unknown feature type=Audio, name=, username=Audio stereo codec with Headphone Amp (CS42L51-CNZ), n=1
2024-08-31 19:49:41,206 [WARN] DbBoardsPdsc:258 - Board STM32H735G-DK: unknown feature type=Audio, name=, username=Audio stereo codec with Headphone Amp (WM8994ECS/R), n=1
2024-08-31 19:49:41,207 [WARN] DbBoardsPdsc:258 - Board STM32H7B3I-EVAL: unknown feature type=Audio, name=, username=Multi-Channel Audio Codec (CS42L51-CNZ), n=1
2024-08-31 19:49:41,207 [WARN] DbBoardsPdsc:258 - Board STM32H7B3I-EVAL: unknown feature type=Meter, name=, username=Power-metering and Temperature-monitoring with sigma-delta modulators, n=1
2024-08-31 19:49:41,207 [WARN] DbBoardsPdsc:258 - Board STM32H7B3I-EVAL: unknown feature type=Motor, name=, username=Motor Control, n=1
2024-08-31 19:49:41,218 [INFO] DbBoardsJson:85 - JSON generation date=Tue Nov 16 18:17:54 EET 2021 (1637079474)
2024-08-31 19:49:41,222 [INFO] DbBoards:117 - Found 166 boards (149 are supported by CubeMX)
2024-08-31 19:49:41,223 [WARN] DbBoards:127 - board B-L475E-IOT01A2 has no document id list !
2024-08-31 19:49:41,224 [WARN] DbBoards:127 - board NUCLEO-H743ZI has no document id list !
2024-08-31 19:49:41,224 [WARN] DbBoards:127 - board P-NUCLEO-WB55-Nucleo has no document id list !
2024-08-31 19:49:41,224 [WARN] DbBoards:127 - board P-NUCLEO-WB55-USBDongle has no document id list !
2024-08-31 19:49:41,224 [WARN] DbBoards:127 - board STEVAL-BFA001V1B has no document id list !
2024-08-31 19:49:41,225 [WARN] DbBoards:127 - board STEVAL-BFA001V2B has no document id list !
2024-08-31 19:49:41,225 [WARN] DbBoards:127 - board STEVAL-IDP005V1 has no document id list !
2024-08-31 19:49:41,225 [WARN] DbBoards:127 - board STEVAL-IDP005V2 has no document id list !
2024-08-31 19:49:41,225 [WARN] DbBoards:127 - board STEVAL-MKSBOX1V1 has no document id list !
2024-08-31 19:49:41,225 [WARN] DbBoards:127 - board STEVAL-STWINKT1 has no document id list !
2024-08-31 19:49:41,225 [WARN] DbBoards:127 - board STEVAL-STWINKT1B has no document id list !
2024-08-31 19:49:41,225 [WARN] DbBoards:127 - board STM32439I-EVAL2 has no document id list !
2024-08-31 19:49:41,225 [WARN] DbBoards:127 - board STM32F401C-DISCO has no document id list !
2024-08-31 19:49:41,226 [WARN] DbBoards:127 - board STM32F769I-DISC1 has no document id list !
2024-08-31 19:49:41,226 [WARN] DbBoards:127 - board STM32G474E-EVAL1 has no document id list !
2024-08-31 19:49:41,226 [WARN] DbBoards:127 - board STM32H743I-EVAL2 has no document id list !
2024-08-31 19:49:41,226 [WARN] DbBoards:127 - board STM32H747I-DISC1 has no document id list !
2024-08-31 19:49:41,226 [WARN] DbBoards:127 - board STM32H753I-EVAL2 has no document id list !
2024-08-31 19:49:41,227 [WARN] DbBoards:127 - board STM32L-DISCOVERY has no document id list !
2024-08-31 19:49:41,258 [ERROR] DbBoards:189 - Image file not found for board B-L462E-CELL1: C:\ST\STM32CubeIDE_1.4.0\STM32CubeIDE\plugins\com.st.stm32cube.common.mx_6.0.0.202007160824\\db\/plugins/mcufinder/images/boards/B-L462E-CELL1_small.jpg
2024-08-31 19:49:41,278 [ERROR] DbBoards:189 - Image file not found for board B-U585I-IOT02A: C:\ST\STM32CubeIDE_1.4.0\STM32CubeIDE\plugins\com.st.stm32cube.common.mx_6.0.0.202007160824\\db\/plugins/mcufinder/images/boards/B-U585I-IOT02A_small.jpg
2024-08-31 19:49:41,322 [ERROR] DbBoards:189 - Image file not found for board NUCLEO-F413ZH: C:\ST\STM32CubeIDE_1.4.0\STM32CubeIDE\plugins\com.st.stm32cube.common.mx_6.0.0.202007160824\\db\/plugins/mcufinder/images/boards/nucleo-f413zh_small.jpg
2024-08-31 19:49:41,419 [ERROR] DbBoards:189 - Image file not found for board NUCLEO-L552ZE-Q: C:\ST\STM32CubeIDE_1.4.0\STM32CubeIDE\plugins\com.st.stm32cube.common.mx_6.0.0.202007160824\\db\/plugins/mcufinder/images/boards/nucleo_l552ze_q_small.jpg
2024-08-31 19:49:41,419 [ERROR] DbBoards:189 - Image file not found for board NUCLEO-U575ZI-Q: C:\ST\STM32CubeIDE_1.4.0\STM32CubeIDE\plugins\com.st.stm32cube.common.mx_6.0.0.202007160824\\db\/plugins/mcufinder/images/boards/nucleo-u575zi-q_small.jpg
2024-08-31 19:49:41,419 [ERROR] DbBoards:189 - Image file not found for board NUCLEO-WB15CC: C:\ST\STM32CubeIDE_1.4.0\STM32CubeIDE\plugins\com.st.stm32cube.common.mx_6.0.0.202007160824\\db\/plugins/mcufinder/images/boards/nucleo-wb15cc_small.jpg
2024-08-31 19:49:41,419 [ERROR] DbBoards:189 - Image file not found for board NUCLEO-WB55RG: C:\ST\STM32CubeIDE_1.4.0\STM32CubeIDE\plugins\com.st.stm32cube.common.mx_6.0.0.202007160824\\db\/plugins/mcufinder/images/boards/nucleo-wb55rg_small.jpg
2024-08-31 19:49:41,419 [ERROR] DbBoards:189 - Image file not found for board NUCLEO-WL55JC: C:\ST\STM32CubeIDE_1.4.0\STM32CubeIDE\plugins\com.st.stm32cube.common.mx_6.0.0.202007160824\\db\/plugins/mcufinder/images/boards/nucleo-wl55jc-small.jpg
2024-08-31 19:49:41,489 [ERROR] DbBoards:189 - Image file not found for board STEVAL-STWINKT1B: C:\ST\STM32CubeIDE_1.4.0\STM32CubeIDE\plugins\com.st.stm32cube.common.mx_6.0.0.202007160824\\db\/plugins/mcufinder/images/boards/steval-stwinkt1b_small.jpg
2024-08-31 19:49:41,629 [ERROR] DbBoards:189 - Image file not found for board STM32G0C1E-EV: C:\ST\STM32CubeIDE_1.4.0\STM32CubeIDE\plugins\com.st.stm32cube.common.mx_6.0.0.202007160824\\db\/plugins/mcufinder/images/boards/stm32g0c1e-eval_small.jpg
2024-08-31 19:49:41,675 [ERROR] DbBoards:189 - Image file not found for board STM32H7B3I-EVAL: C:\ST\STM32CubeIDE_1.4.0\STM32CubeIDE\plugins\com.st.stm32cube.common.mx_6.0.0.202007160824\\db\/plugins/mcufinder/images/boards/stm32h7b3ieval_small.jpg
2024-08-31 19:49:41,791 [ERROR] DbBoards:189 - Image file not found for board STM32U575I-EV: C:\ST\STM32CubeIDE_1.4.0\STM32CubeIDE\plugins\com.st.stm32cube.common.mx_6.0.0.202007160824\\db\/plugins/mcufinder/images/boards/stm32u575i-ev_small.jpg
2024-08-31 19:49:41,805 [ERROR] DbBoards:189 - Image file not found for board STM32WB5MM-DK: C:\ST\STM32CubeIDE_1.4.0\STM32CubeIDE\plugins\com.st.stm32cube.common.mx_6.0.0.202007160824\\db\/plugins/mcufinder/images/boards/STM32WB5MM-DK_small.jpg
2024-08-31 19:49:41,805 [INFO] ApiDb:201 - Load user favorites file C:\Users\Younis/.stm32cubemx/favorites.boards.txt: 0 item(s)
2024-08-31 19:49:41,805 [INFO] ApiDb:205 - User favorites Boards=[]
2024-08-31 19:49:41,805 [INFO] DbBoards:206 - Set 0 / 0 favorites Boards
2024-08-31 19:49:41,910 [INFO] DbExamplesSqlite:156 - SQLite db open (C:\Users\Younis\.stmcufinder\plugins\mcufinder\mcu\cube-finder-db.db)
2024-08-31 19:49:42,513 [INFO] DbExamplesSqlite:447 - Ignored 0 examples not supported by CubeIDE
2024-08-31 19:49:42,514 [INFO] DbExamplesSqlite:448 - Found 8608 examples active
2024-08-31 19:49:42,514 [INFO] DbExamplesSqlite:449 - Found 0 examples obsolete
2024-08-31 19:49:42,514 [INFO] DbExamplesSqlite:450 - Found 0 examples under development
2024-08-31 19:49:42,514 [INFO] DbExamplesSqlite:451 - Found 10 examples not building
2024-08-31 19:49:42,574 [INFO] DbExamplesSqlite:130 - SQLite Data Model version=2.1
2024-08-31 19:49:42,574 [INFO] DbExamplesSqlite:131 - SQLite Configuration version=3.0.39
2024-08-31 19:49:42,574 [INFO] DbExamplesSqlite:132 - SQLite generation date=2024-08-06 (1722941618)
2024-08-31 19:49:42,574 [INFO] DbExamplesSqlite:133 - SQLite FW Pack versions=[FP-ATR-ASTRA1_V2.0.0, FP-SNS-FLIGHT1_V5.0.2, FP-SNS-MOTENV1_V5.0.0, FP-SNS-MOTENVWB1_V1.4.0, FP-SNS-SMARTAG2_V1.2.0, FP-SNS-STBOX1_V2.0.0, STM32Cube_FW_C0_V1.2.0, STM32Cube_FW_F4_V1.28.0, STM32Cube_FW_F7_V1.17.2, STM32Cube_FW_G0_V1.6.2, STM32Cube_FW_G4_V1.6.0, STM32Cube_FW_H5_V1.3.0, STM32Cube_FW_H7RS_V1.1.0, STM32Cube_FW_H7_V1.11.2, STM32Cube_FW_L0_V1.12.2, STM32Cube_FW_L5_V1.5.1, STM32Cube_FW_U0_V1.1.0, STM32Cube_FW_U5_V1.6.0, STM32Cube_FW_WB0_V1.0.0, STM32Cube_FW_WBA_V1.4.1, STM32Cube_FW_WB_V1.20.0, STM32Cube_FW_WL_V1.3.0, X-CUBE-ALGOBUILD_V1.4.0, X-CUBE-ALS_V1.0.2, X-CUBE-AZRTOS-F4_V1.1.0, X-CUBE-AZRTOS-F7_V1.1.0, X-CUBE-AZRTOS-G0_V1.1.0, X-CUBE-AZRTOS-G4_V2.0.0, X-CUBE-AZRTOS-H7RS_V1.0.0, X-CUBE-AZRTOS-H7_V3.2.0, X-CUBE-AZRTOS-L4_V2.0.0, X-CUBE-AZRTOS-L5_V1.1.0, X-CUBE-AZRTOS-WB_V2.0.0, X-CUBE-AZRTOS-WL_V2.0.0, X-CUBE-BLE1_V7.0.0, X-CUBE-BLE2_V3.3.0, X-CUBE-BLEMGR_V3.1.0, X-CUBE-EEPRMA1_V5.1.0, X-CUBE-FREERTOS_V1.2.0, X-CUBE-GNSS1_V6.0.0, X-CUBE-MEMS1_V10.0.0, X-CUBE-NFC4_V3.0.0, X-CUBE-NFC7_V1.0.1, X-CUBE-SFXS2LP1_V4.0.0, X-CUBE-SUBG2_V5.0.0, X-CUBE-TOF1_V3.4.2]
2024-08-31 19:49:42,575 [INFO] DbExamples:123 - Found 8618 examples
2024-08-31 19:49:43,107 [ERROR] DbExamples:199 - Found 8618 examples with invalid data (board or MCU)
2024-08-31 19:49:43,108 [INFO] DbExamples:215 - Found 78 boards with related examples
2024-08-31 19:49:43,108 [INFO] DbExamples:228 - Found 0 MCUs with related examples
2024-08-31 19:49:43,126 [INFO] ApiDb:192 - User favorites file not found: C:\Users\Younis/.stm32cubemx/favorites.examples.txt
2024-08-31 19:49:43,126 [INFO] DbExamples:249 - Set 0 / 0 favorites Examples
2024-08-31 19:49:43,336 [INFO] McuFinderGlobals:40 - Set McuFinder mode to 2 (CubeIDE integrated)
2024-08-31 19:49:43,447 [INFO] CrossSelectorPresenter:1330 - Cross Selector saved comparison directory: C:\Users\Younis\.stmcufinder\plugins\mcufinder\mcu\cs_comparisons_mx
2024-08-31 19:49:43,453 [INFO] MultiScanPanel:193 - Auto-refresh data requested => check proxy status ongoing
2024-08-31 19:49:43,454 [INFO] FinderPluginLoader:87 - Searching for filters in installed packs
2024-08-31 19:49:43,804 [INFO] LoadUrlFilesThread:162 - End of LoadServerUrlFiles without Thread
2024-08-31 19:49:43,819 [INFO] DetailPanel:331 - Set advertising image to C:/Users/Younis/STM32Cube/Repository/\stm32cubemx-promo_image.jpg
2024-08-31 19:49:44,096 [INFO] McuFilterPanel:245 - Update 0 favorites MCUs
2024-08-31 19:52:54,305 [INFO] LogOutputStream:76 - [STDOUT_REDIRECT] withoutVersionV1.8.4
2024-08-31 19:52:54,306 [INFO] LogOutputStream:76 - [STDOUT_REDIRECT] withoutVersionV1.8.3
2024-08-31 19:52:54,306 [INFO] LogOutputStream:76 - [STDOUT_REDIRECT] withoutVersionV1.8.2
2024-08-31 19:52:54,306 [INFO] LogOutputStream:76 - [STDOUT_REDIRECT] withoutVersionV1.8.1
2024-08-31 19:52:54,307 [INFO] LogOutputStream:76 - [STDOUT_REDIRECT] withoutVersionV1.8.0
2024-08-31 19:52:58,362 [ERROR] LogOutputStream:74 - [STDERR_REDIRECT] [Fatal Error] :1:1: Premature end of file.
2024-08-31 19:52:58,363 [ERROR] LogOutputStream:74 - [STDERR_REDIRECT] 
2024-08-31 19:52:58,463 [ERROR] LogOutputStream:74 - [STDERR_REDIRECT] [Fatal Error] :1:1: Premature end of file.
2024-08-31 19:52:58,464 [ERROR] LogOutputStream:74 - [STDERR_REDIRECT] 
2024-08-31 19:52:58,549 [ERROR] LogOutputStream:74 - [STDERR_REDIRECT] [Fatal Error] :1:1: Premature end of file.
2024-08-31 19:52:58,550 [ERROR] LogOutputStream:74 - [STDERR_REDIRECT] 
2024-08-31 19:52:58,660 [ERROR] LogOutputStream:74 - [STDERR_REDIRECT] [Fatal Error] :1:1: Premature end of file.
2024-08-31 19:52:58,661 [ERROR] LogOutputStream:74 - [STDERR_REDIRECT] 
2024-08-31 19:52:58,772 [ERROR] LogOutputStream:74 - [STDERR_REDIRECT] [Fatal Error] :1:1: Premature end of file.
2024-08-31 19:52:58,772 [ERROR] LogOutputStream:74 - [STDERR_REDIRECT] 
2024-08-31 19:52:58,787 [INFO] ApiDb:226 - Save user favorites file C:\Users\Younis/.stm32cubeide/favorites.mcus.txt: 0 item(s)
2024-08-31 19:52:58,788 [INFO] ApiDb:230 - User favorites MCUs=[]
2024-08-31 19:52:59,766 [ERROR] LogOutputStream:74 - [STDERR_REDIRECT] [Fatal Error] :1:1: Premature end of file.
2024-08-31 19:52:59,766 [ERROR] LogOutputStream:74 - [STDERR_REDIRECT] 
2024-08-31 19:52:59,862 [ERROR] LogOutputStream:74 - [STDERR_REDIRECT] [Fatal Error] :1:1: Premature end of file.
2024-08-31 19:52:59,862 [ERROR] LogOutputStream:74 - [STDERR_REDIRECT] 
2024-08-31 19:52:59,954 [ERROR] LogOutputStream:74 - [STDERR_REDIRECT] [Fatal Error] :1:1: Premature end of file.
2024-08-31 19:52:59,955 [ERROR] LogOutputStream:74 - [STDERR_REDIRECT] 
2024-08-31 19:53:00,047 [ERROR] LogOutputStream:74 - [STDERR_REDIRECT] [Fatal Error] :1:1: Premature end of file.
2024-08-31 19:53:00,047 [ERROR] LogOutputStream:74 - [STDERR_REDIRECT] 
2024-08-31 19:53:00,149 [ERROR] LogOutputStream:74 - [STDERR_REDIRECT] [Fatal Error] :1:1: Premature end of file.
2024-08-31 19:53:00,149 [ERROR] LogOutputStream:74 - [STDERR_REDIRECT] 
2024-08-31 19:53:00,238 [ERROR] LogOutputStream:74 - [STDERR_REDIRECT] [Fatal Error] :1:1: Premature end of file.
2024-08-31 19:53:00,239 [ERROR] LogOutputStream:74 - [STDERR_REDIRECT] 
2024-08-31 19:53:00,333 [ERROR] LogOutputStream:74 - [STDERR_REDIRECT] [Fatal Error] :1:1: Premature end of file.
2024-08-31 19:53:00,334 [ERROR] LogOutputStream:74 - [STDERR_REDIRECT] 
2024-08-31 21:37:49,049 [ERROR] LogOutputStream:74 - [STDERR_REDIRECT] [Fatal Error] :1:1: Premature end of file.
2024-08-31 21:37:49,050 [ERROR] LogOutputStream:74 - [STDERR_REDIRECT] 
2024-08-31 21:37:49,169 [ERROR] LogOutputStream:74 - [STDERR_REDIRECT] [Fatal Error] :1:1: Premature end of file.
2024-08-31 21:37:49,169 [ERROR] LogOutputStream:74 - [STDERR_REDIRECT] 
2024-08-31 21:37:49,287 [ERROR] LogOutputStream:74 - [STDERR_REDIRECT] [Fatal Error] :1:1: Premature end of file.
2024-08-31 21:37:49,288 [ERROR] LogOutputStream:74 - [STDERR_REDIRECT] 
2024-08-31 22:24:16,999 [ERROR] LogOutputStream:74 - [STDERR_REDIRECT] [Fatal Error] :1:1: Premature end of file.
2024-08-31 22:24:16,999 [ERROR] LogOutputStream:74 - [STDERR_REDIRECT] 
2024-08-31 22:24:17,096 [ERROR] LogOutputStream:74 - [STDERR_REDIRECT] [Fatal Error] :1:1: Premature end of file.
2024-08-31 22:24:17,097 [ERROR] LogOutputStream:74 - [STDERR_REDIRECT] 
2024-08-31 22:24:17,202 [ERROR] LogOutputStream:74 - [STDERR_REDIRECT] [Fatal Error] :1:1: Premature end of file.
2024-08-31 22:24:17,202 [ERROR] LogOutputStream:74 - [STDERR_REDIRECT] 
2024-08-31 22:27:01,814 [INFO] MainUpdater:2268 - connection check result : 10
2024-08-31 22:27:01,893 [INFO] McuFinderGlobals:40 - Set McuFinder mode to 2 (CubeIDE integrated)
2024-08-31 22:27:01,917 [INFO] CrossSelectorPresenter:1330 - Cross Selector saved comparison directory: C:\Users\Younis\.stmcufinder\plugins\mcufinder\mcu\cs_comparisons_mx
2024-08-31 22:27:01,918 [INFO] MultiScanPanel:193 - Auto-refresh data requested => check proxy status ongoing
2024-08-31 22:27:01,919 [INFO] FinderPluginLoader:87 - Searching for filters in installed packs
2024-08-31 22:27:02,049 [INFO] LoadUrlFilesThread:162 - End of LoadServerUrlFiles without Thread
2024-08-31 22:27:02,049 [INFO] DetailPanel:331 - Set advertising image to C:/Users/Younis/STM32Cube/Repository/\stm32cubemx-promo_image.jpg
2024-08-31 22:27:02,197 [INFO] McuFilterPanel:245 - Update 0 favorites MCUs
2024-08-31 22:27:29,822 [INFO] LogOutputStream:76 - [STDOUT_REDIRECT] withoutVersionV1.8.4
2024-08-31 22:27:29,823 [INFO] LogOutputStream:76 - [STDOUT_REDIRECT] withoutVersionV1.8.3
2024-08-31 22:27:29,823 [INFO] LogOutputStream:76 - [STDOUT_REDIRECT] withoutVersionV1.8.2
2024-08-31 22:27:29,824 [INFO] LogOutputStream:76 - [STDOUT_REDIRECT] withoutVersionV1.8.1
2024-08-31 22:27:29,824 [INFO] LogOutputStream:76 - [STDOUT_REDIRECT] withoutVersionV1.8.0
2024-08-31 22:27:32,170 [ERROR] LogOutputStream:74 - [STDERR_REDIRECT] [Fatal Error] :1:1: Premature end of file.
2024-08-31 22:27:32,171 [ERROR] LogOutputStream:74 - [STDERR_REDIRECT] 
2024-08-31 22:27:32,265 [ERROR] LogOutputStream:74 - [STDERR_REDIRECT] [Fatal Error] :1:1: Premature end of file.
2024-08-31 22:27:32,265 [ERROR] LogOutputStream:74 - [STDERR_REDIRECT] 
2024-08-31 22:27:32,365 [ERROR] LogOutputStream:74 - [STDERR_REDIRECT] [Fatal Error] :1:1: Premature end of file.
2024-08-31 22:27:32,365 [ERROR] LogOutputStream:74 - [STDERR_REDIRECT] 
2024-08-31 22:27:32,592 [INFO] ApiDb:226 - Save user favorites file C:\Users\Younis/.stm32cubeide/favorites.mcus.txt: 0 item(s)
2024-08-31 22:27:32,593 [INFO] ApiDb:230 - User favorites MCUs=[]
2024-08-31 22:27:54,160 [ERROR] LogOutputStream:74 - [STDERR_REDIRECT] [Fatal Error] :1:1: Premature end of file.
2024-08-31 22:27:54,160 [ERROR] LogOutputStream:74 - [STDERR_REDIRECT] 
2024-08-31 22:27:54,522 [ERROR] LogOutputStream:74 - [STDERR_REDIRECT] [Fatal Error] :1:1: Premature end of file.
2024-08-31 22:27:54,523 [ERROR] LogOutputStream:74 - [STDERR_REDIRECT] 
2024-08-31 22:27:54,617 [ERROR] LogOutputStream:74 - [STDERR_REDIRECT] [Fatal Error] :1:1: Premature end of file.
2024-08-31 22:27:54,617 [ERROR] LogOutputStream:74 - [STDERR_REDIRECT] 
2024-08-31 22:29:25,890 [ERROR] LogOutputStream:74 - [STDERR_REDIRECT] [Fatal Error] :1:1: Premature end of file.
2024-08-31 22:29:25,890 [ERROR] LogOutputStream:74 - [STDERR_REDIRECT] 
2024-08-31 22:29:26,177 [ERROR] LogOutputStream:74 - [STDERR_REDIRECT] [Fatal Error] :1:1: Premature end of file.
2024-08-31 22:29:26,178 [ERROR] LogOutputStream:74 - [STDERR_REDIRECT] 
2024-08-31 22:29:26,334 [ERROR] LogOutputStream:74 - [STDERR_REDIRECT] [Fatal Error] :1:1: Premature end of file.
2024-08-31 22:29:26,334 [ERROR] LogOutputStream:74 - [STDERR_REDIRECT] 
2024-08-31 22:31:52,454 [ERROR] LogOutputStream:74 - [STDERR_REDIRECT] [Fatal Error] :1:1: Premature end of file.
2024-08-31 22:31:52,454 [ERROR] LogOutputStream:74 - [STDERR_REDIRECT] 
2024-08-31 22:31:52,544 [ERROR] LogOutputStream:74 - [STDERR_REDIRECT] [Fatal Error] :1:1: Premature end of file.
2024-08-31 22:31:52,546 [ERROR] LogOutputStream:74 - [STDERR_REDIRECT] 
2024-08-31 22:31:52,639 [ERROR] LogOutputStream:74 - [STDERR_REDIRECT] [Fatal Error] :1:1: Premature end of file.
2024-08-31 22:31:52,640 [ERROR] LogOutputStream:74 - [STDERR_REDIRECT] 
2024-08-31 22:33:32,670 [INFO] Activator:178 - 


2024-08-31 22:33:32,672 [INFO] Activator:179 - !SESSION log4j initialized
2024-08-31 22:33:36,493 [ERROR] LogOutputStream:74 - [STDERR_REDIRECT] [Fatal Error] :1:1: Premature end of file.
2024-08-31 22:33:36,493 [ERROR] LogOutputStream:74 - [STDERR_REDIRECT] 
2024-08-31 22:33:36,610 [ERROR] LogOutputStream:74 - [STDERR_REDIRECT] [Fatal Error] :1:1: Premature end of file.
2024-08-31 22:33:36,611 [ERROR] LogOutputStream:74 - [STDERR_REDIRECT] 
2024-08-31 22:33:36,701 [ERROR] LogOutputStream:74 - [STDERR_REDIRECT] [Fatal Error] :1:1: Premature end of file.
2024-08-31 22:33:36,701 [ERROR] LogOutputStream:74 - [STDERR_REDIRECT] 
2024-08-31 22:34:46,345 [ERROR] LogOutputStream:74 - [STDERR_REDIRECT] [Fatal Error] :1:1: Premature end of file.
2024-08-31 22:34:46,347 [ERROR] LogOutputStream:74 - [STDERR_REDIRECT] 
2024-08-31 22:34:46,496 [ERROR] LogOutputStream:74 - [STDERR_REDIRECT] [Fatal Error] :1:1: Premature end of file.
2024-08-31 22:34:46,497 [ERROR] LogOutputStream:74 - [STDERR_REDIRECT] 
2024-08-31 22:34:46,588 [ERROR] LogOutputStream:74 - [STDERR_REDIRECT] [Fatal Error] :1:1: Premature end of file.
2024-08-31 22:34:46,588 [ERROR] LogOutputStream:74 - [STDERR_REDIRECT] 
2024-08-31 22:34:46,693 [ERROR] LogOutputStream:74 - [STDERR_REDIRECT] [Fatal Error] :1:1: Premature end of file.
2024-08-31 22:34:46,694 [ERROR] LogOutputStream:74 - [STDERR_REDIRECT] 
2024-08-31 22:34:46,914 [ERROR] LogOutputStream:74 - [STDERR_REDIRECT] [Fatal Error] :1:1: Premature end of file.
2024-08-31 22:34:46,914 [ERROR] LogOutputStream:74 - [STDERR_REDIRECT] 
2024-08-31 22:34:47,007 [ERROR] LogOutputStream:74 - [STDERR_REDIRECT] [Fatal Error] :1:1: Premature end of file.
2024-08-31 22:34:47,008 [ERROR] LogOutputStream:74 - [STDERR_REDIRECT] 
2024-08-31 22:34:47,099 [ERROR] LogOutputStream:74 - [STDERR_REDIRECT] [Fatal Error] :1:1: Premature end of file.
2024-08-31 22:34:47,100 [ERROR] LogOutputStream:74 - [STDERR_REDIRECT] 
2024-08-31 22:34:47,195 [ERROR] LogOutputStream:74 - [STDERR_REDIRECT] [Fatal Error] :1:1: Premature end of file.
2024-08-31 22:34:47,195 [ERROR] LogOutputStream:74 - [STDERR_REDIRECT] 
2024-08-31 22:34:47,287 [ERROR] LogOutputStream:74 - [STDERR_REDIRECT] [Fatal Error] :1:1: Premature end of file.
2024-08-31 22:34:47,287 [ERROR] LogOutputStream:74 - [STDERR_REDIRECT] 
2024-08-31 22:34:47,403 [ERROR] LogOutputStream:74 - [STDERR_REDIRECT] [Fatal Error] :1:1: Premature end of file.
2024-08-31 22:34:47,404 [ERROR] LogOutputStream:74 - [STDERR_REDIRECT] 
2024-08-31 22:34:47,533 [ERROR] LogOutputStream:74 - [STDERR_REDIRECT] [Fatal Error] :1:1: Premature end of file.
2024-08-31 22:34:47,533 [ERROR] LogOutputStream:74 - [STDERR_REDIRECT] 
2024-08-31 22:34:47,655 [ERROR] LogOutputStream:74 - [STDERR_REDIRECT] [Fatal Error] :1:1: Premature end of file.
2024-08-31 22:34:47,656 [ERROR] LogOutputStream:74 - [STDERR_REDIRECT] 
2024-08-31 22:35:19,599 [ERROR] LogOutputStream:74 - [STDERR_REDIRECT] [Fatal Error] :1:1: Premature end of file.
2024-08-31 22:35:19,599 [ERROR] LogOutputStream:74 - [STDERR_REDIRECT] 
2024-08-31 22:35:19,739 [ERROR] LogOutputStream:74 - [STDERR_REDIRECT] [Fatal Error] :1:1: Premature end of file.
2024-08-31 22:35:19,740 [ERROR] LogOutputStream:74 - [STDERR_REDIRECT] 
2024-08-31 22:35:19,863 [ERROR] LogOutputStream:74 - [STDERR_REDIRECT] [Fatal Error] :1:1: Premature end of file.
2024-08-31 22:35:19,864 [ERROR] LogOutputStream:74 - [STDERR_REDIRECT] 
2024-08-31 22:38:56,252 [ERROR] LogOutputStream:74 - [STDERR_REDIRECT] [Fatal Error] :1:1: Premature end of file.
2024-08-31 22:38:56,252 [ERROR] LogOutputStream:74 - [STDERR_REDIRECT] 
2024-08-31 22:38:56,345 [ERROR] LogOutputStream:74 - [STDERR_REDIRECT] [Fatal Error] :1:1: Premature end of file.
2024-08-31 22:38:56,345 [ERROR] LogOutputStream:74 - [STDERR_REDIRECT] 
2024-08-31 22:38:56,474 [ERROR] LogOutputStream:74 - [STDERR_REDIRECT] [Fatal Error] :1:1: Premature end of file.
2024-08-31 22:38:56,474 [ERROR] LogOutputStream:74 - [STDERR_REDIRECT] 
