2024-09-23 14:58:03,127 [INFO] Activator:178 - 


2024-09-23 14:58:03,128 [INFO] Activator:179 - !SESSION log4j initialized
2024-09-23 14:58:05,700 [ERROR] LogOutputStream:74 - [STDERR_REDIRECT] [Fatal Error] :1:1: Premature end of file.
2024-09-23 14:58:05,701 [ERROR] LogOutputStream:74 - [STDERR_REDIRECT] 
2024-09-23 14:58:05,776 [ERROR] LogOutputStream:74 - [STDERR_REDIRECT] [Fatal Error] :1:1: Premature end of file.
2024-09-23 14:58:05,777 [ERROR] LogOutputStream:74 - [STDERR_REDIRECT] 
2024-09-23 14:58:05,851 [ERROR] LogOutputStream:74 - [STDERR_REDIRECT] [Fatal Error] :1:1: Premature end of file.
2024-09-23 14:58:05,852 [ERROR] LogOutputStream:74 - [STDERR_REDIRECT] 
2024-09-23 14:58:29,295 [INFO] ApplicationProperties:181 - Using Application install path: C:\ST\STM32CubeIDE_1.4.0\STM32CubeIDE\plugins\com.st.stm32cube.common.mx_6.0.0.202007160824
2024-09-23 14:58:29,306 [INFO] DbMcusXml:70 - Set database path to: C:\ST\STM32CubeIDE_1.4.0\STM32CubeIDE\plugins\com.st.stm32cube.common.mx_6.0.0.202007160824\\db\/mcu/
2024-09-23 14:58:29,310 [INFO] DbBoardsPdsc:56 - Set plugin database path to: C:\ST\STM32CubeIDE_1.4.0\STM32CubeIDE\plugins\com.st.stm32cube.common.mx_6.0.0.202007160824\\db\/plugins/boardmanager/
2024-09-23 14:58:29,310 [INFO] DbMcus:258 - Set plugin images path to: C:\ST\STM32CubeIDE_1.4.0\STM32CubeIDE\plugins\com.st.stm32cube.common.mx_6.0.0.202007160824\\db\/plugins/mcufinder/images/
2024-09-23 14:58:29,310 [INFO] DbBoards:264 - Set plugin images path to: C:\ST\STM32CubeIDE_1.4.0\STM32CubeIDE\plugins\com.st.stm32cube.common.mx_6.0.0.202007160824\\db\/plugins/mcufinder/images/
2024-09-23 14:58:29,312 [INFO] DbExamples:326 - Set plugin images path to: C:\ST\STM32CubeIDE_1.4.0\STM32CubeIDE\plugins\com.st.stm32cube.common.mx_6.0.0.202007160824\\db\/plugins/mcufinder/images/
2024-09-23 14:58:29,321 [INFO] DbMcusDocs:112 - Set database path to: C:\Users\Younis\.stmcufinder\plugins\mcufinder//mcu/
2024-09-23 14:58:29,323 [INFO] DbMcusJson:63 - Set database path to: C:\Users\Younis\.stmcufinder\plugins\mcufinder//mcu/
2024-09-23 14:58:29,324 [INFO] DbBoardsDocs:112 - Set database path to: C:\Users\Younis\.stmcufinder\plugins\mcufinder//mcu/
2024-09-23 14:58:29,325 [INFO] DbBoardsJson:56 - Set database path to: C:\Users\Younis\.stmcufinder\plugins\mcufinder//mcu/
2024-09-23 14:58:29,330 [INFO] CrossReferenceDbSqlite:196 - Set database path to: C:\Users\Younis\.stmcufinder\plugins\mcufinder//mcu/cs/
2024-09-23 14:58:29,333 [INFO] DbExamplesSqlite:800 - Set database path to: C:\Users\Younis\.stmcufinder\plugins\mcufinder//mcu/
2024-09-23 14:58:29,421 [INFO] RulesReader:52 - Compatibility file has been processed (209 Rules)
2024-09-23 14:58:29,492 [INFO] MicroXplorer:564 - Detected Java Version = 1.8.0_252
2024-09-23 14:58:29,492 [INFO] DbMcusXml:70 - Set database path to: C:\ST\STM32CubeIDE_1.4.0\STM32CubeIDE\plugins\com.st.stm32cube.common.mx_6.0.0.202007160824\\db\/mcu/
2024-09-23 14:58:29,493 [INFO] DbBoardsPdsc:56 - Set plugin database path to: C:\ST\STM32CubeIDE_1.4.0\STM32CubeIDE\plugins\com.st.stm32cube.common.mx_6.0.0.202007160824\\db\/plugins/boardmanager/
2024-09-23 14:58:29,493 [INFO] DbMcus:258 - Set plugin images path to: C:\ST\STM32CubeIDE_1.4.0\STM32CubeIDE\plugins\com.st.stm32cube.common.mx_6.0.0.202007160824\\db\/plugins/mcufinder/images/
2024-09-23 14:58:29,493 [INFO] DbBoards:264 - Set plugin images path to: C:\ST\STM32CubeIDE_1.4.0\STM32CubeIDE\plugins\com.st.stm32cube.common.mx_6.0.0.202007160824\\db\/plugins/mcufinder/images/
2024-09-23 14:58:29,493 [INFO] DbExamples:326 - Set plugin images path to: C:\ST\STM32CubeIDE_1.4.0\STM32CubeIDE\plugins\com.st.stm32cube.common.mx_6.0.0.202007160824\\db\/plugins/mcufinder/images/
2024-09-23 14:58:29,494 [WARN] DbFile:36 - Overriding database path with different value: C:\Users\Younis\.stmcufinder\plugins\mcufinder/ => C:\Users\Younis\.stmcufinder\plugins\mcufinder
2024-09-23 14:58:29,494 [INFO] DbMcusDocs:112 - Set database path to: C:\Users\Younis\.stmcufinder\plugins\mcufinder//mcu/
2024-09-23 14:58:29,494 [WARN] DbFile:36 - Overriding database path with different value: C:\Users\Younis\.stmcufinder\plugins\mcufinder/ => C:\Users\Younis\.stmcufinder\plugins\mcufinder
2024-09-23 14:58:29,494 [INFO] DbMcusJson:63 - Set database path to: C:\Users\Younis\.stmcufinder\plugins\mcufinder//mcu/
2024-09-23 14:58:29,494 [WARN] DbFile:36 - Overriding database path with different value: C:\Users\Younis\.stmcufinder\plugins\mcufinder/ => C:\Users\Younis\.stmcufinder\plugins\mcufinder
2024-09-23 14:58:29,494 [INFO] DbBoardsDocs:112 - Set database path to: C:\Users\Younis\.stmcufinder\plugins\mcufinder//mcu/
2024-09-23 14:58:29,494 [WARN] DbFile:36 - Overriding database path with different value: C:\Users\Younis\.stmcufinder\plugins\mcufinder/ => C:\Users\Younis\.stmcufinder\plugins\mcufinder
2024-09-23 14:58:29,494 [INFO] DbBoardsJson:56 - Set database path to: C:\Users\Younis\.stmcufinder\plugins\mcufinder//mcu/
2024-09-23 14:58:29,495 [WARN] DbFile:36 - Overriding database path with different value: C:\Users\Younis\.stmcufinder\plugins\mcufinder/ => C:\Users\Younis\.stmcufinder\plugins\mcufinder
2024-09-23 14:58:29,495 [WARN] DbFile:36 - Overriding database path with different value: C:\Users\Younis\.stmcufinder\plugins\mcufinder/ => C:\Users\Younis\.stmcufinder\plugins\mcufinder
2024-09-23 14:58:29,495 [INFO] CrossReferenceDbSqlite:196 - Set database path to: C:\Users\Younis\.stmcufinder\plugins\mcufinder//mcu/cs/
2024-09-23 14:58:29,495 [WARN] DbFile:36 - Overriding database path with different value: C:\Users\Younis\.stmcufinder\plugins\mcufinder/ => C:\Users\Younis\.stmcufinder\plugins\mcufinder
2024-09-23 14:58:29,495 [INFO] DbExamplesSqlite:800 - Set database path to: C:\Users\Younis\.stmcufinder\plugins\mcufinder//mcu/
2024-09-23 14:58:29,557 [INFO] MainPanel:189 - HeapMemory: 377487360
2024-09-23 14:58:29,629 [INFO] DbMcusXml:70 - Set database path to: C:\ST\STM32CubeIDE_1.4.0\STM32CubeIDE\plugins\com.st.stm32cube.common.mx_6.0.0.202007160824\\db\/mcu/
2024-09-23 14:58:29,629 [INFO] DbBoardsPdsc:56 - Set plugin database path to: C:\ST\STM32CubeIDE_1.4.0\STM32CubeIDE\plugins\com.st.stm32cube.common.mx_6.0.0.202007160824\\db\/plugins/boardmanager/
2024-09-23 14:58:29,629 [INFO] DbMcus:258 - Set plugin images path to: C:\ST\STM32CubeIDE_1.4.0\STM32CubeIDE\plugins\com.st.stm32cube.common.mx_6.0.0.202007160824\\db\/plugins/mcufinder/images/
2024-09-23 14:58:29,630 [INFO] DbBoards:264 - Set plugin images path to: C:\ST\STM32CubeIDE_1.4.0\STM32CubeIDE\plugins\com.st.stm32cube.common.mx_6.0.0.202007160824\\db\/plugins/mcufinder/images/
2024-09-23 14:58:29,630 [INFO] DbExamples:326 - Set plugin images path to: C:\ST\STM32CubeIDE_1.4.0\STM32CubeIDE\plugins\com.st.stm32cube.common.mx_6.0.0.202007160824\\db\/plugins/mcufinder/images/
2024-09-23 14:58:29,630 [WARN] DbFile:36 - Overriding database path with different value: C:\Users\Younis\.stmcufinder\plugins\mcufinder/ => C:\Users\Younis\.stmcufinder\plugins\mcufinder
2024-09-23 14:58:29,630 [INFO] DbMcusDocs:112 - Set database path to: C:\Users\Younis\.stmcufinder\plugins\mcufinder//mcu/
2024-09-23 14:58:29,630 [WARN] DbFile:36 - Overriding database path with different value: C:\Users\Younis\.stmcufinder\plugins\mcufinder/ => C:\Users\Younis\.stmcufinder\plugins\mcufinder
2024-09-23 14:58:29,631 [INFO] DbMcusJson:63 - Set database path to: C:\Users\Younis\.stmcufinder\plugins\mcufinder//mcu/
2024-09-23 14:58:29,631 [WARN] DbFile:36 - Overriding database path with different value: C:\Users\Younis\.stmcufinder\plugins\mcufinder/ => C:\Users\Younis\.stmcufinder\plugins\mcufinder
2024-09-23 14:58:29,631 [INFO] DbBoardsDocs:112 - Set database path to: C:\Users\Younis\.stmcufinder\plugins\mcufinder//mcu/
2024-09-23 14:58:29,631 [WARN] DbFile:36 - Overriding database path with different value: C:\Users\Younis\.stmcufinder\plugins\mcufinder/ => C:\Users\Younis\.stmcufinder\plugins\mcufinder
2024-09-23 14:58:29,631 [INFO] DbBoardsJson:56 - Set database path to: C:\Users\Younis\.stmcufinder\plugins\mcufinder//mcu/
2024-09-23 14:58:29,631 [WARN] DbFile:36 - Overriding database path with different value: C:\Users\Younis\.stmcufinder\plugins\mcufinder/ => C:\Users\Younis\.stmcufinder\plugins\mcufinder
2024-09-23 14:58:29,631 [WARN] DbFile:36 - Overriding database path with different value: C:\Users\Younis\.stmcufinder\plugins\mcufinder/ => C:\Users\Younis\.stmcufinder\plugins\mcufinder
2024-09-23 14:58:29,631 [INFO] CrossReferenceDbSqlite:196 - Set database path to: C:\Users\Younis\.stmcufinder\plugins\mcufinder//mcu/cs/
2024-09-23 14:58:29,631 [WARN] DbFile:36 - Overriding database path with different value: C:\Users\Younis\.stmcufinder\plugins\mcufinder/ => C:\Users\Younis\.stmcufinder\plugins\mcufinder
2024-09-23 14:58:29,632 [INFO] DbExamplesSqlite:800 - Set database path to: C:\Users\Younis\.stmcufinder\plugins\mcufinder//mcu/
2024-09-23 14:58:29,647 [INFO] ApplicationProperties:181 - Using Application install path: C:\ST\STM32CubeIDE_1.4.0\STM32CubeIDE\plugins\com.st.stm32cube.common.mx_6.0.0.202007160824
2024-09-23 14:58:29,649 [INFO] PluginManage:178 - Search for loadable plugins [exclusion list=, ]
2024-09-23 14:58:29,650 [INFO] PluginManage:292 - Check plugin analytics
2024-09-23 14:58:29,774 [INFO] AnalyticsPlugin:203 - Accepted Software Licenses: 
2024-09-23 14:58:29,775 [INFO] AnalyticsPlugin:205 - Accepted CMSIS Pack Licenses: 
2024-09-23 14:58:29,776 [INFO] AnalyticsPlugin:207 - Accepted Firmware Licenses: 
2024-09-23 14:58:29,776 [INFO] PluginManage:342 - Loaded plugin analytics (category:tool,tabindex:-1)
2024-09-23 14:58:29,776 [INFO] PluginManage:292 - Check plugin clock
2024-09-23 14:58:29,826 [INFO] PluginManage:342 - Loaded plugin clock (category:base,tabindex:2)
2024-09-23 14:58:29,826 [INFO] PluginManage:292 - Check plugin ddr
2024-09-23 14:58:29,828 [INFO] PluginManage:342 - Loaded plugin ddr (category:tool,tabindex:6)
2024-09-23 14:58:29,829 [INFO] PluginManage:292 - Check plugin filemanager
2024-09-23 14:58:29,928 [ERROR] LogOutputStream:74 - [STDERR_REDIRECT] [Fatal Error] :1:1: Premature end of file.
2024-09-23 14:58:29,929 [ERROR] LogOutputStream:74 - [STDERR_REDIRECT] 
2024-09-23 14:58:29,969 [INFO] PluginManage:342 - Loaded plugin filemanager (category:base,tabindex:10)
2024-09-23 14:58:29,969 [INFO] PluginManage:292 - Check plugin ipmanager
2024-09-23 14:58:29,976 [INFO] PluginManage:342 - Loaded plugin ipmanager (category:base,tabindex:5)
2024-09-23 14:58:29,976 [INFO] PluginManage:292 - Check plugin pinoutandconfiguration
2024-09-23 14:58:29,992 [INFO] PluginManage:342 - Loaded plugin pinoutandconfiguration (category:base,tabindex:1)
2024-09-23 14:58:29,993 [INFO] PluginManage:292 - Check plugin pinoutconfig
2024-09-23 14:58:30,001 [ERROR] LogOutputStream:74 - [STDERR_REDIRECT] [Fatal Error] :1:1: Premature end of file.
2024-09-23 14:58:30,002 [ERROR] LogOutputStream:74 - [STDERR_REDIRECT] 
2024-09-23 14:58:30,027 [INFO] PluginManage:342 - Loaded plugin pinoutconfig (category:base,tabindex:0)
2024-09-23 14:58:30,027 [INFO] PluginManage:292 - Check plugin power
2024-09-23 14:58:30,044 [INFO] PluginManage:342 - Loaded plugin power (category:power,tabindex:4)
2024-09-23 14:58:30,044 [INFO] PluginManage:292 - Check plugin projectmanager
2024-09-23 14:58:30,057 [INFO] PluginManage:342 - Loaded plugin projectmanager (category:projectmanager,tabindex:3)
2024-09-23 14:58:30,057 [INFO] PluginManage:292 - Check plugin thirdparty
2024-09-23 14:58:30,074 [ERROR] LogOutputStream:74 - [STDERR_REDIRECT] [Fatal Error] :1:1: Premature end of file.
2024-09-23 14:58:30,075 [ERROR] LogOutputStream:74 - [STDERR_REDIRECT] 
2024-09-23 14:58:30,231 [INFO] ThirdPartyDb:333 - Open Third Party DataBase File (C:/Users/Younis/.stm32cubemx/plugins/thirdparty/db/thirdparties_db.xml) : 46 ms. number of Sw pack : 58
2024-09-23 14:58:30,234 [INFO] PluginManage:342 - Loaded plugin thirdparty (category:base,tabindex:-1)
2024-09-23 14:58:30,235 [INFO] PluginManage:292 - Check plugin tools
2024-09-23 14:58:30,290 [INFO] PluginManage:342 - Loaded plugin tools (category:base,tabindex:7)
2024-09-23 14:58:30,291 [INFO] PluginManage:292 - Check plugin tutovideos
2024-09-23 14:58:30,530 [INFO] PluginManage:342 - Loaded plugin tutovideos (category:base,tabindex:-1)
2024-09-23 14:58:30,530 [INFO] PluginManage:292 - Check plugin updater
2024-09-23 14:58:30,543 [INFO] PluginManage:342 - Loaded plugin updater (category:base,tabindex:12)
2024-09-23 14:58:30,544 [INFO] PluginManage:265 - PluginManage : Loaded plugins [13]
2024-09-23 14:58:30,689 [INFO] PinOutPanel:1418 - setPackage(No Configuration,No Configuration)
2024-09-23 14:58:30,777 [INFO] IPUIPlugin:64 - create IPUIPlugin
2024-09-23 14:58:30,778 [INFO] PluginManager:200 - loadIPPluginJar : add adc
2024-09-23 14:58:30,820 [INFO] IPUIPlugin:64 - create IPUIPlugin
2024-09-23 14:58:30,820 [INFO] PluginManager:200 - loadIPPluginJar : add aes
2024-09-23 14:58:30,872 [INFO] IPUIPlugin:64 - create IPUIPlugin
2024-09-23 14:58:30,873 [INFO] PluginManager:200 - loadIPPluginJar : add can
2024-09-23 14:58:30,912 [INFO] IPUIPlugin:64 - create IPUIPlugin
2024-09-23 14:58:30,913 [INFO] PluginManager:200 - loadIPPluginJar : add comp
2024-09-23 14:58:30,954 [INFO] IPUIPlugin:64 - create IPUIPlugin
2024-09-23 14:58:30,954 [INFO] PluginManager:200 - loadIPPluginJar : add cryp
2024-09-23 14:58:31,009 [INFO] IPUIPlugin:64 - create IPUIPlugin
2024-09-23 14:58:31,010 [INFO] PluginManager:200 - loadIPPluginJar : add dfsdm
2024-09-23 14:58:31,023 [INFO] IPUIPlugin:64 - create IPUIPlugin
2024-09-23 14:58:31,024 [INFO] PluginManager:200 - loadIPPluginJar : add dma
2024-09-23 14:58:31,055 [INFO] IPUIPlugin:64 - create IPUIPlugin
2024-09-23 14:58:31,055 [INFO] PluginManager:200 - loadIPPluginJar : add fatfs
2024-09-23 14:58:31,131 [INFO] IPUIPlugin:64 - create IPUIPlugin
2024-09-23 14:58:31,131 [INFO] PluginManager:200 - loadIPPluginJar : add fmc
2024-09-23 14:58:31,146 [INFO] IPUIPlugin:64 - create IPUIPlugin
2024-09-23 14:58:31,146 [INFO] PluginManager:200 - loadIPPluginJar : add freertos
2024-09-23 14:58:31,176 [INFO] IPUIPlugin:64 - create IPUIPlugin
2024-09-23 14:58:31,176 [INFO] PluginManager:200 - loadIPPluginJar : add genericplugin
2024-09-23 14:58:31,263 [INFO] IPUIPlugin:64 - create IPUIPlugin
2024-09-23 14:58:31,263 [INFO] PluginManager:200 - loadIPPluginJar : add gfxmmu
2024-09-23 14:58:31,374 [INFO] IPUIPlugin:64 - create IPUIPlugin
2024-09-23 14:58:31,375 [INFO] PluginManager:200 - loadIPPluginJar : add gic
2024-09-23 14:58:31,386 [INFO] IPUIPlugin:64 - create IPUIPlugin
2024-09-23 14:58:31,386 [INFO] PluginManager:200 - loadIPPluginJar : add gpio
2024-09-23 14:58:31,445 [INFO] IPUIPlugin:64 - create IPUIPlugin
2024-09-23 14:58:31,445 [INFO] PluginManager:200 - loadIPPluginJar : add gtzc
2024-09-23 14:58:31,478 [INFO] IPUIPlugin:64 - create IPUIPlugin
2024-09-23 14:58:31,478 [INFO] PluginManager:200 - loadIPPluginJar : add hash
2024-09-23 14:58:31,533 [INFO] IPUIPlugin:64 - create IPUIPlugin
2024-09-23 14:58:31,533 [INFO] PluginManager:200 - loadIPPluginJar : add i2c
2024-09-23 14:58:31,573 [INFO] IPUIPlugin:64 - create IPUIPlugin
2024-09-23 14:58:31,574 [INFO] PluginManager:200 - loadIPPluginJar : add i2s
2024-09-23 14:58:31,584 [INFO] IPUIPlugin:64 - create IPUIPlugin
2024-09-23 14:58:31,585 [INFO] PluginManager:200 - loadIPPluginJar : add ipddr
2024-09-23 14:58:31,624 [INFO] IPUIPlugin:64 - create IPUIPlugin
2024-09-23 14:58:31,624 [INFO] PluginManager:200 - loadIPPluginJar : add ltdc
2024-09-23 14:58:31,634 [INFO] IPUIPlugin:64 - create IPUIPlugin
2024-09-23 14:58:31,634 [INFO] PluginManager:200 - loadIPPluginJar : add mdma
2024-09-23 14:58:31,643 [INFO] IPUIPlugin:64 - create IPUIPlugin
2024-09-23 14:58:31,644 [INFO] PluginManager:200 - loadIPPluginJar : add nvic
2024-09-23 14:58:31,679 [INFO] IPUIPlugin:64 - create IPUIPlugin
2024-09-23 14:58:31,679 [INFO] PluginManager:200 - loadIPPluginJar : add opamp
2024-09-23 14:58:31,737 [INFO] IPUIPlugin:64 - create IPUIPlugin
2024-09-23 14:58:31,738 [INFO] PluginManager:200 - loadIPPluginJar : add openamp
2024-09-23 14:58:31,782 [INFO] IPUIPlugin:64 - create IPUIPlugin
2024-09-23 14:58:31,782 [INFO] PluginManager:200 - loadIPPluginJar : add pdm2pcm
2024-09-23 14:58:31,795 [INFO] IPUIPlugin:64 - create IPUIPlugin
2024-09-23 14:58:31,797 [INFO] PluginManager:200 - loadIPPluginJar : add plateformsettings
2024-09-23 14:58:31,825 [INFO] IPUIPlugin:64 - create IPUIPlugin
2024-09-23 14:58:31,826 [INFO] PluginManager:200 - loadIPPluginJar : add quadspi
2024-09-23 14:58:31,837 [INFO] IPUIPlugin:64 - create IPUIPlugin
2024-09-23 14:58:31,837 [INFO] PluginManager:200 - loadIPPluginJar : add resmgrutility
2024-09-23 14:58:31,889 [INFO] IPUIPlugin:64 - create IPUIPlugin
2024-09-23 14:58:31,890 [INFO] PluginManager:200 - loadIPPluginJar : add sai
2024-09-23 14:58:31,936 [INFO] IPUIPlugin:64 - create IPUIPlugin
2024-09-23 14:58:31,936 [INFO] PluginManager:200 - loadIPPluginJar : add spi
2024-09-23 14:58:31,993 [INFO] IPUIPlugin:64 - create IPUIPlugin
2024-09-23 14:58:31,994 [INFO] PluginManager:200 - loadIPPluginJar : add stm32_wpan
2024-09-23 14:58:32,021 [INFO] IPUIPlugin:64 - create IPUIPlugin
2024-09-23 14:58:32,021 [INFO] PluginManager:200 - loadIPPluginJar : add tim
2024-09-23 14:58:32,090 [INFO] IPUIPlugin:64 - create IPUIPlugin
2024-09-23 14:58:32,090 [INFO] PluginManager:200 - loadIPPluginJar : add touchsensing
2024-09-23 14:58:32,127 [INFO] IPUIPlugin:64 - create IPUIPlugin
2024-09-23 14:58:32,127 [INFO] PluginManager:200 - loadIPPluginJar : add tracer_emb
2024-09-23 14:58:32,159 [INFO] IPUIPlugin:64 - create IPUIPlugin
2024-09-23 14:58:32,159 [INFO] PluginManager:200 - loadIPPluginJar : add ts
2024-09-23 14:58:32,194 [INFO] IPUIPlugin:64 - create IPUIPlugin
2024-09-23 14:58:32,194 [INFO] PluginManager:200 - loadIPPluginJar : add tsc
2024-09-23 14:58:32,222 [INFO] IPUIPlugin:64 - create IPUIPlugin
2024-09-23 14:58:32,222 [INFO] PluginManager:200 - loadIPPluginJar : add ucpd
2024-09-23 14:58:32,267 [INFO] IPUIPlugin:64 - create IPUIPlugin
2024-09-23 14:58:32,268 [INFO] PluginManager:200 - loadIPPluginJar : add usart
2024-09-23 14:58:33,594 [INFO] CubeProgrammer:457 - [DDR PANEL] - PathOfProgrammer: null
2024-09-23 14:58:34,308 [FATAL] Updater:282 - Updater called before beeing initialized
2024-09-23 14:58:34,425 [FATAL] Updater:282 - Updater called before beeing initialized
2024-09-23 14:58:34,426 [WARN] ThirdParty:775 - waiting for thirdparty lock release [close project]
2024-09-23 14:58:34,426 [INFO] ThirdParty:777 - entering critical section [close project]
2024-09-23 14:58:34,426 [INFO] ThirdParty:790 - exiting critical section [close project]
2024-09-23 14:58:34,429 [INFO] PinOutPanel:1418 - setPackage(No Configuration,No Configuration)
2024-09-23 14:58:34,429 [FATAL] Updater:282 - Updater called before beeing initialized
2024-09-23 14:58:34,442 [ERROR] Updater:967 - MainUpdater not yet initialized. External WinMGr cannot be set.
2024-09-23 14:58:34,443 [INFO] CubeProgrammer:457 - [DDR PANEL] - PathOfProgrammer: C:\ST\STM32CubeIDE_1.4.0\STM32CubeIDE\plugins\com.st.stm32cube.ide.mcu.externaltools.cubeprogrammer.win32_1.4.0.202007081208\tools\bin
2024-09-23 14:58:34,446 [INFO] ProgrammerExecThread:148 - [ProgrammerAPI] CubeProgrammer command construction: C:\ST\STM32CubeIDE_1.4.0\STM32CubeIDE\plugins\com.st.stm32cube.ide.mcu.externaltools.cubeprogrammer.win32_1.4.0.202007081208\tools\bin\STM32_Programmer_CLI.exe -l
2024-09-23 14:58:34,768 [INFO] MainDdrPanel:49 - [DDR PANEL] SETTER - Set cubeProgrammerPath to: C:\ST\STM32CubeIDE_1.4.0\STM32CubeIDE\plugins\com.st.stm32cube.ide.mcu.externaltools.cubeprogrammer.win32_1.4.0.202007081208\tools\bin
2024-09-23 14:58:34,891 [INFO] Updater:904 - Updater Version found : 6.0.0
2024-09-23 14:58:34,910 [INFO] ApplicationProperties:181 - Using Application install path: C:\ST\STM32CubeIDE_1.4.0\STM32CubeIDE\plugins\com.st.stm32cube.common.mx_6.0.0.202007160824
2024-09-23 14:58:35,503 [INFO] MainUpdater:2268 - connection check result : 10
2024-09-23 14:58:35,504 [INFO] MainUpdater:2935 - Updater definition file requires update
2024-09-23 14:58:35,504 [INFO] MainUpdater:239 - Updater Check For Update Now.
2024-09-23 14:58:35,505 [INFO] MicroXplorer:414 - Change Database Version : DB.6.0.0
2024-09-23 14:58:35,993 [INFO] ServerAccessManage:348 - Download File updaters.zip
2024-09-23 14:58:36,245 [WARN] IntegrityCheckThread:61 - waiting for thirdparty lock release [integrity check]
2024-09-23 14:58:36,245 [INFO] IntegrityCheckThread:63 - entering critical section [integrity check]
2024-09-23 14:58:36,246 [WARN] MainUpdater:1087 - Updater busy. Cannot search thirdparties
2024-09-23 14:58:36,348 [INFO] FileExtend:225 - Unzip File : updaters.zip
2024-09-23 14:58:36,348 [INFO] FileExtend:240 - Standard Zip Deflate
2024-09-23 14:58:37,387 [INFO] ServerAccessManage:348 - Download File PacksControlFlags.xml
2024-09-23 14:58:38,016 [INFO] ServerAccessManage:348 - Download File cubemx.pidx
2024-09-23 14:58:39,124 [INFO] ServerAccessManage:348 - Download File STMicroelectronics.X-CUBE-ISPU.pdsc
2024-09-23 14:58:39,256 [WARN] MainUpdater:1087 - Updater busy. Cannot search thirdparties
2024-09-23 14:58:41,720 [INFO] ServerAccessManage:348 - Download File STMicroelectronics.X-CUBE-TOUCHGFX.pdsc
2024-09-23 14:58:42,298 [WARN] MainUpdater:1087 - Updater busy. Cannot search thirdparties
2024-09-23 14:58:45,301 [WARN] MainUpdater:1087 - Updater busy. Cannot search thirdparties
2024-09-23 14:58:46,476 [INFO] MainUpdater:2268 - connection check result : 10
2024-09-23 14:58:48,309 [WARN] MainUpdater:1087 - Updater busy. Cannot search thirdparties
2024-09-23 14:58:51,312 [WARN] MainUpdater:1087 - Updater busy. Cannot search thirdparties
2024-09-23 14:58:53,110 [INFO] CheckServerUpdateThread:102 - End of CheckServer Thread
2024-09-23 14:58:53,118 [INFO] ThirdPartyDb:299 - Save Third Party DataBase File (C:/Users/Younis/.stm32cubemx/plugins/thirdparty/db/thirdparties_db.xml) [forced]
2024-09-23 14:58:53,198 [INFO] ThirdPartyDb:299 - Save Third Party DataBase File (C:/Users/Younis/.stm32cubemx/plugins/thirdparty/db/thirdparties_db.xml) [forced]
2024-09-23 14:58:53,275 [INFO] PopulateThirdPartyThread:50 - Ending populate Thread
2024-09-23 14:58:53,276 [INFO] ThirdPartyDb:299 - Save Third Party DataBase File (C:/Users/Younis/.stm32cubemx/plugins/thirdparty/db/thirdparties_db.xml) [forced]
2024-09-23 14:58:53,346 [INFO] Engine:289 - softwarePackList size : 60
2024-09-23 14:58:53,355 [INFO] Engine:301 - compute dependency for SwPack FP-ATR-ASTRA1 have been done, and update is requested
2024-09-23 14:58:53,373 [INFO] Engine:301 - compute dependency for SwPack FP-ATR-SIGFOX1 have been done, and update is requested
2024-09-23 14:58:53,388 [INFO] Engine:301 - compute dependency for SwPack X-CUBE-AI have been done, and update is requested
2024-09-23 14:58:53,401 [INFO] Engine:301 - compute dependency for SwPack X-CUBE-ALS have been done, and update is requested
2024-09-23 14:58:53,413 [INFO] Engine:301 - compute dependency for SwPack X-CUBE-BLE1 have been done, and update is requested
2024-09-23 14:58:53,424 [INFO] Engine:301 - compute dependency for SwPack X-CUBE-BLE2 have been done, and update is requested
2024-09-23 14:58:53,438 [INFO] Engine:301 - compute dependency for SwPack X-CUBE-BLEMGR have been done, and update is requested
2024-09-23 14:58:53,454 [INFO] Engine:301 - compute dependency for SwPack X-CUBE-EEPRMA1 have been done, and update is requested
2024-09-23 14:58:53,466 [INFO] Engine:301 - compute dependency for SwPack X-CUBE-GNSS1 have been done, and update is requested
2024-09-23 14:58:53,476 [INFO] Engine:301 - compute dependency for SwPack X-CUBE-ISPU have been done, and update is requested
2024-09-23 14:58:53,629 [INFO] ServerAccessManage:348 - Download File mcusDocs.json._tmp_
2024-09-23 14:58:54,166 [INFO] Engine:301 - compute dependency for SwPack X-CUBE-MEMS1 have been done, and update is requested
2024-09-23 14:58:54,185 [INFO] Engine:301 - compute dependency for SwPack X-CUBE-NFC4 have been done, and update is requested
2024-09-23 14:58:54,205 [INFO] Engine:301 - compute dependency for SwPack X-CUBE-NFC6 have been done, and update is requested
2024-09-23 14:58:54,222 [INFO] Engine:301 - compute dependency for SwPack X-CUBE-NFC7 have been done, and update is requested
2024-09-23 14:58:54,241 [INFO] Engine:301 - compute dependency for SwPack X-CUBE-SFXS2LP1 have been done, and update is requested
2024-09-23 14:58:54,279 [INFO] Engine:301 - compute dependency for SwPack X-CUBE-SUBG2 have been done, and update is requested
2024-09-23 14:58:54,291 [INFO] Engine:305 - compute dependency for SwPack X-CUBE-TOUCHGFX have been done, no update is requested
2024-09-23 14:58:54,294 [INFO] Engine:301 - compute dependency for SwPack X-CUBE-ALGOBUILD have been done, and update is requested
2024-09-23 14:58:54,313 [INFO] Engine:301 - compute dependency for SwPack X-CUBE-AZRTOS-H7 have been done, and update is requested
2024-09-23 14:58:54,318 [WARN] MainUpdater:1087 - Updater busy. Cannot search thirdparties
2024-09-23 14:58:54,344 [INFO] Engine:301 - compute dependency for SwPack X-CUBE-AZRTOS-F4 have been done, and update is requested
2024-09-23 14:58:54,365 [INFO] Engine:301 - compute dependency for SwPack X-CUBE-AZRTOS-F7 have been done, and update is requested
2024-09-23 14:58:54,385 [INFO] Engine:301 - compute dependency for SwPack X-CUBE-AZRTOS-L4 have been done, and update is requested
2024-09-23 14:58:54,393 [ERROR] DependencyParser:1297 - StateRcvOpen_Cte Bad Token : )
2024-09-23 14:58:54,393 [ERROR] DependencyParser:1297 - StateRcvOpen_Cte Bad Token : )
2024-09-23 14:58:54,394 [ERROR] DependencyParser:1297 - StateRcvOpen_Cte Bad Token : )
2024-09-23 14:58:54,394 [ERROR] DependencyParser:1297 - StateRcvOpen_Cte Bad Token : )
2024-09-23 14:58:54,394 [ERROR] DependencyParser:1297 - StateRcvOpen_Cte Bad Token : )
2024-09-23 14:58:54,394 [ERROR] DependencyParser:1297 - StateRcvOpen_Cte Bad Token : )
2024-09-23 14:58:54,394 [ERROR] DependencyParser:1297 - StateRcvOpen_Cte Bad Token : )
2024-09-23 14:58:54,394 [ERROR] DependencyParser:1297 - StateRcvOpen_Cte Bad Token : )
2024-09-23 14:58:54,394 [ERROR] DependencyParser:1297 - StateRcvOpen_Cte Bad Token : )
2024-09-23 14:58:54,394 [ERROR] DependencyParser:1297 - StateRcvOpen_Cte Bad Token : )
2024-09-23 14:58:54,394 [ERROR] DependencyParser:1297 - StateRcvOpen_Cte Bad Token : )
2024-09-23 14:58:54,394 [ERROR] DependencyParser:1297 - StateRcvOpen_Cte Bad Token : )
2024-09-23 14:58:54,394 [ERROR] DependencyParser:1297 - StateRcvOpen_Cte Bad Token : )
2024-09-23 14:58:54,395 [ERROR] DependencyParser:1297 - StateRcvOpen_Cte Bad Token : )
2024-09-23 14:58:54,395 [ERROR] DependencyParser:1297 - StateRcvOpen_Cte Bad Token : )
2024-09-23 14:58:54,395 [ERROR] DependencyParser:1297 - StateRcvOpen_Cte Bad Token : )
2024-09-23 14:58:54,395 [ERROR] DependencyParser:1297 - StateRcvOpen_Cte Bad Token : )
2024-09-23 14:58:54,395 [ERROR] DependencyParser:1297 - StateRcvOpen_Cte Bad Token : )
2024-09-23 14:58:54,395 [ERROR] DependencyParser:1297 - StateRcvOpen_Cte Bad Token : )
2024-09-23 14:58:54,395 [ERROR] DependencyParser:1297 - StateRcvOpen_Cte Bad Token : )
2024-09-23 14:58:54,395 [ERROR] DependencyParser:1297 - StateRcvOpen_Cte Bad Token : )
2024-09-23 14:58:54,395 [ERROR] DependencyParser:1297 - StateRcvOpen_Cte Bad Token : )
2024-09-23 14:58:54,395 [ERROR] DependencyParser:1297 - StateRcvOpen_Cte Bad Token : )
2024-09-23 14:58:54,395 [ERROR] DependencyParser:1297 - StateRcvOpen_Cte Bad Token : )
2024-09-23 14:58:54,395 [ERROR] DependencyParser:1297 - StateRcvOpen_Cte Bad Token : )
2024-09-23 14:58:54,395 [ERROR] DependencyParser:1297 - StateRcvOpen_Cte Bad Token : )
2024-09-23 14:58:54,395 [ERROR] DependencyParser:1297 - StateRcvOpen_Cte Bad Token : )
2024-09-23 14:58:54,395 [ERROR] DependencyParser:1297 - StateRcvOpen_Cte Bad Token : )
2024-09-23 14:58:54,395 [ERROR] DependencyParser:1297 - StateRcvOpen_Cte Bad Token : )
2024-09-23 14:58:54,395 [ERROR] DependencyParser:1297 - StateRcvOpen_Cte Bad Token : )
2024-09-23 14:58:54,395 [ERROR] DependencyParser:1297 - StateRcvOpen_Cte Bad Token : )
2024-09-23 14:58:54,396 [ERROR] DependencyParser:1297 - StateRcvOpen_Cte Bad Token : )
2024-09-23 14:58:54,396 [ERROR] DependencyParser:1297 - StateRcvOpen_Cte Bad Token : )
2024-09-23 14:58:54,396 [ERROR] DependencyParser:1297 - StateRcvOpen_Cte Bad Token : )
2024-09-23 14:58:54,396 [ERROR] DependencyParser:1297 - StateRcvOpen_Cte Bad Token : )
2024-09-23 14:58:54,396 [ERROR] DependencyParser:1297 - StateRcvOpen_Cte Bad Token : )
2024-09-23 14:58:54,396 [ERROR] DependencyParser:1297 - StateRcvOpen_Cte Bad Token : )
2024-09-23 14:58:54,396 [ERROR] DependencyParser:1297 - StateRcvOpen_Cte Bad Token : )
2024-09-23 14:58:54,396 [ERROR] DependencyParser:1297 - StateRcvOpen_Cte Bad Token : )
2024-09-23 14:58:54,396 [ERROR] DependencyParser:1297 - StateRcvOpen_Cte Bad Token : )
2024-09-23 14:58:54,396 [ERROR] DependencyParser:1297 - StateRcvOpen_Cte Bad Token : )
2024-09-23 14:58:54,396 [ERROR] DependencyParser:1297 - StateRcvOpen_Cte Bad Token : )
2024-09-23 14:58:54,396 [ERROR] DependencyParser:1297 - StateRcvOpen_Cte Bad Token : )
2024-09-23 14:58:54,396 [ERROR] DependencyParser:1297 - StateRcvOpen_Cte Bad Token : )
2024-09-23 14:58:54,396 [ERROR] DependencyParser:1297 - StateRcvOpen_Cte Bad Token : )
2024-09-23 14:58:54,396 [ERROR] DependencyParser:1297 - StateRcvOpen_Cte Bad Token : )
2024-09-23 14:58:54,396 [INFO] Engine:305 - compute dependency for SwPack X-CUBE-AZRTOS-L5 have been done, no update is requested
2024-09-23 14:58:54,402 [INFO] Engine:301 - compute dependency for SwPack X-CUBE-AZRTOS-G0 have been done, and update is requested
2024-09-23 14:58:54,412 [INFO] Engine:301 - compute dependency for SwPack X-CUBE-AZRTOS-G4 have been done, and update is requested
2024-09-23 14:58:54,422 [INFO] Engine:301 - compute dependency for SwPack X-CUBE-AZRTOS-WB have been done, and update is requested
2024-09-23 14:58:54,430 [INFO] Engine:301 - compute dependency for SwPack X-CUBE-AZRTOS-WL have been done, and update is requested
2024-09-23 14:58:54,436 [INFO] Engine:301 - compute dependency for SwPack I-CUBE-wolfSSL have been done, and update is requested
2024-09-23 14:58:54,488 [INFO] LoadUrlFilesThread:135 - End of LoadUrlFiles Thread
2024-09-23 14:58:54,614 [INFO] ServerAccessManage:348 - Download File mcusFeaturesAndDescription.json._tmp_
2024-09-23 14:58:54,727 [INFO] Engine:301 - compute dependency for SwPack I-CUBE-embOS have been done, and update is requested
2024-09-23 14:58:54,735 [INFO] Engine:301 - compute dependency for SwPack I-Cube-SoM-uGOAL have been done, and update is requested
2024-09-23 14:58:54,745 [INFO] Engine:301 - compute dependency for SwPack I-CUBE-Cesium have been done, and update is requested
2024-09-23 14:58:54,757 [INFO] Engine:305 - compute dependency for SwPack FreeRTOS have been done, no update is requested
2024-09-23 14:58:54,758 [INFO] Engine:305 - compute dependency for SwPack lwIP have been done, no update is requested
2024-09-23 14:58:54,758 [INFO] Engine:305 - compute dependency for SwPack lwIP have been done, no update is requested
2024-09-23 14:58:54,758 [INFO] Engine:305 - compute dependency for SwPack MBEDTLS have been done, no update is requested
2024-09-23 14:58:54,758 [INFO] Engine:305 - compute dependency for SwPack MBEDTLS have been done, no update is requested
2024-09-23 14:58:54,758 [INFO] Engine:305 - compute dependency for SwPack PDM2PCM have been done, no update is requested
2024-09-23 14:58:54,758 [INFO] Engine:305 - compute dependency for SwPack PDM2PCM have been done, no update is requested
2024-09-23 14:58:54,758 [INFO] Engine:305 - compute dependency for SwPack PDM2PCM have been done, no update is requested
2024-09-23 14:58:54,760 [INFO] Engine:305 - compute dependency for SwPack USB_DEVICE have been done, no update is requested
2024-09-23 14:58:54,760 [INFO] Engine:305 - compute dependency for SwPack USB_DEVICE have been done, no update is requested
2024-09-23 14:58:54,760 [INFO] Engine:305 - compute dependency for SwPack USB_DEVICE have been done, no update is requested
2024-09-23 14:58:54,762 [INFO] Engine:305 - compute dependency for SwPack USB_HOST have been done, no update is requested
2024-09-23 14:58:54,762 [INFO] Engine:305 - compute dependency for SwPack USB_HOST have been done, no update is requested
2024-09-23 14:58:54,764 [INFO] Engine:301 - compute dependency for SwPack X-CUBE-AI have been done, and update is requested
2024-09-23 14:58:54,786 [INFO] Engine:301 - compute dependency for SwPack X-CUBE-EEPRMA1 have been done, and update is requested
2024-09-23 14:58:54,802 [INFO] Engine:301 - compute dependency for SwPack X-CUBE-ISPU have been done, and update is requested
2024-09-23 14:58:54,865 [INFO] Engine:301 - compute dependency for SwPack X-CUBE-NFC6 have been done, and update is requested
2024-09-23 14:58:54,880 [INFO] Engine:301 - compute dependency for SwPack X-CUBE-SAFEA1 have been done, and update is requested
2024-09-23 14:58:54,893 [INFO] Engine:305 - compute dependency for SwPack X-CUBE-TOUCHGFX have been done, no update is requested
2024-09-23 14:58:54,897 [INFO] Engine:301 - compute dependency for SwPack X-CUBE-ALGOBUILD have been done, and update is requested
2024-09-23 14:58:54,918 [INFO] Engine:301 - compute dependency for SwPack X-CUBE-AZRTOS-H7 have been done, and update is requested
2024-09-23 14:58:54,937 [INFO] Engine:301 - compute dependency for SwPack X-CUBE-AZRTOS-H7RS have been done, and update is requested
2024-09-23 14:58:54,949 [INFO] Engine:301 - compute dependency for SwPack I-CUBE-wolfMQTT have been done, and update is requested
2024-09-23 14:58:54,961 [INFO] Engine:301 - compute dependency for SwPack I-CUBE-wolfTPM have been done, and update is requested
2024-09-23 14:58:54,976 [INFO] Engine:301 - compute dependency for SwPack I-CUBE-wolfSSH have been done, and update is requested
2024-09-23 14:58:55,661 [INFO] Engine:301 - compute dependency for SwPack X-CUBE-MEMS1 have been done, and update is requested
2024-09-23 14:58:55,672 [INFO] Engine:301 - compute dependency for SwPack X-CUBE-GNSS1 have been done, and update is requested
2024-09-23 14:58:55,680 [INFO] Engine:301 - compute dependency for SwPack X-CUBE-ISPU have been done, and update is requested
2024-09-23 14:58:55,686 [INFO] Engine:305 - compute dependency for SwPack X-CUBE-TOUCHGFX have been done, no update is requested
2024-09-23 14:58:55,687 [INFO] ThirdPartyDb:299 - Save Third Party DataBase File (C:/Users/Younis/.stm32cubemx/plugins/thirdparty/db/thirdparties_db.xml) [forced]
2024-09-23 14:58:55,706 [INFO] LoadServerUpdatesThread:309 - End of LoadServerUpdate Thread
2024-09-23 14:58:57,320 [WARN] MainUpdater:1087 - Updater busy. Cannot search thirdparties
2024-09-23 14:59:00,331 [WARN] MainUpdater:1087 - Updater busy. Cannot search thirdparties
2024-09-23 14:59:03,342 [WARN] MainUpdater:1087 - Updater busy. Cannot search thirdparties
2024-09-23 14:59:06,346 [WARN] MainUpdater:1087 - Updater busy. Cannot search thirdparties
2024-09-23 14:59:09,351 [WARN] MainUpdater:1087 - Updater busy. Cannot search thirdparties
2024-09-23 14:59:12,360 [WARN] MainUpdater:1087 - Updater busy. Cannot search thirdparties
2024-09-23 14:59:15,370 [WARN] MainUpdater:1087 - Updater busy. Cannot search thirdparties
2024-09-23 14:59:16,842 [INFO] LoadUrlFilesThread:135 - End of LoadUrlFiles Thread
2024-09-23 14:59:16,950 [INFO] ServerAccessManage:348 - Download File boardsDocs.json._tmp_
2024-09-23 14:59:17,045 [INFO] LoadUrlFilesThread:135 - End of LoadUrlFiles Thread
2024-09-23 14:59:17,142 [INFO] ServerAccessManage:348 - Download File boards.json._tmp_
2024-09-23 14:59:17,972 [INFO] LoadUrlFilesThread:135 - End of LoadUrlFiles Thread
2024-09-23 14:59:18,376 [WARN] MainUpdater:1087 - Updater busy. Cannot search thirdparties
2024-09-23 14:59:18,619 [INFO] ServerAccessManage:348 - Download File cube-finder-db.zip
2024-09-23 14:59:21,390 [ERROR] IntegrityCheckThread:67 - Unexpected exception IntegrityCheckThread Thread:
2024-09-23 14:59:21,390 [ERROR] IntegrityCheckThread:70 - java.lang.Exception: Updater error
	at com.st.microxplorer.plugins.thirdparty.engine.IntegrityCheckThread.getUpdaterThirdPartyList(IntegrityCheckThread.java:296)
	at com.st.microxplorer.plugins.thirdparty.engine.IntegrityCheckThread.runProcess(IntegrityCheckThread.java:84)
	at com.st.microxplorer.plugins.thirdparty.engine.IntegrityCheckThread.run(IntegrityCheckThread.java:65)

2024-09-23 14:59:21,390 [INFO] ThirdPartyDb:299 - Save Third Party DataBase File (C:/Users/Younis/.stm32cubemx/plugins/thirdparty/db/thirdparties_db.xml) [forced]
2024-09-23 14:59:21,409 [INFO] IntegrityCheckThread:76 - exiting critical section [integrity check]
2024-09-23 14:59:21,409 [INFO] IntegrityCheckThread:79 - End integrity checks thread
2024-09-23 14:59:42,358 [INFO] FileExtend:225 - Unzip File : cube-finder-db.zip
2024-09-23 14:59:42,364 [INFO] FileExtend:240 - Standard Zip Deflate
2024-09-23 14:59:43,076 [INFO] LoadUrlFilesThread:135 - End of LoadUrlFiles Thread
2024-09-23 14:59:43,597 [INFO] ServerAccessManage:348 - Download File crdb.zip
2024-09-23 14:59:44,151 [INFO] FileExtend:225 - Unzip File : crdb.zip
2024-09-23 14:59:44,152 [INFO] FileExtend:240 - Standard Zip Deflate
2024-09-23 14:59:44,195 [INFO] LoadUrlFilesThread:135 - End of LoadUrlFiles Thread
2024-09-23 14:59:44,767 [INFO] ServerAccessManage:348 - Download File tutoVideoDB.zip
2024-09-23 14:59:44,975 [INFO] FileExtend:225 - Unzip File : tutoVideoDB.zip
2024-09-23 14:59:44,977 [INFO] FileExtend:240 - Standard Zip Deflate
2024-09-23 14:59:44,996 [INFO] LoadUrlFilesThread:135 - End of LoadUrlFiles Thread
2024-09-23 14:59:45,016 [INFO] DbMcusDocs:145 - JSON generation date=Tue Nov 16 18:17:54 EET 2021 (1637079474)
2024-09-23 14:59:45,017 [INFO] DbMcusXml:100 - Load MCU database from C:\ST\STM32CubeIDE_1.4.0\STM32CubeIDE\plugins\com.st.stm32cube.common.mx_6.0.0.202007160824\\db\/mcu/families.xml
2024-09-23 14:59:45,510 [INFO] DbMcusJson:92 - JSON generation date=Tue Nov 16 18:17:54 EET 2021 (1637079474)
2024-09-23 14:59:46,246 [INFO] DbMcus:175 - Found 1761 MCUs (1722 are supported by CubeMX, 1911 are visible in CubeMX)
2024-09-23 14:59:46,247 [INFO] ApiDb:201 - Load user favorites file C:\Users\Younis/.stm32cubemx/favorites.mcus.txt: 0 item(s)
2024-09-23 14:59:46,247 [INFO] ApiDb:205 - User favorites MCUs=[]
2024-09-23 14:59:46,247 [INFO] DbMcus:187 - Set 0 / 0 favorites MCUs
2024-09-23 14:59:46,602 [INFO] DbMcusDocs:81 - Found 682 MCUs documents
2024-09-23 14:59:46,604 [INFO] ApiDb:226 - Save user favorites file C:\Users\Younis/.stm32cubemx/favorites.mcus.txt: 0 item(s)
2024-09-23 14:59:46,604 [INFO] ApiDb:230 - User favorites MCUs=[]
2024-09-23 14:59:46,605 [INFO] DbMcusXml:100 - Load MCU database from C:\ST\STM32CubeIDE_1.4.0\STM32CubeIDE\plugins\com.st.stm32cube.common.mx_6.0.0.202007160824\\db\/mcu/families.xml
2024-09-23 14:59:46,960 [INFO] DbMcusJson:92 - JSON generation date=Tue Nov 16 18:17:54 EET 2021 (1637079474)
2024-09-23 14:59:47,596 [INFO] DbMcus:175 - Found 1761 MCUs (1722 are supported by CubeMX, 1911 are visible in CubeMX)
2024-09-23 14:59:47,596 [INFO] ApiDb:201 - Load user favorites file C:\Users\Younis/.stm32cubemx/favorites.mcus.txt: 0 item(s)
2024-09-23 14:59:47,596 [INFO] ApiDb:205 - User favorites MCUs=[]
2024-09-23 14:59:47,596 [INFO] DbMcus:187 - Set 0 / 0 favorites MCUs
2024-09-23 14:59:47,601 [INFO] DbBoardsDocs:145 - JSON generation date=Tue Nov 16 18:17:54 EET 2021 (1637079474)
2024-09-23 14:59:47,619 [INFO] DbBoardsPdsc:94 - Found 23 items
2024-09-23 14:59:47,628 [INFO] DbBoardsPdsc:94 - Found 9 items
2024-09-23 14:59:47,639 [INFO] DbBoardsPdsc:94 - Found 29 items
2024-09-23 14:59:47,648 [INFO] DbBoardsPdsc:94 - Found 1 items
2024-09-23 14:59:47,659 [INFO] DbBoardsPdsc:94 - Found 44 items
2024-09-23 14:59:47,671 [INFO] DbBoardsPdsc:94 - Found 40 items
2024-09-23 14:59:47,682 [INFO] DbBoardsPdsc:94 - Found 2 items
2024-09-23 14:59:47,691 [INFO] DbBoardsPdsc:94 - Found 4 items
2024-09-23 14:59:47,696 [WARN] DbBoardsPdsc:258 - Board STM32H7B3I-DK: unknown feature type=Audio, name=, username=Audio stereo codec with Headphone Amp (CS42L51-CNZ), n=1
2024-09-23 14:59:47,696 [WARN] DbBoardsPdsc:258 - Board STM32H735G-DK: unknown feature type=Audio, name=, username=Audio stereo codec with Headphone Amp (WM8994ECS/R), n=1
2024-09-23 14:59:47,698 [WARN] DbBoardsPdsc:258 - Board STM32H7B3I-EVAL: unknown feature type=Audio, name=, username=Multi-Channel Audio Codec (CS42L51-CNZ), n=1
2024-09-23 14:59:47,698 [WARN] DbBoardsPdsc:258 - Board STM32H7B3I-EVAL: unknown feature type=Meter, name=, username=Power-metering and Temperature-monitoring with sigma-delta modulators, n=1
2024-09-23 14:59:47,698 [WARN] DbBoardsPdsc:258 - Board STM32H7B3I-EVAL: unknown feature type=Motor, name=, username=Motor Control, n=1
2024-09-23 14:59:47,722 [INFO] DbBoardsJson:85 - JSON generation date=Tue Nov 16 18:17:54 EET 2021 (1637079474)
2024-09-23 14:59:47,729 [INFO] DbBoards:117 - Found 166 boards (149 are supported by CubeMX)
2024-09-23 14:59:47,731 [INFO] DbBoardsDocs:145 - JSON generation date=Tue Nov 16 18:17:54 EET 2021 (1637079474)
2024-09-23 14:59:47,734 [INFO] DbBoardsDocs:81 - Found 209 boards documents
2024-09-23 14:59:47,736 [WARN] DbBoards:127 - board B-L475E-IOT01A2 has no document id list !
2024-09-23 14:59:47,737 [WARN] DbBoards:127 - board NUCLEO-H743ZI has no document id list !
2024-09-23 14:59:47,738 [WARN] DbBoards:127 - board P-NUCLEO-WB55-Nucleo has no document id list !
2024-09-23 14:59:47,738 [WARN] DbBoards:127 - board P-NUCLEO-WB55-USBDongle has no document id list !
2024-09-23 14:59:47,738 [WARN] DbBoards:127 - board STEVAL-BFA001V1B has no document id list !
2024-09-23 14:59:47,738 [WARN] DbBoards:127 - board STEVAL-BFA001V2B has no document id list !
2024-09-23 14:59:47,738 [WARN] DbBoards:127 - board STEVAL-IDP005V1 has no document id list !
2024-09-23 14:59:47,738 [WARN] DbBoards:127 - board STEVAL-IDP005V2 has no document id list !
2024-09-23 14:59:47,738 [WARN] DbBoards:127 - board STEVAL-MKSBOX1V1 has no document id list !
2024-09-23 14:59:47,738 [WARN] DbBoards:127 - board STEVAL-STWINKT1 has no document id list !
2024-09-23 14:59:47,738 [WARN] DbBoards:127 - board STEVAL-STWINKT1B has no document id list !
2024-09-23 14:59:47,738 [WARN] DbBoards:127 - board STM32439I-EVAL2 has no document id list !
2024-09-23 14:59:47,739 [WARN] DbBoards:127 - board STM32F401C-DISCO has no document id list !
2024-09-23 14:59:47,739 [WARN] DbBoards:127 - board STM32F769I-DISC1 has no document id list !
2024-09-23 14:59:47,739 [WARN] DbBoards:127 - board STM32G474E-EVAL1 has no document id list !
2024-09-23 14:59:47,739 [WARN] DbBoards:127 - board STM32H743I-EVAL2 has no document id list !
2024-09-23 14:59:47,739 [WARN] DbBoards:127 - board STM32H747I-DISC1 has no document id list !
2024-09-23 14:59:47,740 [WARN] DbBoards:127 - board STM32H753I-EVAL2 has no document id list !
2024-09-23 14:59:47,740 [WARN] DbBoards:127 - board STM32L-DISCOVERY has no document id list !
2024-09-23 14:59:47,809 [ERROR] DbBoards:189 - Image file not found for board B-L462E-CELL1: C:\ST\STM32CubeIDE_1.4.0\STM32CubeIDE\plugins\com.st.stm32cube.common.mx_6.0.0.202007160824\\db\/plugins/mcufinder/images/boards/B-L462E-CELL1_small.jpg
2024-09-23 14:59:47,856 [ERROR] DbBoards:189 - Image file not found for board B-U585I-IOT02A: C:\ST\STM32CubeIDE_1.4.0\STM32CubeIDE\plugins\com.st.stm32cube.common.mx_6.0.0.202007160824\\db\/plugins/mcufinder/images/boards/B-U585I-IOT02A_small.jpg
2024-09-23 14:59:47,930 [ERROR] DbBoards:189 - Image file not found for board NUCLEO-F413ZH: C:\ST\STM32CubeIDE_1.4.0\STM32CubeIDE\plugins\com.st.stm32cube.common.mx_6.0.0.202007160824\\db\/plugins/mcufinder/images/boards/nucleo-f413zh_small.jpg
2024-09-23 14:59:48,094 [ERROR] DbBoards:189 - Image file not found for board NUCLEO-L552ZE-Q: C:\ST\STM32CubeIDE_1.4.0\STM32CubeIDE\plugins\com.st.stm32cube.common.mx_6.0.0.202007160824\\db\/plugins/mcufinder/images/boards/nucleo_l552ze_q_small.jpg
2024-09-23 14:59:48,094 [ERROR] DbBoards:189 - Image file not found for board NUCLEO-U575ZI-Q: C:\ST\STM32CubeIDE_1.4.0\STM32CubeIDE\plugins\com.st.stm32cube.common.mx_6.0.0.202007160824\\db\/plugins/mcufinder/images/boards/nucleo-u575zi-q_small.jpg
2024-09-23 14:59:48,094 [ERROR] DbBoards:189 - Image file not found for board NUCLEO-WB15CC: C:\ST\STM32CubeIDE_1.4.0\STM32CubeIDE\plugins\com.st.stm32cube.common.mx_6.0.0.202007160824\\db\/plugins/mcufinder/images/boards/nucleo-wb15cc_small.jpg
2024-09-23 14:59:48,094 [ERROR] DbBoards:189 - Image file not found for board NUCLEO-WB55RG: C:\ST\STM32CubeIDE_1.4.0\STM32CubeIDE\plugins\com.st.stm32cube.common.mx_6.0.0.202007160824\\db\/plugins/mcufinder/images/boards/nucleo-wb55rg_small.jpg
2024-09-23 14:59:48,095 [ERROR] DbBoards:189 - Image file not found for board NUCLEO-WL55JC: C:\ST\STM32CubeIDE_1.4.0\STM32CubeIDE\plugins\com.st.stm32cube.common.mx_6.0.0.202007160824\\db\/plugins/mcufinder/images/boards/nucleo-wl55jc-small.jpg
2024-09-23 14:59:48,225 [ERROR] DbBoards:189 - Image file not found for board STEVAL-STWINKT1B: C:\ST\STM32CubeIDE_1.4.0\STM32CubeIDE\plugins\com.st.stm32cube.common.mx_6.0.0.202007160824\\db\/plugins/mcufinder/images/boards/steval-stwinkt1b_small.jpg
2024-09-23 14:59:48,516 [ERROR] DbBoards:189 - Image file not found for board STM32G0C1E-EV: C:\ST\STM32CubeIDE_1.4.0\STM32CubeIDE\plugins\com.st.stm32cube.common.mx_6.0.0.202007160824\\db\/plugins/mcufinder/images/boards/stm32g0c1e-eval_small.jpg
2024-09-23 14:59:48,590 [ERROR] DbBoards:189 - Image file not found for board STM32H7B3I-EVAL: C:\ST\STM32CubeIDE_1.4.0\STM32CubeIDE\plugins\com.st.stm32cube.common.mx_6.0.0.202007160824\\db\/plugins/mcufinder/images/boards/stm32h7b3ieval_small.jpg
2024-09-23 14:59:48,735 [ERROR] DbBoards:189 - Image file not found for board STM32U575I-EV: C:\ST\STM32CubeIDE_1.4.0\STM32CubeIDE\plugins\com.st.stm32cube.common.mx_6.0.0.202007160824\\db\/plugins/mcufinder/images/boards/stm32u575i-ev_small.jpg
2024-09-23 14:59:48,762 [ERROR] DbBoards:189 - Image file not found for board STM32WB5MM-DK: C:\ST\STM32CubeIDE_1.4.0\STM32CubeIDE\plugins\com.st.stm32cube.common.mx_6.0.0.202007160824\\db\/plugins/mcufinder/images/boards/STM32WB5MM-DK_small.jpg
2024-09-23 14:59:48,762 [INFO] ApiDb:201 - Load user favorites file C:\Users\Younis/.stm32cubemx/favorites.boards.txt: 0 item(s)
2024-09-23 14:59:48,762 [INFO] ApiDb:205 - User favorites Boards=[]
2024-09-23 14:59:48,762 [INFO] DbBoards:206 - Set 0 / 0 favorites Boards
2024-09-23 14:59:48,764 [INFO] DbBoardsDocs:81 - Found 418 boards documents
2024-09-23 14:59:48,765 [INFO] ApiDb:226 - Save user favorites file C:\Users\Younis/.stm32cubemx/favorites.boards.txt: 0 item(s)
2024-09-23 14:59:48,765 [INFO] ApiDb:230 - User favorites Boards=[]
2024-09-23 14:59:48,766 [INFO] DbBoardsPdsc:94 - Found 23 items
2024-09-23 14:59:48,767 [INFO] DbBoardsPdsc:94 - Found 9 items
2024-09-23 14:59:48,768 [INFO] DbBoardsPdsc:94 - Found 29 items
2024-09-23 14:59:48,769 [INFO] DbBoardsPdsc:94 - Found 1 items
2024-09-23 14:59:48,771 [INFO] DbBoardsPdsc:94 - Found 44 items
2024-09-23 14:59:48,775 [INFO] DbBoardsPdsc:94 - Found 40 items
2024-09-23 14:59:48,776 [INFO] DbBoardsPdsc:94 - Found 2 items
2024-09-23 14:59:48,776 [INFO] DbBoardsPdsc:94 - Found 4 items
2024-09-23 14:59:48,780 [WARN] DbBoardsPdsc:258 - Board STM32H7B3I-DK: unknown feature type=Audio, name=, username=Audio stereo codec with Headphone Amp (CS42L51-CNZ), n=1
2024-09-23 14:59:48,780 [WARN] DbBoardsPdsc:258 - Board STM32H735G-DK: unknown feature type=Audio, name=, username=Audio stereo codec with Headphone Amp (WM8994ECS/R), n=1
2024-09-23 14:59:48,781 [WARN] DbBoardsPdsc:258 - Board STM32H7B3I-EVAL: unknown feature type=Audio, name=, username=Multi-Channel Audio Codec (CS42L51-CNZ), n=1
2024-09-23 14:59:48,781 [WARN] DbBoardsPdsc:258 - Board STM32H7B3I-EVAL: unknown feature type=Meter, name=, username=Power-metering and Temperature-monitoring with sigma-delta modulators, n=1
2024-09-23 14:59:48,781 [WARN] DbBoardsPdsc:258 - Board STM32H7B3I-EVAL: unknown feature type=Motor, name=, username=Motor Control, n=1
2024-09-23 14:59:48,808 [INFO] DbBoardsJson:85 - JSON generation date=Tue Nov 16 18:17:54 EET 2021 (1637079474)
2024-09-23 14:59:48,812 [INFO] DbBoards:117 - Found 166 boards (149 are supported by CubeMX)
2024-09-23 14:59:48,812 [WARN] DbBoards:127 - board B-L475E-IOT01A2 has no document id list !
2024-09-23 14:59:48,813 [WARN] DbBoards:127 - board NUCLEO-H743ZI has no document id list !
2024-09-23 14:59:48,814 [WARN] DbBoards:127 - board P-NUCLEO-WB55-Nucleo has no document id list !
2024-09-23 14:59:48,814 [WARN] DbBoards:127 - board P-NUCLEO-WB55-USBDongle has no document id list !
2024-09-23 14:59:48,814 [WARN] DbBoards:127 - board STEVAL-BFA001V1B has no document id list !
2024-09-23 14:59:48,814 [WARN] DbBoards:127 - board STEVAL-BFA001V2B has no document id list !
2024-09-23 14:59:48,814 [WARN] DbBoards:127 - board STEVAL-IDP005V1 has no document id list !
2024-09-23 14:59:48,814 [WARN] DbBoards:127 - board STEVAL-IDP005V2 has no document id list !
2024-09-23 14:59:48,814 [WARN] DbBoards:127 - board STEVAL-MKSBOX1V1 has no document id list !
2024-09-23 14:59:48,814 [WARN] DbBoards:127 - board STEVAL-STWINKT1 has no document id list !
2024-09-23 14:59:48,814 [WARN] DbBoards:127 - board STEVAL-STWINKT1B has no document id list !
2024-09-23 14:59:48,815 [WARN] DbBoards:127 - board STM32439I-EVAL2 has no document id list !
2024-09-23 14:59:48,815 [WARN] DbBoards:127 - board STM32F401C-DISCO has no document id list !
2024-09-23 14:59:48,815 [WARN] DbBoards:127 - board STM32F769I-DISC1 has no document id list !
2024-09-23 14:59:48,816 [WARN] DbBoards:127 - board STM32G474E-EVAL1 has no document id list !
2024-09-23 14:59:48,816 [WARN] DbBoards:127 - board STM32H743I-EVAL2 has no document id list !
2024-09-23 14:59:48,816 [WARN] DbBoards:127 - board STM32H747I-DISC1 has no document id list !
2024-09-23 14:59:48,816 [WARN] DbBoards:127 - board STM32H753I-EVAL2 has no document id list !
2024-09-23 14:59:48,816 [WARN] DbBoards:127 - board STM32L-DISCOVERY has no document id list !
2024-09-23 14:59:48,841 [ERROR] DbBoards:189 - Image file not found for board B-L462E-CELL1: C:\ST\STM32CubeIDE_1.4.0\STM32CubeIDE\plugins\com.st.stm32cube.common.mx_6.0.0.202007160824\\db\/plugins/mcufinder/images/boards/B-L462E-CELL1_small.jpg
2024-09-23 14:59:48,860 [ERROR] DbBoards:189 - Image file not found for board B-U585I-IOT02A: C:\ST\STM32CubeIDE_1.4.0\STM32CubeIDE\plugins\com.st.stm32cube.common.mx_6.0.0.202007160824\\db\/plugins/mcufinder/images/boards/B-U585I-IOT02A_small.jpg
2024-09-23 14:59:48,905 [ERROR] DbBoards:189 - Image file not found for board NUCLEO-F413ZH: C:\ST\STM32CubeIDE_1.4.0\STM32CubeIDE\plugins\com.st.stm32cube.common.mx_6.0.0.202007160824\\db\/plugins/mcufinder/images/boards/nucleo-f413zh_small.jpg
2024-09-23 14:59:49,007 [ERROR] DbBoards:189 - Image file not found for board NUCLEO-L552ZE-Q: C:\ST\STM32CubeIDE_1.4.0\STM32CubeIDE\plugins\com.st.stm32cube.common.mx_6.0.0.202007160824\\db\/plugins/mcufinder/images/boards/nucleo_l552ze_q_small.jpg
2024-09-23 14:59:49,007 [ERROR] DbBoards:189 - Image file not found for board NUCLEO-U575ZI-Q: C:\ST\STM32CubeIDE_1.4.0\STM32CubeIDE\plugins\com.st.stm32cube.common.mx_6.0.0.202007160824\\db\/plugins/mcufinder/images/boards/nucleo-u575zi-q_small.jpg
2024-09-23 14:59:49,007 [ERROR] DbBoards:189 - Image file not found for board NUCLEO-WB15CC: C:\ST\STM32CubeIDE_1.4.0\STM32CubeIDE\plugins\com.st.stm32cube.common.mx_6.0.0.202007160824\\db\/plugins/mcufinder/images/boards/nucleo-wb15cc_small.jpg
2024-09-23 14:59:49,007 [ERROR] DbBoards:189 - Image file not found for board NUCLEO-WB55RG: C:\ST\STM32CubeIDE_1.4.0\STM32CubeIDE\plugins\com.st.stm32cube.common.mx_6.0.0.202007160824\\db\/plugins/mcufinder/images/boards/nucleo-wb55rg_small.jpg
2024-09-23 14:59:49,007 [ERROR] DbBoards:189 - Image file not found for board NUCLEO-WL55JC: C:\ST\STM32CubeIDE_1.4.0\STM32CubeIDE\plugins\com.st.stm32cube.common.mx_6.0.0.202007160824\\db\/plugins/mcufinder/images/boards/nucleo-wl55jc-small.jpg
2024-09-23 14:59:49,087 [ERROR] DbBoards:189 - Image file not found for board STEVAL-STWINKT1B: C:\ST\STM32CubeIDE_1.4.0\STM32CubeIDE\plugins\com.st.stm32cube.common.mx_6.0.0.202007160824\\db\/plugins/mcufinder/images/boards/steval-stwinkt1b_small.jpg
2024-09-23 14:59:49,233 [ERROR] DbBoards:189 - Image file not found for board STM32G0C1E-EV: C:\ST\STM32CubeIDE_1.4.0\STM32CubeIDE\plugins\com.st.stm32cube.common.mx_6.0.0.202007160824\\db\/plugins/mcufinder/images/boards/stm32g0c1e-eval_small.jpg
2024-09-23 14:59:49,297 [ERROR] DbBoards:189 - Image file not found for board STM32H7B3I-EVAL: C:\ST\STM32CubeIDE_1.4.0\STM32CubeIDE\plugins\com.st.stm32cube.common.mx_6.0.0.202007160824\\db\/plugins/mcufinder/images/boards/stm32h7b3ieval_small.jpg
2024-09-23 14:59:49,397 [ERROR] DbBoards:189 - Image file not found for board STM32U575I-EV: C:\ST\STM32CubeIDE_1.4.0\STM32CubeIDE\plugins\com.st.stm32cube.common.mx_6.0.0.202007160824\\db\/plugins/mcufinder/images/boards/stm32u575i-ev_small.jpg
2024-09-23 14:59:49,412 [ERROR] DbBoards:189 - Image file not found for board STM32WB5MM-DK: C:\ST\STM32CubeIDE_1.4.0\STM32CubeIDE\plugins\com.st.stm32cube.common.mx_6.0.0.202007160824\\db\/plugins/mcufinder/images/boards/STM32WB5MM-DK_small.jpg
2024-09-23 14:59:49,412 [INFO] ApiDb:201 - Load user favorites file C:\Users\Younis/.stm32cubemx/favorites.boards.txt: 0 item(s)
2024-09-23 14:59:49,413 [INFO] ApiDb:205 - User favorites Boards=[]
2024-09-23 14:59:49,413 [INFO] DbBoards:206 - Set 0 / 0 favorites Boards
2024-09-23 14:59:49,518 [INFO] DbExamplesSqlite:156 - SQLite db open (C:\Users\Younis\.stmcufinder\plugins\mcufinder\mcu\cube-finder-db.db)
2024-09-23 14:59:50,168 [INFO] DbExamplesSqlite:447 - Ignored 0 examples not supported by CubeIDE
2024-09-23 14:59:50,168 [INFO] DbExamplesSqlite:448 - Found 8614 examples active
2024-09-23 14:59:50,168 [INFO] DbExamplesSqlite:449 - Found 0 examples obsolete
2024-09-23 14:59:50,169 [INFO] DbExamplesSqlite:450 - Found 0 examples under development
2024-09-23 14:59:50,169 [INFO] DbExamplesSqlite:451 - Found 10 examples not building
2024-09-23 14:59:50,259 [INFO] DbExamplesSqlite:130 - SQLite Data Model version=2.1
2024-09-23 14:59:50,260 [INFO] DbExamplesSqlite:131 - SQLite Configuration version=3.0.39
2024-09-23 14:59:50,260 [INFO] DbExamplesSqlite:132 - SQLite generation date=2024-09-16 (1726485674)
2024-09-23 14:59:50,260 [INFO] DbExamplesSqlite:133 - SQLite FW Pack versions=[FP-ATR-ASTRA1_V2.0.0, FP-SNS-FLIGHT1_V5.0.2, FP-SNS-MOTENV1_V5.0.0, FP-SNS-MOTENVWB1_V1.4.0, FP-SNS-SMARTAG2_V1.2.0, FP-SNS-STBOX1_V2.0.0, STM32Cube_FW_C0_V1.2.0, STM32Cube_FW_F4_V1.28.1, STM32Cube_FW_F7_V1.17.2, STM32Cube_FW_G0_V1.6.2, STM32Cube_FW_G4_V1.6.0, STM32Cube_FW_H5_V1.3.0, STM32Cube_FW_H7RS_V1.1.0, STM32Cube_FW_H7_V1.11.2, STM32Cube_FW_L0_V1.12.2, STM32Cube_FW_L5_V1.5.1, STM32Cube_FW_U0_V1.1.0, STM32Cube_FW_U5_V1.6.0, STM32Cube_FW_WB0_V1.0.0, STM32Cube_FW_WBA_V1.4.1, STM32Cube_FW_WB_V1.20.0, STM32Cube_FW_WL_V1.3.0, X-CUBE-ALGOBUILD_V1.4.0, X-CUBE-ALS_V1.0.2, X-CUBE-AZRTOS-F4_V1.1.0, X-CUBE-AZRTOS-F7_V1.1.0, X-CUBE-AZRTOS-G0_V1.1.0, X-CUBE-AZRTOS-G4_V2.0.0, X-CUBE-AZRTOS-H7RS_V1.0.0, X-CUBE-AZRTOS-H7_V3.2.0, X-CUBE-AZRTOS-L4_V2.0.0, X-CUBE-AZRTOS-L5_V2.0.0, X-CUBE-AZRTOS-WB_V2.0.0, X-CUBE-AZRTOS-WL_V2.0.0, X-CUBE-BLE1_V7.0.0, X-CUBE-BLE2_V3.3.0, X-CUBE-BLEMGR_V3.1.0, X-CUBE-EEPRMA1_V5.1.0, X-CUBE-FREERTOS_V1.2.0, X-CUBE-GNSS1_V6.0.0, X-CUBE-MEMS1_V11.0.0, X-CUBE-NFC4_V3.0.0, X-CUBE-NFC7_V1.0.1, X-CUBE-SFXS2LP1_V4.0.0, X-CUBE-SUBG2_V5.0.0, X-CUBE-TOF1_V3.4.2]
2024-09-23 14:59:50,261 [INFO] DbExamples:123 - Found 8624 examples
2024-09-23 14:59:50,790 [ERROR] DbExamples:199 - Found 8624 examples with invalid data (board or MCU)
2024-09-23 14:59:50,790 [INFO] DbExamples:215 - Found 78 boards with related examples
2024-09-23 14:59:50,791 [INFO] DbExamples:228 - Found 0 MCUs with related examples
2024-09-23 14:59:50,809 [INFO] ApiDb:192 - User favorites file not found: C:\Users\Younis/.stm32cubemx/favorites.examples.txt
2024-09-23 14:59:50,810 [INFO] DbExamples:249 - Set 0 / 0 favorites Examples
2024-09-23 14:59:51,025 [INFO] McuFinderGlobals:40 - Set McuFinder mode to 2 (CubeIDE integrated)
2024-09-23 14:59:51,138 [INFO] CrossSelectorPresenter:1330 - Cross Selector saved comparison directory: C:\Users\Younis\.stmcufinder\plugins\mcufinder\mcu\cs_comparisons_mx
2024-09-23 14:59:51,142 [INFO] MultiScanPanel:193 - Auto-refresh data requested => check proxy status ongoing
2024-09-23 14:59:51,144 [INFO] FinderPluginLoader:87 - Searching for filters in installed packs
2024-09-23 14:59:51,424 [INFO] LoadUrlFilesThread:162 - End of LoadServerUrlFiles without Thread
2024-09-23 14:59:51,428 [INFO] DetailPanel:331 - Set advertising image to C:/Users/Younis/STM32Cube/Repository/\stm32cubemx-promo_image.jpg
2024-09-23 14:59:51,685 [INFO] McuFilterPanel:245 - Update 0 favorites MCUs
2024-09-23 15:00:31,783 [INFO] LogOutputStream:76 - [STDOUT_REDIRECT] withoutVersionV1.8.4
2024-09-23 15:00:31,784 [INFO] LogOutputStream:76 - [STDOUT_REDIRECT] withoutVersionV1.8.3
2024-09-23 15:00:31,784 [INFO] LogOutputStream:76 - [STDOUT_REDIRECT] withoutVersionV1.8.2
2024-09-23 15:00:31,784 [INFO] LogOutputStream:76 - [STDOUT_REDIRECT] withoutVersionV1.8.1
2024-09-23 15:00:31,785 [INFO] LogOutputStream:76 - [STDOUT_REDIRECT] withoutVersionV1.8.0
2024-09-23 15:00:35,567 [INFO] ApiDb:226 - Save user favorites file C:\Users\Younis/.stm32cubeide/favorites.mcus.txt: 0 item(s)
2024-09-23 15:00:35,567 [INFO] ApiDb:230 - User favorites MCUs=[]
2024-09-23 15:00:36,636 [ERROR] LogOutputStream:74 - [STDERR_REDIRECT] [Fatal Error] :1:1: Premature end of file.
2024-09-23 15:00:36,637 [ERROR] LogOutputStream:74 - [STDERR_REDIRECT] 
2024-09-23 15:00:36,714 [ERROR] LogOutputStream:74 - [STDERR_REDIRECT] [Fatal Error] :1:1: Premature end of file.
2024-09-23 15:00:36,714 [ERROR] LogOutputStream:74 - [STDERR_REDIRECT] 
2024-09-23 15:00:36,793 [ERROR] LogOutputStream:74 - [STDERR_REDIRECT] [Fatal Error] :1:1: Premature end of file.
2024-09-23 15:00:36,793 [ERROR] LogOutputStream:74 - [STDERR_REDIRECT] 
2024-09-23 15:00:36,883 [ERROR] LogOutputStream:74 - [STDERR_REDIRECT] [Fatal Error] :1:1: Premature end of file.
2024-09-23 15:00:36,884 [ERROR] LogOutputStream:74 - [STDERR_REDIRECT] 
2024-09-23 15:00:36,961 [ERROR] LogOutputStream:74 - [STDERR_REDIRECT] [Fatal Error] :1:1: Premature end of file.
2024-09-23 15:00:36,961 [ERROR] LogOutputStream:74 - [STDERR_REDIRECT] 
2024-09-23 15:00:37,038 [ERROR] LogOutputStream:74 - [STDERR_REDIRECT] [Fatal Error] :1:1: Premature end of file.
2024-09-23 15:00:37,038 [ERROR] LogOutputStream:74 - [STDERR_REDIRECT] 
2024-09-23 15:00:37,115 [ERROR] LogOutputStream:74 - [STDERR_REDIRECT] [Fatal Error] :1:1: Premature end of file.
2024-09-23 15:00:37,116 [ERROR] LogOutputStream:74 - [STDERR_REDIRECT] 
2024-09-23 15:00:37,191 [ERROR] LogOutputStream:74 - [STDERR_REDIRECT] [Fatal Error] :1:1: Premature end of file.
2024-09-23 15:00:37,191 [ERROR] LogOutputStream:74 - [STDERR_REDIRECT] 
2024-09-23 15:00:37,268 [ERROR] LogOutputStream:74 - [STDERR_REDIRECT] [Fatal Error] :1:1: Premature end of file.
2024-09-23 15:00:37,269 [ERROR] LogOutputStream:74 - [STDERR_REDIRECT] 
2024-09-23 15:00:37,349 [ERROR] LogOutputStream:74 - [STDERR_REDIRECT] [Fatal Error] :1:1: Premature end of file.
2024-09-23 15:00:37,349 [ERROR] LogOutputStream:74 - [STDERR_REDIRECT] 
2024-09-23 15:00:37,434 [ERROR] LogOutputStream:74 - [STDERR_REDIRECT] [Fatal Error] :1:1: Premature end of file.
2024-09-23 15:00:37,435 [ERROR] LogOutputStream:74 - [STDERR_REDIRECT] 
2024-09-23 15:00:37,511 [ERROR] LogOutputStream:74 - [STDERR_REDIRECT] [Fatal Error] :1:1: Premature end of file.
2024-09-23 15:00:37,511 [ERROR] LogOutputStream:74 - [STDERR_REDIRECT] 
2024-09-23 15:00:45,977 [ERROR] LogOutputStream:74 - [STDERR_REDIRECT] [Fatal Error] :1:1: Premature end of file.
2024-09-23 15:00:45,978 [ERROR] LogOutputStream:74 - [STDERR_REDIRECT] 
2024-09-23 15:00:46,058 [ERROR] LogOutputStream:74 - [STDERR_REDIRECT] [Fatal Error] :1:1: Premature end of file.
2024-09-23 15:00:46,059 [ERROR] LogOutputStream:74 - [STDERR_REDIRECT] 
2024-09-23 15:00:46,136 [ERROR] LogOutputStream:74 - [STDERR_REDIRECT] [Fatal Error] :1:1: Premature end of file.
2024-09-23 15:00:46,136 [ERROR] LogOutputStream:74 - [STDERR_REDIRECT] 
2024-09-23 15:02:32,885 [INFO] Activator:178 - 


2024-09-23 15:02:32,888 [INFO] Activator:179 - !SESSION log4j initialized
2024-09-23 15:02:36,544 [ERROR] LogOutputStream:74 - [STDERR_REDIRECT] [Fatal Error] :1:1: Premature end of file.
2024-09-23 15:02:36,545 [ERROR] LogOutputStream:74 - [STDERR_REDIRECT] 
2024-09-23 15:02:36,618 [ERROR] LogOutputStream:74 - [STDERR_REDIRECT] [Fatal Error] :1:1: Premature end of file.
2024-09-23 15:02:36,619 [ERROR] LogOutputStream:74 - [STDERR_REDIRECT] 
2024-09-23 15:02:36,710 [ERROR] LogOutputStream:74 - [STDERR_REDIRECT] [Fatal Error] :1:1: Premature end of file.
2024-09-23 15:02:36,711 [ERROR] LogOutputStream:74 - [STDERR_REDIRECT] 
2024-09-23 15:05:23,119 [ERROR] LogOutputStream:74 - [STDERR_REDIRECT] [Fatal Error] :1:1: Premature end of file.
2024-09-23 15:05:23,119 [ERROR] LogOutputStream:74 - [STDERR_REDIRECT] 
2024-09-23 15:05:23,208 [ERROR] LogOutputStream:74 - [STDERR_REDIRECT] [Fatal Error] :1:1: Premature end of file.
2024-09-23 15:05:23,209 [ERROR] LogOutputStream:74 - [STDERR_REDIRECT] 
2024-09-23 15:05:23,302 [ERROR] LogOutputStream:74 - [STDERR_REDIRECT] [Fatal Error] :1:1: Premature end of file.
2024-09-23 15:05:23,303 [ERROR] LogOutputStream:74 - [STDERR_REDIRECT] 
2024-09-23 15:05:23,378 [ERROR] LogOutputStream:74 - [STDERR_REDIRECT] [Fatal Error] :1:1: Premature end of file.
2024-09-23 15:05:23,378 [ERROR] LogOutputStream:74 - [STDERR_REDIRECT] 
2024-09-23 15:05:23,448 [ERROR] LogOutputStream:74 - [STDERR_REDIRECT] [Fatal Error] :1:1: Premature end of file.
2024-09-23 15:05:23,448 [ERROR] LogOutputStream:74 - [STDERR_REDIRECT] 
2024-09-23 15:05:23,518 [ERROR] LogOutputStream:74 - [STDERR_REDIRECT] [Fatal Error] :1:1: Premature end of file.
2024-09-23 15:05:23,518 [ERROR] LogOutputStream:74 - [STDERR_REDIRECT] 
2024-09-23 15:05:23,588 [ERROR] LogOutputStream:74 - [STDERR_REDIRECT] [Fatal Error] :1:1: Premature end of file.
2024-09-23 15:05:23,589 [ERROR] LogOutputStream:74 - [STDERR_REDIRECT] 
2024-09-23 15:05:23,658 [ERROR] LogOutputStream:74 - [STDERR_REDIRECT] [Fatal Error] :1:1: Premature end of file.
2024-09-23 15:05:23,659 [ERROR] LogOutputStream:74 - [STDERR_REDIRECT] 
2024-09-23 15:05:23,726 [ERROR] LogOutputStream:74 - [STDERR_REDIRECT] [Fatal Error] :1:1: Premature end of file.
2024-09-23 15:05:23,726 [ERROR] LogOutputStream:74 - [STDERR_REDIRECT] 
2024-09-23 15:05:23,803 [ERROR] LogOutputStream:74 - [STDERR_REDIRECT] [Fatal Error] :1:1: Premature end of file.
2024-09-23 15:05:23,803 [ERROR] LogOutputStream:74 - [STDERR_REDIRECT] 
2024-09-23 15:05:23,881 [ERROR] LogOutputStream:74 - [STDERR_REDIRECT] [Fatal Error] :1:1: Premature end of file.
2024-09-23 15:05:23,882 [ERROR] LogOutputStream:74 - [STDERR_REDIRECT] 
2024-09-23 15:05:23,951 [ERROR] LogOutputStream:74 - [STDERR_REDIRECT] [Fatal Error] :1:1: Premature end of file.
2024-09-23 15:05:23,951 [ERROR] LogOutputStream:74 - [STDERR_REDIRECT] 
2024-09-23 15:08:16,243 [ERROR] LogOutputStream:74 - [STDERR_REDIRECT] [Fatal Error] :1:1: Premature end of file.
2024-09-23 15:08:16,243 [ERROR] LogOutputStream:74 - [STDERR_REDIRECT] 
2024-09-23 15:08:16,310 [ERROR] LogOutputStream:74 - [STDERR_REDIRECT] [Fatal Error] :1:1: Premature end of file.
2024-09-23 15:08:16,310 [ERROR] LogOutputStream:74 - [STDERR_REDIRECT] 
2024-09-23 15:08:16,377 [ERROR] LogOutputStream:74 - [STDERR_REDIRECT] [Fatal Error] :1:1: Premature end of file.
2024-09-23 15:08:16,377 [ERROR] LogOutputStream:74 - [STDERR_REDIRECT] 
2024-09-23 15:08:55,820 [ERROR] LogOutputStream:74 - [STDERR_REDIRECT] [Fatal Error] :1:1: Premature end of file.
2024-09-23 15:08:55,821 [ERROR] LogOutputStream:74 - [STDERR_REDIRECT] 
2024-09-23 15:08:55,893 [ERROR] LogOutputStream:74 - [STDERR_REDIRECT] [Fatal Error] :1:1: Premature end of file.
2024-09-23 15:08:55,893 [ERROR] LogOutputStream:74 - [STDERR_REDIRECT] 
2024-09-23 15:08:55,956 [ERROR] LogOutputStream:74 - [STDERR_REDIRECT] [Fatal Error] :1:1: Premature end of file.
2024-09-23 15:08:55,956 [ERROR] LogOutputStream:74 - [STDERR_REDIRECT] 
2024-09-23 16:44:28,763 [ERROR] LogOutputStream:74 - [STDERR_REDIRECT] [Fatal Error] :1:1: Premature end of file.
2024-09-23 16:44:28,764 [ERROR] LogOutputStream:74 - [STDERR_REDIRECT] 
2024-09-23 16:44:28,818 [ERROR] LogOutputStream:74 - [STDERR_REDIRECT] [Fatal Error] :1:1: Premature end of file.
2024-09-23 16:44:28,819 [ERROR] LogOutputStream:74 - [STDERR_REDIRECT] 
2024-09-23 16:44:28,878 [ERROR] LogOutputStream:74 - [STDERR_REDIRECT] [Fatal Error] :1:1: Premature end of file.
2024-09-23 16:44:28,879 [ERROR] LogOutputStream:74 - [STDERR_REDIRECT] 
2024-09-23 16:44:54,013 [ERROR] LogOutputStream:74 - [STDERR_REDIRECT] [Fatal Error] :1:1: Premature end of file.
2024-09-23 16:44:54,013 [ERROR] LogOutputStream:74 - [STDERR_REDIRECT] 
2024-09-23 16:44:54,073 [ERROR] LogOutputStream:74 - [STDERR_REDIRECT] [Fatal Error] :1:1: Premature end of file.
2024-09-23 16:44:54,074 [ERROR] LogOutputStream:74 - [STDERR_REDIRECT] 
2024-09-23 16:44:54,130 [ERROR] LogOutputStream:74 - [STDERR_REDIRECT] [Fatal Error] :1:1: Premature end of file.
2024-09-23 16:44:54,130 [ERROR] LogOutputStream:74 - [STDERR_REDIRECT] 
2024-09-24 14:13:02,211 [ERROR] LogOutputStream:74 - [STDERR_REDIRECT] [Fatal Error] :1:1: Premature end of file.
2024-09-24 14:13:02,211 [ERROR] LogOutputStream:74 - [STDERR_REDIRECT] 
2024-09-24 14:13:02,265 [ERROR] LogOutputStream:74 - [STDERR_REDIRECT] [Fatal Error] :1:1: Premature end of file.
2024-09-24 14:13:02,266 [ERROR] LogOutputStream:74 - [STDERR_REDIRECT] 
2024-09-24 14:13:02,321 [ERROR] LogOutputStream:74 - [STDERR_REDIRECT] [Fatal Error] :1:1: Premature end of file.
2024-09-24 14:13:02,322 [ERROR] LogOutputStream:74 - [STDERR_REDIRECT] 
2024-11-23 13:14:41,055 [INFO] Activator:178 - 


2024-11-23 13:14:41,059 [INFO] Activator:179 - !SESSION log4j initialized
2024-11-23 13:14:47,464 [ERROR] LogOutputStream:74 - [STDERR_REDIRECT] [Fatal Error] :1:1: Premature end of file.
2024-11-23 13:14:47,466 [ERROR] LogOutputStream:74 - [STDERR_REDIRECT] 
2024-11-23 13:14:47,519 [ERROR] LogOutputStream:74 - [STDERR_REDIRECT] [Fatal Error] :1:1: Premature end of file.
2024-11-23 13:14:47,520 [ERROR] LogOutputStream:74 - [STDERR_REDIRECT] 
2024-11-23 13:14:47,574 [ERROR] LogOutputStream:74 - [STDERR_REDIRECT] [Fatal Error] :1:1: Premature end of file.
2024-11-23 13:14:47,575 [ERROR] LogOutputStream:74 - [STDERR_REDIRECT] 
2024-11-23 13:19:04,181 [ERROR] LogOutputStream:74 - [STDERR_REDIRECT] [Fatal Error] :1:1: Premature end of file.
2024-11-23 13:19:04,181 [ERROR] LogOutputStream:74 - [STDERR_REDIRECT] 
2024-11-23 13:19:04,248 [ERROR] LogOutputStream:74 - [STDERR_REDIRECT] [Fatal Error] :1:1: Premature end of file.
2024-11-23 13:19:04,250 [ERROR] LogOutputStream:74 - [STDERR_REDIRECT] 
2024-11-23 13:19:04,634 [ERROR] LogOutputStream:74 - [STDERR_REDIRECT] [Fatal Error] :1:1: Premature end of file.
2024-11-23 13:19:04,635 [ERROR] LogOutputStream:74 - [STDERR_REDIRECT] 
2024-11-23 13:19:04,698 [ERROR] LogOutputStream:74 - [STDERR_REDIRECT] [Fatal Error] :1:1: Premature end of file.
2024-11-23 13:19:04,698 [ERROR] LogOutputStream:74 - [STDERR_REDIRECT] 
2024-11-23 13:19:04,777 [ERROR] LogOutputStream:74 - [STDERR_REDIRECT] [Fatal Error] :1:1: Premature end of file.
2024-11-23 13:19:04,777 [ERROR] LogOutputStream:74 - [STDERR_REDIRECT] 
2024-11-23 13:19:04,832 [ERROR] LogOutputStream:74 - [STDERR_REDIRECT] [Fatal Error] :1:1: Premature end of file.
2024-11-23 13:19:04,833 [ERROR] LogOutputStream:74 - [STDERR_REDIRECT] 
2024-11-23 13:19:04,887 [ERROR] LogOutputStream:74 - [STDERR_REDIRECT] [Fatal Error] :1:1: Premature end of file.
2024-11-23 13:19:04,887 [ERROR] LogOutputStream:74 - [STDERR_REDIRECT] 
2024-11-23 13:19:04,941 [ERROR] LogOutputStream:74 - [STDERR_REDIRECT] [Fatal Error] :1:1: Premature end of file.
2024-11-23 13:19:04,942 [ERROR] LogOutputStream:74 - [STDERR_REDIRECT] 
2024-11-23 13:19:05,001 [ERROR] LogOutputStream:74 - [STDERR_REDIRECT] [Fatal Error] :1:1: Premature end of file.
2024-11-23 13:19:05,001 [ERROR] LogOutputStream:74 - [STDERR_REDIRECT] 
2024-11-23 13:19:05,110 [ERROR] LogOutputStream:74 - [STDERR_REDIRECT] [Fatal Error] :1:1: Premature end of file.
2024-11-23 13:19:05,111 [ERROR] LogOutputStream:74 - [STDERR_REDIRECT] 
2024-11-23 13:19:05,658 [ERROR] LogOutputStream:74 - [STDERR_REDIRECT] [Fatal Error] :1:1: Premature end of file.
2024-11-23 13:19:05,658 [ERROR] LogOutputStream:74 - [STDERR_REDIRECT] 
2024-11-23 13:19:05,714 [ERROR] LogOutputStream:74 - [STDERR_REDIRECT] [Fatal Error] :1:1: Premature end of file.
2024-11-23 13:19:05,715 [ERROR] LogOutputStream:74 - [STDERR_REDIRECT] 
2024-11-23 13:22:23,604 [ERROR] LogOutputStream:74 - [STDERR_REDIRECT] [Fatal Error] :1:1: Premature end of file.
2024-11-23 13:22:23,604 [ERROR] LogOutputStream:74 - [STDERR_REDIRECT] 
2024-11-23 13:22:23,661 [ERROR] LogOutputStream:74 - [STDERR_REDIRECT] [Fatal Error] :1:1: Premature end of file.
2024-11-23 13:22:23,662 [ERROR] LogOutputStream:74 - [STDERR_REDIRECT] 
2024-11-23 13:22:23,715 [ERROR] LogOutputStream:74 - [STDERR_REDIRECT] [Fatal Error] :1:1: Premature end of file.
2024-11-23 13:22:23,715 [ERROR] LogOutputStream:74 - [STDERR_REDIRECT] 
2024-11-23 14:03:32,863 [ERROR] LogOutputStream:74 - [STDERR_REDIRECT] [Fatal Error] :1:1: Premature end of file.
2024-11-23 14:03:32,864 [ERROR] LogOutputStream:74 - [STDERR_REDIRECT] 
2024-11-23 14:03:32,920 [ERROR] LogOutputStream:74 - [STDERR_REDIRECT] [Fatal Error] :1:1: Premature end of file.
2024-11-23 14:03:32,921 [ERROR] LogOutputStream:74 - [STDERR_REDIRECT] 
2024-11-23 14:03:32,976 [ERROR] LogOutputStream:74 - [STDERR_REDIRECT] [Fatal Error] :1:1: Premature end of file.
2024-11-23 14:03:32,976 [ERROR] LogOutputStream:74 - [STDERR_REDIRECT] 
2024-11-23 14:03:52,873 [ERROR] LogOutputStream:74 - [STDERR_REDIRECT] [Fatal Error] :1:1: Premature end of file.
2024-11-23 14:03:52,874 [ERROR] LogOutputStream:74 - [STDERR_REDIRECT] 
2024-11-23 14:03:52,930 [ERROR] LogOutputStream:74 - [STDERR_REDIRECT] [Fatal Error] :1:1: Premature end of file.
2024-11-23 14:03:52,930 [ERROR] LogOutputStream:74 - [STDERR_REDIRECT] 
2024-11-23 14:03:52,983 [ERROR] LogOutputStream:74 - [STDERR_REDIRECT] [Fatal Error] :1:1: Premature end of file.
2024-11-23 14:03:52,983 [ERROR] LogOutputStream:74 - [STDERR_REDIRECT] 
2024-11-23 14:11:34,720 [ERROR] LogOutputStream:74 - [STDERR_REDIRECT] [Fatal Error] :1:1: Premature end of file.
2024-11-23 14:11:34,720 [ERROR] LogOutputStream:74 - [STDERR_REDIRECT] 
2024-11-23 14:11:34,776 [ERROR] LogOutputStream:74 - [STDERR_REDIRECT] [Fatal Error] :1:1: Premature end of file.
2024-11-23 14:11:34,776 [ERROR] LogOutputStream:74 - [STDERR_REDIRECT] 
2024-11-23 14:11:34,839 [ERROR] LogOutputStream:74 - [STDERR_REDIRECT] [Fatal Error] :1:1: Premature end of file.
2024-11-23 14:11:34,839 [ERROR] LogOutputStream:74 - [STDERR_REDIRECT] 
2024-11-23 14:45:15,274 [ERROR] LogOutputStream:74 - [STDERR_REDIRECT] [Fatal Error] :1:1: Premature end of file.
2024-11-23 14:45:15,275 [ERROR] LogOutputStream:74 - [STDERR_REDIRECT] 
2024-11-23 14:45:15,328 [ERROR] LogOutputStream:74 - [STDERR_REDIRECT] [Fatal Error] :1:1: Premature end of file.
2024-11-23 14:45:15,328 [ERROR] LogOutputStream:74 - [STDERR_REDIRECT] 
2024-11-23 14:45:15,380 [ERROR] LogOutputStream:74 - [STDERR_REDIRECT] [Fatal Error] :1:1: Premature end of file.
2024-11-23 14:45:15,381 [ERROR] LogOutputStream:74 - [STDERR_REDIRECT] 
2024-11-23 14:53:21,655 [ERROR] LogOutputStream:74 - [STDERR_REDIRECT] [Fatal Error] :1:1: Premature end of file.
2024-11-23 14:53:21,655 [ERROR] LogOutputStream:74 - [STDERR_REDIRECT] 
2024-11-23 14:53:21,708 [ERROR] LogOutputStream:74 - [STDERR_REDIRECT] [Fatal Error] :1:1: Premature end of file.
2024-11-23 14:53:21,708 [ERROR] LogOutputStream:74 - [STDERR_REDIRECT] 
2024-11-23 14:53:21,761 [ERROR] LogOutputStream:74 - [STDERR_REDIRECT] [Fatal Error] :1:1: Premature end of file.
2024-11-23 14:53:21,761 [ERROR] LogOutputStream:74 - [STDERR_REDIRECT] 
2024-11-23 14:53:37,230 [ERROR] LogOutputStream:74 - [STDERR_REDIRECT] [Fatal Error] :1:1: Premature end of file.
2024-11-23 14:53:37,231 [ERROR] LogOutputStream:74 - [STDERR_REDIRECT] 
2024-11-23 14:53:37,284 [ERROR] LogOutputStream:74 - [STDERR_REDIRECT] [Fatal Error] :1:1: Premature end of file.
2024-11-23 14:53:37,284 [ERROR] LogOutputStream:74 - [STDERR_REDIRECT] 
2024-11-23 14:53:37,339 [ERROR] LogOutputStream:74 - [STDERR_REDIRECT] [Fatal Error] :1:1: Premature end of file.
2024-11-23 14:53:37,339 [ERROR] LogOutputStream:74 - [STDERR_REDIRECT] 
2024-11-23 18:15:31,246 [ERROR] LogOutputStream:74 - [STDERR_REDIRECT] [Fatal Error] :1:1: Premature end of file.
2024-11-23 18:15:31,247 [ERROR] LogOutputStream:74 - [STDERR_REDIRECT] 
2024-11-23 18:15:31,303 [ERROR] LogOutputStream:74 - [STDERR_REDIRECT] [Fatal Error] :1:1: Premature end of file.
2024-11-23 18:15:31,303 [ERROR] LogOutputStream:74 - [STDERR_REDIRECT] 
2024-11-23 18:15:31,359 [ERROR] LogOutputStream:74 - [STDERR_REDIRECT] [Fatal Error] :1:1: Premature end of file.
2024-11-23 18:15:31,359 [ERROR] LogOutputStream:74 - [STDERR_REDIRECT] 
2024-11-23 18:32:33,892 [ERROR] LogOutputStream:74 - [STDERR_REDIRECT] [Fatal Error] :1:1: Premature end of file.
2024-11-23 18:32:33,893 [ERROR] LogOutputStream:74 - [STDERR_REDIRECT] 
2024-11-23 18:32:33,954 [ERROR] LogOutputStream:74 - [STDERR_REDIRECT] [Fatal Error] :1:1: Premature end of file.
2024-11-23 18:32:33,954 [ERROR] LogOutputStream:74 - [STDERR_REDIRECT] 
2024-11-23 18:32:34,008 [ERROR] LogOutputStream:74 - [STDERR_REDIRECT] [Fatal Error] :1:1: Premature end of file.
2024-11-23 18:32:34,009 [ERROR] LogOutputStream:74 - [STDERR_REDIRECT] 
2024-11-23 18:32:41,925 [INFO] Activator:178 - 


2024-11-23 18:32:41,929 [INFO] Activator:179 - !SESSION log4j initialized
2024-11-23 18:32:45,807 [ERROR] LogOutputStream:74 - [STDERR_REDIRECT] [Fatal Error] :1:1: Premature end of file.
2024-11-23 18:32:45,809 [ERROR] LogOutputStream:74 - [STDERR_REDIRECT] 
2024-11-23 18:32:45,881 [ERROR] LogOutputStream:74 - [STDERR_REDIRECT] [Fatal Error] :1:1: Premature end of file.
2024-11-23 18:32:45,881 [ERROR] LogOutputStream:74 - [STDERR_REDIRECT] 
2024-11-23 18:32:45,939 [ERROR] LogOutputStream:74 - [STDERR_REDIRECT] [Fatal Error] :1:1: Premature end of file.
2024-11-23 18:32:45,940 [ERROR] LogOutputStream:74 - [STDERR_REDIRECT] 
2024-11-23 18:34:48,040 [ERROR] LogOutputStream:74 - [STDERR_REDIRECT] [Fatal Error] :1:1: Premature end of file.
2024-11-23 18:34:48,040 [ERROR] LogOutputStream:74 - [STDERR_REDIRECT] 
2024-11-23 18:34:48,120 [ERROR] LogOutputStream:74 - [STDERR_REDIRECT] [Fatal Error] :1:1: Premature end of file.
2024-11-23 18:34:48,120 [ERROR] LogOutputStream:74 - [STDERR_REDIRECT] 
2024-11-23 18:34:48,204 [ERROR] LogOutputStream:74 - [STDERR_REDIRECT] [Fatal Error] :1:1: Premature end of file.
2024-11-23 18:34:48,205 [ERROR] LogOutputStream:74 - [STDERR_REDIRECT] 
2024-11-23 18:34:48,272 [ERROR] LogOutputStream:74 - [STDERR_REDIRECT] [Fatal Error] :1:1: Premature end of file.
2024-11-23 18:34:48,272 [ERROR] LogOutputStream:74 - [STDERR_REDIRECT] 
2024-11-23 18:34:48,356 [ERROR] LogOutputStream:74 - [STDERR_REDIRECT] [Fatal Error] :1:1: Premature end of file.
2024-11-23 18:34:48,356 [ERROR] LogOutputStream:74 - [STDERR_REDIRECT] 
2024-11-23 18:34:48,419 [ERROR] LogOutputStream:74 - [STDERR_REDIRECT] [Fatal Error] :1:1: Premature end of file.
2024-11-23 18:34:48,419 [ERROR] LogOutputStream:74 - [STDERR_REDIRECT] 
2024-11-23 18:34:48,489 [ERROR] LogOutputStream:74 - [STDERR_REDIRECT] [Fatal Error] :1:1: Premature end of file.
2024-11-23 18:34:48,489 [ERROR] LogOutputStream:74 - [STDERR_REDIRECT] 
2024-11-23 18:34:48,548 [ERROR] LogOutputStream:74 - [STDERR_REDIRECT] [Fatal Error] :1:1: Premature end of file.
2024-11-23 18:34:48,549 [ERROR] LogOutputStream:74 - [STDERR_REDIRECT] 
2024-11-23 18:34:48,623 [ERROR] LogOutputStream:74 - [STDERR_REDIRECT] [Fatal Error] :1:1: Premature end of file.
2024-11-23 18:34:48,623 [ERROR] LogOutputStream:74 - [STDERR_REDIRECT] 
2024-11-23 18:34:48,694 [ERROR] LogOutputStream:74 - [STDERR_REDIRECT] [Fatal Error] :1:1: Premature end of file.
2024-11-23 18:34:48,695 [ERROR] LogOutputStream:74 - [STDERR_REDIRECT] 
2024-11-23 18:34:48,794 [ERROR] LogOutputStream:74 - [STDERR_REDIRECT] [Fatal Error] :1:1: Premature end of file.
2024-11-23 18:34:48,795 [ERROR] LogOutputStream:74 - [STDERR_REDIRECT] 
2024-11-23 18:34:48,868 [ERROR] LogOutputStream:74 - [STDERR_REDIRECT] [Fatal Error] :1:1: Premature end of file.
2024-11-23 18:34:48,869 [ERROR] LogOutputStream:74 - [STDERR_REDIRECT] 
2024-11-23 18:47:21,140 [ERROR] LogOutputStream:74 - [STDERR_REDIRECT] [Fatal Error] :1:1: Premature end of file.
2024-11-23 18:47:21,141 [ERROR] LogOutputStream:74 - [STDERR_REDIRECT] 
2024-11-23 18:47:21,203 [ERROR] LogOutputStream:74 - [STDERR_REDIRECT] [Fatal Error] :1:1: Premature end of file.
2024-11-23 18:47:21,203 [ERROR] LogOutputStream:74 - [STDERR_REDIRECT] 
2024-11-23 18:47:21,263 [ERROR] LogOutputStream:74 - [STDERR_REDIRECT] [Fatal Error] :1:1: Premature end of file.
2024-11-23 18:47:21,264 [ERROR] LogOutputStream:74 - [STDERR_REDIRECT] 
