2024-08-19 17:36:58,651 [INFO] Activator:178 - 


2024-08-19 17:36:58,655 [INFO] Activator:179 - !SESSION log4j initialized
2024-08-19 17:37:01,437 [ERROR] LogOutputStream:74 - [STDERR_REDIRECT] [Fatal Error] :1:1: Premature end of file.
2024-08-19 17:37:01,439 [ERROR] LogOutputStream:74 - [STDERR_REDIRECT] 
2024-08-19 17:37:01,490 [ERROR] LogOutputStream:74 - [STDERR_REDIRECT] [Fatal Error] :1:1: Premature end of file.
2024-08-19 17:37:01,491 [ERROR] LogOutputStream:74 - [STDERR_REDIRECT] 
2024-08-19 17:37:01,541 [ERROR] LogOutputStream:74 - [STDERR_REDIRECT] [Fatal Error] :1:1: Premature end of file.
2024-08-19 17:37:01,542 [ERROR] LogOutputStream:74 - [STDERR_REDIRECT] 
2024-08-19 17:37:11,578 [INFO] ApplicationProperties:181 - Using Application install path: C:\ST\STM32CubeIDE_1.4.0\STM32CubeIDE\plugins\com.st.stm32cube.common.mx_6.0.0.202007160824
2024-08-19 17:37:11,588 [INFO] DbMcusXml:70 - Set database path to: C:\ST\STM32CubeIDE_1.4.0\STM32CubeIDE\plugins\com.st.stm32cube.common.mx_6.0.0.202007160824\\db\/mcu/
2024-08-19 17:37:11,591 [INFO] DbBoardsPdsc:56 - Set plugin database path to: C:\ST\STM32CubeIDE_1.4.0\STM32CubeIDE\plugins\com.st.stm32cube.common.mx_6.0.0.202007160824\\db\/plugins/boardmanager/
2024-08-19 17:37:11,591 [INFO] DbMcus:258 - Set plugin images path to: C:\ST\STM32CubeIDE_1.4.0\STM32CubeIDE\plugins\com.st.stm32cube.common.mx_6.0.0.202007160824\\db\/plugins/mcufinder/images/
2024-08-19 17:37:11,591 [INFO] DbBoards:264 - Set plugin images path to: C:\ST\STM32CubeIDE_1.4.0\STM32CubeIDE\plugins\com.st.stm32cube.common.mx_6.0.0.202007160824\\db\/plugins/mcufinder/images/
2024-08-19 17:37:11,594 [INFO] DbExamples:326 - Set plugin images path to: C:\ST\STM32CubeIDE_1.4.0\STM32CubeIDE\plugins\com.st.stm32cube.common.mx_6.0.0.202007160824\\db\/plugins/mcufinder/images/
2024-08-19 17:37:11,602 [INFO] DbMcusDocs:112 - Set database path to: C:\Users\Younis\.stmcufinder\plugins\mcufinder//mcu/
2024-08-19 17:37:11,604 [INFO] DbMcusJson:63 - Set database path to: C:\Users\Younis\.stmcufinder\plugins\mcufinder//mcu/
2024-08-19 17:37:11,604 [INFO] DbBoardsDocs:112 - Set database path to: C:\Users\Younis\.stmcufinder\plugins\mcufinder//mcu/
2024-08-19 17:37:11,605 [INFO] DbBoardsJson:56 - Set database path to: C:\Users\Younis\.stmcufinder\plugins\mcufinder//mcu/
2024-08-19 17:37:11,610 [INFO] CrossReferenceDbSqlite:196 - Set database path to: C:\Users\Younis\.stmcufinder\plugins\mcufinder//mcu/cs/
2024-08-19 17:37:11,613 [INFO] DbExamplesSqlite:800 - Set database path to: C:\Users\Younis\.stmcufinder\plugins\mcufinder//mcu/
2024-08-19 17:37:11,708 [INFO] RulesReader:52 - Compatibility file has been processed (209 Rules)
2024-08-19 17:37:11,781 [INFO] MicroXplorer:564 - Detected Java Version = 1.8.0_252
2024-08-19 17:37:11,781 [INFO] DbMcusXml:70 - Set database path to: C:\ST\STM32CubeIDE_1.4.0\STM32CubeIDE\plugins\com.st.stm32cube.common.mx_6.0.0.202007160824\\db\/mcu/
2024-08-19 17:37:11,781 [INFO] DbBoardsPdsc:56 - Set plugin database path to: C:\ST\STM32CubeIDE_1.4.0\STM32CubeIDE\plugins\com.st.stm32cube.common.mx_6.0.0.202007160824\\db\/plugins/boardmanager/
2024-08-19 17:37:11,782 [INFO] DbMcus:258 - Set plugin images path to: C:\ST\STM32CubeIDE_1.4.0\STM32CubeIDE\plugins\com.st.stm32cube.common.mx_6.0.0.202007160824\\db\/plugins/mcufinder/images/
2024-08-19 17:37:11,782 [INFO] DbBoards:264 - Set plugin images path to: C:\ST\STM32CubeIDE_1.4.0\STM32CubeIDE\plugins\com.st.stm32cube.common.mx_6.0.0.202007160824\\db\/plugins/mcufinder/images/
2024-08-19 17:37:11,782 [INFO] DbExamples:326 - Set plugin images path to: C:\ST\STM32CubeIDE_1.4.0\STM32CubeIDE\plugins\com.st.stm32cube.common.mx_6.0.0.202007160824\\db\/plugins/mcufinder/images/
2024-08-19 17:37:11,782 [WARN] DbFile:36 - Overriding database path with different value: C:\Users\Younis\.stmcufinder\plugins\mcufinder/ => C:\Users\Younis\.stmcufinder\plugins\mcufinder
2024-08-19 17:37:11,782 [INFO] DbMcusDocs:112 - Set database path to: C:\Users\Younis\.stmcufinder\plugins\mcufinder//mcu/
2024-08-19 17:37:11,782 [WARN] DbFile:36 - Overriding database path with different value: C:\Users\Younis\.stmcufinder\plugins\mcufinder/ => C:\Users\Younis\.stmcufinder\plugins\mcufinder
2024-08-19 17:37:11,783 [INFO] DbMcusJson:63 - Set database path to: C:\Users\Younis\.stmcufinder\plugins\mcufinder//mcu/
2024-08-19 17:37:11,783 [WARN] DbFile:36 - Overriding database path with different value: C:\Users\Younis\.stmcufinder\plugins\mcufinder/ => C:\Users\Younis\.stmcufinder\plugins\mcufinder
2024-08-19 17:37:11,783 [INFO] DbBoardsDocs:112 - Set database path to: C:\Users\Younis\.stmcufinder\plugins\mcufinder//mcu/
2024-08-19 17:37:11,783 [WARN] DbFile:36 - Overriding database path with different value: C:\Users\Younis\.stmcufinder\plugins\mcufinder/ => C:\Users\Younis\.stmcufinder\plugins\mcufinder
2024-08-19 17:37:11,783 [INFO] DbBoardsJson:56 - Set database path to: C:\Users\Younis\.stmcufinder\plugins\mcufinder//mcu/
2024-08-19 17:37:11,783 [WARN] DbFile:36 - Overriding database path with different value: C:\Users\Younis\.stmcufinder\plugins\mcufinder/ => C:\Users\Younis\.stmcufinder\plugins\mcufinder
2024-08-19 17:37:11,783 [WARN] DbFile:36 - Overriding database path with different value: C:\Users\Younis\.stmcufinder\plugins\mcufinder/ => C:\Users\Younis\.stmcufinder\plugins\mcufinder
2024-08-19 17:37:11,783 [INFO] CrossReferenceDbSqlite:196 - Set database path to: C:\Users\Younis\.stmcufinder\plugins\mcufinder//mcu/cs/
2024-08-19 17:37:11,783 [WARN] DbFile:36 - Overriding database path with different value: C:\Users\Younis\.stmcufinder\plugins\mcufinder/ => C:\Users\Younis\.stmcufinder\plugins\mcufinder
2024-08-19 17:37:11,784 [INFO] DbExamplesSqlite:800 - Set database path to: C:\Users\Younis\.stmcufinder\plugins\mcufinder//mcu/
2024-08-19 17:37:11,867 [INFO] MainPanel:189 - HeapMemory: 310378496
2024-08-19 17:37:11,948 [INFO] DbMcusXml:70 - Set database path to: C:\ST\STM32CubeIDE_1.4.0\STM32CubeIDE\plugins\com.st.stm32cube.common.mx_6.0.0.202007160824\\db\/mcu/
2024-08-19 17:37:11,948 [INFO] DbBoardsPdsc:56 - Set plugin database path to: C:\ST\STM32CubeIDE_1.4.0\STM32CubeIDE\plugins\com.st.stm32cube.common.mx_6.0.0.202007160824\\db\/plugins/boardmanager/
2024-08-19 17:37:11,948 [INFO] DbMcus:258 - Set plugin images path to: C:\ST\STM32CubeIDE_1.4.0\STM32CubeIDE\plugins\com.st.stm32cube.common.mx_6.0.0.202007160824\\db\/plugins/mcufinder/images/
2024-08-19 17:37:11,948 [INFO] DbBoards:264 - Set plugin images path to: C:\ST\STM32CubeIDE_1.4.0\STM32CubeIDE\plugins\com.st.stm32cube.common.mx_6.0.0.202007160824\\db\/plugins/mcufinder/images/
2024-08-19 17:37:11,948 [INFO] DbExamples:326 - Set plugin images path to: C:\ST\STM32CubeIDE_1.4.0\STM32CubeIDE\plugins\com.st.stm32cube.common.mx_6.0.0.202007160824\\db\/plugins/mcufinder/images/
2024-08-19 17:37:11,949 [WARN] DbFile:36 - Overriding database path with different value: C:\Users\Younis\.stmcufinder\plugins\mcufinder/ => C:\Users\Younis\.stmcufinder\plugins\mcufinder
2024-08-19 17:37:11,949 [INFO] DbMcusDocs:112 - Set database path to: C:\Users\Younis\.stmcufinder\plugins\mcufinder//mcu/
2024-08-19 17:37:11,949 [WARN] DbFile:36 - Overriding database path with different value: C:\Users\Younis\.stmcufinder\plugins\mcufinder/ => C:\Users\Younis\.stmcufinder\plugins\mcufinder
2024-08-19 17:37:11,949 [INFO] DbMcusJson:63 - Set database path to: C:\Users\Younis\.stmcufinder\plugins\mcufinder//mcu/
2024-08-19 17:37:11,949 [WARN] DbFile:36 - Overriding database path with different value: C:\Users\Younis\.stmcufinder\plugins\mcufinder/ => C:\Users\Younis\.stmcufinder\plugins\mcufinder
2024-08-19 17:37:11,950 [INFO] DbBoardsDocs:112 - Set database path to: C:\Users\Younis\.stmcufinder\plugins\mcufinder//mcu/
2024-08-19 17:37:11,950 [WARN] DbFile:36 - Overriding database path with different value: C:\Users\Younis\.stmcufinder\plugins\mcufinder/ => C:\Users\Younis\.stmcufinder\plugins\mcufinder
2024-08-19 17:37:11,950 [INFO] DbBoardsJson:56 - Set database path to: C:\Users\Younis\.stmcufinder\plugins\mcufinder//mcu/
2024-08-19 17:37:11,950 [WARN] DbFile:36 - Overriding database path with different value: C:\Users\Younis\.stmcufinder\plugins\mcufinder/ => C:\Users\Younis\.stmcufinder\plugins\mcufinder
2024-08-19 17:37:11,950 [WARN] DbFile:36 - Overriding database path with different value: C:\Users\Younis\.stmcufinder\plugins\mcufinder/ => C:\Users\Younis\.stmcufinder\plugins\mcufinder
2024-08-19 17:37:11,950 [INFO] CrossReferenceDbSqlite:196 - Set database path to: C:\Users\Younis\.stmcufinder\plugins\mcufinder//mcu/cs/
2024-08-19 17:37:11,950 [WARN] DbFile:36 - Overriding database path with different value: C:\Users\Younis\.stmcufinder\plugins\mcufinder/ => C:\Users\Younis\.stmcufinder\plugins\mcufinder
2024-08-19 17:37:11,950 [INFO] DbExamplesSqlite:800 - Set database path to: C:\Users\Younis\.stmcufinder\plugins\mcufinder//mcu/
2024-08-19 17:37:11,967 [INFO] ApplicationProperties:181 - Using Application install path: C:\ST\STM32CubeIDE_1.4.0\STM32CubeIDE\plugins\com.st.stm32cube.common.mx_6.0.0.202007160824
2024-08-19 17:37:11,968 [INFO] PluginManage:178 - Search for loadable plugins [exclusion list=, ]
2024-08-19 17:37:11,969 [INFO] PluginManage:292 - Check plugin analytics
2024-08-19 17:37:12,088 [INFO] AnalyticsPlugin:203 - Accepted Software Licenses: 
2024-08-19 17:37:12,089 [INFO] AnalyticsPlugin:205 - Accepted CMSIS Pack Licenses: 
2024-08-19 17:37:12,089 [INFO] AnalyticsPlugin:207 - Accepted Firmware Licenses: 
2024-08-19 17:37:12,089 [INFO] PluginManage:342 - Loaded plugin analytics (category:tool,tabindex:-1)
2024-08-19 17:37:12,089 [INFO] PluginManage:292 - Check plugin clock
2024-08-19 17:37:12,108 [INFO] PluginManage:342 - Loaded plugin clock (category:base,tabindex:2)
2024-08-19 17:37:12,109 [INFO] PluginManage:292 - Check plugin ddr
2024-08-19 17:37:12,111 [INFO] PluginManage:342 - Loaded plugin ddr (category:tool,tabindex:6)
2024-08-19 17:37:12,111 [INFO] PluginManage:292 - Check plugin filemanager
2024-08-19 17:37:12,193 [ERROR] LogOutputStream:74 - [STDERR_REDIRECT] [Fatal Error] :1:1: Premature end of file.
2024-08-19 17:37:12,193 [ERROR] LogOutputStream:74 - [STDERR_REDIRECT] 
2024-08-19 17:37:12,215 [INFO] PluginManage:342 - Loaded plugin filemanager (category:base,tabindex:10)
2024-08-19 17:37:12,215 [INFO] PluginManage:292 - Check plugin ipmanager
2024-08-19 17:37:12,222 [INFO] PluginManage:342 - Loaded plugin ipmanager (category:base,tabindex:5)
2024-08-19 17:37:12,222 [INFO] PluginManage:292 - Check plugin pinoutandconfiguration
2024-08-19 17:37:12,237 [INFO] PluginManage:342 - Loaded plugin pinoutandconfiguration (category:base,tabindex:1)
2024-08-19 17:37:12,237 [INFO] PluginManage:292 - Check plugin pinoutconfig
2024-08-19 17:37:12,243 [ERROR] LogOutputStream:74 - [STDERR_REDIRECT] [Fatal Error] :1:1: Premature end of file.
2024-08-19 17:37:12,243 [ERROR] LogOutputStream:74 - [STDERR_REDIRECT] 
2024-08-19 17:37:12,272 [INFO] PluginManage:342 - Loaded plugin pinoutconfig (category:base,tabindex:0)
2024-08-19 17:37:12,272 [INFO] PluginManage:292 - Check plugin power
2024-08-19 17:37:12,288 [INFO] PluginManage:342 - Loaded plugin power (category:power,tabindex:4)
2024-08-19 17:37:12,288 [INFO] PluginManage:292 - Check plugin projectmanager
2024-08-19 17:37:12,295 [ERROR] LogOutputStream:74 - [STDERR_REDIRECT] [Fatal Error] :1:1: Premature end of file.
2024-08-19 17:37:12,297 [ERROR] LogOutputStream:74 - [STDERR_REDIRECT] 
2024-08-19 17:37:12,305 [INFO] PluginManage:342 - Loaded plugin projectmanager (category:projectmanager,tabindex:3)
2024-08-19 17:37:12,305 [INFO] PluginManage:292 - Check plugin thirdparty
2024-08-19 17:37:12,476 [INFO] ThirdPartyDb:333 - Open Third Party DataBase File (C:/Users/Younis/.stm32cubemx/plugins/thirdparty/db/thirdparties_db.xml) : 53 ms. number of Sw pack : 56
2024-08-19 17:37:12,480 [INFO] PluginManage:342 - Loaded plugin thirdparty (category:base,tabindex:-1)
2024-08-19 17:37:12,480 [INFO] PluginManage:292 - Check plugin tools
2024-08-19 17:37:12,547 [INFO] PluginManage:342 - Loaded plugin tools (category:base,tabindex:7)
2024-08-19 17:37:12,547 [INFO] PluginManage:292 - Check plugin tutovideos
2024-08-19 17:37:12,754 [INFO] PluginManage:342 - Loaded plugin tutovideos (category:base,tabindex:-1)
2024-08-19 17:37:12,754 [INFO] PluginManage:292 - Check plugin updater
2024-08-19 17:37:12,764 [INFO] PluginManage:342 - Loaded plugin updater (category:base,tabindex:12)
2024-08-19 17:37:12,764 [INFO] PluginManage:265 - PluginManage : Loaded plugins [13]
2024-08-19 17:37:12,915 [INFO] PinOutPanel:1418 - setPackage(No Configuration,No Configuration)
2024-08-19 17:37:13,001 [INFO] IPUIPlugin:64 - create IPUIPlugin
2024-08-19 17:37:13,001 [INFO] PluginManager:200 - loadIPPluginJar : add adc
2024-08-19 17:37:13,041 [INFO] IPUIPlugin:64 - create IPUIPlugin
2024-08-19 17:37:13,041 [INFO] PluginManager:200 - loadIPPluginJar : add aes
2024-08-19 17:37:13,088 [INFO] IPUIPlugin:64 - create IPUIPlugin
2024-08-19 17:37:13,088 [INFO] PluginManager:200 - loadIPPluginJar : add can
2024-08-19 17:37:13,121 [INFO] IPUIPlugin:64 - create IPUIPlugin
2024-08-19 17:37:13,121 [INFO] PluginManager:200 - loadIPPluginJar : add comp
2024-08-19 17:37:13,160 [INFO] IPUIPlugin:64 - create IPUIPlugin
2024-08-19 17:37:13,161 [INFO] PluginManager:200 - loadIPPluginJar : add cryp
2024-08-19 17:37:13,203 [INFO] IPUIPlugin:64 - create IPUIPlugin
2024-08-19 17:37:13,203 [INFO] PluginManager:200 - loadIPPluginJar : add dfsdm
2024-08-19 17:37:13,215 [INFO] IPUIPlugin:64 - create IPUIPlugin
2024-08-19 17:37:13,215 [INFO] PluginManager:200 - loadIPPluginJar : add dma
2024-08-19 17:37:13,244 [INFO] IPUIPlugin:64 - create IPUIPlugin
2024-08-19 17:37:13,244 [INFO] PluginManager:200 - loadIPPluginJar : add fatfs
2024-08-19 17:37:13,301 [INFO] IPUIPlugin:64 - create IPUIPlugin
2024-08-19 17:37:13,301 [INFO] PluginManager:200 - loadIPPluginJar : add fmc
2024-08-19 17:37:13,313 [INFO] IPUIPlugin:64 - create IPUIPlugin
2024-08-19 17:37:13,313 [INFO] PluginManager:200 - loadIPPluginJar : add freertos
2024-08-19 17:37:13,342 [INFO] IPUIPlugin:64 - create IPUIPlugin
2024-08-19 17:37:13,342 [INFO] PluginManager:200 - loadIPPluginJar : add genericplugin
2024-08-19 17:37:13,437 [INFO] IPUIPlugin:64 - create IPUIPlugin
2024-08-19 17:37:13,437 [INFO] PluginManager:200 - loadIPPluginJar : add gfxmmu
2024-08-19 17:37:13,585 [INFO] IPUIPlugin:64 - create IPUIPlugin
2024-08-19 17:37:13,585 [INFO] PluginManager:200 - loadIPPluginJar : add gic
2024-08-19 17:37:13,597 [INFO] IPUIPlugin:64 - create IPUIPlugin
2024-08-19 17:37:13,597 [INFO] PluginManager:200 - loadIPPluginJar : add gpio
2024-08-19 17:37:13,665 [INFO] IPUIPlugin:64 - create IPUIPlugin
2024-08-19 17:37:13,665 [INFO] PluginManager:200 - loadIPPluginJar : add gtzc
2024-08-19 17:37:13,699 [INFO] IPUIPlugin:64 - create IPUIPlugin
2024-08-19 17:37:13,699 [INFO] PluginManager:200 - loadIPPluginJar : add hash
2024-08-19 17:37:13,758 [INFO] IPUIPlugin:64 - create IPUIPlugin
2024-08-19 17:37:13,758 [INFO] PluginManager:200 - loadIPPluginJar : add i2c
2024-08-19 17:37:13,803 [INFO] IPUIPlugin:64 - create IPUIPlugin
2024-08-19 17:37:13,803 [INFO] PluginManager:200 - loadIPPluginJar : add i2s
2024-08-19 17:37:13,812 [INFO] IPUIPlugin:64 - create IPUIPlugin
2024-08-19 17:37:13,812 [INFO] PluginManager:200 - loadIPPluginJar : add ipddr
2024-08-19 17:37:13,858 [INFO] IPUIPlugin:64 - create IPUIPlugin
2024-08-19 17:37:13,859 [INFO] PluginManager:200 - loadIPPluginJar : add ltdc
2024-08-19 17:37:13,871 [INFO] IPUIPlugin:64 - create IPUIPlugin
2024-08-19 17:37:13,872 [INFO] PluginManager:200 - loadIPPluginJar : add mdma
2024-08-19 17:37:13,882 [INFO] IPUIPlugin:64 - create IPUIPlugin
2024-08-19 17:37:13,882 [INFO] PluginManager:200 - loadIPPluginJar : add nvic
2024-08-19 17:37:13,928 [INFO] IPUIPlugin:64 - create IPUIPlugin
2024-08-19 17:37:13,928 [INFO] PluginManager:200 - loadIPPluginJar : add opamp
2024-08-19 17:37:14,017 [INFO] IPUIPlugin:64 - create IPUIPlugin
2024-08-19 17:37:14,017 [INFO] PluginManager:200 - loadIPPluginJar : add openamp
2024-08-19 17:37:14,077 [INFO] IPUIPlugin:64 - create IPUIPlugin
2024-08-19 17:37:14,078 [INFO] PluginManager:200 - loadIPPluginJar : add pdm2pcm
2024-08-19 17:37:14,092 [INFO] IPUIPlugin:64 - create IPUIPlugin
2024-08-19 17:37:14,095 [INFO] PluginManager:200 - loadIPPluginJar : add plateformsettings
2024-08-19 17:37:14,125 [INFO] IPUIPlugin:64 - create IPUIPlugin
2024-08-19 17:37:14,125 [INFO] PluginManager:200 - loadIPPluginJar : add quadspi
2024-08-19 17:37:14,135 [INFO] IPUIPlugin:64 - create IPUIPlugin
2024-08-19 17:37:14,135 [INFO] PluginManager:200 - loadIPPluginJar : add resmgrutility
2024-08-19 17:37:14,195 [INFO] IPUIPlugin:64 - create IPUIPlugin
2024-08-19 17:37:14,195 [INFO] PluginManager:200 - loadIPPluginJar : add sai
2024-08-19 17:37:14,239 [INFO] IPUIPlugin:64 - create IPUIPlugin
2024-08-19 17:37:14,240 [INFO] PluginManager:200 - loadIPPluginJar : add spi
2024-08-19 17:37:14,297 [INFO] IPUIPlugin:64 - create IPUIPlugin
2024-08-19 17:37:14,298 [INFO] PluginManager:200 - loadIPPluginJar : add stm32_wpan
2024-08-19 17:37:14,335 [INFO] IPUIPlugin:64 - create IPUIPlugin
2024-08-19 17:37:14,335 [INFO] PluginManager:200 - loadIPPluginJar : add tim
2024-08-19 17:37:14,409 [INFO] IPUIPlugin:64 - create IPUIPlugin
2024-08-19 17:37:14,409 [INFO] PluginManager:200 - loadIPPluginJar : add touchsensing
2024-08-19 17:37:14,443 [INFO] IPUIPlugin:64 - create IPUIPlugin
2024-08-19 17:37:14,443 [INFO] PluginManager:200 - loadIPPluginJar : add tracer_emb
2024-08-19 17:37:14,478 [INFO] IPUIPlugin:64 - create IPUIPlugin
2024-08-19 17:37:14,479 [INFO] PluginManager:200 - loadIPPluginJar : add ts
2024-08-19 17:37:14,511 [INFO] IPUIPlugin:64 - create IPUIPlugin
2024-08-19 17:37:14,512 [INFO] PluginManager:200 - loadIPPluginJar : add tsc
2024-08-19 17:37:14,541 [INFO] IPUIPlugin:64 - create IPUIPlugin
2024-08-19 17:37:14,541 [INFO] PluginManager:200 - loadIPPluginJar : add ucpd
2024-08-19 17:37:14,590 [INFO] IPUIPlugin:64 - create IPUIPlugin
2024-08-19 17:37:14,591 [INFO] PluginManager:200 - loadIPPluginJar : add usart
2024-08-19 17:37:16,087 [INFO] CubeProgrammer:457 - [DDR PANEL] - PathOfProgrammer: null
2024-08-19 17:37:16,839 [FATAL] Updater:282 - Updater called before beeing initialized
2024-08-19 17:37:16,988 [FATAL] Updater:282 - Updater called before beeing initialized
2024-08-19 17:37:16,988 [WARN] ThirdParty:775 - waiting for thirdparty lock release [close project]
2024-08-19 17:37:16,988 [INFO] ThirdParty:777 - entering critical section [close project]
2024-08-19 17:37:16,989 [INFO] ThirdParty:790 - exiting critical section [close project]
2024-08-19 17:37:16,992 [INFO] PinOutPanel:1418 - setPackage(No Configuration,No Configuration)
2024-08-19 17:37:16,992 [FATAL] Updater:282 - Updater called before beeing initialized
2024-08-19 17:37:17,022 [ERROR] Updater:967 - MainUpdater not yet initialized. External WinMGr cannot be set.
2024-08-19 17:37:17,024 [INFO] CubeProgrammer:457 - [DDR PANEL] - PathOfProgrammer: C:\ST\STM32CubeIDE_1.4.0\STM32CubeIDE\plugins\com.st.stm32cube.ide.mcu.externaltools.cubeprogrammer.win32_1.4.0.202007081208\tools\bin
2024-08-19 17:37:17,025 [INFO] ProgrammerExecThread:148 - [ProgrammerAPI] CubeProgrammer command construction: C:\ST\STM32CubeIDE_1.4.0\STM32CubeIDE\plugins\com.st.stm32cube.ide.mcu.externaltools.cubeprogrammer.win32_1.4.0.202007081208\tools\bin\STM32_Programmer_CLI.exe -l
2024-08-19 17:37:17,347 [INFO] MainDdrPanel:49 - [DDR PANEL] SETTER - Set cubeProgrammerPath to: C:\ST\STM32CubeIDE_1.4.0\STM32CubeIDE\plugins\com.st.stm32cube.ide.mcu.externaltools.cubeprogrammer.win32_1.4.0.202007081208\tools\bin
2024-08-19 17:37:17,452 [INFO] Updater:904 - Updater Version found : 6.0.0
2024-08-19 17:37:17,473 [INFO] ApplicationProperties:181 - Using Application install path: C:\ST\STM32CubeIDE_1.4.0\STM32CubeIDE\plugins\com.st.stm32cube.common.mx_6.0.0.202007160824
2024-08-19 17:37:18,105 [INFO] MainUpdater:2268 - connection check result : 10
2024-08-19 17:37:18,105 [INFO] MainUpdater:2935 - Updater definition file requires update
2024-08-19 17:37:18,106 [INFO] MainUpdater:239 - Updater Check For Update Now.
2024-08-19 17:37:18,106 [INFO] MicroXplorer:414 - Change Database Version : DB.6.0.0
2024-08-19 17:37:18,381 [INFO] ServerAccessManage:348 - Download File updaters.zip
2024-08-19 17:37:18,505 [WARN] IntegrityCheckThread:61 - waiting for thirdparty lock release [integrity check]
2024-08-19 17:37:18,505 [INFO] IntegrityCheckThread:63 - entering critical section [integrity check]
2024-08-19 17:37:18,505 [WARN] MainUpdater:1087 - Updater busy. Cannot search thirdparties
2024-08-19 17:37:18,554 [INFO] FileExtend:225 - Unzip File : updaters.zip
2024-08-19 17:37:18,554 [INFO] FileExtend:240 - Standard Zip Deflate
2024-08-19 17:37:19,505 [INFO] ServerAccessManage:348 - Download File PacksControlFlags.xml
2024-08-19 17:37:19,817 [INFO] ServerAccessManage:348 - Download File cubemx.pidx
2024-08-19 17:37:20,791 [INFO] ServerAccessManage:348 - Download File STMicroelectronics.X-CUBE-MEMS1.pdsc
2024-08-19 17:37:21,518 [WARN] MainUpdater:1087 - Updater busy. Cannot search thirdparties
2024-08-19 17:37:24,520 [WARN] MainUpdater:1087 - Updater busy. Cannot search thirdparties
2024-08-19 17:37:27,526 [WARN] MainUpdater:1087 - Updater busy. Cannot search thirdparties
2024-08-19 17:37:28,114 [INFO] CheckServerUpdateThread:102 - End of CheckServer Thread
2024-08-19 17:37:28,164 [INFO] MainUpdater:2268 - connection check result : 10
2024-08-19 17:37:28,463 [INFO] ThirdPartyDb:299 - Save Third Party DataBase File (C:/Users/Younis/.stm32cubemx/plugins/thirdparty/db/thirdparties_db.xml) [forced]
2024-08-19 17:37:28,513 [INFO] ServerAccessManage:348 - Download File mcusDocs.json._tmp_
2024-08-19 17:37:28,565 [INFO] PopulateThirdPartyThread:50 - Ending populate Thread
2024-08-19 17:37:28,565 [INFO] ThirdPartyDb:299 - Save Third Party DataBase File (C:/Users/Younis/.stm32cubemx/plugins/thirdparty/db/thirdparties_db.xml) [forced]
2024-08-19 17:37:28,684 [INFO] Engine:289 - softwarePackList size : 57
2024-08-19 17:37:28,712 [INFO] LoadUrlFilesThread:135 - End of LoadUrlFiles Thread
2024-08-19 17:37:28,727 [INFO] Engine:301 - compute dependency for SwPack FP-ATR-ASTRA1 have been done, and update is requested
2024-08-19 17:37:28,841 [INFO] Engine:301 - compute dependency for SwPack FP-ATR-SIGFOX1 have been done, and update is requested
2024-08-19 17:37:28,867 [INFO] Engine:301 - compute dependency for SwPack X-CUBE-AI have been done, and update is requested
2024-08-19 17:37:28,892 [INFO] Engine:301 - compute dependency for SwPack X-CUBE-ALS have been done, and update is requested
2024-08-19 17:37:28,895 [INFO] ServerAccessManage:348 - Download File mcusFeaturesAndDescription.json._tmp_
2024-08-19 17:37:28,915 [INFO] Engine:301 - compute dependency for SwPack X-CUBE-BLE1 have been done, and update is requested
2024-08-19 17:37:28,937 [INFO] Engine:301 - compute dependency for SwPack X-CUBE-BLE2 have been done, and update is requested
2024-08-19 17:37:28,953 [INFO] Engine:301 - compute dependency for SwPack X-CUBE-BLEMGR have been done, and update is requested
2024-08-19 17:37:28,975 [INFO] Engine:301 - compute dependency for SwPack X-CUBE-EEPRMA1 have been done, and update is requested
2024-08-19 17:37:28,993 [INFO] Engine:301 - compute dependency for SwPack X-CUBE-GNSS1 have been done, and update is requested
2024-08-19 17:37:29,010 [INFO] Engine:301 - compute dependency for SwPack X-CUBE-ISPU have been done, and update is requested
2024-08-19 17:37:29,752 [INFO] Engine:301 - compute dependency for SwPack X-CUBE-MEMS1 have been done, and update is requested
2024-08-19 17:37:29,769 [INFO] Engine:301 - compute dependency for SwPack X-CUBE-NFC4 have been done, and update is requested
2024-08-19 17:37:29,788 [INFO] Engine:301 - compute dependency for SwPack X-CUBE-NFC6 have been done, and update is requested
2024-08-19 17:37:29,804 [INFO] Engine:301 - compute dependency for SwPack X-CUBE-NFC7 have been done, and update is requested
2024-08-19 17:37:29,821 [INFO] Engine:301 - compute dependency for SwPack X-CUBE-SFXS2LP1 have been done, and update is requested
2024-08-19 17:37:29,855 [INFO] Engine:301 - compute dependency for SwPack X-CUBE-SUBG2 have been done, and update is requested
2024-08-19 17:37:29,867 [INFO] Engine:305 - compute dependency for SwPack X-CUBE-TOUCHGFX have been done, no update is requested
2024-08-19 17:37:29,869 [INFO] Engine:301 - compute dependency for SwPack X-CUBE-ALGOBUILD have been done, and update is requested
2024-08-19 17:37:29,888 [INFO] Engine:301 - compute dependency for SwPack X-CUBE-AZRTOS-H7 have been done, and update is requested
2024-08-19 17:37:29,905 [INFO] Engine:301 - compute dependency for SwPack X-CUBE-AZRTOS-F4 have been done, and update is requested
2024-08-19 17:37:29,924 [INFO] Engine:301 - compute dependency for SwPack X-CUBE-AZRTOS-F7 have been done, and update is requested
2024-08-19 17:37:29,944 [INFO] Engine:301 - compute dependency for SwPack X-CUBE-AZRTOS-L4 have been done, and update is requested
2024-08-19 17:37:29,955 [ERROR] DependencyParser:1297 - StateRcvOpen_Cte Bad Token : )
2024-08-19 17:37:29,956 [ERROR] DependencyParser:1297 - StateRcvOpen_Cte Bad Token : )
2024-08-19 17:37:29,956 [ERROR] DependencyParser:1297 - StateRcvOpen_Cte Bad Token : )
2024-08-19 17:37:29,956 [ERROR] DependencyParser:1297 - StateRcvOpen_Cte Bad Token : )
2024-08-19 17:37:29,956 [ERROR] DependencyParser:1297 - StateRcvOpen_Cte Bad Token : )
2024-08-19 17:37:29,956 [ERROR] DependencyParser:1297 - StateRcvOpen_Cte Bad Token : )
2024-08-19 17:37:29,956 [ERROR] DependencyParser:1297 - StateRcvOpen_Cte Bad Token : )
2024-08-19 17:37:29,956 [ERROR] DependencyParser:1297 - StateRcvOpen_Cte Bad Token : )
2024-08-19 17:37:29,956 [ERROR] DependencyParser:1297 - StateRcvOpen_Cte Bad Token : )
2024-08-19 17:37:29,957 [ERROR] DependencyParser:1297 - StateRcvOpen_Cte Bad Token : )
2024-08-19 17:37:29,957 [ERROR] DependencyParser:1297 - StateRcvOpen_Cte Bad Token : )
2024-08-19 17:37:29,957 [ERROR] DependencyParser:1297 - StateRcvOpen_Cte Bad Token : )
2024-08-19 17:37:29,957 [ERROR] DependencyParser:1297 - StateRcvOpen_Cte Bad Token : )
2024-08-19 17:37:29,957 [ERROR] DependencyParser:1297 - StateRcvOpen_Cte Bad Token : )
2024-08-19 17:37:29,957 [ERROR] DependencyParser:1297 - StateRcvOpen_Cte Bad Token : )
2024-08-19 17:37:29,957 [ERROR] DependencyParser:1297 - StateRcvOpen_Cte Bad Token : )
2024-08-19 17:37:29,957 [ERROR] DependencyParser:1297 - StateRcvOpen_Cte Bad Token : )
2024-08-19 17:37:29,957 [ERROR] DependencyParser:1297 - StateRcvOpen_Cte Bad Token : )
2024-08-19 17:37:29,957 [ERROR] DependencyParser:1297 - StateRcvOpen_Cte Bad Token : )
2024-08-19 17:37:29,957 [ERROR] DependencyParser:1297 - StateRcvOpen_Cte Bad Token : )
2024-08-19 17:37:29,957 [ERROR] DependencyParser:1297 - StateRcvOpen_Cte Bad Token : )
2024-08-19 17:37:29,957 [ERROR] DependencyParser:1297 - StateRcvOpen_Cte Bad Token : )
2024-08-19 17:37:29,957 [ERROR] DependencyParser:1297 - StateRcvOpen_Cte Bad Token : )
2024-08-19 17:37:29,957 [ERROR] DependencyParser:1297 - StateRcvOpen_Cte Bad Token : )
2024-08-19 17:37:29,957 [ERROR] DependencyParser:1297 - StateRcvOpen_Cte Bad Token : )
2024-08-19 17:37:29,958 [ERROR] DependencyParser:1297 - StateRcvOpen_Cte Bad Token : )
2024-08-19 17:37:29,958 [ERROR] DependencyParser:1297 - StateRcvOpen_Cte Bad Token : )
2024-08-19 17:37:29,958 [ERROR] DependencyParser:1297 - StateRcvOpen_Cte Bad Token : )
2024-08-19 17:37:29,958 [ERROR] DependencyParser:1297 - StateRcvOpen_Cte Bad Token : )
2024-08-19 17:37:29,958 [ERROR] DependencyParser:1297 - StateRcvOpen_Cte Bad Token : )
2024-08-19 17:37:29,958 [ERROR] DependencyParser:1297 - StateRcvOpen_Cte Bad Token : )
2024-08-19 17:37:29,958 [ERROR] DependencyParser:1297 - StateRcvOpen_Cte Bad Token : )
2024-08-19 17:37:29,958 [ERROR] DependencyParser:1297 - StateRcvOpen_Cte Bad Token : )
2024-08-19 17:37:29,958 [ERROR] DependencyParser:1297 - StateRcvOpen_Cte Bad Token : )
2024-08-19 17:37:29,958 [ERROR] DependencyParser:1297 - StateRcvOpen_Cte Bad Token : )
2024-08-19 17:37:29,958 [ERROR] DependencyParser:1297 - StateRcvOpen_Cte Bad Token : )
2024-08-19 17:37:29,958 [ERROR] DependencyParser:1297 - StateRcvOpen_Cte Bad Token : )
2024-08-19 17:37:29,958 [ERROR] DependencyParser:1297 - StateRcvOpen_Cte Bad Token : )
2024-08-19 17:37:29,959 [ERROR] DependencyParser:1297 - StateRcvOpen_Cte Bad Token : )
2024-08-19 17:37:29,959 [ERROR] DependencyParser:1297 - StateRcvOpen_Cte Bad Token : )
2024-08-19 17:37:29,959 [ERROR] DependencyParser:1297 - StateRcvOpen_Cte Bad Token : )
2024-08-19 17:37:29,959 [ERROR] DependencyParser:1297 - StateRcvOpen_Cte Bad Token : )
2024-08-19 17:37:29,959 [ERROR] DependencyParser:1297 - StateRcvOpen_Cte Bad Token : )
2024-08-19 17:37:29,959 [ERROR] DependencyParser:1297 - StateRcvOpen_Cte Bad Token : )
2024-08-19 17:37:29,959 [ERROR] DependencyParser:1297 - StateRcvOpen_Cte Bad Token : )
2024-08-19 17:37:29,959 [ERROR] DependencyParser:1297 - StateRcvOpen_Cte Bad Token : )
2024-08-19 17:37:29,959 [INFO] Engine:305 - compute dependency for SwPack X-CUBE-AZRTOS-L5 have been done, no update is requested
2024-08-19 17:37:29,965 [INFO] Engine:301 - compute dependency for SwPack X-CUBE-AZRTOS-G0 have been done, and update is requested
2024-08-19 17:37:29,981 [INFO] Engine:301 - compute dependency for SwPack X-CUBE-AZRTOS-G4 have been done, and update is requested
2024-08-19 17:37:29,993 [INFO] Engine:301 - compute dependency for SwPack X-CUBE-AZRTOS-WB have been done, and update is requested
2024-08-19 17:37:30,003 [INFO] Engine:301 - compute dependency for SwPack X-CUBE-AZRTOS-WL have been done, and update is requested
2024-08-19 17:37:30,009 [INFO] Engine:301 - compute dependency for SwPack I-CUBE-wolfSSL have been done, and update is requested
2024-08-19 17:37:30,190 [INFO] Engine:301 - compute dependency for SwPack I-CUBE-embOS have been done, and update is requested
2024-08-19 17:37:30,197 [INFO] Engine:301 - compute dependency for SwPack I-Cube-SoM-uGOAL have been done, and update is requested
2024-08-19 17:37:30,206 [INFO] Engine:301 - compute dependency for SwPack I-CUBE-Cesium have been done, and update is requested
2024-08-19 17:37:30,217 [INFO] Engine:305 - compute dependency for SwPack FreeRTOS have been done, no update is requested
2024-08-19 17:37:30,217 [INFO] Engine:305 - compute dependency for SwPack lwIP have been done, no update is requested
2024-08-19 17:37:30,217 [INFO] Engine:305 - compute dependency for SwPack lwIP have been done, no update is requested
2024-08-19 17:37:30,217 [INFO] Engine:305 - compute dependency for SwPack MBEDTLS have been done, no update is requested
2024-08-19 17:37:30,217 [INFO] Engine:305 - compute dependency for SwPack MBEDTLS have been done, no update is requested
2024-08-19 17:37:30,217 [INFO] Engine:305 - compute dependency for SwPack PDM2PCM have been done, no update is requested
2024-08-19 17:37:30,217 [INFO] Engine:305 - compute dependency for SwPack PDM2PCM have been done, no update is requested
2024-08-19 17:37:30,218 [INFO] Engine:305 - compute dependency for SwPack PDM2PCM have been done, no update is requested
2024-08-19 17:37:30,220 [INFO] Engine:305 - compute dependency for SwPack USB_DEVICE have been done, no update is requested
2024-08-19 17:37:30,220 [INFO] Engine:305 - compute dependency for SwPack USB_DEVICE have been done, no update is requested
2024-08-19 17:37:30,220 [INFO] Engine:305 - compute dependency for SwPack USB_DEVICE have been done, no update is requested
2024-08-19 17:37:30,222 [INFO] Engine:305 - compute dependency for SwPack USB_HOST have been done, no update is requested
2024-08-19 17:37:30,222 [INFO] Engine:305 - compute dependency for SwPack USB_HOST have been done, no update is requested
2024-08-19 17:37:30,224 [INFO] Engine:301 - compute dependency for SwPack X-CUBE-AI have been done, and update is requested
2024-08-19 17:37:30,242 [INFO] Engine:301 - compute dependency for SwPack X-CUBE-EEPRMA1 have been done, and update is requested
2024-08-19 17:37:30,256 [INFO] Engine:301 - compute dependency for SwPack X-CUBE-ISPU have been done, and update is requested
2024-08-19 17:37:30,277 [INFO] Engine:301 - compute dependency for SwPack X-CUBE-NFC6 have been done, and update is requested
2024-08-19 17:37:30,292 [INFO] Engine:301 - compute dependency for SwPack X-CUBE-SAFEA1 have been done, and update is requested
2024-08-19 17:37:30,303 [INFO] Engine:305 - compute dependency for SwPack X-CUBE-TOUCHGFX have been done, no update is requested
2024-08-19 17:37:30,308 [INFO] Engine:301 - compute dependency for SwPack X-CUBE-ALGOBUILD have been done, and update is requested
2024-08-19 17:37:30,327 [INFO] Engine:301 - compute dependency for SwPack X-CUBE-AZRTOS-H7 have been done, and update is requested
2024-08-19 17:37:30,346 [INFO] Engine:301 - compute dependency for SwPack X-CUBE-AZRTOS-H7RS have been done, and update is requested
2024-08-19 17:37:30,358 [INFO] Engine:301 - compute dependency for SwPack I-CUBE-wolfMQTT have been done, and update is requested
2024-08-19 17:37:30,370 [INFO] Engine:301 - compute dependency for SwPack I-CUBE-wolfTPM have been done, and update is requested
2024-08-19 17:37:30,382 [INFO] Engine:301 - compute dependency for SwPack I-CUBE-wolfSSH have been done, and update is requested
2024-08-19 17:37:30,538 [WARN] MainUpdater:1087 - Updater busy. Cannot search thirdparties
2024-08-19 17:37:31,045 [INFO] Engine:301 - compute dependency for SwPack X-CUBE-MEMS1 have been done, and update is requested
2024-08-19 17:37:31,052 [INFO] ThirdPartyDb:299 - Save Third Party DataBase File (C:/Users/Younis/.stm32cubemx/plugins/thirdparty/db/thirdparties_db.xml) [forced]
2024-08-19 17:37:31,071 [INFO] LoadServerUpdatesThread:309 - End of LoadServerUpdate Thread
2024-08-19 17:37:31,614 [INFO] LoadUrlFilesThread:135 - End of LoadUrlFiles Thread
2024-08-19 17:37:31,708 [INFO] ServerAccessManage:348 - Download File boardsDocs.json._tmp_
2024-08-19 17:37:31,735 [INFO] LoadUrlFilesThread:135 - End of LoadUrlFiles Thread
2024-08-19 17:37:31,842 [INFO] ServerAccessManage:348 - Download File boards.json._tmp_
2024-08-19 17:37:31,992 [INFO] LoadUrlFilesThread:135 - End of LoadUrlFiles Thread
2024-08-19 17:37:32,297 [INFO] ServerAccessManage:348 - Download File cube-finder-db.zip
2024-08-19 17:37:33,541 [WARN] MainUpdater:1087 - Updater busy. Cannot search thirdparties
2024-08-19 17:37:36,555 [WARN] MainUpdater:1087 - Updater busy. Cannot search thirdparties
2024-08-19 17:37:39,561 [WARN] MainUpdater:1087 - Updater busy. Cannot search thirdparties
2024-08-19 17:37:42,567 [WARN] MainUpdater:1087 - Updater busy. Cannot search thirdparties
2024-08-19 17:37:44,372 [INFO] FileExtend:225 - Unzip File : cube-finder-db.zip
2024-08-19 17:37:44,373 [INFO] FileExtend:240 - Standard Zip Deflate
2024-08-19 17:37:45,327 [INFO] LoadUrlFilesThread:135 - End of LoadUrlFiles Thread
2024-08-19 17:37:45,573 [WARN] MainUpdater:1087 - Updater busy. Cannot search thirdparties
2024-08-19 17:37:45,768 [INFO] ServerAccessManage:348 - Download File crdb.zip
2024-08-19 17:37:46,122 [INFO] FileExtend:225 - Unzip File : crdb.zip
2024-08-19 17:37:46,124 [INFO] FileExtend:240 - Standard Zip Deflate
2024-08-19 17:37:46,150 [INFO] LoadUrlFilesThread:135 - End of LoadUrlFiles Thread
2024-08-19 17:37:46,484 [INFO] ServerAccessManage:348 - Download File tutoVideoDB.zip
2024-08-19 17:37:46,599 [INFO] FileExtend:225 - Unzip File : tutoVideoDB.zip
2024-08-19 17:37:46,599 [INFO] FileExtend:240 - Standard Zip Deflate
2024-08-19 17:37:46,618 [INFO] LoadUrlFilesThread:135 - End of LoadUrlFiles Thread
2024-08-19 17:37:46,633 [INFO] DbMcusDocs:145 - JSON generation date=Tue Nov 16 18:17:54 EET 2021 (1637079474)
2024-08-19 17:37:46,634 [INFO] DbMcusXml:100 - Load MCU database from C:\ST\STM32CubeIDE_1.4.0\STM32CubeIDE\plugins\com.st.stm32cube.common.mx_6.0.0.202007160824\\db\/mcu/families.xml
2024-08-19 17:37:47,318 [INFO] DbMcusJson:92 - JSON generation date=Tue Nov 16 18:17:54 EET 2021 (1637079474)
2024-08-19 17:37:48,066 [INFO] DbMcus:175 - Found 1761 MCUs (1722 are supported by CubeMX, 1911 are visible in CubeMX)
2024-08-19 17:37:48,066 [INFO] ApiDb:201 - Load user favorites file C:\Users\Younis/.stm32cubemx/favorites.mcus.txt: 0 item(s)
2024-08-19 17:37:48,066 [INFO] ApiDb:205 - User favorites MCUs=[]
2024-08-19 17:37:48,067 [INFO] DbMcus:187 - Set 0 / 0 favorites MCUs
2024-08-19 17:37:48,435 [INFO] DbMcusDocs:81 - Found 682 MCUs documents
2024-08-19 17:37:48,437 [INFO] ApiDb:226 - Save user favorites file C:\Users\Younis/.stm32cubemx/favorites.mcus.txt: 0 item(s)
2024-08-19 17:37:48,437 [INFO] ApiDb:230 - User favorites MCUs=[]
2024-08-19 17:37:48,437 [INFO] DbMcusXml:100 - Load MCU database from C:\ST\STM32CubeIDE_1.4.0\STM32CubeIDE\plugins\com.st.stm32cube.common.mx_6.0.0.202007160824\\db\/mcu/families.xml
2024-08-19 17:37:48,962 [INFO] DbMcusJson:92 - JSON generation date=Tue Nov 16 18:17:54 EET 2021 (1637079474)
2024-08-19 17:37:49,096 [INFO] ThirdPartyDb:299 - Save Third Party DataBase File (C:/Users/Younis/.stm32cubemx/plugins/thirdparty/db/thirdparties_db.xml) [forced]
2024-08-19 17:37:49,121 [INFO] ThirdPartyDb:299 - Save Third Party DataBase File (C:/Users/Younis/.stm32cubemx/plugins/thirdparty/db/thirdparties_db.xml) [forced]
2024-08-19 17:37:49,163 [INFO] IntegrityCheckThread:76 - exiting critical section [integrity check]
2024-08-19 17:37:49,163 [INFO] IntegrityCheckThread:79 - End integrity checks thread
2024-08-19 17:37:49,399 [INFO] DbMcus:175 - Found 1761 MCUs (1722 are supported by CubeMX, 1911 are visible in CubeMX)
2024-08-19 17:37:49,399 [INFO] ApiDb:201 - Load user favorites file C:\Users\Younis/.stm32cubemx/favorites.mcus.txt: 0 item(s)
2024-08-19 17:37:49,399 [INFO] ApiDb:205 - User favorites MCUs=[]
2024-08-19 17:37:49,399 [INFO] DbMcus:187 - Set 0 / 0 favorites MCUs
2024-08-19 17:37:49,405 [INFO] DbBoardsDocs:145 - JSON generation date=Tue Nov 16 18:17:54 EET 2021 (1637079474)
2024-08-19 17:37:49,428 [INFO] DbBoardsPdsc:94 - Found 23 items
2024-08-19 17:37:49,441 [INFO] DbBoardsPdsc:94 - Found 9 items
2024-08-19 17:37:49,453 [INFO] DbBoardsPdsc:94 - Found 29 items
2024-08-19 17:37:49,462 [INFO] DbBoardsPdsc:94 - Found 1 items
2024-08-19 17:37:49,497 [INFO] DbBoardsPdsc:94 - Found 44 items
2024-08-19 17:37:49,513 [INFO] DbBoardsPdsc:94 - Found 40 items
2024-08-19 17:37:49,524 [INFO] DbBoardsPdsc:94 - Found 2 items
2024-08-19 17:37:49,535 [INFO] DbBoardsPdsc:94 - Found 4 items
2024-08-19 17:37:49,539 [WARN] DbBoardsPdsc:258 - Board STM32H7B3I-DK: unknown feature type=Audio, name=, username=Audio stereo codec with Headphone Amp (CS42L51-CNZ), n=1
2024-08-19 17:37:49,540 [WARN] DbBoardsPdsc:258 - Board STM32H735G-DK: unknown feature type=Audio, name=, username=Audio stereo codec with Headphone Amp (WM8994ECS/R), n=1
2024-08-19 17:37:49,543 [WARN] DbBoardsPdsc:258 - Board STM32H7B3I-EVAL: unknown feature type=Audio, name=, username=Multi-Channel Audio Codec (CS42L51-CNZ), n=1
2024-08-19 17:37:49,544 [WARN] DbBoardsPdsc:258 - Board STM32H7B3I-EVAL: unknown feature type=Meter, name=, username=Power-metering and Temperature-monitoring with sigma-delta modulators, n=1
2024-08-19 17:37:49,544 [WARN] DbBoardsPdsc:258 - Board STM32H7B3I-EVAL: unknown feature type=Motor, name=, username=Motor Control, n=1
2024-08-19 17:37:49,559 [INFO] DbBoardsJson:85 - JSON generation date=Tue Nov 16 18:17:54 EET 2021 (1637079474)
2024-08-19 17:37:49,567 [INFO] DbBoards:117 - Found 166 boards (149 are supported by CubeMX)
2024-08-19 17:37:49,569 [INFO] DbBoardsDocs:145 - JSON generation date=Tue Nov 16 18:17:54 EET 2021 (1637079474)
2024-08-19 17:37:49,572 [INFO] DbBoardsDocs:81 - Found 209 boards documents
2024-08-19 17:37:49,574 [WARN] DbBoards:127 - board B-L475E-IOT01A2 has no document id list !
2024-08-19 17:37:49,575 [WARN] DbBoards:127 - board NUCLEO-H743ZI has no document id list !
2024-08-19 17:37:49,576 [WARN] DbBoards:127 - board P-NUCLEO-WB55-Nucleo has no document id list !
2024-08-19 17:37:49,576 [WARN] DbBoards:127 - board P-NUCLEO-WB55-USBDongle has no document id list !
2024-08-19 17:37:49,576 [WARN] DbBoards:127 - board STEVAL-BFA001V1B has no document id list !
2024-08-19 17:37:49,576 [WARN] DbBoards:127 - board STEVAL-BFA001V2B has no document id list !
2024-08-19 17:37:49,576 [WARN] DbBoards:127 - board STEVAL-IDP005V1 has no document id list !
2024-08-19 17:37:49,576 [WARN] DbBoards:127 - board STEVAL-IDP005V2 has no document id list !
2024-08-19 17:37:49,576 [WARN] DbBoards:127 - board STEVAL-MKSBOX1V1 has no document id list !
2024-08-19 17:37:49,576 [WARN] DbBoards:127 - board STEVAL-STWINKT1 has no document id list !
2024-08-19 17:37:49,577 [WARN] DbBoards:127 - board STEVAL-STWINKT1B has no document id list !
2024-08-19 17:37:49,577 [WARN] DbBoards:127 - board STM32439I-EVAL2 has no document id list !
2024-08-19 17:37:49,577 [WARN] DbBoards:127 - board STM32F401C-DISCO has no document id list !
2024-08-19 17:37:49,577 [WARN] DbBoards:127 - board STM32F769I-DISC1 has no document id list !
2024-08-19 17:37:49,577 [WARN] DbBoards:127 - board STM32G474E-EVAL1 has no document id list !
2024-08-19 17:37:49,578 [WARN] DbBoards:127 - board STM32H743I-EVAL2 has no document id list !
2024-08-19 17:37:49,578 [WARN] DbBoards:127 - board STM32H747I-DISC1 has no document id list !
2024-08-19 17:37:49,578 [WARN] DbBoards:127 - board STM32H753I-EVAL2 has no document id list !
2024-08-19 17:37:49,578 [WARN] DbBoards:127 - board STM32L-DISCOVERY has no document id list !
2024-08-19 17:37:49,651 [ERROR] DbBoards:189 - Image file not found for board B-L462E-CELL1: C:\ST\STM32CubeIDE_1.4.0\STM32CubeIDE\plugins\com.st.stm32cube.common.mx_6.0.0.202007160824\\db\/plugins/mcufinder/images/boards/B-L462E-CELL1_small.jpg
2024-08-19 17:37:49,699 [ERROR] DbBoards:189 - Image file not found for board B-U585I-IOT02A: C:\ST\STM32CubeIDE_1.4.0\STM32CubeIDE\plugins\com.st.stm32cube.common.mx_6.0.0.202007160824\\db\/plugins/mcufinder/images/boards/B-U585I-IOT02A_small.jpg
2024-08-19 17:37:49,781 [ERROR] DbBoards:189 - Image file not found for board NUCLEO-F413ZH: C:\ST\STM32CubeIDE_1.4.0\STM32CubeIDE\plugins\com.st.stm32cube.common.mx_6.0.0.202007160824\\db\/plugins/mcufinder/images/boards/nucleo-f413zh_small.jpg
2024-08-19 17:37:49,945 [ERROR] DbBoards:189 - Image file not found for board NUCLEO-L552ZE-Q: C:\ST\STM32CubeIDE_1.4.0\STM32CubeIDE\plugins\com.st.stm32cube.common.mx_6.0.0.202007160824\\db\/plugins/mcufinder/images/boards/nucleo_l552ze_q_small.jpg
2024-08-19 17:37:49,945 [ERROR] DbBoards:189 - Image file not found for board NUCLEO-U575ZI-Q: C:\ST\STM32CubeIDE_1.4.0\STM32CubeIDE\plugins\com.st.stm32cube.common.mx_6.0.0.202007160824\\db\/plugins/mcufinder/images/boards/nucleo-u575zi-q_small.jpg
2024-08-19 17:37:49,945 [ERROR] DbBoards:189 - Image file not found for board NUCLEO-WB15CC: C:\ST\STM32CubeIDE_1.4.0\STM32CubeIDE\plugins\com.st.stm32cube.common.mx_6.0.0.202007160824\\db\/plugins/mcufinder/images/boards/nucleo-wb15cc_small.jpg
2024-08-19 17:37:49,945 [ERROR] DbBoards:189 - Image file not found for board NUCLEO-WB55RG: C:\ST\STM32CubeIDE_1.4.0\STM32CubeIDE\plugins\com.st.stm32cube.common.mx_6.0.0.202007160824\\db\/plugins/mcufinder/images/boards/nucleo-wb55rg_small.jpg
2024-08-19 17:37:49,945 [ERROR] DbBoards:189 - Image file not found for board NUCLEO-WL55JC: C:\ST\STM32CubeIDE_1.4.0\STM32CubeIDE\plugins\com.st.stm32cube.common.mx_6.0.0.202007160824\\db\/plugins/mcufinder/images/boards/nucleo-wl55jc-small.jpg
2024-08-19 17:37:50,085 [ERROR] DbBoards:189 - Image file not found for board STEVAL-STWINKT1B: C:\ST\STM32CubeIDE_1.4.0\STM32CubeIDE\plugins\com.st.stm32cube.common.mx_6.0.0.202007160824\\db\/plugins/mcufinder/images/boards/steval-stwinkt1b_small.jpg
2024-08-19 17:37:50,366 [ERROR] DbBoards:189 - Image file not found for board STM32G0C1E-EV: C:\ST\STM32CubeIDE_1.4.0\STM32CubeIDE\plugins\com.st.stm32cube.common.mx_6.0.0.202007160824\\db\/plugins/mcufinder/images/boards/stm32g0c1e-eval_small.jpg
2024-08-19 17:37:50,445 [ERROR] DbBoards:189 - Image file not found for board STM32H7B3I-EVAL: C:\ST\STM32CubeIDE_1.4.0\STM32CubeIDE\plugins\com.st.stm32cube.common.mx_6.0.0.202007160824\\db\/plugins/mcufinder/images/boards/stm32h7b3ieval_small.jpg
2024-08-19 17:37:50,601 [ERROR] DbBoards:189 - Image file not found for board STM32U575I-EV: C:\ST\STM32CubeIDE_1.4.0\STM32CubeIDE\plugins\com.st.stm32cube.common.mx_6.0.0.202007160824\\db\/plugins/mcufinder/images/boards/stm32u575i-ev_small.jpg
2024-08-19 17:37:50,627 [ERROR] DbBoards:189 - Image file not found for board STM32WB5MM-DK: C:\ST\STM32CubeIDE_1.4.0\STM32CubeIDE\plugins\com.st.stm32cube.common.mx_6.0.0.202007160824\\db\/plugins/mcufinder/images/boards/STM32WB5MM-DK_small.jpg
2024-08-19 17:37:50,628 [INFO] ApiDb:201 - Load user favorites file C:\Users\Younis/.stm32cubemx/favorites.boards.txt: 0 item(s)
2024-08-19 17:37:50,628 [INFO] ApiDb:205 - User favorites Boards=[]
2024-08-19 17:37:50,628 [INFO] DbBoards:206 - Set 0 / 0 favorites Boards
2024-08-19 17:37:50,629 [INFO] DbBoardsDocs:81 - Found 418 boards documents
2024-08-19 17:37:50,630 [INFO] ApiDb:226 - Save user favorites file C:\Users\Younis/.stm32cubemx/favorites.boards.txt: 0 item(s)
2024-08-19 17:37:50,630 [INFO] ApiDb:230 - User favorites Boards=[]
2024-08-19 17:37:50,632 [INFO] DbBoardsPdsc:94 - Found 23 items
2024-08-19 17:37:50,632 [INFO] DbBoardsPdsc:94 - Found 9 items
2024-08-19 17:37:50,634 [INFO] DbBoardsPdsc:94 - Found 29 items
2024-08-19 17:37:50,634 [INFO] DbBoardsPdsc:94 - Found 1 items
2024-08-19 17:37:50,637 [INFO] DbBoardsPdsc:94 - Found 44 items
2024-08-19 17:37:50,639 [INFO] DbBoardsPdsc:94 - Found 40 items
2024-08-19 17:37:50,639 [INFO] DbBoardsPdsc:94 - Found 2 items
2024-08-19 17:37:50,640 [INFO] DbBoardsPdsc:94 - Found 4 items
2024-08-19 17:37:50,643 [WARN] DbBoardsPdsc:258 - Board STM32H7B3I-DK: unknown feature type=Audio, name=, username=Audio stereo codec with Headphone Amp (CS42L51-CNZ), n=1
2024-08-19 17:37:50,643 [WARN] DbBoardsPdsc:258 - Board STM32H735G-DK: unknown feature type=Audio, name=, username=Audio stereo codec with Headphone Amp (WM8994ECS/R), n=1
2024-08-19 17:37:50,645 [WARN] DbBoardsPdsc:258 - Board STM32H7B3I-EVAL: unknown feature type=Audio, name=, username=Multi-Channel Audio Codec (CS42L51-CNZ), n=1
2024-08-19 17:37:50,645 [WARN] DbBoardsPdsc:258 - Board STM32H7B3I-EVAL: unknown feature type=Meter, name=, username=Power-metering and Temperature-monitoring with sigma-delta modulators, n=1
2024-08-19 17:37:50,645 [WARN] DbBoardsPdsc:258 - Board STM32H7B3I-EVAL: unknown feature type=Motor, name=, username=Motor Control, n=1
2024-08-19 17:37:50,657 [INFO] DbBoardsJson:85 - JSON generation date=Tue Nov 16 18:17:54 EET 2021 (1637079474)
2024-08-19 17:37:50,662 [INFO] DbBoards:117 - Found 166 boards (149 are supported by CubeMX)
2024-08-19 17:37:50,663 [WARN] DbBoards:127 - board B-L475E-IOT01A2 has no document id list !
2024-08-19 17:37:50,664 [WARN] DbBoards:127 - board NUCLEO-H743ZI has no document id list !
2024-08-19 17:37:50,665 [WARN] DbBoards:127 - board P-NUCLEO-WB55-Nucleo has no document id list !
2024-08-19 17:37:50,665 [WARN] DbBoards:127 - board P-NUCLEO-WB55-USBDongle has no document id list !
2024-08-19 17:37:50,665 [WARN] DbBoards:127 - board STEVAL-BFA001V1B has no document id list !
2024-08-19 17:37:50,665 [WARN] DbBoards:127 - board STEVAL-BFA001V2B has no document id list !
2024-08-19 17:37:50,665 [WARN] DbBoards:127 - board STEVAL-IDP005V1 has no document id list !
2024-08-19 17:37:50,665 [WARN] DbBoards:127 - board STEVAL-IDP005V2 has no document id list !
2024-08-19 17:37:50,665 [WARN] DbBoards:127 - board STEVAL-MKSBOX1V1 has no document id list !
2024-08-19 17:37:50,665 [WARN] DbBoards:127 - board STEVAL-STWINKT1 has no document id list !
2024-08-19 17:37:50,665 [WARN] DbBoards:127 - board STEVAL-STWINKT1B has no document id list !
2024-08-19 17:37:50,665 [WARN] DbBoards:127 - board STM32439I-EVAL2 has no document id list !
2024-08-19 17:37:50,665 [WARN] DbBoards:127 - board STM32F401C-DISCO has no document id list !
2024-08-19 17:37:50,666 [WARN] DbBoards:127 - board STM32F769I-DISC1 has no document id list !
2024-08-19 17:37:50,666 [WARN] DbBoards:127 - board STM32G474E-EVAL1 has no document id list !
2024-08-19 17:37:50,666 [WARN] DbBoards:127 - board STM32H743I-EVAL2 has no document id list !
2024-08-19 17:37:50,666 [WARN] DbBoards:127 - board STM32H747I-DISC1 has no document id list !
2024-08-19 17:37:50,667 [WARN] DbBoards:127 - board STM32H753I-EVAL2 has no document id list !
2024-08-19 17:37:50,667 [WARN] DbBoards:127 - board STM32L-DISCOVERY has no document id list !
2024-08-19 17:37:50,697 [ERROR] DbBoards:189 - Image file not found for board B-L462E-CELL1: C:\ST\STM32CubeIDE_1.4.0\STM32CubeIDE\plugins\com.st.stm32cube.common.mx_6.0.0.202007160824\\db\/plugins/mcufinder/images/boards/B-L462E-CELL1_small.jpg
2024-08-19 17:37:50,751 [ERROR] DbBoards:189 - Image file not found for board B-U585I-IOT02A: C:\ST\STM32CubeIDE_1.4.0\STM32CubeIDE\plugins\com.st.stm32cube.common.mx_6.0.0.202007160824\\db\/plugins/mcufinder/images/boards/B-U585I-IOT02A_small.jpg
2024-08-19 17:37:50,800 [ERROR] DbBoards:189 - Image file not found for board NUCLEO-F413ZH: C:\ST\STM32CubeIDE_1.4.0\STM32CubeIDE\plugins\com.st.stm32cube.common.mx_6.0.0.202007160824\\db\/plugins/mcufinder/images/boards/nucleo-f413zh_small.jpg
2024-08-19 17:37:50,907 [ERROR] DbBoards:189 - Image file not found for board NUCLEO-L552ZE-Q: C:\ST\STM32CubeIDE_1.4.0\STM32CubeIDE\plugins\com.st.stm32cube.common.mx_6.0.0.202007160824\\db\/plugins/mcufinder/images/boards/nucleo_l552ze_q_small.jpg
2024-08-19 17:37:50,907 [ERROR] DbBoards:189 - Image file not found for board NUCLEO-U575ZI-Q: C:\ST\STM32CubeIDE_1.4.0\STM32CubeIDE\plugins\com.st.stm32cube.common.mx_6.0.0.202007160824\\db\/plugins/mcufinder/images/boards/nucleo-u575zi-q_small.jpg
2024-08-19 17:37:50,907 [ERROR] DbBoards:189 - Image file not found for board NUCLEO-WB15CC: C:\ST\STM32CubeIDE_1.4.0\STM32CubeIDE\plugins\com.st.stm32cube.common.mx_6.0.0.202007160824\\db\/plugins/mcufinder/images/boards/nucleo-wb15cc_small.jpg
2024-08-19 17:37:50,907 [ERROR] DbBoards:189 - Image file not found for board NUCLEO-WB55RG: C:\ST\STM32CubeIDE_1.4.0\STM32CubeIDE\plugins\com.st.stm32cube.common.mx_6.0.0.202007160824\\db\/plugins/mcufinder/images/boards/nucleo-wb55rg_small.jpg
2024-08-19 17:37:50,907 [ERROR] DbBoards:189 - Image file not found for board NUCLEO-WL55JC: C:\ST\STM32CubeIDE_1.4.0\STM32CubeIDE\plugins\com.st.stm32cube.common.mx_6.0.0.202007160824\\db\/plugins/mcufinder/images/boards/nucleo-wl55jc-small.jpg
2024-08-19 17:37:50,980 [ERROR] DbBoards:189 - Image file not found for board STEVAL-STWINKT1B: C:\ST\STM32CubeIDE_1.4.0\STM32CubeIDE\plugins\com.st.stm32cube.common.mx_6.0.0.202007160824\\db\/plugins/mcufinder/images/boards/steval-stwinkt1b_small.jpg
2024-08-19 17:37:51,132 [ERROR] DbBoards:189 - Image file not found for board STM32G0C1E-EV: C:\ST\STM32CubeIDE_1.4.0\STM32CubeIDE\plugins\com.st.stm32cube.common.mx_6.0.0.202007160824\\db\/plugins/mcufinder/images/boards/stm32g0c1e-eval_small.jpg
2024-08-19 17:37:51,181 [ERROR] DbBoards:189 - Image file not found for board STM32H7B3I-EVAL: C:\ST\STM32CubeIDE_1.4.0\STM32CubeIDE\plugins\com.st.stm32cube.common.mx_6.0.0.202007160824\\db\/plugins/mcufinder/images/boards/stm32h7b3ieval_small.jpg
2024-08-19 17:37:51,271 [ERROR] DbBoards:189 - Image file not found for board STM32U575I-EV: C:\ST\STM32CubeIDE_1.4.0\STM32CubeIDE\plugins\com.st.stm32cube.common.mx_6.0.0.202007160824\\db\/plugins/mcufinder/images/boards/stm32u575i-ev_small.jpg
2024-08-19 17:37:51,286 [ERROR] DbBoards:189 - Image file not found for board STM32WB5MM-DK: C:\ST\STM32CubeIDE_1.4.0\STM32CubeIDE\plugins\com.st.stm32cube.common.mx_6.0.0.202007160824\\db\/plugins/mcufinder/images/boards/STM32WB5MM-DK_small.jpg
2024-08-19 17:37:51,286 [INFO] ApiDb:201 - Load user favorites file C:\Users\Younis/.stm32cubemx/favorites.boards.txt: 0 item(s)
2024-08-19 17:37:51,286 [INFO] ApiDb:205 - User favorites Boards=[]
2024-08-19 17:37:51,286 [INFO] DbBoards:206 - Set 0 / 0 favorites Boards
2024-08-19 17:37:51,385 [INFO] DbExamplesSqlite:156 - SQLite db open (C:\Users\Younis\.stmcufinder\plugins\mcufinder\mcu\cube-finder-db.db)
2024-08-19 17:37:52,015 [INFO] DbExamplesSqlite:447 - Ignored 0 examples not supported by CubeIDE
2024-08-19 17:37:52,015 [INFO] DbExamplesSqlite:448 - Found 8590 examples active
2024-08-19 17:37:52,015 [INFO] DbExamplesSqlite:449 - Found 0 examples obsolete
2024-08-19 17:37:52,015 [INFO] DbExamplesSqlite:450 - Found 0 examples under development
2024-08-19 17:37:52,015 [INFO] DbExamplesSqlite:451 - Found 10 examples not building
2024-08-19 17:37:52,077 [INFO] DbExamplesSqlite:130 - SQLite Data Model version=2.1
2024-08-19 17:37:52,078 [INFO] DbExamplesSqlite:131 - SQLite Configuration version=3.0.39
2024-08-19 17:37:52,078 [INFO] DbExamplesSqlite:132 - SQLite generation date=2024-06-20 (1718880634)
2024-08-19 17:37:52,078 [INFO] DbExamplesSqlite:133 - SQLite FW Pack versions=[FP-ATR-ASTRA1_V2.0.0, FP-SNS-FLIGHT1_V5.0.2, FP-SNS-MOTENV1_V5.0.0, FP-SNS-MOTENVWB1_V1.4.0, FP-SNS-SMARTAG2_V1.2.0, STM32Cube_FW_C0_V1.2.0, STM32Cube_FW_F4_V1.28.0, STM32Cube_FW_F7_V1.17.2, STM32Cube_FW_G0_V1.6.2, STM32Cube_FW_G4_V1.6.0, STM32Cube_FW_H5_V1.3.0, STM32Cube_FW_H7RS_V1.1.0, STM32Cube_FW_H7_V1.11.2, STM32Cube_FW_L0_V1.12.2, STM32Cube_FW_L5_V1.5.1, STM32Cube_FW_U0_V1.1.0, STM32Cube_FW_U5_V1.6.0, STM32Cube_FW_WB0_V1.0.0, STM32Cube_FW_WBA_V1.4.0, STM32Cube_FW_WB_V1.20.0, STM32Cube_FW_WL_V1.3.0, X-CUBE-ALGOBUILD_V1.4.0, X-CUBE-ALS_V1.0.2, X-CUBE-AZRTOS-F4_V1.1.0, X-CUBE-AZRTOS-F7_V1.1.0, X-CUBE-AZRTOS-G0_V1.1.0, X-CUBE-AZRTOS-G4_V2.0.0, X-CUBE-AZRTOS-H7RS_V1.0.0, X-CUBE-AZRTOS-H7_V3.2.0, X-CUBE-AZRTOS-L4_V2.0.0, X-CUBE-AZRTOS-L5_V1.1.0, X-CUBE-AZRTOS-WB_V2.0.0, X-CUBE-AZRTOS-WL_V2.0.0, X-CUBE-BLE1_V7.0.0, X-CUBE-BLE2_V3.3.0, X-CUBE-BLEMGR_V3.1.0, X-CUBE-EEPRMA1_V5.1.0, X-CUBE-FREERTOS_V1.2.0, X-CUBE-GNSS1_V6.0.0, X-CUBE-MEMS1_V10.0.0, X-CUBE-NFC4_V3.0.0, X-CUBE-NFC7_V1.0.1, X-CUBE-SFXS2LP1_V4.0.0, X-CUBE-SUBG2_V5.0.0, X-CUBE-TOF1_V3.4.1]
2024-08-19 17:37:52,078 [INFO] DbExamples:123 - Found 8600 examples
2024-08-19 17:37:52,612 [ERROR] DbExamples:199 - Found 8600 examples with invalid data (board or MCU)
2024-08-19 17:37:52,613 [INFO] DbExamples:215 - Found 78 boards with related examples
2024-08-19 17:37:52,613 [INFO] DbExamples:228 - Found 0 MCUs with related examples
2024-08-19 17:37:52,631 [INFO] ApiDb:192 - User favorites file not found: C:\Users\Younis/.stm32cubemx/favorites.examples.txt
2024-08-19 17:37:52,631 [INFO] DbExamples:249 - Set 0 / 0 favorites Examples
2024-08-19 17:37:52,923 [INFO] McuFinderGlobals:40 - Set McuFinder mode to 2 (CubeIDE integrated)
2024-08-19 17:37:53,034 [INFO] CrossSelectorPresenter:1330 - Cross Selector saved comparison directory: C:\Users\Younis\.stmcufinder\plugins\mcufinder\mcu\cs_comparisons_mx
2024-08-19 17:37:53,040 [INFO] MultiScanPanel:193 - Auto-refresh data requested => check proxy status ongoing
2024-08-19 17:37:53,041 [INFO] FinderPluginLoader:87 - Searching for filters in installed packs
2024-08-19 17:37:53,400 [INFO] LoadUrlFilesThread:162 - End of LoadServerUrlFiles without Thread
2024-08-19 17:37:53,404 [INFO] DetailPanel:331 - Set advertising image to C:/Users/Younis/STM32Cube/Repository/\stm32cubemx-promo_image.jpg
2024-08-19 17:37:53,883 [INFO] McuFilterPanel:245 - Update 0 favorites MCUs
2024-08-19 17:38:37,479 [INFO] LogOutputStream:76 - [STDOUT_REDIRECT] withoutVersionV1.8.4
2024-08-19 17:38:37,479 [INFO] LogOutputStream:76 - [STDOUT_REDIRECT] withoutVersionV1.8.3
2024-08-19 17:38:37,480 [INFO] LogOutputStream:76 - [STDOUT_REDIRECT] withoutVersionV1.8.2
2024-08-19 17:38:37,480 [INFO] LogOutputStream:76 - [STDOUT_REDIRECT] withoutVersionV1.8.1
2024-08-19 17:38:37,480 [INFO] LogOutputStream:76 - [STDOUT_REDIRECT] withoutVersionV1.8.0
2024-08-19 17:38:42,339 [ERROR] LogOutputStream:74 - [STDERR_REDIRECT] [Fatal Error] :1:1: Premature end of file.
2024-08-19 17:38:42,340 [ERROR] LogOutputStream:74 - [STDERR_REDIRECT] 
2024-08-19 17:38:42,390 [ERROR] LogOutputStream:74 - [STDERR_REDIRECT] [Fatal Error] :1:1: Premature end of file.
2024-08-19 17:38:42,390 [ERROR] LogOutputStream:74 - [STDERR_REDIRECT] 
2024-08-19 17:38:42,434 [INFO] ApiDb:226 - Save user favorites file C:\Users\Younis/.stm32cubeide/favorites.mcus.txt: 0 item(s)
2024-08-19 17:38:42,434 [INFO] ApiDb:230 - User favorites MCUs=[]
2024-08-19 17:38:43,490 [ERROR] LogOutputStream:74 - [STDERR_REDIRECT] [Fatal Error] :1:1: Premature end of file.
2024-08-19 17:38:43,490 [ERROR] LogOutputStream:74 - [STDERR_REDIRECT] 
2024-08-19 17:38:43,549 [ERROR] LogOutputStream:74 - [STDERR_REDIRECT] [Fatal Error] :1:1: Premature end of file.
2024-08-19 17:38:43,549 [ERROR] LogOutputStream:74 - [STDERR_REDIRECT] 
2024-08-19 17:38:43,599 [ERROR] LogOutputStream:74 - [STDERR_REDIRECT] [Fatal Error] :1:1: Premature end of file.
2024-08-19 17:38:43,600 [ERROR] LogOutputStream:74 - [STDERR_REDIRECT] 
2024-08-19 17:38:43,682 [ERROR] LogOutputStream:74 - [STDERR_REDIRECT] [Fatal Error] :1:1: Premature end of file.
2024-08-19 17:38:43,682 [ERROR] LogOutputStream:74 - [STDERR_REDIRECT] 
2024-08-19 17:38:43,751 [ERROR] LogOutputStream:74 - [STDERR_REDIRECT] [Fatal Error] :1:1: Premature end of file.
2024-08-19 17:38:43,751 [ERROR] LogOutputStream:74 - [STDERR_REDIRECT] 
2024-08-19 17:38:43,808 [ERROR] LogOutputStream:74 - [STDERR_REDIRECT] [Fatal Error] :1:1: Premature end of file.
2024-08-19 17:38:43,808 [ERROR] LogOutputStream:74 - [STDERR_REDIRECT] 
2024-08-19 17:38:43,858 [ERROR] LogOutputStream:74 - [STDERR_REDIRECT] [Fatal Error] :1:1: Premature end of file.
2024-08-19 17:38:43,859 [ERROR] LogOutputStream:74 - [STDERR_REDIRECT] 
2024-08-19 17:38:43,930 [ERROR] LogOutputStream:74 - [STDERR_REDIRECT] [Fatal Error] :1:1: Premature end of file.
2024-08-19 17:38:43,930 [ERROR] LogOutputStream:74 - [STDERR_REDIRECT] 
2024-08-19 17:38:43,980 [ERROR] LogOutputStream:74 - [STDERR_REDIRECT] [Fatal Error] :1:1: Premature end of file.
2024-08-19 17:38:43,981 [ERROR] LogOutputStream:74 - [STDERR_REDIRECT] 
2024-08-19 17:38:44,029 [ERROR] LogOutputStream:74 - [STDERR_REDIRECT] [Fatal Error] :1:1: Premature end of file.
2024-08-19 17:38:44,029 [ERROR] LogOutputStream:74 - [STDERR_REDIRECT] 
2024-08-20 13:36:01,481 [INFO] Activator:178 - 


2024-08-20 13:36:01,484 [INFO] Activator:179 - !SESSION log4j initialized
2024-08-20 13:36:06,914 [ERROR] LogOutputStream:74 - [STDERR_REDIRECT] [Fatal Error] :1:1: Premature end of file.
2024-08-20 13:36:06,915 [ERROR] LogOutputStream:74 - [STDERR_REDIRECT] 
2024-08-20 13:36:06,968 [ERROR] LogOutputStream:74 - [STDERR_REDIRECT] [Fatal Error] :1:1: Premature end of file.
2024-08-20 13:36:06,969 [ERROR] LogOutputStream:74 - [STDERR_REDIRECT] 
2024-08-20 13:36:07,020 [ERROR] LogOutputStream:74 - [STDERR_REDIRECT] [Fatal Error] :1:1: Premature end of file.
2024-08-20 13:36:07,021 [ERROR] LogOutputStream:74 - [STDERR_REDIRECT] 
2024-08-20 13:36:16,857 [INFO] ApplicationProperties:181 - Using Application install path: C:\ST\STM32CubeIDE_1.4.0\STM32CubeIDE\plugins\com.st.stm32cube.common.mx_6.0.0.202007160824
2024-08-20 13:36:16,869 [INFO] DbMcusXml:70 - Set database path to: C:\ST\STM32CubeIDE_1.4.0\STM32CubeIDE\plugins\com.st.stm32cube.common.mx_6.0.0.202007160824\\db\/mcu/
2024-08-20 13:36:16,873 [INFO] DbBoardsPdsc:56 - Set plugin database path to: C:\ST\STM32CubeIDE_1.4.0\STM32CubeIDE\plugins\com.st.stm32cube.common.mx_6.0.0.202007160824\\db\/plugins/boardmanager/
2024-08-20 13:36:16,873 [INFO] DbMcus:258 - Set plugin images path to: C:\ST\STM32CubeIDE_1.4.0\STM32CubeIDE\plugins\com.st.stm32cube.common.mx_6.0.0.202007160824\\db\/plugins/mcufinder/images/
2024-08-20 13:36:16,874 [INFO] DbBoards:264 - Set plugin images path to: C:\ST\STM32CubeIDE_1.4.0\STM32CubeIDE\plugins\com.st.stm32cube.common.mx_6.0.0.202007160824\\db\/plugins/mcufinder/images/
2024-08-20 13:36:16,876 [INFO] DbExamples:326 - Set plugin images path to: C:\ST\STM32CubeIDE_1.4.0\STM32CubeIDE\plugins\com.st.stm32cube.common.mx_6.0.0.202007160824\\db\/plugins/mcufinder/images/
2024-08-20 13:36:16,884 [INFO] DbMcusDocs:112 - Set database path to: C:\Users\Younis\.stmcufinder\plugins\mcufinder//mcu/
2024-08-20 13:36:16,885 [INFO] DbMcusJson:63 - Set database path to: C:\Users\Younis\.stmcufinder\plugins\mcufinder//mcu/
2024-08-20 13:36:16,886 [INFO] DbBoardsDocs:112 - Set database path to: C:\Users\Younis\.stmcufinder\plugins\mcufinder//mcu/
2024-08-20 13:36:16,887 [INFO] DbBoardsJson:56 - Set database path to: C:\Users\Younis\.stmcufinder\plugins\mcufinder//mcu/
2024-08-20 13:36:16,892 [INFO] CrossReferenceDbSqlite:196 - Set database path to: C:\Users\Younis\.stmcufinder\plugins\mcufinder//mcu/cs/
2024-08-20 13:36:16,895 [INFO] DbExamplesSqlite:800 - Set database path to: C:\Users\Younis\.stmcufinder\plugins\mcufinder//mcu/
2024-08-20 13:36:16,992 [INFO] RulesReader:52 - Compatibility file has been processed (209 Rules)
2024-08-20 13:36:17,066 [INFO] MicroXplorer:564 - Detected Java Version = 1.8.0_252
2024-08-20 13:36:17,066 [INFO] DbMcusXml:70 - Set database path to: C:\ST\STM32CubeIDE_1.4.0\STM32CubeIDE\plugins\com.st.stm32cube.common.mx_6.0.0.202007160824\\db\/mcu/
2024-08-20 13:36:17,066 [INFO] DbBoardsPdsc:56 - Set plugin database path to: C:\ST\STM32CubeIDE_1.4.0\STM32CubeIDE\plugins\com.st.stm32cube.common.mx_6.0.0.202007160824\\db\/plugins/boardmanager/
2024-08-20 13:36:17,067 [INFO] DbMcus:258 - Set plugin images path to: C:\ST\STM32CubeIDE_1.4.0\STM32CubeIDE\plugins\com.st.stm32cube.common.mx_6.0.0.202007160824\\db\/plugins/mcufinder/images/
2024-08-20 13:36:17,067 [INFO] DbBoards:264 - Set plugin images path to: C:\ST\STM32CubeIDE_1.4.0\STM32CubeIDE\plugins\com.st.stm32cube.common.mx_6.0.0.202007160824\\db\/plugins/mcufinder/images/
2024-08-20 13:36:17,068 [INFO] DbExamples:326 - Set plugin images path to: C:\ST\STM32CubeIDE_1.4.0\STM32CubeIDE\plugins\com.st.stm32cube.common.mx_6.0.0.202007160824\\db\/plugins/mcufinder/images/
2024-08-20 13:36:17,068 [WARN] DbFile:36 - Overriding database path with different value: C:\Users\Younis\.stmcufinder\plugins\mcufinder/ => C:\Users\Younis\.stmcufinder\plugins\mcufinder
2024-08-20 13:36:17,068 [INFO] DbMcusDocs:112 - Set database path to: C:\Users\Younis\.stmcufinder\plugins\mcufinder//mcu/
2024-08-20 13:36:17,068 [WARN] DbFile:36 - Overriding database path with different value: C:\Users\Younis\.stmcufinder\plugins\mcufinder/ => C:\Users\Younis\.stmcufinder\plugins\mcufinder
2024-08-20 13:36:17,068 [INFO] DbMcusJson:63 - Set database path to: C:\Users\Younis\.stmcufinder\plugins\mcufinder//mcu/
2024-08-20 13:36:17,068 [WARN] DbFile:36 - Overriding database path with different value: C:\Users\Younis\.stmcufinder\plugins\mcufinder/ => C:\Users\Younis\.stmcufinder\plugins\mcufinder
2024-08-20 13:36:17,068 [INFO] DbBoardsDocs:112 - Set database path to: C:\Users\Younis\.stmcufinder\plugins\mcufinder//mcu/
2024-08-20 13:36:17,068 [WARN] DbFile:36 - Overriding database path with different value: C:\Users\Younis\.stmcufinder\plugins\mcufinder/ => C:\Users\Younis\.stmcufinder\plugins\mcufinder
2024-08-20 13:36:17,069 [INFO] DbBoardsJson:56 - Set database path to: C:\Users\Younis\.stmcufinder\plugins\mcufinder//mcu/
2024-08-20 13:36:17,069 [WARN] DbFile:36 - Overriding database path with different value: C:\Users\Younis\.stmcufinder\plugins\mcufinder/ => C:\Users\Younis\.stmcufinder\plugins\mcufinder
2024-08-20 13:36:17,069 [WARN] DbFile:36 - Overriding database path with different value: C:\Users\Younis\.stmcufinder\plugins\mcufinder/ => C:\Users\Younis\.stmcufinder\plugins\mcufinder
2024-08-20 13:36:17,069 [INFO] CrossReferenceDbSqlite:196 - Set database path to: C:\Users\Younis\.stmcufinder\plugins\mcufinder//mcu/cs/
2024-08-20 13:36:17,069 [WARN] DbFile:36 - Overriding database path with different value: C:\Users\Younis\.stmcufinder\plugins\mcufinder/ => C:\Users\Younis\.stmcufinder\plugins\mcufinder
2024-08-20 13:36:17,069 [INFO] DbExamplesSqlite:800 - Set database path to: C:\Users\Younis\.stmcufinder\plugins\mcufinder//mcu/
2024-08-20 13:36:17,134 [INFO] MainPanel:189 - HeapMemory: 311427072
2024-08-20 13:36:17,210 [INFO] DbMcusXml:70 - Set database path to: C:\ST\STM32CubeIDE_1.4.0\STM32CubeIDE\plugins\com.st.stm32cube.common.mx_6.0.0.202007160824\\db\/mcu/
2024-08-20 13:36:17,211 [INFO] DbBoardsPdsc:56 - Set plugin database path to: C:\ST\STM32CubeIDE_1.4.0\STM32CubeIDE\plugins\com.st.stm32cube.common.mx_6.0.0.202007160824\\db\/plugins/boardmanager/
2024-08-20 13:36:17,211 [INFO] DbMcus:258 - Set plugin images path to: C:\ST\STM32CubeIDE_1.4.0\STM32CubeIDE\plugins\com.st.stm32cube.common.mx_6.0.0.202007160824\\db\/plugins/mcufinder/images/
2024-08-20 13:36:17,211 [INFO] DbBoards:264 - Set plugin images path to: C:\ST\STM32CubeIDE_1.4.0\STM32CubeIDE\plugins\com.st.stm32cube.common.mx_6.0.0.202007160824\\db\/plugins/mcufinder/images/
2024-08-20 13:36:17,211 [INFO] DbExamples:326 - Set plugin images path to: C:\ST\STM32CubeIDE_1.4.0\STM32CubeIDE\plugins\com.st.stm32cube.common.mx_6.0.0.202007160824\\db\/plugins/mcufinder/images/
2024-08-20 13:36:17,212 [WARN] DbFile:36 - Overriding database path with different value: C:\Users\Younis\.stmcufinder\plugins\mcufinder/ => C:\Users\Younis\.stmcufinder\plugins\mcufinder
2024-08-20 13:36:17,212 [INFO] DbMcusDocs:112 - Set database path to: C:\Users\Younis\.stmcufinder\plugins\mcufinder//mcu/
2024-08-20 13:36:17,212 [WARN] DbFile:36 - Overriding database path with different value: C:\Users\Younis\.stmcufinder\plugins\mcufinder/ => C:\Users\Younis\.stmcufinder\plugins\mcufinder
2024-08-20 13:36:17,212 [INFO] DbMcusJson:63 - Set database path to: C:\Users\Younis\.stmcufinder\plugins\mcufinder//mcu/
2024-08-20 13:36:17,212 [WARN] DbFile:36 - Overriding database path with different value: C:\Users\Younis\.stmcufinder\plugins\mcufinder/ => C:\Users\Younis\.stmcufinder\plugins\mcufinder
2024-08-20 13:36:17,212 [INFO] DbBoardsDocs:112 - Set database path to: C:\Users\Younis\.stmcufinder\plugins\mcufinder//mcu/
2024-08-20 13:36:17,212 [WARN] DbFile:36 - Overriding database path with different value: C:\Users\Younis\.stmcufinder\plugins\mcufinder/ => C:\Users\Younis\.stmcufinder\plugins\mcufinder
2024-08-20 13:36:17,212 [INFO] DbBoardsJson:56 - Set database path to: C:\Users\Younis\.stmcufinder\plugins\mcufinder//mcu/
2024-08-20 13:36:17,212 [WARN] DbFile:36 - Overriding database path with different value: C:\Users\Younis\.stmcufinder\plugins\mcufinder/ => C:\Users\Younis\.stmcufinder\plugins\mcufinder
2024-08-20 13:36:17,213 [WARN] DbFile:36 - Overriding database path with different value: C:\Users\Younis\.stmcufinder\plugins\mcufinder/ => C:\Users\Younis\.stmcufinder\plugins\mcufinder
2024-08-20 13:36:17,213 [INFO] CrossReferenceDbSqlite:196 - Set database path to: C:\Users\Younis\.stmcufinder\plugins\mcufinder//mcu/cs/
2024-08-20 13:36:17,213 [WARN] DbFile:36 - Overriding database path with different value: C:\Users\Younis\.stmcufinder\plugins\mcufinder/ => C:\Users\Younis\.stmcufinder\plugins\mcufinder
2024-08-20 13:36:17,213 [INFO] DbExamplesSqlite:800 - Set database path to: C:\Users\Younis\.stmcufinder\plugins\mcufinder//mcu/
2024-08-20 13:36:17,228 [INFO] ApplicationProperties:181 - Using Application install path: C:\ST\STM32CubeIDE_1.4.0\STM32CubeIDE\plugins\com.st.stm32cube.common.mx_6.0.0.202007160824
2024-08-20 13:36:17,230 [INFO] PluginManage:178 - Search for loadable plugins [exclusion list=, ]
2024-08-20 13:36:17,231 [INFO] PluginManage:292 - Check plugin analytics
2024-08-20 13:36:17,362 [INFO] AnalyticsPlugin:203 - Accepted Software Licenses: 
2024-08-20 13:36:17,362 [INFO] AnalyticsPlugin:205 - Accepted CMSIS Pack Licenses: 
2024-08-20 13:36:17,362 [INFO] AnalyticsPlugin:207 - Accepted Firmware Licenses: 
2024-08-20 13:36:17,363 [INFO] PluginManage:342 - Loaded plugin analytics (category:tool,tabindex:-1)
2024-08-20 13:36:17,366 [INFO] PluginManage:292 - Check plugin clock
2024-08-20 13:36:17,386 [INFO] PluginManage:342 - Loaded plugin clock (category:base,tabindex:2)
2024-08-20 13:36:17,386 [INFO] PluginManage:292 - Check plugin ddr
2024-08-20 13:36:17,388 [INFO] PluginManage:342 - Loaded plugin ddr (category:tool,tabindex:6)
2024-08-20 13:36:17,388 [INFO] PluginManage:292 - Check plugin filemanager
2024-08-20 13:36:17,492 [ERROR] LogOutputStream:74 - [STDERR_REDIRECT] [Fatal Error] :1:1: Premature end of file.
2024-08-20 13:36:17,493 [ERROR] LogOutputStream:74 - [STDERR_REDIRECT] 
2024-08-20 13:36:17,500 [INFO] PluginManage:342 - Loaded plugin filemanager (category:base,tabindex:10)
2024-08-20 13:36:17,501 [INFO] PluginManage:292 - Check plugin ipmanager
2024-08-20 13:36:17,509 [INFO] PluginManage:342 - Loaded plugin ipmanager (category:base,tabindex:5)
2024-08-20 13:36:17,509 [INFO] PluginManage:292 - Check plugin pinoutandconfiguration
2024-08-20 13:36:17,525 [INFO] PluginManage:342 - Loaded plugin pinoutandconfiguration (category:base,tabindex:1)
2024-08-20 13:36:17,525 [INFO] PluginManage:292 - Check plugin pinoutconfig
2024-08-20 13:36:17,573 [ERROR] LogOutputStream:74 - [STDERR_REDIRECT] [Fatal Error] :1:1: Premature end of file.
2024-08-20 13:36:17,573 [INFO] PluginManage:342 - Loaded plugin pinoutconfig (category:base,tabindex:0)
2024-08-20 13:36:17,574 [INFO] PluginManage:292 - Check plugin power
2024-08-20 13:36:17,574 [ERROR] LogOutputStream:74 - [STDERR_REDIRECT] 
2024-08-20 13:36:17,591 [INFO] PluginManage:342 - Loaded plugin power (category:power,tabindex:4)
2024-08-20 13:36:17,592 [INFO] PluginManage:292 - Check plugin projectmanager
2024-08-20 13:36:17,606 [INFO] PluginManage:342 - Loaded plugin projectmanager (category:projectmanager,tabindex:3)
2024-08-20 13:36:17,606 [INFO] PluginManage:292 - Check plugin thirdparty
2024-08-20 13:36:17,625 [ERROR] LogOutputStream:74 - [STDERR_REDIRECT] [Fatal Error] :1:1: Premature end of file.
2024-08-20 13:36:17,626 [ERROR] LogOutputStream:74 - [STDERR_REDIRECT] 
2024-08-20 13:36:17,740 [INFO] ThirdPartyDb:333 - Open Third Party DataBase File (C:/Users/Younis/.stm32cubemx/plugins/thirdparty/db/thirdparties_db.xml) : 44 ms. number of Sw pack : 57
2024-08-20 13:36:17,744 [INFO] PluginManage:342 - Loaded plugin thirdparty (category:base,tabindex:-1)
2024-08-20 13:36:17,744 [INFO] PluginManage:292 - Check plugin tools
2024-08-20 13:36:17,802 [INFO] PluginManage:342 - Loaded plugin tools (category:base,tabindex:7)
2024-08-20 13:36:17,803 [INFO] PluginManage:292 - Check plugin tutovideos
2024-08-20 13:36:18,022 [INFO] PluginManage:342 - Loaded plugin tutovideos (category:base,tabindex:-1)
2024-08-20 13:36:18,022 [INFO] PluginManage:292 - Check plugin updater
2024-08-20 13:36:18,041 [INFO] PluginManage:342 - Loaded plugin updater (category:base,tabindex:12)
2024-08-20 13:36:18,042 [INFO] PluginManage:265 - PluginManage : Loaded plugins [13]
2024-08-20 13:36:18,198 [INFO] PinOutPanel:1418 - setPackage(No Configuration,No Configuration)
2024-08-20 13:36:18,285 [INFO] IPUIPlugin:64 - create IPUIPlugin
2024-08-20 13:36:18,285 [INFO] PluginManager:200 - loadIPPluginJar : add adc
2024-08-20 13:36:18,325 [INFO] IPUIPlugin:64 - create IPUIPlugin
2024-08-20 13:36:18,326 [INFO] PluginManager:200 - loadIPPluginJar : add aes
2024-08-20 13:36:18,371 [INFO] IPUIPlugin:64 - create IPUIPlugin
2024-08-20 13:36:18,371 [INFO] PluginManager:200 - loadIPPluginJar : add can
2024-08-20 13:36:18,400 [INFO] IPUIPlugin:64 - create IPUIPlugin
2024-08-20 13:36:18,400 [INFO] PluginManager:200 - loadIPPluginJar : add comp
2024-08-20 13:36:18,453 [INFO] IPUIPlugin:64 - create IPUIPlugin
2024-08-20 13:36:18,453 [INFO] PluginManager:200 - loadIPPluginJar : add cryp
2024-08-20 13:36:18,515 [INFO] IPUIPlugin:64 - create IPUIPlugin
2024-08-20 13:36:18,515 [INFO] PluginManager:200 - loadIPPluginJar : add dfsdm
2024-08-20 13:36:18,529 [INFO] IPUIPlugin:64 - create IPUIPlugin
2024-08-20 13:36:18,530 [INFO] PluginManager:200 - loadIPPluginJar : add dma
2024-08-20 13:36:18,567 [INFO] IPUIPlugin:64 - create IPUIPlugin
2024-08-20 13:36:18,568 [INFO] PluginManager:200 - loadIPPluginJar : add fatfs
2024-08-20 13:36:18,627 [INFO] IPUIPlugin:64 - create IPUIPlugin
2024-08-20 13:36:18,628 [INFO] PluginManager:200 - loadIPPluginJar : add fmc
2024-08-20 13:36:18,643 [INFO] IPUIPlugin:64 - create IPUIPlugin
2024-08-20 13:36:18,643 [INFO] PluginManager:200 - loadIPPluginJar : add freertos
2024-08-20 13:36:18,674 [INFO] IPUIPlugin:64 - create IPUIPlugin
2024-08-20 13:36:18,674 [INFO] PluginManager:200 - loadIPPluginJar : add genericplugin
2024-08-20 13:36:18,769 [INFO] IPUIPlugin:64 - create IPUIPlugin
2024-08-20 13:36:18,770 [INFO] PluginManager:200 - loadIPPluginJar : add gfxmmu
2024-08-20 13:36:18,892 [INFO] IPUIPlugin:64 - create IPUIPlugin
2024-08-20 13:36:18,893 [INFO] PluginManager:200 - loadIPPluginJar : add gic
2024-08-20 13:36:18,905 [INFO] IPUIPlugin:64 - create IPUIPlugin
2024-08-20 13:36:18,905 [INFO] PluginManager:200 - loadIPPluginJar : add gpio
2024-08-20 13:36:18,977 [INFO] IPUIPlugin:64 - create IPUIPlugin
2024-08-20 13:36:18,978 [INFO] PluginManager:200 - loadIPPluginJar : add gtzc
2024-08-20 13:36:19,013 [INFO] IPUIPlugin:64 - create IPUIPlugin
2024-08-20 13:36:19,013 [INFO] PluginManager:200 - loadIPPluginJar : add hash
2024-08-20 13:36:19,070 [INFO] IPUIPlugin:64 - create IPUIPlugin
2024-08-20 13:36:19,071 [INFO] PluginManager:200 - loadIPPluginJar : add i2c
2024-08-20 13:36:19,115 [INFO] IPUIPlugin:64 - create IPUIPlugin
2024-08-20 13:36:19,115 [INFO] PluginManager:200 - loadIPPluginJar : add i2s
2024-08-20 13:36:19,124 [INFO] IPUIPlugin:64 - create IPUIPlugin
2024-08-20 13:36:19,125 [INFO] PluginManager:200 - loadIPPluginJar : add ipddr
2024-08-20 13:36:19,165 [INFO] IPUIPlugin:64 - create IPUIPlugin
2024-08-20 13:36:19,165 [INFO] PluginManager:200 - loadIPPluginJar : add ltdc
2024-08-20 13:36:19,176 [INFO] IPUIPlugin:64 - create IPUIPlugin
2024-08-20 13:36:19,176 [INFO] PluginManager:200 - loadIPPluginJar : add mdma
2024-08-20 13:36:19,187 [INFO] IPUIPlugin:64 - create IPUIPlugin
2024-08-20 13:36:19,187 [INFO] PluginManager:200 - loadIPPluginJar : add nvic
2024-08-20 13:36:19,229 [INFO] IPUIPlugin:64 - create IPUIPlugin
2024-08-20 13:36:19,229 [INFO] PluginManager:200 - loadIPPluginJar : add opamp
2024-08-20 13:36:19,308 [INFO] IPUIPlugin:64 - create IPUIPlugin
2024-08-20 13:36:19,308 [INFO] PluginManager:200 - loadIPPluginJar : add openamp
2024-08-20 13:36:19,363 [INFO] IPUIPlugin:64 - create IPUIPlugin
2024-08-20 13:36:19,363 [INFO] PluginManager:200 - loadIPPluginJar : add pdm2pcm
2024-08-20 13:36:19,376 [INFO] IPUIPlugin:64 - create IPUIPlugin
2024-08-20 13:36:19,379 [INFO] PluginManager:200 - loadIPPluginJar : add plateformsettings
2024-08-20 13:36:19,409 [INFO] IPUIPlugin:64 - create IPUIPlugin
2024-08-20 13:36:19,409 [INFO] PluginManager:200 - loadIPPluginJar : add quadspi
2024-08-20 13:36:19,420 [INFO] IPUIPlugin:64 - create IPUIPlugin
2024-08-20 13:36:19,420 [INFO] PluginManager:200 - loadIPPluginJar : add resmgrutility
2024-08-20 13:36:19,475 [INFO] IPUIPlugin:64 - create IPUIPlugin
2024-08-20 13:36:19,476 [INFO] PluginManager:200 - loadIPPluginJar : add sai
2024-08-20 13:36:19,517 [INFO] IPUIPlugin:64 - create IPUIPlugin
2024-08-20 13:36:19,518 [INFO] PluginManager:200 - loadIPPluginJar : add spi
2024-08-20 13:36:19,571 [INFO] IPUIPlugin:64 - create IPUIPlugin
2024-08-20 13:36:19,572 [INFO] PluginManager:200 - loadIPPluginJar : add stm32_wpan
2024-08-20 13:36:19,601 [INFO] IPUIPlugin:64 - create IPUIPlugin
2024-08-20 13:36:19,601 [INFO] PluginManager:200 - loadIPPluginJar : add tim
2024-08-20 13:36:19,666 [INFO] IPUIPlugin:64 - create IPUIPlugin
2024-08-20 13:36:19,666 [INFO] PluginManager:200 - loadIPPluginJar : add touchsensing
2024-08-20 13:36:19,695 [INFO] IPUIPlugin:64 - create IPUIPlugin
2024-08-20 13:36:19,695 [INFO] PluginManager:200 - loadIPPluginJar : add tracer_emb
2024-08-20 13:36:19,727 [INFO] IPUIPlugin:64 - create IPUIPlugin
2024-08-20 13:36:19,727 [INFO] PluginManager:200 - loadIPPluginJar : add ts
2024-08-20 13:36:19,760 [INFO] IPUIPlugin:64 - create IPUIPlugin
2024-08-20 13:36:19,760 [INFO] PluginManager:200 - loadIPPluginJar : add tsc
2024-08-20 13:36:19,812 [INFO] IPUIPlugin:64 - create IPUIPlugin
2024-08-20 13:36:19,813 [INFO] PluginManager:200 - loadIPPluginJar : add ucpd
2024-08-20 13:36:19,864 [INFO] IPUIPlugin:64 - create IPUIPlugin
2024-08-20 13:36:19,864 [INFO] PluginManager:200 - loadIPPluginJar : add usart
2024-08-20 13:36:21,144 [INFO] CubeProgrammer:457 - [DDR PANEL] - PathOfProgrammer: null
2024-08-20 13:36:21,768 [FATAL] Updater:282 - Updater called before beeing initialized
2024-08-20 13:36:21,880 [FATAL] Updater:282 - Updater called before beeing initialized
2024-08-20 13:36:21,880 [WARN] ThirdParty:775 - waiting for thirdparty lock release [close project]
2024-08-20 13:36:21,880 [INFO] ThirdParty:777 - entering critical section [close project]
2024-08-20 13:36:21,881 [INFO] ThirdParty:790 - exiting critical section [close project]
2024-08-20 13:36:21,883 [INFO] PinOutPanel:1418 - setPackage(No Configuration,No Configuration)
2024-08-20 13:36:21,883 [FATAL] Updater:282 - Updater called before beeing initialized
2024-08-20 13:36:21,895 [ERROR] Updater:967 - MainUpdater not yet initialized. External WinMGr cannot be set.
2024-08-20 13:36:21,897 [INFO] CubeProgrammer:457 - [DDR PANEL] - PathOfProgrammer: C:\ST\STM32CubeIDE_1.4.0\STM32CubeIDE\plugins\com.st.stm32cube.ide.mcu.externaltools.cubeprogrammer.win32_1.4.0.202007081208\tools\bin
2024-08-20 13:36:21,899 [INFO] ProgrammerExecThread:148 - [ProgrammerAPI] CubeProgrammer command construction: C:\ST\STM32CubeIDE_1.4.0\STM32CubeIDE\plugins\com.st.stm32cube.ide.mcu.externaltools.cubeprogrammer.win32_1.4.0.202007081208\tools\bin\STM32_Programmer_CLI.exe -l
2024-08-20 13:36:22,223 [INFO] MainDdrPanel:49 - [DDR PANEL] SETTER - Set cubeProgrammerPath to: C:\ST\STM32CubeIDE_1.4.0\STM32CubeIDE\plugins\com.st.stm32cube.ide.mcu.externaltools.cubeprogrammer.win32_1.4.0.202007081208\tools\bin
2024-08-20 13:36:22,336 [INFO] Updater:904 - Updater Version found : 6.0.0
2024-08-20 13:36:22,352 [INFO] ApplicationProperties:181 - Using Application install path: C:\ST\STM32CubeIDE_1.4.0\STM32CubeIDE\plugins\com.st.stm32cube.common.mx_6.0.0.202007160824
2024-08-20 13:36:22,789 [INFO] MainUpdater:2268 - connection check result : 10
2024-08-20 13:36:22,791 [INFO] MainUpdater:239 - Updater Check For Update Now.
2024-08-20 13:36:22,791 [INFO] MicroXplorer:414 - Change Database Version : DB.6.0.0
2024-08-20 13:36:22,886 [INFO] CheckServerUpdateThread:102 - End of CheckServer Thread
2024-08-20 13:36:22,956 [INFO] MainUpdater:2268 - connection check result : 10
2024-08-20 13:36:23,309 [INFO] McuFinderGlobals:40 - Set McuFinder mode to 2 (CubeIDE integrated)
2024-08-20 13:36:23,414 [INFO] CrossSelectorPresenter:1330 - Cross Selector saved comparison directory: C:\Users\Younis\.stmcufinder\plugins\mcufinder\mcu\cs_comparisons_mx
2024-08-20 13:36:23,419 [INFO] MultiScanPanel:193 - Auto-refresh data requested => check proxy status ongoing
2024-08-20 13:36:23,421 [INFO] FinderPluginLoader:87 - Searching for filters in installed packs
2024-08-20 13:36:23,422 [INFO] DbMcusXml:100 - Load MCU database from C:\ST\STM32CubeIDE_1.4.0\STM32CubeIDE\plugins\com.st.stm32cube.common.mx_6.0.0.202007160824\\db\/mcu/families.xml
2024-08-20 13:36:23,769 [WARN] IntegrityCheckThread:61 - waiting for thirdparty lock release [integrity check]
2024-08-20 13:36:23,769 [INFO] IntegrityCheckThread:63 - entering critical section [integrity check]
2024-08-20 13:36:24,137 [INFO] DbMcusJson:92 - JSON generation date=Tue Nov 16 18:17:54 EET 2021 (1637079474)
2024-08-20 13:36:24,750 [INFO] ThirdPartyDb:299 - Save Third Party DataBase File (C:/Users/Younis/.stm32cubemx/plugins/thirdparty/db/thirdparties_db.xml) [forced]
2024-08-20 13:36:24,874 [INFO] ThirdPartyDb:299 - Save Third Party DataBase File (C:/Users/Younis/.stm32cubemx/plugins/thirdparty/db/thirdparties_db.xml) [forced]
2024-08-20 13:36:24,995 [INFO] IntegrityCheckThread:76 - exiting critical section [integrity check]
2024-08-20 13:36:24,995 [INFO] IntegrityCheckThread:79 - End integrity checks thread
2024-08-20 13:36:25,204 [INFO] DbMcus:175 - Found 1761 MCUs (1722 are supported by CubeMX, 1911 are visible in CubeMX)
2024-08-20 13:36:25,205 [INFO] ApiDb:201 - Load user favorites file C:\Users\Younis/.stm32cubeide/favorites.mcus.txt: 0 item(s)
2024-08-20 13:36:25,206 [INFO] ApiDb:205 - User favorites MCUs=[]
2024-08-20 13:36:25,206 [INFO] DbMcus:187 - Set 0 / 0 favorites MCUs
2024-08-20 13:36:25,608 [INFO] LoadUrlFilesThread:162 - End of LoadServerUrlFiles without Thread
2024-08-20 13:36:25,615 [INFO] DetailPanel:331 - Set advertising image to C:/Users/Younis/STM32Cube/Repository/\stm32cubemx-promo_image.jpg
2024-08-20 13:36:25,898 [INFO] McuFilterPanel:245 - Update 0 favorites MCUs
2024-08-20 13:36:25,977 [INFO] DbBoardsPdsc:94 - Found 23 items
2024-08-20 13:36:25,988 [INFO] DbBoardsPdsc:94 - Found 9 items
2024-08-20 13:36:26,000 [INFO] DbBoardsPdsc:94 - Found 29 items
2024-08-20 13:36:26,010 [INFO] DbBoardsPdsc:94 - Found 1 items
2024-08-20 13:36:26,023 [INFO] DbBoardsPdsc:94 - Found 44 items
2024-08-20 13:36:26,036 [INFO] DbBoardsPdsc:94 - Found 40 items
2024-08-20 13:36:26,047 [INFO] DbBoardsPdsc:94 - Found 2 items
2024-08-20 13:36:26,056 [INFO] DbBoardsPdsc:94 - Found 4 items
2024-08-20 13:36:26,063 [WARN] DbBoardsPdsc:258 - Board STM32H7B3I-DK: unknown feature type=Audio, name=, username=Audio stereo codec with Headphone Amp (CS42L51-CNZ), n=1
2024-08-20 13:36:26,064 [WARN] DbBoardsPdsc:258 - Board STM32H735G-DK: unknown feature type=Audio, name=, username=Audio stereo codec with Headphone Amp (WM8994ECS/R), n=1
2024-08-20 13:36:26,068 [WARN] DbBoardsPdsc:258 - Board STM32H7B3I-EVAL: unknown feature type=Audio, name=, username=Multi-Channel Audio Codec (CS42L51-CNZ), n=1
2024-08-20 13:36:26,068 [WARN] DbBoardsPdsc:258 - Board STM32H7B3I-EVAL: unknown feature type=Meter, name=, username=Power-metering and Temperature-monitoring with sigma-delta modulators, n=1
2024-08-20 13:36:26,068 [WARN] DbBoardsPdsc:258 - Board STM32H7B3I-EVAL: unknown feature type=Motor, name=, username=Motor Control, n=1
2024-08-20 13:36:26,116 [INFO] DbBoardsJson:85 - JSON generation date=Tue Nov 16 18:17:54 EET 2021 (1637079474)
2024-08-20 13:36:26,120 [INFO] DbBoards:117 - Found 166 boards (149 are supported by CubeMX)
2024-08-20 13:36:26,131 [INFO] DbBoardsDocs:145 - JSON generation date=Tue Nov 16 18:17:54 EET 2021 (1637079474)
2024-08-20 13:36:26,135 [INFO] DbBoardsDocs:81 - Found 209 boards documents
2024-08-20 13:36:26,135 [WARN] DbBoards:127 - board B-L475E-IOT01A2 has no document id list !
2024-08-20 13:36:26,136 [WARN] DbBoards:127 - board NUCLEO-H743ZI has no document id list !
2024-08-20 13:36:26,137 [WARN] DbBoards:127 - board P-NUCLEO-WB55-Nucleo has no document id list !
2024-08-20 13:36:26,137 [WARN] DbBoards:127 - board P-NUCLEO-WB55-USBDongle has no document id list !
2024-08-20 13:36:26,137 [WARN] DbBoards:127 - board STEVAL-BFA001V1B has no document id list !
2024-08-20 13:36:26,137 [WARN] DbBoards:127 - board STEVAL-BFA001V2B has no document id list !
2024-08-20 13:36:26,137 [WARN] DbBoards:127 - board STEVAL-IDP005V1 has no document id list !
2024-08-20 13:36:26,137 [WARN] DbBoards:127 - board STEVAL-IDP005V2 has no document id list !
2024-08-20 13:36:26,138 [WARN] DbBoards:127 - board STEVAL-MKSBOX1V1 has no document id list !
2024-08-20 13:36:26,138 [WARN] DbBoards:127 - board STEVAL-STWINKT1 has no document id list !
2024-08-20 13:36:26,138 [WARN] DbBoards:127 - board STEVAL-STWINKT1B has no document id list !
2024-08-20 13:36:26,138 [WARN] DbBoards:127 - board STM32439I-EVAL2 has no document id list !
2024-08-20 13:36:26,138 [WARN] DbBoards:127 - board STM32F401C-DISCO has no document id list !
2024-08-20 13:36:26,139 [WARN] DbBoards:127 - board STM32F769I-DISC1 has no document id list !
2024-08-20 13:36:26,139 [WARN] DbBoards:127 - board STM32G474E-EVAL1 has no document id list !
2024-08-20 13:36:26,139 [WARN] DbBoards:127 - board STM32H743I-EVAL2 has no document id list !
2024-08-20 13:36:26,139 [WARN] DbBoards:127 - board STM32H747I-DISC1 has no document id list !
2024-08-20 13:36:26,140 [WARN] DbBoards:127 - board STM32H753I-EVAL2 has no document id list !
2024-08-20 13:36:26,140 [WARN] DbBoards:127 - board STM32L-DISCOVERY has no document id list !
2024-08-20 13:36:26,225 [ERROR] DbBoards:189 - Image file not found for board B-L462E-CELL1: C:\ST\STM32CubeIDE_1.4.0\STM32CubeIDE\plugins\com.st.stm32cube.common.mx_6.0.0.202007160824\\db\/plugins/mcufinder/images/boards/B-L462E-CELL1_small.jpg
2024-08-20 13:36:26,259 [ERROR] DbBoards:189 - Image file not found for board B-U585I-IOT02A: C:\ST\STM32CubeIDE_1.4.0\STM32CubeIDE\plugins\com.st.stm32cube.common.mx_6.0.0.202007160824\\db\/plugins/mcufinder/images/boards/B-U585I-IOT02A_small.jpg
2024-08-20 13:36:26,323 [ERROR] DbBoards:189 - Image file not found for board NUCLEO-F413ZH: C:\ST\STM32CubeIDE_1.4.0\STM32CubeIDE\plugins\com.st.stm32cube.common.mx_6.0.0.202007160824\\db\/plugins/mcufinder/images/boards/nucleo-f413zh_small.jpg
2024-08-20 13:36:26,436 [ERROR] DbBoards:189 - Image file not found for board NUCLEO-L552ZE-Q: C:\ST\STM32CubeIDE_1.4.0\STM32CubeIDE\plugins\com.st.stm32cube.common.mx_6.0.0.202007160824\\db\/plugins/mcufinder/images/boards/nucleo_l552ze_q_small.jpg
2024-08-20 13:36:26,436 [ERROR] DbBoards:189 - Image file not found for board NUCLEO-U575ZI-Q: C:\ST\STM32CubeIDE_1.4.0\STM32CubeIDE\plugins\com.st.stm32cube.common.mx_6.0.0.202007160824\\db\/plugins/mcufinder/images/boards/nucleo-u575zi-q_small.jpg
2024-08-20 13:36:26,436 [ERROR] DbBoards:189 - Image file not found for board NUCLEO-WB15CC: C:\ST\STM32CubeIDE_1.4.0\STM32CubeIDE\plugins\com.st.stm32cube.common.mx_6.0.0.202007160824\\db\/plugins/mcufinder/images/boards/nucleo-wb15cc_small.jpg
2024-08-20 13:36:26,436 [ERROR] DbBoards:189 - Image file not found for board NUCLEO-WB55RG: C:\ST\STM32CubeIDE_1.4.0\STM32CubeIDE\plugins\com.st.stm32cube.common.mx_6.0.0.202007160824\\db\/plugins/mcufinder/images/boards/nucleo-wb55rg_small.jpg
2024-08-20 13:36:26,436 [ERROR] DbBoards:189 - Image file not found for board NUCLEO-WL55JC: C:\ST\STM32CubeIDE_1.4.0\STM32CubeIDE\plugins\com.st.stm32cube.common.mx_6.0.0.202007160824\\db\/plugins/mcufinder/images/boards/nucleo-wl55jc-small.jpg
2024-08-20 13:36:26,572 [ERROR] DbBoards:189 - Image file not found for board STEVAL-STWINKT1B: C:\ST\STM32CubeIDE_1.4.0\STM32CubeIDE\plugins\com.st.stm32cube.common.mx_6.0.0.202007160824\\db\/plugins/mcufinder/images/boards/steval-stwinkt1b_small.jpg
2024-08-20 13:36:26,938 [ERROR] DbBoards:189 - Image file not found for board STM32G0C1E-EV: C:\ST\STM32CubeIDE_1.4.0\STM32CubeIDE\plugins\com.st.stm32cube.common.mx_6.0.0.202007160824\\db\/plugins/mcufinder/images/boards/stm32g0c1e-eval_small.jpg
2024-08-20 13:36:27,038 [ERROR] DbBoards:189 - Image file not found for board STM32H7B3I-EVAL: C:\ST\STM32CubeIDE_1.4.0\STM32CubeIDE\plugins\com.st.stm32cube.common.mx_6.0.0.202007160824\\db\/plugins/mcufinder/images/boards/stm32h7b3ieval_small.jpg
2024-08-20 13:36:27,187 [ERROR] DbBoards:189 - Image file not found for board STM32U575I-EV: C:\ST\STM32CubeIDE_1.4.0\STM32CubeIDE\plugins\com.st.stm32cube.common.mx_6.0.0.202007160824\\db\/plugins/mcufinder/images/boards/stm32u575i-ev_small.jpg
2024-08-20 13:36:27,218 [ERROR] DbBoards:189 - Image file not found for board STM32WB5MM-DK: C:\ST\STM32CubeIDE_1.4.0\STM32CubeIDE\plugins\com.st.stm32cube.common.mx_6.0.0.202007160824\\db\/plugins/mcufinder/images/boards/STM32WB5MM-DK_small.jpg
2024-08-20 13:36:27,218 [INFO] ApiDb:201 - Load user favorites file C:\Users\Younis/.stm32cubeide/favorites.boards.txt: 0 item(s)
2024-08-20 13:36:27,219 [INFO] ApiDb:205 - User favorites Boards=[]
2024-08-20 13:36:27,219 [INFO] DbBoards:206 - Set 0 / 0 favorites Boards
2024-08-20 13:36:41,544 [INFO] DbMcusDocs:145 - JSON generation date=Tue Nov 16 18:17:54 EET 2021 (1637079474)
2024-08-20 13:36:41,661 [INFO] DbMcusDocs:81 - Found 682 MCUs documents
2024-08-20 13:37:06,714 [INFO] LogOutputStream:76 - [STDOUT_REDIRECT] withoutVersionV1.8.4
2024-08-20 13:37:06,714 [INFO] LogOutputStream:76 - [STDOUT_REDIRECT] withoutVersionV1.8.3
2024-08-20 13:37:06,714 [INFO] LogOutputStream:76 - [STDOUT_REDIRECT] withoutVersionV1.8.2
2024-08-20 13:37:06,714 [INFO] LogOutputStream:76 - [STDOUT_REDIRECT] withoutVersionV1.8.1
2024-08-20 13:37:06,715 [INFO] LogOutputStream:76 - [STDOUT_REDIRECT] withoutVersionV1.8.0
2024-08-20 13:37:11,978 [ERROR] LogOutputStream:74 - [STDERR_REDIRECT] [Fatal Error] :1:1: Premature end of file.
2024-08-20 13:37:11,979 [ERROR] LogOutputStream:74 - [STDERR_REDIRECT] 
2024-08-20 13:37:12,037 [ERROR] LogOutputStream:74 - [STDERR_REDIRECT] [Fatal Error] :1:1: Premature end of file.
2024-08-20 13:37:12,038 [ERROR] LogOutputStream:74 - [STDERR_REDIRECT] 
2024-08-20 13:37:12,054 [INFO] ApiDb:226 - Save user favorites file C:\Users\Younis/.stm32cubeide/favorites.mcus.txt: 0 item(s)
2024-08-20 13:37:12,055 [INFO] ApiDb:230 - User favorites MCUs=[]
2024-08-20 13:37:12,961 [ERROR] LogOutputStream:74 - [STDERR_REDIRECT] [Fatal Error] :1:1: Premature end of file.
2024-08-20 13:37:12,961 [ERROR] LogOutputStream:74 - [STDERR_REDIRECT] 
2024-08-20 13:37:13,019 [ERROR] LogOutputStream:74 - [STDERR_REDIRECT] [Fatal Error] :1:1: Premature end of file.
2024-08-20 13:37:13,020 [ERROR] LogOutputStream:74 - [STDERR_REDIRECT] 
2024-08-20 13:37:13,079 [ERROR] LogOutputStream:74 - [STDERR_REDIRECT] [Fatal Error] :1:1: Premature end of file.
2024-08-20 13:37:13,080 [ERROR] LogOutputStream:74 - [STDERR_REDIRECT] 
2024-08-20 13:37:13,140 [ERROR] LogOutputStream:74 - [STDERR_REDIRECT] [Fatal Error] :1:1: Premature end of file.
2024-08-20 13:37:13,140 [ERROR] LogOutputStream:74 - [STDERR_REDIRECT] 
2024-08-20 13:37:13,202 [ERROR] LogOutputStream:74 - [STDERR_REDIRECT] [Fatal Error] :1:1: Premature end of file.
2024-08-20 13:37:13,203 [ERROR] LogOutputStream:74 - [STDERR_REDIRECT] 
2024-08-20 13:37:13,260 [ERROR] LogOutputStream:74 - [STDERR_REDIRECT] [Fatal Error] :1:1: Premature end of file.
2024-08-20 13:37:13,260 [ERROR] LogOutputStream:74 - [STDERR_REDIRECT] 
2024-08-20 13:37:13,322 [ERROR] LogOutputStream:74 - [STDERR_REDIRECT] [Fatal Error] :1:1: Premature end of file.
2024-08-20 13:37:13,322 [ERROR] LogOutputStream:74 - [STDERR_REDIRECT] 
2024-08-20 13:37:13,438 [ERROR] LogOutputStream:74 - [STDERR_REDIRECT] [Fatal Error] :1:1: Premature end of file.
2024-08-20 13:37:13,438 [ERROR] LogOutputStream:74 - [STDERR_REDIRECT] 
2024-08-20 13:37:13,496 [ERROR] LogOutputStream:74 - [STDERR_REDIRECT] [Fatal Error] :1:1: Premature end of file.
2024-08-20 13:37:13,496 [ERROR] LogOutputStream:74 - [STDERR_REDIRECT] 
2024-08-20 13:37:13,563 [ERROR] LogOutputStream:74 - [STDERR_REDIRECT] [Fatal Error] :1:1: Premature end of file.
2024-08-20 13:37:13,563 [ERROR] LogOutputStream:74 - [STDERR_REDIRECT] 
2024-08-20 13:56:51,755 [ERROR] LogOutputStream:74 - [STDERR_REDIRECT] [Fatal Error] :1:1: Premature end of file.
2024-08-20 13:56:51,755 [ERROR] LogOutputStream:74 - [STDERR_REDIRECT] 
2024-08-20 13:56:51,810 [ERROR] LogOutputStream:74 - [STDERR_REDIRECT] [Fatal Error] :1:1: Premature end of file.
2024-08-20 13:56:51,810 [ERROR] LogOutputStream:74 - [STDERR_REDIRECT] 
2024-08-20 13:56:51,864 [ERROR] LogOutputStream:74 - [STDERR_REDIRECT] [Fatal Error] :1:1: Premature end of file.
2024-08-20 13:56:51,864 [ERROR] LogOutputStream:74 - [STDERR_REDIRECT] 
2024-08-20 13:56:51,928 [ERROR] LogOutputStream:74 - [STDERR_REDIRECT] [Fatal Error] :1:1: Premature end of file.
2024-08-20 13:56:51,929 [ERROR] LogOutputStream:74 - [STDERR_REDIRECT] 
2024-08-20 13:56:51,985 [ERROR] LogOutputStream:74 - [STDERR_REDIRECT] [Fatal Error] :1:1: Premature end of file.
2024-08-20 13:56:51,985 [ERROR] LogOutputStream:74 - [STDERR_REDIRECT] 
2024-08-20 13:56:52,044 [ERROR] LogOutputStream:74 - [STDERR_REDIRECT] [Fatal Error] :1:1: Premature end of file.
2024-08-20 13:56:52,045 [ERROR] LogOutputStream:74 - [STDERR_REDIRECT] 
2024-08-20 14:46:55,760 [ERROR] LogOutputStream:74 - [STDERR_REDIRECT] [Fatal Error] :1:1: Premature end of file.
2024-08-20 14:46:55,760 [ERROR] LogOutputStream:74 - [STDERR_REDIRECT] 
2024-08-20 14:46:55,816 [ERROR] LogOutputStream:74 - [STDERR_REDIRECT] [Fatal Error] :1:1: Premature end of file.
2024-08-20 14:46:55,816 [ERROR] LogOutputStream:74 - [STDERR_REDIRECT] 
2024-08-20 14:46:55,872 [ERROR] LogOutputStream:74 - [STDERR_REDIRECT] [Fatal Error] :1:1: Premature end of file.
2024-08-20 14:46:55,872 [ERROR] LogOutputStream:74 - [STDERR_REDIRECT] 
2024-08-20 14:53:39,357 [ERROR] LogOutputStream:74 - [STDERR_REDIRECT] [Fatal Error] :1:1: Premature end of file.
2024-08-20 14:53:39,357 [ERROR] LogOutputStream:74 - [STDERR_REDIRECT] 
2024-08-20 14:53:39,408 [ERROR] LogOutputStream:74 - [STDERR_REDIRECT] [Fatal Error] :1:1: Premature end of file.
2024-08-20 14:53:39,408 [ERROR] LogOutputStream:74 - [STDERR_REDIRECT] 
2024-08-20 14:53:39,460 [ERROR] LogOutputStream:74 - [STDERR_REDIRECT] [Fatal Error] :1:1: Premature end of file.
2024-08-20 14:53:39,460 [ERROR] LogOutputStream:74 - [STDERR_REDIRECT] 
2024-08-20 14:59:36,748 [ERROR] LogOutputStream:74 - [STDERR_REDIRECT] [Fatal Error] :1:1: Premature end of file.
2024-08-20 14:59:36,748 [ERROR] LogOutputStream:74 - [STDERR_REDIRECT] 
2024-08-20 14:59:36,800 [ERROR] LogOutputStream:74 - [STDERR_REDIRECT] [Fatal Error] :1:1: Premature end of file.
2024-08-20 14:59:36,800 [ERROR] LogOutputStream:74 - [STDERR_REDIRECT] 
2024-08-20 14:59:36,859 [ERROR] LogOutputStream:74 - [STDERR_REDIRECT] [Fatal Error] :1:1: Premature end of file.
2024-08-20 14:59:36,860 [ERROR] LogOutputStream:74 - [STDERR_REDIRECT] 
2024-08-21 16:57:48,052 [INFO] Activator:178 - 


2024-08-21 16:57:48,055 [INFO] Activator:179 - !SESSION log4j initialized
2024-08-21 16:57:53,417 [ERROR] LogOutputStream:74 - [STDERR_REDIRECT] [Fatal Error] :1:1: Premature end of file.
2024-08-21 16:57:53,418 [ERROR] LogOutputStream:74 - [STDERR_REDIRECT] 
2024-08-21 16:57:53,473 [ERROR] LogOutputStream:74 - [STDERR_REDIRECT] [Fatal Error] :1:1: Premature end of file.
2024-08-21 16:57:53,474 [ERROR] LogOutputStream:74 - [STDERR_REDIRECT] 
2024-08-21 16:57:53,527 [ERROR] LogOutputStream:74 - [STDERR_REDIRECT] [Fatal Error] :1:1: Premature end of file.
2024-08-21 16:57:53,528 [ERROR] LogOutputStream:74 - [STDERR_REDIRECT] 
2024-08-21 21:48:16,028 [ERROR] LogOutputStream:74 - [STDERR_REDIRECT] [Fatal Error] :1:1: Premature end of file.
2024-08-21 21:48:16,032 [ERROR] LogOutputStream:74 - [STDERR_REDIRECT] 
2024-08-21 21:48:16,087 [ERROR] LogOutputStream:74 - [STDERR_REDIRECT] [Fatal Error] :1:1: Premature end of file.
2024-08-21 21:48:16,088 [ERROR] LogOutputStream:74 - [STDERR_REDIRECT] 
2024-08-21 21:48:16,147 [ERROR] LogOutputStream:74 - [STDERR_REDIRECT] [Fatal Error] :1:1: Premature end of file.
2024-08-21 21:48:16,150 [ERROR] LogOutputStream:74 - [STDERR_REDIRECT] 
2024-08-21 21:48:16,208 [ERROR] LogOutputStream:74 - [STDERR_REDIRECT] [Fatal Error] :1:1: Premature end of file.
2024-08-21 21:48:16,209 [ERROR] LogOutputStream:74 - [STDERR_REDIRECT] 
2024-08-21 21:48:16,265 [ERROR] LogOutputStream:74 - [STDERR_REDIRECT] [Fatal Error] :1:1: Premature end of file.
2024-08-21 21:48:16,266 [ERROR] LogOutputStream:74 - [STDERR_REDIRECT] 
2024-08-21 21:48:16,325 [ERROR] LogOutputStream:74 - [STDERR_REDIRECT] [Fatal Error] :1:1: Premature end of file.
2024-08-21 21:48:16,328 [ERROR] LogOutputStream:74 - [STDERR_REDIRECT] 
2024-08-21 21:48:16,386 [ERROR] LogOutputStream:74 - [STDERR_REDIRECT] [Fatal Error] :1:1: Premature end of file.
2024-08-21 21:48:16,387 [ERROR] LogOutputStream:74 - [STDERR_REDIRECT] 
2024-08-21 21:48:16,442 [ERROR] LogOutputStream:74 - [STDERR_REDIRECT] [Fatal Error] :1:1: Premature end of file.
2024-08-21 21:48:16,443 [ERROR] LogOutputStream:74 - [STDERR_REDIRECT] 
2024-08-21 21:48:16,495 [ERROR] LogOutputStream:74 - [STDERR_REDIRECT] [Fatal Error] :1:1: Premature end of file.
2024-08-21 21:48:16,496 [ERROR] LogOutputStream:74 - [STDERR_REDIRECT] 
2024-08-21 21:48:16,553 [ERROR] LogOutputStream:74 - [STDERR_REDIRECT] [Fatal Error] :1:1: Premature end of file.
2024-08-21 21:48:16,554 [ERROR] LogOutputStream:74 - [STDERR_REDIRECT] 
2024-08-21 21:48:16,611 [ERROR] LogOutputStream:74 - [STDERR_REDIRECT] [Fatal Error] :1:1: Premature end of file.
2024-08-21 21:48:16,612 [ERROR] LogOutputStream:74 - [STDERR_REDIRECT] 
2024-08-21 21:48:16,667 [ERROR] LogOutputStream:74 - [STDERR_REDIRECT] [Fatal Error] :1:1: Premature end of file.
2024-08-21 21:48:16,668 [ERROR] LogOutputStream:74 - [STDERR_REDIRECT] 
2024-08-21 21:49:13,239 [INFO] Activator:178 - 


2024-08-21 21:49:13,241 [INFO] Activator:179 - !SESSION log4j initialized
2024-08-21 21:49:16,889 [ERROR] LogOutputStream:74 - [STDERR_REDIRECT] [Fatal Error] :1:1: Premature end of file.
2024-08-21 21:49:16,891 [ERROR] LogOutputStream:74 - [STDERR_REDIRECT] 
2024-08-21 21:49:16,975 [ERROR] LogOutputStream:74 - [STDERR_REDIRECT] [Fatal Error] :1:1: Premature end of file.
2024-08-21 21:49:16,976 [ERROR] LogOutputStream:74 - [STDERR_REDIRECT] 
2024-08-21 21:49:17,043 [ERROR] LogOutputStream:74 - [STDERR_REDIRECT] [Fatal Error] :1:1: Premature end of file.
2024-08-21 21:49:17,043 [ERROR] LogOutputStream:74 - [STDERR_REDIRECT] 
2024-08-25 22:39:58,949 [INFO] Activator:178 - 


2024-08-25 22:39:58,952 [INFO] Activator:179 - !SESSION log4j initialized
2024-08-25 22:40:04,798 [ERROR] LogOutputStream:74 - [STDERR_REDIRECT] [Fatal Error] :1:1: Premature end of file.
2024-08-25 22:40:04,799 [ERROR] LogOutputStream:74 - [STDERR_REDIRECT] 
2024-08-25 22:40:04,850 [ERROR] LogOutputStream:74 - [STDERR_REDIRECT] [Fatal Error] :1:1: Premature end of file.
2024-08-25 22:40:04,851 [ERROR] LogOutputStream:74 - [STDERR_REDIRECT] 
2024-08-25 22:40:04,900 [ERROR] LogOutputStream:74 - [STDERR_REDIRECT] [Fatal Error] :1:1: Premature end of file.
2024-08-25 22:40:04,901 [ERROR] LogOutputStream:74 - [STDERR_REDIRECT] 
