2024-09-11 13:43:59,793 [INFO] Activator:178 - 


2024-09-11 13:43:59,795 [INFO] Activator:179 - !SESSION log4j initialized
2024-09-11 13:44:02,320 [ERROR] LogOutputStream:74 - [STDERR_REDIRECT] [Fatal Error] :1:1: Premature end of file.
2024-09-11 13:44:02,322 [ERROR] LogOutputStream:74 - [STDERR_REDIRECT] 
2024-09-11 13:44:02,379 [ERROR] LogOutputStream:74 - [STDERR_REDIRECT] [Fatal Error] :1:1: Premature end of file.
2024-09-11 13:44:02,380 [ERROR] LogOutputStream:74 - [STDERR_REDIRECT] 
2024-09-11 13:44:02,446 [ERROR] LogOutputStream:74 - [STDERR_REDIRECT] [Fatal Error] :1:1: Premature end of file.
2024-09-11 13:44:02,446 [ERROR] LogOutputStream:74 - [STDERR_REDIRECT] 
2024-09-11 13:44:09,614 [INFO] ApplicationProperties:181 - Using Application install path: C:\ST\STM32CubeIDE_1.4.0\STM32CubeIDE\plugins\com.st.stm32cube.common.mx_6.0.0.202007160824
2024-09-11 13:44:09,625 [INFO] DbMcusXml:70 - Set database path to: C:\ST\STM32CubeIDE_1.4.0\STM32CubeIDE\plugins\com.st.stm32cube.common.mx_6.0.0.202007160824\\db\/mcu/
2024-09-11 13:44:09,628 [INFO] DbBoardsPdsc:56 - Set plugin database path to: C:\ST\STM32CubeIDE_1.4.0\STM32CubeIDE\plugins\com.st.stm32cube.common.mx_6.0.0.202007160824\\db\/plugins/boardmanager/
2024-09-11 13:44:09,628 [INFO] DbMcus:258 - Set plugin images path to: C:\ST\STM32CubeIDE_1.4.0\STM32CubeIDE\plugins\com.st.stm32cube.common.mx_6.0.0.202007160824\\db\/plugins/mcufinder/images/
2024-09-11 13:44:09,628 [INFO] DbBoards:264 - Set plugin images path to: C:\ST\STM32CubeIDE_1.4.0\STM32CubeIDE\plugins\com.st.stm32cube.common.mx_6.0.0.202007160824\\db\/plugins/mcufinder/images/
2024-09-11 13:44:09,630 [INFO] DbExamples:326 - Set plugin images path to: C:\ST\STM32CubeIDE_1.4.0\STM32CubeIDE\plugins\com.st.stm32cube.common.mx_6.0.0.202007160824\\db\/plugins/mcufinder/images/
2024-09-11 13:44:09,635 [INFO] DbMcusDocs:112 - Set database path to: C:\Users\Younis\.stmcufinder\plugins\mcufinder//mcu/
2024-09-11 13:44:09,637 [INFO] DbMcusJson:63 - Set database path to: C:\Users\Younis\.stmcufinder\plugins\mcufinder//mcu/
2024-09-11 13:44:09,637 [INFO] DbBoardsDocs:112 - Set database path to: C:\Users\Younis\.stmcufinder\plugins\mcufinder//mcu/
2024-09-11 13:44:09,638 [INFO] DbBoardsJson:56 - Set database path to: C:\Users\Younis\.stmcufinder\plugins\mcufinder//mcu/
2024-09-11 13:44:09,641 [INFO] CrossReferenceDbSqlite:196 - Set database path to: C:\Users\Younis\.stmcufinder\plugins\mcufinder//mcu/cs/
2024-09-11 13:44:09,643 [INFO] DbExamplesSqlite:800 - Set database path to: C:\Users\Younis\.stmcufinder\plugins\mcufinder//mcu/
2024-09-11 13:44:09,728 [INFO] RulesReader:52 - Compatibility file has been processed (209 Rules)
2024-09-11 13:44:09,801 [INFO] MicroXplorer:564 - Detected Java Version = 1.8.0_252
2024-09-11 13:44:09,801 [INFO] DbMcusXml:70 - Set database path to: C:\ST\STM32CubeIDE_1.4.0\STM32CubeIDE\plugins\com.st.stm32cube.common.mx_6.0.0.202007160824\\db\/mcu/
2024-09-11 13:44:09,801 [INFO] DbBoardsPdsc:56 - Set plugin database path to: C:\ST\STM32CubeIDE_1.4.0\STM32CubeIDE\plugins\com.st.stm32cube.common.mx_6.0.0.202007160824\\db\/plugins/boardmanager/
2024-09-11 13:44:09,802 [INFO] DbMcus:258 - Set plugin images path to: C:\ST\STM32CubeIDE_1.4.0\STM32CubeIDE\plugins\com.st.stm32cube.common.mx_6.0.0.202007160824\\db\/plugins/mcufinder/images/
2024-09-11 13:44:09,802 [INFO] DbBoards:264 - Set plugin images path to: C:\ST\STM32CubeIDE_1.4.0\STM32CubeIDE\plugins\com.st.stm32cube.common.mx_6.0.0.202007160824\\db\/plugins/mcufinder/images/
2024-09-11 13:44:09,802 [INFO] DbExamples:326 - Set plugin images path to: C:\ST\STM32CubeIDE_1.4.0\STM32CubeIDE\plugins\com.st.stm32cube.common.mx_6.0.0.202007160824\\db\/plugins/mcufinder/images/
2024-09-11 13:44:09,802 [WARN] DbFile:36 - Overriding database path with different value: C:\Users\Younis\.stmcufinder\plugins\mcufinder/ => C:\Users\Younis\.stmcufinder\plugins\mcufinder
2024-09-11 13:44:09,802 [INFO] DbMcusDocs:112 - Set database path to: C:\Users\Younis\.stmcufinder\plugins\mcufinder//mcu/
2024-09-11 13:44:09,803 [WARN] DbFile:36 - Overriding database path with different value: C:\Users\Younis\.stmcufinder\plugins\mcufinder/ => C:\Users\Younis\.stmcufinder\plugins\mcufinder
2024-09-11 13:44:09,803 [INFO] DbMcusJson:63 - Set database path to: C:\Users\Younis\.stmcufinder\plugins\mcufinder//mcu/
2024-09-11 13:44:09,803 [WARN] DbFile:36 - Overriding database path with different value: C:\Users\Younis\.stmcufinder\plugins\mcufinder/ => C:\Users\Younis\.stmcufinder\plugins\mcufinder
2024-09-11 13:44:09,803 [INFO] DbBoardsDocs:112 - Set database path to: C:\Users\Younis\.stmcufinder\plugins\mcufinder//mcu/
2024-09-11 13:44:09,803 [WARN] DbFile:36 - Overriding database path with different value: C:\Users\Younis\.stmcufinder\plugins\mcufinder/ => C:\Users\Younis\.stmcufinder\plugins\mcufinder
2024-09-11 13:44:09,803 [INFO] DbBoardsJson:56 - Set database path to: C:\Users\Younis\.stmcufinder\plugins\mcufinder//mcu/
2024-09-11 13:44:09,803 [WARN] DbFile:36 - Overriding database path with different value: C:\Users\Younis\.stmcufinder\plugins\mcufinder/ => C:\Users\Younis\.stmcufinder\plugins\mcufinder
2024-09-11 13:44:09,803 [WARN] DbFile:36 - Overriding database path with different value: C:\Users\Younis\.stmcufinder\plugins\mcufinder/ => C:\Users\Younis\.stmcufinder\plugins\mcufinder
2024-09-11 13:44:09,804 [INFO] CrossReferenceDbSqlite:196 - Set database path to: C:\Users\Younis\.stmcufinder\plugins\mcufinder//mcu/cs/
2024-09-11 13:44:09,804 [WARN] DbFile:36 - Overriding database path with different value: C:\Users\Younis\.stmcufinder\plugins\mcufinder/ => C:\Users\Younis\.stmcufinder\plugins\mcufinder
2024-09-11 13:44:09,804 [INFO] DbExamplesSqlite:800 - Set database path to: C:\Users\Younis\.stmcufinder\plugins\mcufinder//mcu/
2024-09-11 13:44:09,860 [INFO] MainPanel:189 - HeapMemory: 277872640
2024-09-11 13:44:09,931 [INFO] DbMcusXml:70 - Set database path to: C:\ST\STM32CubeIDE_1.4.0\STM32CubeIDE\plugins\com.st.stm32cube.common.mx_6.0.0.202007160824\\db\/mcu/
2024-09-11 13:44:09,931 [INFO] DbBoardsPdsc:56 - Set plugin database path to: C:\ST\STM32CubeIDE_1.4.0\STM32CubeIDE\plugins\com.st.stm32cube.common.mx_6.0.0.202007160824\\db\/plugins/boardmanager/
2024-09-11 13:44:09,931 [INFO] DbMcus:258 - Set plugin images path to: C:\ST\STM32CubeIDE_1.4.0\STM32CubeIDE\plugins\com.st.stm32cube.common.mx_6.0.0.202007160824\\db\/plugins/mcufinder/images/
2024-09-11 13:44:09,931 [INFO] DbBoards:264 - Set plugin images path to: C:\ST\STM32CubeIDE_1.4.0\STM32CubeIDE\plugins\com.st.stm32cube.common.mx_6.0.0.202007160824\\db\/plugins/mcufinder/images/
2024-09-11 13:44:09,932 [INFO] DbExamples:326 - Set plugin images path to: C:\ST\STM32CubeIDE_1.4.0\STM32CubeIDE\plugins\com.st.stm32cube.common.mx_6.0.0.202007160824\\db\/plugins/mcufinder/images/
2024-09-11 13:44:09,932 [WARN] DbFile:36 - Overriding database path with different value: C:\Users\Younis\.stmcufinder\plugins\mcufinder/ => C:\Users\Younis\.stmcufinder\plugins\mcufinder
2024-09-11 13:44:09,932 [INFO] DbMcusDocs:112 - Set database path to: C:\Users\Younis\.stmcufinder\plugins\mcufinder//mcu/
2024-09-11 13:44:09,932 [WARN] DbFile:36 - Overriding database path with different value: C:\Users\Younis\.stmcufinder\plugins\mcufinder/ => C:\Users\Younis\.stmcufinder\plugins\mcufinder
2024-09-11 13:44:09,933 [INFO] DbMcusJson:63 - Set database path to: C:\Users\Younis\.stmcufinder\plugins\mcufinder//mcu/
2024-09-11 13:44:09,933 [WARN] DbFile:36 - Overriding database path with different value: C:\Users\Younis\.stmcufinder\plugins\mcufinder/ => C:\Users\Younis\.stmcufinder\plugins\mcufinder
2024-09-11 13:44:09,933 [INFO] DbBoardsDocs:112 - Set database path to: C:\Users\Younis\.stmcufinder\plugins\mcufinder//mcu/
2024-09-11 13:44:09,933 [WARN] DbFile:36 - Overriding database path with different value: C:\Users\Younis\.stmcufinder\plugins\mcufinder/ => C:\Users\Younis\.stmcufinder\plugins\mcufinder
2024-09-11 13:44:09,933 [INFO] DbBoardsJson:56 - Set database path to: C:\Users\Younis\.stmcufinder\plugins\mcufinder//mcu/
2024-09-11 13:44:09,933 [WARN] DbFile:36 - Overriding database path with different value: C:\Users\Younis\.stmcufinder\plugins\mcufinder/ => C:\Users\Younis\.stmcufinder\plugins\mcufinder
2024-09-11 13:44:09,933 [WARN] DbFile:36 - Overriding database path with different value: C:\Users\Younis\.stmcufinder\plugins\mcufinder/ => C:\Users\Younis\.stmcufinder\plugins\mcufinder
2024-09-11 13:44:09,933 [INFO] CrossReferenceDbSqlite:196 - Set database path to: C:\Users\Younis\.stmcufinder\plugins\mcufinder//mcu/cs/
2024-09-11 13:44:09,934 [WARN] DbFile:36 - Overriding database path with different value: C:\Users\Younis\.stmcufinder\plugins\mcufinder/ => C:\Users\Younis\.stmcufinder\plugins\mcufinder
2024-09-11 13:44:09,934 [INFO] DbExamplesSqlite:800 - Set database path to: C:\Users\Younis\.stmcufinder\plugins\mcufinder//mcu/
2024-09-11 13:44:09,950 [INFO] ApplicationProperties:181 - Using Application install path: C:\ST\STM32CubeIDE_1.4.0\STM32CubeIDE\plugins\com.st.stm32cube.common.mx_6.0.0.202007160824
2024-09-11 13:44:09,952 [INFO] PluginManage:178 - Search for loadable plugins [exclusion list=, ]
2024-09-11 13:44:09,953 [INFO] PluginManage:292 - Check plugin analytics
2024-09-11 13:44:10,072 [INFO] AnalyticsPlugin:203 - Accepted Software Licenses: 
2024-09-11 13:44:10,073 [INFO] AnalyticsPlugin:205 - Accepted CMSIS Pack Licenses: 
2024-09-11 13:44:10,073 [INFO] AnalyticsPlugin:207 - Accepted Firmware Licenses: 
2024-09-11 13:44:10,074 [INFO] PluginManage:342 - Loaded plugin analytics (category:tool,tabindex:-1)
2024-09-11 13:44:10,074 [INFO] PluginManage:292 - Check plugin clock
2024-09-11 13:44:10,109 [INFO] PluginManage:342 - Loaded plugin clock (category:base,tabindex:2)
2024-09-11 13:44:10,109 [INFO] PluginManage:292 - Check plugin ddr
2024-09-11 13:44:10,116 [INFO] PluginManage:342 - Loaded plugin ddr (category:tool,tabindex:6)
2024-09-11 13:44:10,116 [INFO] PluginManage:292 - Check plugin filemanager
2024-09-11 13:44:10,227 [INFO] PluginManage:342 - Loaded plugin filemanager (category:base,tabindex:10)
2024-09-11 13:44:10,227 [INFO] PluginManage:292 - Check plugin ipmanager
2024-09-11 13:44:10,234 [INFO] PluginManage:342 - Loaded plugin ipmanager (category:base,tabindex:5)
2024-09-11 13:44:10,234 [INFO] PluginManage:292 - Check plugin pinoutandconfiguration
2024-09-11 13:44:10,239 [ERROR] LogOutputStream:74 - [STDERR_REDIRECT] [Fatal Error] :1:1: Premature end of file.
2024-09-11 13:44:10,240 [ERROR] LogOutputStream:74 - [STDERR_REDIRECT] 
2024-09-11 13:44:10,250 [INFO] PluginManage:342 - Loaded plugin pinoutandconfiguration (category:base,tabindex:1)
2024-09-11 13:44:10,251 [INFO] PluginManage:292 - Check plugin pinoutconfig
2024-09-11 13:44:10,286 [INFO] PluginManage:342 - Loaded plugin pinoutconfig (category:base,tabindex:0)
2024-09-11 13:44:10,286 [INFO] PluginManage:292 - Check plugin power
2024-09-11 13:44:10,303 [INFO] PluginManage:342 - Loaded plugin power (category:power,tabindex:4)
2024-09-11 13:44:10,304 [INFO] PluginManage:292 - Check plugin projectmanager
2024-09-11 13:44:10,309 [ERROR] LogOutputStream:74 - [STDERR_REDIRECT] [Fatal Error] :1:1: Premature end of file.
2024-09-11 13:44:10,310 [ERROR] LogOutputStream:74 - [STDERR_REDIRECT] 
2024-09-11 13:44:10,317 [INFO] PluginManage:342 - Loaded plugin projectmanager (category:projectmanager,tabindex:3)
2024-09-11 13:44:10,317 [INFO] PluginManage:292 - Check plugin thirdparty
2024-09-11 13:44:10,375 [ERROR] LogOutputStream:74 - [STDERR_REDIRECT] [Fatal Error] :1:1: Premature end of file.
2024-09-11 13:44:10,375 [ERROR] LogOutputStream:74 - [STDERR_REDIRECT] 
2024-09-11 13:44:10,454 [INFO] ThirdPartyDb:333 - Open Third Party DataBase File (C:/Users/Younis/.stm32cubemx/plugins/thirdparty/db/thirdparties_db.xml) : 45 ms. number of Sw pack : 57
2024-09-11 13:44:10,458 [INFO] PluginManage:342 - Loaded plugin thirdparty (category:base,tabindex:-1)
2024-09-11 13:44:10,458 [INFO] PluginManage:292 - Check plugin tools
2024-09-11 13:44:10,512 [INFO] PluginManage:342 - Loaded plugin tools (category:base,tabindex:7)
2024-09-11 13:44:10,513 [INFO] PluginManage:292 - Check plugin tutovideos
2024-09-11 13:44:10,770 [INFO] PluginManage:342 - Loaded plugin tutovideos (category:base,tabindex:-1)
2024-09-11 13:44:10,770 [INFO] PluginManage:292 - Check plugin updater
2024-09-11 13:44:10,783 [INFO] PluginManage:342 - Loaded plugin updater (category:base,tabindex:12)
2024-09-11 13:44:10,783 [INFO] PluginManage:265 - PluginManage : Loaded plugins [13]
2024-09-11 13:44:10,931 [INFO] PinOutPanel:1418 - setPackage(No Configuration,No Configuration)
2024-09-11 13:44:11,020 [INFO] IPUIPlugin:64 - create IPUIPlugin
2024-09-11 13:44:11,020 [INFO] PluginManager:200 - loadIPPluginJar : add adc
2024-09-11 13:44:11,062 [INFO] IPUIPlugin:64 - create IPUIPlugin
2024-09-11 13:44:11,063 [INFO] PluginManager:200 - loadIPPluginJar : add aes
2024-09-11 13:44:11,110 [INFO] IPUIPlugin:64 - create IPUIPlugin
2024-09-11 13:44:11,110 [INFO] PluginManager:200 - loadIPPluginJar : add can
2024-09-11 13:44:11,142 [INFO] IPUIPlugin:64 - create IPUIPlugin
2024-09-11 13:44:11,143 [INFO] PluginManager:200 - loadIPPluginJar : add comp
2024-09-11 13:44:11,176 [INFO] IPUIPlugin:64 - create IPUIPlugin
2024-09-11 13:44:11,177 [INFO] PluginManager:200 - loadIPPluginJar : add cryp
2024-09-11 13:44:11,218 [INFO] IPUIPlugin:64 - create IPUIPlugin
2024-09-11 13:44:11,219 [INFO] PluginManager:200 - loadIPPluginJar : add dfsdm
2024-09-11 13:44:11,233 [INFO] IPUIPlugin:64 - create IPUIPlugin
2024-09-11 13:44:11,234 [INFO] PluginManager:200 - loadIPPluginJar : add dma
2024-09-11 13:44:11,260 [INFO] IPUIPlugin:64 - create IPUIPlugin
2024-09-11 13:44:11,260 [INFO] PluginManager:200 - loadIPPluginJar : add fatfs
2024-09-11 13:44:11,323 [INFO] IPUIPlugin:64 - create IPUIPlugin
2024-09-11 13:44:11,323 [INFO] PluginManager:200 - loadIPPluginJar : add fmc
2024-09-11 13:44:11,337 [INFO] IPUIPlugin:64 - create IPUIPlugin
2024-09-11 13:44:11,337 [INFO] PluginManager:200 - loadIPPluginJar : add freertos
2024-09-11 13:44:11,369 [INFO] IPUIPlugin:64 - create IPUIPlugin
2024-09-11 13:44:11,370 [INFO] PluginManager:200 - loadIPPluginJar : add genericplugin
2024-09-11 13:44:11,456 [INFO] IPUIPlugin:64 - create IPUIPlugin
2024-09-11 13:44:11,456 [INFO] PluginManager:200 - loadIPPluginJar : add gfxmmu
2024-09-11 13:44:11,570 [INFO] IPUIPlugin:64 - create IPUIPlugin
2024-09-11 13:44:11,571 [INFO] PluginManager:200 - loadIPPluginJar : add gic
2024-09-11 13:44:11,581 [INFO] IPUIPlugin:64 - create IPUIPlugin
2024-09-11 13:44:11,582 [INFO] PluginManager:200 - loadIPPluginJar : add gpio
2024-09-11 13:44:11,643 [INFO] IPUIPlugin:64 - create IPUIPlugin
2024-09-11 13:44:11,643 [INFO] PluginManager:200 - loadIPPluginJar : add gtzc
2024-09-11 13:44:11,676 [INFO] IPUIPlugin:64 - create IPUIPlugin
2024-09-11 13:44:11,676 [INFO] PluginManager:200 - loadIPPluginJar : add hash
2024-09-11 13:44:11,730 [INFO] IPUIPlugin:64 - create IPUIPlugin
2024-09-11 13:44:11,730 [INFO] PluginManager:200 - loadIPPluginJar : add i2c
2024-09-11 13:44:11,774 [INFO] IPUIPlugin:64 - create IPUIPlugin
2024-09-11 13:44:11,774 [INFO] PluginManager:200 - loadIPPluginJar : add i2s
2024-09-11 13:44:11,785 [INFO] IPUIPlugin:64 - create IPUIPlugin
2024-09-11 13:44:11,785 [INFO] PluginManager:200 - loadIPPluginJar : add ipddr
2024-09-11 13:44:11,837 [INFO] IPUIPlugin:64 - create IPUIPlugin
2024-09-11 13:44:11,838 [INFO] PluginManager:200 - loadIPPluginJar : add ltdc
2024-09-11 13:44:11,849 [INFO] IPUIPlugin:64 - create IPUIPlugin
2024-09-11 13:44:11,850 [INFO] PluginManager:200 - loadIPPluginJar : add mdma
2024-09-11 13:44:11,861 [INFO] IPUIPlugin:64 - create IPUIPlugin
2024-09-11 13:44:11,861 [INFO] PluginManager:200 - loadIPPluginJar : add nvic
2024-09-11 13:44:11,905 [INFO] IPUIPlugin:64 - create IPUIPlugin
2024-09-11 13:44:11,905 [INFO] PluginManager:200 - loadIPPluginJar : add opamp
2024-09-11 13:44:11,977 [INFO] IPUIPlugin:64 - create IPUIPlugin
2024-09-11 13:44:11,977 [INFO] PluginManager:200 - loadIPPluginJar : add openamp
2024-09-11 13:44:12,020 [INFO] IPUIPlugin:64 - create IPUIPlugin
2024-09-11 13:44:12,020 [INFO] PluginManager:200 - loadIPPluginJar : add pdm2pcm
2024-09-11 13:44:12,032 [INFO] IPUIPlugin:64 - create IPUIPlugin
2024-09-11 13:44:12,034 [INFO] PluginManager:200 - loadIPPluginJar : add plateformsettings
2024-09-11 13:44:12,061 [INFO] IPUIPlugin:64 - create IPUIPlugin
2024-09-11 13:44:12,062 [INFO] PluginManager:200 - loadIPPluginJar : add quadspi
2024-09-11 13:44:12,072 [INFO] IPUIPlugin:64 - create IPUIPlugin
2024-09-11 13:44:12,072 [INFO] PluginManager:200 - loadIPPluginJar : add resmgrutility
2024-09-11 13:44:12,124 [INFO] IPUIPlugin:64 - create IPUIPlugin
2024-09-11 13:44:12,124 [INFO] PluginManager:200 - loadIPPluginJar : add sai
2024-09-11 13:44:12,164 [INFO] IPUIPlugin:64 - create IPUIPlugin
2024-09-11 13:44:12,164 [INFO] PluginManager:200 - loadIPPluginJar : add spi
2024-09-11 13:44:12,215 [INFO] IPUIPlugin:64 - create IPUIPlugin
2024-09-11 13:44:12,215 [INFO] PluginManager:200 - loadIPPluginJar : add stm32_wpan
2024-09-11 13:44:12,243 [INFO] IPUIPlugin:64 - create IPUIPlugin
2024-09-11 13:44:12,243 [INFO] PluginManager:200 - loadIPPluginJar : add tim
2024-09-11 13:44:12,302 [INFO] IPUIPlugin:64 - create IPUIPlugin
2024-09-11 13:44:12,303 [INFO] PluginManager:200 - loadIPPluginJar : add touchsensing
2024-09-11 13:44:12,329 [INFO] IPUIPlugin:64 - create IPUIPlugin
2024-09-11 13:44:12,329 [INFO] PluginManager:200 - loadIPPluginJar : add tracer_emb
2024-09-11 13:44:12,358 [INFO] IPUIPlugin:64 - create IPUIPlugin
2024-09-11 13:44:12,358 [INFO] PluginManager:200 - loadIPPluginJar : add ts
2024-09-11 13:44:12,385 [INFO] IPUIPlugin:64 - create IPUIPlugin
2024-09-11 13:44:12,385 [INFO] PluginManager:200 - loadIPPluginJar : add tsc
2024-09-11 13:44:12,413 [INFO] IPUIPlugin:64 - create IPUIPlugin
2024-09-11 13:44:12,414 [INFO] PluginManager:200 - loadIPPluginJar : add ucpd
2024-09-11 13:44:12,463 [INFO] IPUIPlugin:64 - create IPUIPlugin
2024-09-11 13:44:12,463 [INFO] PluginManager:200 - loadIPPluginJar : add usart
2024-09-11 13:44:13,596 [INFO] CubeProgrammer:457 - [DDR PANEL] - PathOfProgrammer: null
2024-09-11 13:44:14,237 [FATAL] Updater:282 - Updater called before beeing initialized
2024-09-11 13:44:14,361 [FATAL] Updater:282 - Updater called before beeing initialized
2024-09-11 13:44:14,361 [WARN] ThirdParty:775 - waiting for thirdparty lock release [close project]
2024-09-11 13:44:14,361 [INFO] ThirdParty:777 - entering critical section [close project]
2024-09-11 13:44:14,362 [INFO] ThirdParty:790 - exiting critical section [close project]
2024-09-11 13:44:14,364 [INFO] PinOutPanel:1418 - setPackage(No Configuration,No Configuration)
2024-09-11 13:44:14,365 [FATAL] Updater:282 - Updater called before beeing initialized
2024-09-11 13:44:14,376 [ERROR] Updater:967 - MainUpdater not yet initialized. External WinMGr cannot be set.
2024-09-11 13:44:14,377 [INFO] CubeProgrammer:457 - [DDR PANEL] - PathOfProgrammer: C:\ST\STM32CubeIDE_1.4.0\STM32CubeIDE\plugins\com.st.stm32cube.ide.mcu.externaltools.cubeprogrammer.win32_1.4.0.202007081208\tools\bin
2024-09-11 13:44:14,379 [INFO] ProgrammerExecThread:148 - [ProgrammerAPI] CubeProgrammer command construction: C:\ST\STM32CubeIDE_1.4.0\STM32CubeIDE\plugins\com.st.stm32cube.ide.mcu.externaltools.cubeprogrammer.win32_1.4.0.202007081208\tools\bin\STM32_Programmer_CLI.exe -l
2024-09-11 13:44:14,709 [INFO] MainDdrPanel:49 - [DDR PANEL] SETTER - Set cubeProgrammerPath to: C:\ST\STM32CubeIDE_1.4.0\STM32CubeIDE\plugins\com.st.stm32cube.ide.mcu.externaltools.cubeprogrammer.win32_1.4.0.202007081208\tools\bin
2024-09-11 13:44:14,821 [INFO] Updater:904 - Updater Version found : 6.0.0
2024-09-11 13:44:14,840 [INFO] ApplicationProperties:181 - Using Application install path: C:\ST\STM32CubeIDE_1.4.0\STM32CubeIDE\plugins\com.st.stm32cube.common.mx_6.0.0.202007160824
2024-09-11 13:44:15,358 [INFO] MainUpdater:2268 - connection check result : 10
2024-09-11 13:44:15,359 [INFO] MainUpdater:2935 - Updater definition file requires update
2024-09-11 13:44:15,360 [INFO] MainUpdater:239 - Updater Check For Update Now.
2024-09-11 13:44:15,360 [INFO] MicroXplorer:414 - Change Database Version : DB.6.0.0
2024-09-11 13:44:15,738 [INFO] ServerAccessManage:348 - Download File updaters.zip
2024-09-11 13:44:15,913 [INFO] FileExtend:225 - Unzip File : updaters.zip
2024-09-11 13:44:15,913 [INFO] FileExtend:240 - Standard Zip Deflate
2024-09-11 13:44:16,483 [WARN] IntegrityCheckThread:61 - waiting for thirdparty lock release [integrity check]
2024-09-11 13:44:16,483 [INFO] IntegrityCheckThread:63 - entering critical section [integrity check]
2024-09-11 13:44:16,483 [WARN] MainUpdater:1087 - Updater busy. Cannot search thirdparties
2024-09-11 13:44:16,841 [INFO] ServerAccessManage:348 - Download File PacksControlFlags.xml
2024-09-11 13:44:17,265 [INFO] ServerAccessManage:348 - Download File cubemx.pidx
2024-09-11 13:44:18,259 [INFO] ServerAccessManage:348 - Download File STMicroelectronics.X-CUBE-GNSS1.pdsc
2024-09-11 13:44:19,487 [WARN] MainUpdater:1087 - Updater busy. Cannot search thirdparties
2024-09-11 13:44:22,502 [WARN] MainUpdater:1087 - Updater busy. Cannot search thirdparties
2024-09-11 13:44:23,758 [ERROR] ServerAccessManage:947 - Problem, file not found on Server
2024-09-11 13:44:24,333 [ERROR] ServerAccessManage:947 - Problem, file not found on Server
2024-09-11 13:44:24,894 [ERROR] ServerAccessManage:947 - Problem, file not found on Server
2024-09-11 13:44:25,387 [ERROR] ServerAccessManage:947 - Problem, file not found on Server
2024-09-11 13:44:25,513 [WARN] MainUpdater:1087 - Updater busy. Cannot search thirdparties
2024-09-11 13:44:25,868 [ERROR] ServerAccessManage:947 - Problem, file not found on Server
2024-09-11 13:44:26,276 [INFO] MainUpdater:2268 - connection check result : 10
2024-09-11 13:44:26,404 [ERROR] ServerAccessManage:947 - Problem, file not found on Server
2024-09-11 13:44:27,157 [INFO] CheckServerUpdateThread:102 - End of CheckServer Thread
2024-09-11 13:44:27,177 [INFO] ThirdPartyDb:299 - Save Third Party DataBase File (C:/Users/Younis/.stm32cubemx/plugins/thirdparty/db/thirdparties_db.xml) [forced]
2024-09-11 13:44:27,238 [INFO] PopulateThirdPartyThread:50 - Ending populate Thread
2024-09-11 13:44:27,238 [INFO] ThirdPartyDb:299 - Save Third Party DataBase File (C:/Users/Younis/.stm32cubemx/plugins/thirdparty/db/thirdparties_db.xml) [forced]
2024-09-11 13:44:27,296 [INFO] Engine:289 - softwarePackList size : 58
2024-09-11 13:44:27,304 [INFO] Engine:301 - compute dependency for SwPack FP-ATR-ASTRA1 have been done, and update is requested
2024-09-11 13:44:27,327 [INFO] Engine:301 - compute dependency for SwPack FP-ATR-SIGFOX1 have been done, and update is requested
2024-09-11 13:44:27,350 [INFO] Engine:301 - compute dependency for SwPack X-CUBE-AI have been done, and update is requested
2024-09-11 13:44:27,375 [INFO] Engine:301 - compute dependency for SwPack X-CUBE-ALS have been done, and update is requested
2024-09-11 13:44:27,385 [INFO] Engine:301 - compute dependency for SwPack X-CUBE-BLE1 have been done, and update is requested
2024-09-11 13:44:27,394 [INFO] Engine:301 - compute dependency for SwPack X-CUBE-BLE2 have been done, and update is requested
2024-09-11 13:44:27,407 [INFO] Engine:301 - compute dependency for SwPack X-CUBE-BLEMGR have been done, and update is requested
2024-09-11 13:44:27,422 [INFO] Engine:301 - compute dependency for SwPack X-CUBE-EEPRMA1 have been done, and update is requested
2024-09-11 13:44:27,429 [INFO] ServerAccessManage:348 - Download File mcusDocs.json._tmp_
2024-09-11 13:44:27,437 [INFO] Engine:301 - compute dependency for SwPack X-CUBE-GNSS1 have been done, and update is requested
2024-09-11 13:44:27,447 [INFO] Engine:301 - compute dependency for SwPack X-CUBE-ISPU have been done, and update is requested
2024-09-11 13:44:27,535 [INFO] LoadUrlFilesThread:135 - End of LoadUrlFiles Thread
2024-09-11 13:44:27,658 [INFO] ServerAccessManage:348 - Download File mcusFeaturesAndDescription.json._tmp_
2024-09-11 13:44:28,083 [INFO] Engine:301 - compute dependency for SwPack X-CUBE-MEMS1 have been done, and update is requested
2024-09-11 13:44:28,102 [INFO] Engine:301 - compute dependency for SwPack X-CUBE-NFC4 have been done, and update is requested
2024-09-11 13:44:28,124 [INFO] Engine:301 - compute dependency for SwPack X-CUBE-NFC6 have been done, and update is requested
2024-09-11 13:44:28,140 [INFO] Engine:301 - compute dependency for SwPack X-CUBE-NFC7 have been done, and update is requested
2024-09-11 13:44:28,157 [INFO] Engine:301 - compute dependency for SwPack X-CUBE-SFXS2LP1 have been done, and update is requested
2024-09-11 13:44:28,191 [INFO] Engine:301 - compute dependency for SwPack X-CUBE-SUBG2 have been done, and update is requested
2024-09-11 13:44:28,204 [INFO] Engine:305 - compute dependency for SwPack X-CUBE-TOUCHGFX have been done, no update is requested
2024-09-11 13:44:28,206 [INFO] Engine:301 - compute dependency for SwPack X-CUBE-ALGOBUILD have been done, and update is requested
2024-09-11 13:44:28,226 [INFO] Engine:301 - compute dependency for SwPack X-CUBE-AZRTOS-H7 have been done, and update is requested
2024-09-11 13:44:28,244 [INFO] Engine:301 - compute dependency for SwPack X-CUBE-AZRTOS-F4 have been done, and update is requested
2024-09-11 13:44:28,262 [INFO] Engine:301 - compute dependency for SwPack X-CUBE-AZRTOS-F7 have been done, and update is requested
2024-09-11 13:44:28,282 [INFO] Engine:301 - compute dependency for SwPack X-CUBE-AZRTOS-L4 have been done, and update is requested
2024-09-11 13:44:28,294 [ERROR] DependencyParser:1297 - StateRcvOpen_Cte Bad Token : )
2024-09-11 13:44:28,294 [ERROR] DependencyParser:1297 - StateRcvOpen_Cte Bad Token : )
2024-09-11 13:44:28,294 [ERROR] DependencyParser:1297 - StateRcvOpen_Cte Bad Token : )
2024-09-11 13:44:28,294 [ERROR] DependencyParser:1297 - StateRcvOpen_Cte Bad Token : )
2024-09-11 13:44:28,294 [ERROR] DependencyParser:1297 - StateRcvOpen_Cte Bad Token : )
2024-09-11 13:44:28,294 [ERROR] DependencyParser:1297 - StateRcvOpen_Cte Bad Token : )
2024-09-11 13:44:28,294 [ERROR] DependencyParser:1297 - StateRcvOpen_Cte Bad Token : )
2024-09-11 13:44:28,294 [ERROR] DependencyParser:1297 - StateRcvOpen_Cte Bad Token : )
2024-09-11 13:44:28,294 [ERROR] DependencyParser:1297 - StateRcvOpen_Cte Bad Token : )
2024-09-11 13:44:28,294 [ERROR] DependencyParser:1297 - StateRcvOpen_Cte Bad Token : )
2024-09-11 13:44:28,295 [ERROR] DependencyParser:1297 - StateRcvOpen_Cte Bad Token : )
2024-09-11 13:44:28,295 [ERROR] DependencyParser:1297 - StateRcvOpen_Cte Bad Token : )
2024-09-11 13:44:28,295 [ERROR] DependencyParser:1297 - StateRcvOpen_Cte Bad Token : )
2024-09-11 13:44:28,295 [ERROR] DependencyParser:1297 - StateRcvOpen_Cte Bad Token : )
2024-09-11 13:44:28,295 [ERROR] DependencyParser:1297 - StateRcvOpen_Cte Bad Token : )
2024-09-11 13:44:28,295 [ERROR] DependencyParser:1297 - StateRcvOpen_Cte Bad Token : )
2024-09-11 13:44:28,295 [ERROR] DependencyParser:1297 - StateRcvOpen_Cte Bad Token : )
2024-09-11 13:44:28,295 [ERROR] DependencyParser:1297 - StateRcvOpen_Cte Bad Token : )
2024-09-11 13:44:28,295 [ERROR] DependencyParser:1297 - StateRcvOpen_Cte Bad Token : )
2024-09-11 13:44:28,295 [ERROR] DependencyParser:1297 - StateRcvOpen_Cte Bad Token : )
2024-09-11 13:44:28,295 [ERROR] DependencyParser:1297 - StateRcvOpen_Cte Bad Token : )
2024-09-11 13:44:28,295 [ERROR] DependencyParser:1297 - StateRcvOpen_Cte Bad Token : )
2024-09-11 13:44:28,295 [ERROR] DependencyParser:1297 - StateRcvOpen_Cte Bad Token : )
2024-09-11 13:44:28,295 [ERROR] DependencyParser:1297 - StateRcvOpen_Cte Bad Token : )
2024-09-11 13:44:28,295 [ERROR] DependencyParser:1297 - StateRcvOpen_Cte Bad Token : )
2024-09-11 13:44:28,295 [ERROR] DependencyParser:1297 - StateRcvOpen_Cte Bad Token : )
2024-09-11 13:44:28,295 [ERROR] DependencyParser:1297 - StateRcvOpen_Cte Bad Token : )
2024-09-11 13:44:28,295 [ERROR] DependencyParser:1297 - StateRcvOpen_Cte Bad Token : )
2024-09-11 13:44:28,295 [ERROR] DependencyParser:1297 - StateRcvOpen_Cte Bad Token : )
2024-09-11 13:44:28,295 [ERROR] DependencyParser:1297 - StateRcvOpen_Cte Bad Token : )
2024-09-11 13:44:28,296 [ERROR] DependencyParser:1297 - StateRcvOpen_Cte Bad Token : )
2024-09-11 13:44:28,296 [ERROR] DependencyParser:1297 - StateRcvOpen_Cte Bad Token : )
2024-09-11 13:44:28,296 [ERROR] DependencyParser:1297 - StateRcvOpen_Cte Bad Token : )
2024-09-11 13:44:28,296 [ERROR] DependencyParser:1297 - StateRcvOpen_Cte Bad Token : )
2024-09-11 13:44:28,296 [ERROR] DependencyParser:1297 - StateRcvOpen_Cte Bad Token : )
2024-09-11 13:44:28,296 [ERROR] DependencyParser:1297 - StateRcvOpen_Cte Bad Token : )
2024-09-11 13:44:28,296 [ERROR] DependencyParser:1297 - StateRcvOpen_Cte Bad Token : )
2024-09-11 13:44:28,296 [ERROR] DependencyParser:1297 - StateRcvOpen_Cte Bad Token : )
2024-09-11 13:44:28,296 [ERROR] DependencyParser:1297 - StateRcvOpen_Cte Bad Token : )
2024-09-11 13:44:28,296 [ERROR] DependencyParser:1297 - StateRcvOpen_Cte Bad Token : )
2024-09-11 13:44:28,296 [ERROR] DependencyParser:1297 - StateRcvOpen_Cte Bad Token : )
2024-09-11 13:44:28,296 [ERROR] DependencyParser:1297 - StateRcvOpen_Cte Bad Token : )
2024-09-11 13:44:28,296 [ERROR] DependencyParser:1297 - StateRcvOpen_Cte Bad Token : )
2024-09-11 13:44:28,296 [ERROR] DependencyParser:1297 - StateRcvOpen_Cte Bad Token : )
2024-09-11 13:44:28,296 [ERROR] DependencyParser:1297 - StateRcvOpen_Cte Bad Token : )
2024-09-11 13:44:28,297 [ERROR] DependencyParser:1297 - StateRcvOpen_Cte Bad Token : )
2024-09-11 13:44:28,297 [INFO] Engine:305 - compute dependency for SwPack X-CUBE-AZRTOS-L5 have been done, no update is requested
2024-09-11 13:44:28,304 [INFO] Engine:301 - compute dependency for SwPack X-CUBE-AZRTOS-G0 have been done, and update is requested
2024-09-11 13:44:28,319 [INFO] Engine:301 - compute dependency for SwPack X-CUBE-AZRTOS-G4 have been done, and update is requested
2024-09-11 13:44:28,335 [INFO] Engine:301 - compute dependency for SwPack X-CUBE-AZRTOS-WB have been done, and update is requested
2024-09-11 13:44:28,350 [INFO] Engine:301 - compute dependency for SwPack X-CUBE-AZRTOS-WL have been done, and update is requested
2024-09-11 13:44:28,362 [INFO] Engine:301 - compute dependency for SwPack I-CUBE-wolfSSL have been done, and update is requested
2024-09-11 13:44:28,518 [WARN] MainUpdater:1087 - Updater busy. Cannot search thirdparties
2024-09-11 13:44:28,574 [INFO] Engine:301 - compute dependency for SwPack I-CUBE-embOS have been done, and update is requested
2024-09-11 13:44:28,588 [INFO] Engine:301 - compute dependency for SwPack I-Cube-SoM-uGOAL have been done, and update is requested
2024-09-11 13:44:28,605 [INFO] Engine:301 - compute dependency for SwPack I-CUBE-Cesium have been done, and update is requested
2024-09-11 13:44:28,626 [INFO] Engine:305 - compute dependency for SwPack FreeRTOS have been done, no update is requested
2024-09-11 13:44:28,626 [INFO] Engine:305 - compute dependency for SwPack lwIP have been done, no update is requested
2024-09-11 13:44:28,626 [INFO] Engine:305 - compute dependency for SwPack lwIP have been done, no update is requested
2024-09-11 13:44:28,626 [INFO] Engine:305 - compute dependency for SwPack MBEDTLS have been done, no update is requested
2024-09-11 13:44:28,626 [INFO] Engine:305 - compute dependency for SwPack MBEDTLS have been done, no update is requested
2024-09-11 13:44:28,626 [INFO] Engine:305 - compute dependency for SwPack PDM2PCM have been done, no update is requested
2024-09-11 13:44:28,626 [INFO] Engine:305 - compute dependency for SwPack PDM2PCM have been done, no update is requested
2024-09-11 13:44:28,626 [INFO] Engine:305 - compute dependency for SwPack PDM2PCM have been done, no update is requested
2024-09-11 13:44:28,628 [INFO] Engine:305 - compute dependency for SwPack USB_DEVICE have been done, no update is requested
2024-09-11 13:44:28,628 [INFO] Engine:305 - compute dependency for SwPack USB_DEVICE have been done, no update is requested
2024-09-11 13:44:28,628 [INFO] Engine:305 - compute dependency for SwPack USB_DEVICE have been done, no update is requested
2024-09-11 13:44:28,630 [INFO] Engine:305 - compute dependency for SwPack USB_HOST have been done, no update is requested
2024-09-11 13:44:28,630 [INFO] Engine:305 - compute dependency for SwPack USB_HOST have been done, no update is requested
2024-09-11 13:44:28,632 [INFO] Engine:301 - compute dependency for SwPack X-CUBE-AI have been done, and update is requested
2024-09-11 13:44:28,651 [INFO] Engine:301 - compute dependency for SwPack X-CUBE-EEPRMA1 have been done, and update is requested
2024-09-11 13:44:28,665 [INFO] Engine:301 - compute dependency for SwPack X-CUBE-ISPU have been done, and update is requested
2024-09-11 13:44:28,687 [INFO] Engine:301 - compute dependency for SwPack X-CUBE-NFC6 have been done, and update is requested
2024-09-11 13:44:28,702 [INFO] Engine:301 - compute dependency for SwPack X-CUBE-SAFEA1 have been done, and update is requested
2024-09-11 13:44:28,739 [INFO] Engine:305 - compute dependency for SwPack X-CUBE-TOUCHGFX have been done, no update is requested
2024-09-11 13:44:28,743 [INFO] Engine:301 - compute dependency for SwPack X-CUBE-ALGOBUILD have been done, and update is requested
2024-09-11 13:44:28,762 [INFO] Engine:301 - compute dependency for SwPack X-CUBE-AZRTOS-H7 have been done, and update is requested
2024-09-11 13:44:28,790 [INFO] Engine:301 - compute dependency for SwPack X-CUBE-AZRTOS-H7RS have been done, and update is requested
2024-09-11 13:44:28,803 [INFO] Engine:301 - compute dependency for SwPack I-CUBE-wolfMQTT have been done, and update is requested
2024-09-11 13:44:28,814 [INFO] Engine:301 - compute dependency for SwPack I-CUBE-wolfTPM have been done, and update is requested
2024-09-11 13:44:28,826 [INFO] Engine:301 - compute dependency for SwPack I-CUBE-wolfSSH have been done, and update is requested
2024-09-11 13:44:29,439 [INFO] Engine:301 - compute dependency for SwPack X-CUBE-MEMS1 have been done, and update is requested
2024-09-11 13:44:29,449 [INFO] Engine:301 - compute dependency for SwPack X-CUBE-GNSS1 have been done, and update is requested
2024-09-11 13:44:29,461 [INFO] ThirdPartyDb:299 - Save Third Party DataBase File (C:/Users/Younis/.stm32cubemx/plugins/thirdparty/db/thirdparties_db.xml) [forced]
2024-09-11 13:44:29,479 [INFO] LoadServerUpdatesThread:309 - End of LoadServerUpdate Thread
2024-09-11 13:44:30,387 [INFO] LoadUrlFilesThread:135 - End of LoadUrlFiles Thread
2024-09-11 13:44:30,504 [INFO] ServerAccessManage:348 - Download File boardsDocs.json._tmp_
2024-09-11 13:44:30,525 [INFO] LoadUrlFilesThread:135 - End of LoadUrlFiles Thread
2024-09-11 13:44:30,636 [INFO] ServerAccessManage:348 - Download File boards.json._tmp_
2024-09-11 13:44:30,778 [INFO] LoadUrlFilesThread:135 - End of LoadUrlFiles Thread
2024-09-11 13:44:31,195 [INFO] ServerAccessManage:348 - Download File cube-finder-db.zip
2024-09-11 13:44:31,532 [WARN] MainUpdater:1087 - Updater busy. Cannot search thirdparties
2024-09-11 13:44:34,542 [WARN] MainUpdater:1087 - Updater busy. Cannot search thirdparties
2024-09-11 13:44:37,546 [WARN] MainUpdater:1087 - Updater busy. Cannot search thirdparties
2024-09-11 13:44:40,559 [WARN] MainUpdater:1087 - Updater busy. Cannot search thirdparties
2024-09-11 13:44:42,277 [INFO] FileExtend:225 - Unzip File : cube-finder-db.zip
2024-09-11 13:44:42,279 [INFO] FileExtend:240 - Standard Zip Deflate
2024-09-11 13:44:42,940 [INFO] LoadUrlFilesThread:135 - End of LoadUrlFiles Thread
2024-09-11 13:44:43,344 [INFO] ServerAccessManage:348 - Download File crdb.zip
2024-09-11 13:44:43,565 [WARN] MainUpdater:1087 - Updater busy. Cannot search thirdparties
2024-09-11 13:44:43,801 [INFO] FileExtend:225 - Unzip File : crdb.zip
2024-09-11 13:44:43,803 [INFO] FileExtend:240 - Standard Zip Deflate
2024-09-11 13:44:43,848 [INFO] LoadUrlFilesThread:135 - End of LoadUrlFiles Thread
2024-09-11 13:44:44,271 [INFO] ServerAccessManage:348 - Download File tutoVideoDB.zip
2024-09-11 13:44:44,353 [INFO] FileExtend:225 - Unzip File : tutoVideoDB.zip
2024-09-11 13:44:44,354 [INFO] FileExtend:240 - Standard Zip Deflate
2024-09-11 13:44:44,368 [INFO] LoadUrlFilesThread:135 - End of LoadUrlFiles Thread
2024-09-11 13:44:44,381 [INFO] DbMcusDocs:145 - JSON generation date=Tue Nov 16 18:17:54 EET 2021 (1637079474)
2024-09-11 13:44:44,382 [INFO] DbMcusXml:100 - Load MCU database from C:\ST\STM32CubeIDE_1.4.0\STM32CubeIDE\plugins\com.st.stm32cube.common.mx_6.0.0.202007160824\\db\/mcu/families.xml
2024-09-11 13:44:44,918 [INFO] DbMcusJson:92 - JSON generation date=Tue Nov 16 18:17:54 EET 2021 (1637079474)
2024-09-11 13:44:45,671 [INFO] DbMcus:175 - Found 1761 MCUs (1722 are supported by CubeMX, 1911 are visible in CubeMX)
2024-09-11 13:44:45,672 [INFO] ApiDb:201 - Load user favorites file C:\Users\Younis/.stm32cubemx/favorites.mcus.txt: 0 item(s)
2024-09-11 13:44:45,672 [INFO] ApiDb:205 - User favorites MCUs=[]
2024-09-11 13:44:45,673 [INFO] DbMcus:187 - Set 0 / 0 favorites MCUs
2024-09-11 13:44:45,894 [INFO] DbMcusDocs:81 - Found 682 MCUs documents
2024-09-11 13:44:45,896 [INFO] ApiDb:226 - Save user favorites file C:\Users\Younis/.stm32cubemx/favorites.mcus.txt: 0 item(s)
2024-09-11 13:44:45,896 [INFO] ApiDb:230 - User favorites MCUs=[]
2024-09-11 13:44:45,897 [INFO] DbMcusXml:100 - Load MCU database from C:\ST\STM32CubeIDE_1.4.0\STM32CubeIDE\plugins\com.st.stm32cube.common.mx_6.0.0.202007160824\\db\/mcu/families.xml
2024-09-11 13:44:46,218 [INFO] DbMcusJson:92 - JSON generation date=Tue Nov 16 18:17:54 EET 2021 (1637079474)
2024-09-11 13:44:46,691 [INFO] DbMcus:175 - Found 1761 MCUs (1722 are supported by CubeMX, 1911 are visible in CubeMX)
2024-09-11 13:44:46,691 [INFO] ApiDb:201 - Load user favorites file C:\Users\Younis/.stm32cubemx/favorites.mcus.txt: 0 item(s)
2024-09-11 13:44:46,691 [INFO] ApiDb:205 - User favorites MCUs=[]
2024-09-11 13:44:46,691 [INFO] DbMcus:187 - Set 0 / 0 favorites MCUs
2024-09-11 13:44:46,697 [INFO] DbBoardsDocs:145 - JSON generation date=Tue Nov 16 18:17:54 EET 2021 (1637079474)
2024-09-11 13:44:46,712 [INFO] DbBoardsPdsc:94 - Found 23 items
2024-09-11 13:44:46,741 [INFO] DbBoardsPdsc:94 - Found 9 items
2024-09-11 13:44:46,752 [INFO] DbBoardsPdsc:94 - Found 29 items
2024-09-11 13:44:46,764 [INFO] DbBoardsPdsc:94 - Found 1 items
2024-09-11 13:44:46,776 [INFO] DbBoardsPdsc:94 - Found 44 items
2024-09-11 13:44:46,790 [INFO] DbBoardsPdsc:94 - Found 40 items
2024-09-11 13:44:46,799 [INFO] DbBoardsPdsc:94 - Found 2 items
2024-09-11 13:44:46,808 [INFO] DbBoardsPdsc:94 - Found 4 items
2024-09-11 13:44:46,812 [WARN] DbBoardsPdsc:258 - Board STM32H7B3I-DK: unknown feature type=Audio, name=, username=Audio stereo codec with Headphone Amp (CS42L51-CNZ), n=1
2024-09-11 13:44:46,813 [WARN] DbBoardsPdsc:258 - Board STM32H735G-DK: unknown feature type=Audio, name=, username=Audio stereo codec with Headphone Amp (WM8994ECS/R), n=1
2024-09-11 13:44:46,814 [WARN] DbBoardsPdsc:258 - Board STM32H7B3I-EVAL: unknown feature type=Audio, name=, username=Multi-Channel Audio Codec (CS42L51-CNZ), n=1
2024-09-11 13:44:46,814 [WARN] DbBoardsPdsc:258 - Board STM32H7B3I-EVAL: unknown feature type=Meter, name=, username=Power-metering and Temperature-monitoring with sigma-delta modulators, n=1
2024-09-11 13:44:46,814 [WARN] DbBoardsPdsc:258 - Board STM32H7B3I-EVAL: unknown feature type=Motor, name=, username=Motor Control, n=1
2024-09-11 13:44:46,838 [INFO] DbBoardsJson:85 - JSON generation date=Tue Nov 16 18:17:54 EET 2021 (1637079474)
2024-09-11 13:44:46,845 [INFO] DbBoards:117 - Found 166 boards (149 are supported by CubeMX)
2024-09-11 13:44:46,848 [INFO] DbBoardsDocs:145 - JSON generation date=Tue Nov 16 18:17:54 EET 2021 (1637079474)
2024-09-11 13:44:46,852 [INFO] DbBoardsDocs:81 - Found 209 boards documents
2024-09-11 13:44:46,854 [WARN] DbBoards:127 - board B-L475E-IOT01A2 has no document id list !
2024-09-11 13:44:46,855 [WARN] DbBoards:127 - board NUCLEO-H743ZI has no document id list !
2024-09-11 13:44:46,855 [WARN] DbBoards:127 - board P-NUCLEO-WB55-Nucleo has no document id list !
2024-09-11 13:44:46,856 [WARN] DbBoards:127 - board P-NUCLEO-WB55-USBDongle has no document id list !
2024-09-11 13:44:46,856 [WARN] DbBoards:127 - board STEVAL-BFA001V1B has no document id list !
2024-09-11 13:44:46,856 [WARN] DbBoards:127 - board STEVAL-BFA001V2B has no document id list !
2024-09-11 13:44:46,856 [WARN] DbBoards:127 - board STEVAL-IDP005V1 has no document id list !
2024-09-11 13:44:46,856 [WARN] DbBoards:127 - board STEVAL-IDP005V2 has no document id list !
2024-09-11 13:44:46,856 [WARN] DbBoards:127 - board STEVAL-MKSBOX1V1 has no document id list !
2024-09-11 13:44:46,856 [WARN] DbBoards:127 - board STEVAL-STWINKT1 has no document id list !
2024-09-11 13:44:46,856 [WARN] DbBoards:127 - board STEVAL-STWINKT1B has no document id list !
2024-09-11 13:44:46,856 [WARN] DbBoards:127 - board STM32439I-EVAL2 has no document id list !
2024-09-11 13:44:46,856 [WARN] DbBoards:127 - board STM32F401C-DISCO has no document id list !
2024-09-11 13:44:46,857 [WARN] DbBoards:127 - board STM32F769I-DISC1 has no document id list !
2024-09-11 13:44:46,857 [WARN] DbBoards:127 - board STM32G474E-EVAL1 has no document id list !
2024-09-11 13:44:46,857 [WARN] DbBoards:127 - board STM32H743I-EVAL2 has no document id list !
2024-09-11 13:44:46,857 [WARN] DbBoards:127 - board STM32H747I-DISC1 has no document id list !
2024-09-11 13:44:46,857 [WARN] DbBoards:127 - board STM32H753I-EVAL2 has no document id list !
2024-09-11 13:44:46,858 [WARN] DbBoards:127 - board STM32L-DISCOVERY has no document id list !
2024-09-11 13:44:46,881 [INFO] ThirdPartyDb:299 - Save Third Party DataBase File (C:/Users/Younis/.stm32cubemx/plugins/thirdparty/db/thirdparties_db.xml) [forced]
2024-09-11 13:44:46,909 [INFO] ThirdPartyDb:299 - Save Third Party DataBase File (C:/Users/Younis/.stm32cubemx/plugins/thirdparty/db/thirdparties_db.xml) [forced]
2024-09-11 13:44:46,939 [ERROR] DbBoards:189 - Image file not found for board B-L462E-CELL1: C:\ST\STM32CubeIDE_1.4.0\STM32CubeIDE\plugins\com.st.stm32cube.common.mx_6.0.0.202007160824\\db\/plugins/mcufinder/images/boards/B-L462E-CELL1_small.jpg
2024-09-11 13:44:46,961 [INFO] IntegrityCheckThread:76 - exiting critical section [integrity check]
2024-09-11 13:44:46,962 [INFO] IntegrityCheckThread:79 - End integrity checks thread
2024-09-11 13:44:46,977 [ERROR] DbBoards:189 - Image file not found for board B-U585I-IOT02A: C:\ST\STM32CubeIDE_1.4.0\STM32CubeIDE\plugins\com.st.stm32cube.common.mx_6.0.0.202007160824\\db\/plugins/mcufinder/images/boards/B-U585I-IOT02A_small.jpg
2024-09-11 13:44:47,053 [ERROR] DbBoards:189 - Image file not found for board NUCLEO-F413ZH: C:\ST\STM32CubeIDE_1.4.0\STM32CubeIDE\plugins\com.st.stm32cube.common.mx_6.0.0.202007160824\\db\/plugins/mcufinder/images/boards/nucleo-f413zh_small.jpg
2024-09-11 13:44:47,205 [ERROR] DbBoards:189 - Image file not found for board NUCLEO-L552ZE-Q: C:\ST\STM32CubeIDE_1.4.0\STM32CubeIDE\plugins\com.st.stm32cube.common.mx_6.0.0.202007160824\\db\/plugins/mcufinder/images/boards/nucleo_l552ze_q_small.jpg
2024-09-11 13:44:47,205 [ERROR] DbBoards:189 - Image file not found for board NUCLEO-U575ZI-Q: C:\ST\STM32CubeIDE_1.4.0\STM32CubeIDE\plugins\com.st.stm32cube.common.mx_6.0.0.202007160824\\db\/plugins/mcufinder/images/boards/nucleo-u575zi-q_small.jpg
2024-09-11 13:44:47,205 [ERROR] DbBoards:189 - Image file not found for board NUCLEO-WB15CC: C:\ST\STM32CubeIDE_1.4.0\STM32CubeIDE\plugins\com.st.stm32cube.common.mx_6.0.0.202007160824\\db\/plugins/mcufinder/images/boards/nucleo-wb15cc_small.jpg
2024-09-11 13:44:47,205 [ERROR] DbBoards:189 - Image file not found for board NUCLEO-WB55RG: C:\ST\STM32CubeIDE_1.4.0\STM32CubeIDE\plugins\com.st.stm32cube.common.mx_6.0.0.202007160824\\db\/plugins/mcufinder/images/boards/nucleo-wb55rg_small.jpg
2024-09-11 13:44:47,205 [ERROR] DbBoards:189 - Image file not found for board NUCLEO-WL55JC: C:\ST\STM32CubeIDE_1.4.0\STM32CubeIDE\plugins\com.st.stm32cube.common.mx_6.0.0.202007160824\\db\/plugins/mcufinder/images/boards/nucleo-wl55jc-small.jpg
2024-09-11 13:44:47,343 [ERROR] DbBoards:189 - Image file not found for board STEVAL-STWINKT1B: C:\ST\STM32CubeIDE_1.4.0\STM32CubeIDE\plugins\com.st.stm32cube.common.mx_6.0.0.202007160824\\db\/plugins/mcufinder/images/boards/steval-stwinkt1b_small.jpg
2024-09-11 13:44:47,625 [ERROR] DbBoards:189 - Image file not found for board STM32G0C1E-EV: C:\ST\STM32CubeIDE_1.4.0\STM32CubeIDE\plugins\com.st.stm32cube.common.mx_6.0.0.202007160824\\db\/plugins/mcufinder/images/boards/stm32g0c1e-eval_small.jpg
2024-09-11 13:44:47,699 [ERROR] DbBoards:189 - Image file not found for board STM32H7B3I-EVAL: C:\ST\STM32CubeIDE_1.4.0\STM32CubeIDE\plugins\com.st.stm32cube.common.mx_6.0.0.202007160824\\db\/plugins/mcufinder/images/boards/stm32h7b3ieval_small.jpg
2024-09-11 13:44:47,850 [ERROR] DbBoards:189 - Image file not found for board STM32U575I-EV: C:\ST\STM32CubeIDE_1.4.0\STM32CubeIDE\plugins\com.st.stm32cube.common.mx_6.0.0.202007160824\\db\/plugins/mcufinder/images/boards/stm32u575i-ev_small.jpg
2024-09-11 13:44:47,876 [ERROR] DbBoards:189 - Image file not found for board STM32WB5MM-DK: C:\ST\STM32CubeIDE_1.4.0\STM32CubeIDE\plugins\com.st.stm32cube.common.mx_6.0.0.202007160824\\db\/plugins/mcufinder/images/boards/STM32WB5MM-DK_small.jpg
2024-09-11 13:44:47,876 [INFO] ApiDb:201 - Load user favorites file C:\Users\Younis/.stm32cubemx/favorites.boards.txt: 0 item(s)
2024-09-11 13:44:47,876 [INFO] ApiDb:205 - User favorites Boards=[]
2024-09-11 13:44:47,876 [INFO] DbBoards:206 - Set 0 / 0 favorites Boards
2024-09-11 13:44:47,878 [INFO] DbBoardsDocs:81 - Found 418 boards documents
2024-09-11 13:44:47,878 [INFO] ApiDb:226 - Save user favorites file C:\Users\Younis/.stm32cubemx/favorites.boards.txt: 0 item(s)
2024-09-11 13:44:47,878 [INFO] ApiDb:230 - User favorites Boards=[]
2024-09-11 13:44:47,880 [INFO] DbBoardsPdsc:94 - Found 23 items
2024-09-11 13:44:47,881 [INFO] DbBoardsPdsc:94 - Found 9 items
2024-09-11 13:44:47,882 [INFO] DbBoardsPdsc:94 - Found 29 items
2024-09-11 13:44:47,883 [INFO] DbBoardsPdsc:94 - Found 1 items
2024-09-11 13:44:47,886 [INFO] DbBoardsPdsc:94 - Found 44 items
2024-09-11 13:44:47,888 [INFO] DbBoardsPdsc:94 - Found 40 items
2024-09-11 13:44:47,889 [INFO] DbBoardsPdsc:94 - Found 2 items
2024-09-11 13:44:47,890 [INFO] DbBoardsPdsc:94 - Found 4 items
2024-09-11 13:44:47,893 [WARN] DbBoardsPdsc:258 - Board STM32H7B3I-DK: unknown feature type=Audio, name=, username=Audio stereo codec with Headphone Amp (CS42L51-CNZ), n=1
2024-09-11 13:44:47,893 [WARN] DbBoardsPdsc:258 - Board STM32H735G-DK: unknown feature type=Audio, name=, username=Audio stereo codec with Headphone Amp (WM8994ECS/R), n=1
2024-09-11 13:44:47,894 [WARN] DbBoardsPdsc:258 - Board STM32H7B3I-EVAL: unknown feature type=Audio, name=, username=Multi-Channel Audio Codec (CS42L51-CNZ), n=1
2024-09-11 13:44:47,894 [WARN] DbBoardsPdsc:258 - Board STM32H7B3I-EVAL: unknown feature type=Meter, name=, username=Power-metering and Temperature-monitoring with sigma-delta modulators, n=1
2024-09-11 13:44:47,894 [WARN] DbBoardsPdsc:258 - Board STM32H7B3I-EVAL: unknown feature type=Motor, name=, username=Motor Control, n=1
2024-09-11 13:44:47,902 [INFO] DbBoardsJson:85 - JSON generation date=Tue Nov 16 18:17:54 EET 2021 (1637079474)
2024-09-11 13:44:47,906 [INFO] DbBoards:117 - Found 166 boards (149 are supported by CubeMX)
2024-09-11 13:44:47,906 [WARN] DbBoards:127 - board B-L475E-IOT01A2 has no document id list !
2024-09-11 13:44:47,906 [WARN] DbBoards:127 - board NUCLEO-H743ZI has no document id list !
2024-09-11 13:44:47,906 [WARN] DbBoards:127 - board P-NUCLEO-WB55-Nucleo has no document id list !
2024-09-11 13:44:47,907 [WARN] DbBoards:127 - board P-NUCLEO-WB55-USBDongle has no document id list !
2024-09-11 13:44:47,907 [WARN] DbBoards:127 - board STEVAL-BFA001V1B has no document id list !
2024-09-11 13:44:47,907 [WARN] DbBoards:127 - board STEVAL-BFA001V2B has no document id list !
2024-09-11 13:44:47,907 [WARN] DbBoards:127 - board STEVAL-IDP005V1 has no document id list !
2024-09-11 13:44:47,907 [WARN] DbBoards:127 - board STEVAL-IDP005V2 has no document id list !
2024-09-11 13:44:47,907 [WARN] DbBoards:127 - board STEVAL-MKSBOX1V1 has no document id list !
2024-09-11 13:44:47,907 [WARN] DbBoards:127 - board STEVAL-STWINKT1 has no document id list !
2024-09-11 13:44:47,907 [WARN] DbBoards:127 - board STEVAL-STWINKT1B has no document id list !
2024-09-11 13:44:47,907 [WARN] DbBoards:127 - board STM32439I-EVAL2 has no document id list !
2024-09-11 13:44:47,907 [WARN] DbBoards:127 - board STM32F401C-DISCO has no document id list !
2024-09-11 13:44:47,907 [WARN] DbBoards:127 - board STM32F769I-DISC1 has no document id list !
2024-09-11 13:44:47,907 [WARN] DbBoards:127 - board STM32G474E-EVAL1 has no document id list !
2024-09-11 13:44:47,907 [WARN] DbBoards:127 - board STM32H743I-EVAL2 has no document id list !
2024-09-11 13:44:47,907 [WARN] DbBoards:127 - board STM32H747I-DISC1 has no document id list !
2024-09-11 13:44:47,907 [WARN] DbBoards:127 - board STM32H753I-EVAL2 has no document id list !
2024-09-11 13:44:47,908 [WARN] DbBoards:127 - board STM32L-DISCOVERY has no document id list !
2024-09-11 13:44:47,928 [ERROR] DbBoards:189 - Image file not found for board B-L462E-CELL1: C:\ST\STM32CubeIDE_1.4.0\STM32CubeIDE\plugins\com.st.stm32cube.common.mx_6.0.0.202007160824\\db\/plugins/mcufinder/images/boards/B-L462E-CELL1_small.jpg
2024-09-11 13:44:47,950 [ERROR] DbBoards:189 - Image file not found for board B-U585I-IOT02A: C:\ST\STM32CubeIDE_1.4.0\STM32CubeIDE\plugins\com.st.stm32cube.common.mx_6.0.0.202007160824\\db\/plugins/mcufinder/images/boards/B-U585I-IOT02A_small.jpg
2024-09-11 13:44:47,996 [ERROR] DbBoards:189 - Image file not found for board NUCLEO-F413ZH: C:\ST\STM32CubeIDE_1.4.0\STM32CubeIDE\plugins\com.st.stm32cube.common.mx_6.0.0.202007160824\\db\/plugins/mcufinder/images/boards/nucleo-f413zh_small.jpg
2024-09-11 13:44:48,099 [ERROR] DbBoards:189 - Image file not found for board NUCLEO-L552ZE-Q: C:\ST\STM32CubeIDE_1.4.0\STM32CubeIDE\plugins\com.st.stm32cube.common.mx_6.0.0.202007160824\\db\/plugins/mcufinder/images/boards/nucleo_l552ze_q_small.jpg
2024-09-11 13:44:48,099 [ERROR] DbBoards:189 - Image file not found for board NUCLEO-U575ZI-Q: C:\ST\STM32CubeIDE_1.4.0\STM32CubeIDE\plugins\com.st.stm32cube.common.mx_6.0.0.202007160824\\db\/plugins/mcufinder/images/boards/nucleo-u575zi-q_small.jpg
2024-09-11 13:44:48,099 [ERROR] DbBoards:189 - Image file not found for board NUCLEO-WB15CC: C:\ST\STM32CubeIDE_1.4.0\STM32CubeIDE\plugins\com.st.stm32cube.common.mx_6.0.0.202007160824\\db\/plugins/mcufinder/images/boards/nucleo-wb15cc_small.jpg
2024-09-11 13:44:48,099 [ERROR] DbBoards:189 - Image file not found for board NUCLEO-WB55RG: C:\ST\STM32CubeIDE_1.4.0\STM32CubeIDE\plugins\com.st.stm32cube.common.mx_6.0.0.202007160824\\db\/plugins/mcufinder/images/boards/nucleo-wb55rg_small.jpg
2024-09-11 13:44:48,100 [ERROR] DbBoards:189 - Image file not found for board NUCLEO-WL55JC: C:\ST\STM32CubeIDE_1.4.0\STM32CubeIDE\plugins\com.st.stm32cube.common.mx_6.0.0.202007160824\\db\/plugins/mcufinder/images/boards/nucleo-wl55jc-small.jpg
2024-09-11 13:44:48,175 [ERROR] DbBoards:189 - Image file not found for board STEVAL-STWINKT1B: C:\ST\STM32CubeIDE_1.4.0\STM32CubeIDE\plugins\com.st.stm32cube.common.mx_6.0.0.202007160824\\db\/plugins/mcufinder/images/boards/steval-stwinkt1b_small.jpg
2024-09-11 13:44:48,321 [ERROR] DbBoards:189 - Image file not found for board STM32G0C1E-EV: C:\ST\STM32CubeIDE_1.4.0\STM32CubeIDE\plugins\com.st.stm32cube.common.mx_6.0.0.202007160824\\db\/plugins/mcufinder/images/boards/stm32g0c1e-eval_small.jpg
2024-09-11 13:44:48,374 [ERROR] DbBoards:189 - Image file not found for board STM32H7B3I-EVAL: C:\ST\STM32CubeIDE_1.4.0\STM32CubeIDE\plugins\com.st.stm32cube.common.mx_6.0.0.202007160824\\db\/plugins/mcufinder/images/boards/stm32h7b3ieval_small.jpg
2024-09-11 13:44:48,485 [ERROR] DbBoards:189 - Image file not found for board STM32U575I-EV: C:\ST\STM32CubeIDE_1.4.0\STM32CubeIDE\plugins\com.st.stm32cube.common.mx_6.0.0.202007160824\\db\/plugins/mcufinder/images/boards/stm32u575i-ev_small.jpg
2024-09-11 13:44:48,523 [ERROR] DbBoards:189 - Image file not found for board STM32WB5MM-DK: C:\ST\STM32CubeIDE_1.4.0\STM32CubeIDE\plugins\com.st.stm32cube.common.mx_6.0.0.202007160824\\db\/plugins/mcufinder/images/boards/STM32WB5MM-DK_small.jpg
2024-09-11 13:44:48,523 [INFO] ApiDb:201 - Load user favorites file C:\Users\Younis/.stm32cubemx/favorites.boards.txt: 0 item(s)
2024-09-11 13:44:48,523 [INFO] ApiDb:205 - User favorites Boards=[]
2024-09-11 13:44:48,523 [INFO] DbBoards:206 - Set 0 / 0 favorites Boards
2024-09-11 13:44:48,614 [INFO] DbExamplesSqlite:156 - SQLite db open (C:\Users\Younis\.stmcufinder\plugins\mcufinder\mcu\cube-finder-db.db)
2024-09-11 13:44:49,210 [INFO] DbExamplesSqlite:447 - Ignored 0 examples not supported by CubeIDE
2024-09-11 13:44:49,210 [INFO] DbExamplesSqlite:448 - Found 8608 examples active
2024-09-11 13:44:49,211 [INFO] DbExamplesSqlite:449 - Found 0 examples obsolete
2024-09-11 13:44:49,211 [INFO] DbExamplesSqlite:450 - Found 0 examples under development
2024-09-11 13:44:49,211 [INFO] DbExamplesSqlite:451 - Found 10 examples not building
2024-09-11 13:44:49,266 [INFO] DbExamplesSqlite:130 - SQLite Data Model version=2.1
2024-09-11 13:44:49,266 [INFO] DbExamplesSqlite:131 - SQLite Configuration version=3.0.39
2024-09-11 13:44:49,266 [INFO] DbExamplesSqlite:132 - SQLite generation date=2024-08-06 (1722941618)
2024-09-11 13:44:49,266 [INFO] DbExamplesSqlite:133 - SQLite FW Pack versions=[FP-ATR-ASTRA1_V2.0.0, FP-SNS-FLIGHT1_V5.0.2, FP-SNS-MOTENV1_V5.0.0, FP-SNS-MOTENVWB1_V1.4.0, FP-SNS-SMARTAG2_V1.2.0, FP-SNS-STBOX1_V2.0.0, STM32Cube_FW_C0_V1.2.0, STM32Cube_FW_F4_V1.28.0, STM32Cube_FW_F7_V1.17.2, STM32Cube_FW_G0_V1.6.2, STM32Cube_FW_G4_V1.6.0, STM32Cube_FW_H5_V1.3.0, STM32Cube_FW_H7RS_V1.1.0, STM32Cube_FW_H7_V1.11.2, STM32Cube_FW_L0_V1.12.2, STM32Cube_FW_L5_V1.5.1, STM32Cube_FW_U0_V1.1.0, STM32Cube_FW_U5_V1.6.0, STM32Cube_FW_WB0_V1.0.0, STM32Cube_FW_WBA_V1.4.1, STM32Cube_FW_WB_V1.20.0, STM32Cube_FW_WL_V1.3.0, X-CUBE-ALGOBUILD_V1.4.0, X-CUBE-ALS_V1.0.2, X-CUBE-AZRTOS-F4_V1.1.0, X-CUBE-AZRTOS-F7_V1.1.0, X-CUBE-AZRTOS-G0_V1.1.0, X-CUBE-AZRTOS-G4_V2.0.0, X-CUBE-AZRTOS-H7RS_V1.0.0, X-CUBE-AZRTOS-H7_V3.2.0, X-CUBE-AZRTOS-L4_V2.0.0, X-CUBE-AZRTOS-L5_V1.1.0, X-CUBE-AZRTOS-WB_V2.0.0, X-CUBE-AZRTOS-WL_V2.0.0, X-CUBE-BLE1_V7.0.0, X-CUBE-BLE2_V3.3.0, X-CUBE-BLEMGR_V3.1.0, X-CUBE-EEPRMA1_V5.1.0, X-CUBE-FREERTOS_V1.2.0, X-CUBE-GNSS1_V6.0.0, X-CUBE-MEMS1_V10.0.0, X-CUBE-NFC4_V3.0.0, X-CUBE-NFC7_V1.0.1, X-CUBE-SFXS2LP1_V4.0.0, X-CUBE-SUBG2_V5.0.0, X-CUBE-TOF1_V3.4.2]
2024-09-11 13:44:49,267 [INFO] DbExamples:123 - Found 8618 examples
2024-09-11 13:44:49,733 [ERROR] DbExamples:199 - Found 8618 examples with invalid data (board or MCU)
2024-09-11 13:44:49,733 [INFO] DbExamples:215 - Found 78 boards with related examples
2024-09-11 13:44:49,733 [INFO] DbExamples:228 - Found 0 MCUs with related examples
2024-09-11 13:44:49,753 [INFO] ApiDb:192 - User favorites file not found: C:\Users\Younis/.stm32cubemx/favorites.examples.txt
2024-09-11 13:44:49,753 [INFO] DbExamples:249 - Set 0 / 0 favorites Examples
2024-09-11 13:44:53,117 [INFO] McuFinderGlobals:40 - Set McuFinder mode to 2 (CubeIDE integrated)
2024-09-11 13:44:53,234 [INFO] CrossSelectorPresenter:1330 - Cross Selector saved comparison directory: C:\Users\Younis\.stmcufinder\plugins\mcufinder\mcu\cs_comparisons_mx
2024-09-11 13:44:53,239 [INFO] MultiScanPanel:193 - Auto-refresh data requested => check proxy status ongoing
2024-09-11 13:44:53,241 [INFO] FinderPluginLoader:87 - Searching for filters in installed packs
2024-09-11 13:44:53,570 [INFO] LoadUrlFilesThread:162 - End of LoadServerUrlFiles without Thread
2024-09-11 13:44:53,603 [INFO] DetailPanel:331 - Set advertising image to C:/Users/Younis/STM32Cube/Repository/\stm32cubemx-promo_image.jpg
2024-09-11 13:44:53,882 [INFO] McuFilterPanel:245 - Update 0 favorites MCUs
2024-09-11 13:46:09,859 [INFO] LogOutputStream:76 - [STDOUT_REDIRECT] withoutVersionV1.8.4
2024-09-11 13:46:09,859 [INFO] LogOutputStream:76 - [STDOUT_REDIRECT] withoutVersionV1.8.3
2024-09-11 13:46:09,860 [INFO] LogOutputStream:76 - [STDOUT_REDIRECT] withoutVersionV1.8.2
2024-09-11 13:46:09,860 [INFO] LogOutputStream:76 - [STDOUT_REDIRECT] withoutVersionV1.8.1
2024-09-11 13:46:09,860 [INFO] LogOutputStream:76 - [STDOUT_REDIRECT] withoutVersionV1.8.0
2024-09-11 13:46:14,325 [ERROR] LogOutputStream:74 - [STDERR_REDIRECT] [Fatal Error] :1:1: Premature end of file.
2024-09-11 13:46:14,326 [ERROR] LogOutputStream:74 - [STDERR_REDIRECT] 
2024-09-11 13:46:14,382 [ERROR] LogOutputStream:74 - [STDERR_REDIRECT] [Fatal Error] :1:1: Premature end of file.
2024-09-11 13:46:14,382 [ERROR] LogOutputStream:74 - [STDERR_REDIRECT] 
2024-09-11 13:46:14,412 [INFO] ApiDb:226 - Save user favorites file C:\Users\Younis/.stm32cubeide/favorites.mcus.txt: 0 item(s)
2024-09-11 13:46:14,412 [INFO] ApiDb:230 - User favorites MCUs=[]
2024-09-11 13:46:15,491 [ERROR] LogOutputStream:74 - [STDERR_REDIRECT] [Fatal Error] :1:1: Premature end of file.
2024-09-11 13:46:15,491 [ERROR] LogOutputStream:74 - [STDERR_REDIRECT] 
2024-09-11 13:46:15,575 [ERROR] LogOutputStream:74 - [STDERR_REDIRECT] [Fatal Error] :1:1: Premature end of file.
2024-09-11 13:46:15,575 [ERROR] LogOutputStream:74 - [STDERR_REDIRECT] 
2024-09-11 13:46:15,655 [ERROR] LogOutputStream:74 - [STDERR_REDIRECT] [Fatal Error] :1:1: Premature end of file.
2024-09-11 13:46:15,655 [ERROR] LogOutputStream:74 - [STDERR_REDIRECT] 
2024-09-11 13:46:15,724 [ERROR] LogOutputStream:74 - [STDERR_REDIRECT] [Fatal Error] :1:1: Premature end of file.
2024-09-11 13:46:15,725 [ERROR] LogOutputStream:74 - [STDERR_REDIRECT] 
2024-09-11 13:46:15,783 [ERROR] LogOutputStream:74 - [STDERR_REDIRECT] [Fatal Error] :1:1: Premature end of file.
2024-09-11 13:46:15,783 [ERROR] LogOutputStream:74 - [STDERR_REDIRECT] 
2024-09-11 13:46:15,848 [ERROR] LogOutputStream:74 - [STDERR_REDIRECT] [Fatal Error] :1:1: Premature end of file.
2024-09-11 13:46:15,849 [ERROR] LogOutputStream:74 - [STDERR_REDIRECT] 
2024-09-11 13:46:15,912 [ERROR] LogOutputStream:74 - [STDERR_REDIRECT] [Fatal Error] :1:1: Premature end of file.
2024-09-11 13:46:15,912 [ERROR] LogOutputStream:74 - [STDERR_REDIRECT] 
2024-09-11 13:46:16,005 [ERROR] LogOutputStream:74 - [STDERR_REDIRECT] [Fatal Error] :1:1: Premature end of file.
2024-09-11 13:46:16,006 [ERROR] LogOutputStream:74 - [STDERR_REDIRECT] 
2024-09-11 13:46:16,062 [ERROR] LogOutputStream:74 - [STDERR_REDIRECT] [Fatal Error] :1:1: Premature end of file.
2024-09-11 13:46:16,063 [ERROR] LogOutputStream:74 - [STDERR_REDIRECT] 
2024-09-11 13:46:16,140 [ERROR] LogOutputStream:74 - [STDERR_REDIRECT] [Fatal Error] :1:1: Premature end of file.
2024-09-11 13:46:16,141 [ERROR] LogOutputStream:74 - [STDERR_REDIRECT] 
2024-09-11 13:57:34,704 [ERROR] LogOutputStream:74 - [STDERR_REDIRECT] [Fatal Error] :1:1: Premature end of file.
2024-09-11 13:57:34,704 [ERROR] LogOutputStream:74 - [STDERR_REDIRECT] 
2024-09-11 13:57:34,765 [ERROR] LogOutputStream:74 - [STDERR_REDIRECT] [Fatal Error] :1:1: Premature end of file.
2024-09-11 13:57:34,766 [ERROR] LogOutputStream:74 - [STDERR_REDIRECT] 
2024-09-11 13:57:34,851 [ERROR] LogOutputStream:74 - [STDERR_REDIRECT] [Fatal Error] :1:1: Premature end of file.
2024-09-11 13:57:34,851 [ERROR] LogOutputStream:74 - [STDERR_REDIRECT] 
2024-09-15 15:35:15,159 [ERROR] LogOutputStream:74 - [STDERR_REDIRECT] [Fatal Error] :1:1: Premature end of file.
2024-09-15 15:35:15,160 [ERROR] LogOutputStream:74 - [STDERR_REDIRECT] 
2024-09-15 15:35:15,220 [ERROR] LogOutputStream:74 - [STDERR_REDIRECT] [Fatal Error] :1:1: Premature end of file.
2024-09-15 15:35:15,220 [ERROR] LogOutputStream:74 - [STDERR_REDIRECT] 
2024-09-15 15:35:15,286 [ERROR] LogOutputStream:74 - [STDERR_REDIRECT] [Fatal Error] :1:1: Premature end of file.
2024-09-15 15:35:15,286 [ERROR] LogOutputStream:74 - [STDERR_REDIRECT] 
2024-09-15 17:29:20,100 [ERROR] LogOutputStream:74 - [STDERR_REDIRECT] [Fatal Error] :1:1: Premature end of file.
2024-09-15 17:29:20,100 [ERROR] LogOutputStream:74 - [STDERR_REDIRECT] 
2024-09-15 17:29:20,157 [ERROR] LogOutputStream:74 - [STDERR_REDIRECT] [Fatal Error] :1:1: Premature end of file.
2024-09-15 17:29:20,157 [ERROR] LogOutputStream:74 - [STDERR_REDIRECT] 
2024-09-15 17:29:20,215 [ERROR] LogOutputStream:74 - [STDERR_REDIRECT] [Fatal Error] :1:1: Premature end of file.
2024-09-15 17:29:20,215 [ERROR] LogOutputStream:74 - [STDERR_REDIRECT] 
2024-09-15 18:55:40,299 [ERROR] LogOutputStream:74 - [STDERR_REDIRECT] [Fatal Error] :1:1: Premature end of file.
2024-09-15 18:55:40,300 [ERROR] LogOutputStream:74 - [STDERR_REDIRECT] 
2024-09-15 18:55:40,355 [ERROR] LogOutputStream:74 - [STDERR_REDIRECT] [Fatal Error] :1:1: Premature end of file.
2024-09-15 18:55:40,355 [ERROR] LogOutputStream:74 - [STDERR_REDIRECT] 
2024-09-15 18:55:40,409 [ERROR] LogOutputStream:74 - [STDERR_REDIRECT] [Fatal Error] :1:1: Premature end of file.
2024-09-15 18:55:40,409 [ERROR] LogOutputStream:74 - [STDERR_REDIRECT] 
2024-09-15 19:19:40,177 [ERROR] LogOutputStream:74 - [STDERR_REDIRECT] [Fatal Error] :1:1: Premature end of file.
2024-09-15 19:19:40,178 [ERROR] LogOutputStream:74 - [STDERR_REDIRECT] 
2024-09-15 19:19:40,230 [ERROR] LogOutputStream:74 - [STDERR_REDIRECT] [Fatal Error] :1:1: Premature end of file.
2024-09-15 19:19:40,230 [ERROR] LogOutputStream:74 - [STDERR_REDIRECT] 
2024-09-15 19:19:40,285 [ERROR] LogOutputStream:74 - [STDERR_REDIRECT] [Fatal Error] :1:1: Premature end of file.
2024-09-15 19:19:40,285 [ERROR] LogOutputStream:74 - [STDERR_REDIRECT] 
2024-09-15 23:20:24,081 [ERROR] LogOutputStream:74 - [STDERR_REDIRECT] [Fatal Error] :1:1: Premature end of file.
2024-09-15 23:20:24,082 [ERROR] LogOutputStream:74 - [STDERR_REDIRECT] 
2024-09-15 23:20:24,135 [ERROR] LogOutputStream:74 - [STDERR_REDIRECT] [Fatal Error] :1:1: Premature end of file.
2024-09-15 23:20:24,135 [ERROR] LogOutputStream:74 - [STDERR_REDIRECT] 
2024-09-15 23:20:24,187 [ERROR] LogOutputStream:74 - [STDERR_REDIRECT] [Fatal Error] :1:1: Premature end of file.
2024-09-15 23:20:24,187 [ERROR] LogOutputStream:74 - [STDERR_REDIRECT] 
2024-09-15 23:22:30,314 [ERROR] LogOutputStream:74 - [STDERR_REDIRECT] [Fatal Error] :1:1: Premature end of file.
2024-09-15 23:22:30,314 [ERROR] LogOutputStream:74 - [STDERR_REDIRECT] 
2024-09-15 23:22:30,367 [ERROR] LogOutputStream:74 - [STDERR_REDIRECT] [Fatal Error] :1:1: Premature end of file.
2024-09-15 23:22:30,367 [ERROR] LogOutputStream:74 - [STDERR_REDIRECT] 
2024-09-15 23:22:30,417 [ERROR] LogOutputStream:74 - [STDERR_REDIRECT] [Fatal Error] :1:1: Premature end of file.
2024-09-15 23:22:30,418 [ERROR] LogOutputStream:74 - [STDERR_REDIRECT] 
2024-09-17 16:20:49,076 [ERROR] LogOutputStream:74 - [STDERR_REDIRECT] [Fatal Error] :1:1: Premature end of file.
2024-09-17 16:20:49,079 [ERROR] LogOutputStream:74 - [STDERR_REDIRECT] 
2024-09-17 16:20:49,134 [ERROR] LogOutputStream:74 - [STDERR_REDIRECT] [Fatal Error] :1:1: Premature end of file.
2024-09-17 16:20:49,134 [ERROR] LogOutputStream:74 - [STDERR_REDIRECT] 
2024-09-17 16:20:49,191 [ERROR] LogOutputStream:74 - [STDERR_REDIRECT] [Fatal Error] :1:1: Premature end of file.
2024-09-17 16:20:49,192 [ERROR] LogOutputStream:74 - [STDERR_REDIRECT] 
2024-09-17 16:23:03,874 [INFO] Activator:178 - 


2024-09-17 16:23:03,876 [INFO] Activator:179 - !SESSION log4j initialized
2024-09-17 16:23:07,912 [ERROR] LogOutputStream:74 - [STDERR_REDIRECT] [Fatal Error] :1:1: Premature end of file.
2024-09-17 16:23:07,913 [ERROR] LogOutputStream:74 - [STDERR_REDIRECT] 
2024-09-17 16:23:07,964 [ERROR] LogOutputStream:74 - [STDERR_REDIRECT] [Fatal Error] :1:1: Premature end of file.
2024-09-17 16:23:07,964 [ERROR] LogOutputStream:74 - [STDERR_REDIRECT] 
2024-09-17 16:23:08,014 [ERROR] LogOutputStream:74 - [STDERR_REDIRECT] [Fatal Error] :1:1: Premature end of file.
2024-09-17 16:23:08,015 [ERROR] LogOutputStream:74 - [STDERR_REDIRECT] 
2024-09-17 16:44:13,365 [ERROR] LogOutputStream:74 - [STDERR_REDIRECT] [Fatal Error] :1:1: Premature end of file.
2024-09-17 16:44:13,365 [ERROR] LogOutputStream:74 - [STDERR_REDIRECT] 
2024-09-17 16:44:13,481 [ERROR] LogOutputStream:74 - [STDERR_REDIRECT] [Fatal Error] :1:1: Premature end of file.
2024-09-17 16:44:13,481 [ERROR] LogOutputStream:74 - [STDERR_REDIRECT] 
2024-09-17 16:44:13,604 [ERROR] LogOutputStream:74 - [STDERR_REDIRECT] [Fatal Error] :1:1: Premature end of file.
2024-09-17 16:44:13,604 [ERROR] LogOutputStream:74 - [STDERR_REDIRECT] 
2024-09-17 16:44:13,723 [ERROR] LogOutputStream:74 - [STDERR_REDIRECT] [Fatal Error] :1:1: Premature end of file.
2024-09-17 16:44:13,723 [ERROR] LogOutputStream:74 - [STDERR_REDIRECT] 
2024-09-17 16:44:13,836 [ERROR] LogOutputStream:74 - [STDERR_REDIRECT] [Fatal Error] :1:1: Premature end of file.
2024-09-17 16:44:13,837 [ERROR] LogOutputStream:74 - [STDERR_REDIRECT] 
2024-09-17 16:44:14,040 [ERROR] LogOutputStream:74 - [STDERR_REDIRECT] [Fatal Error] :1:1: Premature end of file.
2024-09-17 16:44:14,042 [ERROR] LogOutputStream:74 - [STDERR_REDIRECT] 
2024-09-17 16:44:14,157 [ERROR] LogOutputStream:74 - [STDERR_REDIRECT] [Fatal Error] :1:1: Premature end of file.
2024-09-17 16:44:14,157 [ERROR] LogOutputStream:74 - [STDERR_REDIRECT] 
2024-09-17 16:44:14,285 [ERROR] LogOutputStream:74 - [STDERR_REDIRECT] [Fatal Error] :1:1: Premature end of file.
2024-09-17 16:44:14,285 [ERROR] LogOutputStream:74 - [STDERR_REDIRECT] 
2024-09-17 16:44:14,396 [ERROR] LogOutputStream:74 - [STDERR_REDIRECT] [Fatal Error] :1:1: Premature end of file.
2024-09-17 16:44:14,397 [ERROR] LogOutputStream:74 - [STDERR_REDIRECT] 
2024-09-17 16:44:14,544 [ERROR] LogOutputStream:74 - [STDERR_REDIRECT] [Fatal Error] :1:1: Premature end of file.
2024-09-17 16:44:14,544 [ERROR] LogOutputStream:74 - [STDERR_REDIRECT] 
2024-09-17 16:44:14,656 [ERROR] LogOutputStream:74 - [STDERR_REDIRECT] [Fatal Error] :1:1: Premature end of file.
2024-09-17 16:44:14,656 [ERROR] LogOutputStream:74 - [STDERR_REDIRECT] 
2024-09-17 16:44:14,768 [ERROR] LogOutputStream:74 - [STDERR_REDIRECT] [Fatal Error] :1:1: Premature end of file.
2024-09-17 16:44:14,768 [ERROR] LogOutputStream:74 - [STDERR_REDIRECT] 
2024-09-18 17:23:14,883 [INFO] Activator:178 - 


2024-09-18 17:23:14,887 [INFO] Activator:179 - !SESSION log4j initialized
2024-09-18 17:23:21,376 [ERROR] LogOutputStream:74 - [STDERR_REDIRECT] [Fatal Error] :1:1: Premature end of file.
2024-09-18 17:23:21,377 [ERROR] LogOutputStream:74 - [STDERR_REDIRECT] 
2024-09-18 17:23:21,436 [ERROR] LogOutputStream:74 - [STDERR_REDIRECT] [Fatal Error] :1:1: Premature end of file.
2024-09-18 17:23:21,437 [ERROR] LogOutputStream:74 - [STDERR_REDIRECT] 
2024-09-18 17:23:21,494 [ERROR] LogOutputStream:74 - [STDERR_REDIRECT] [Fatal Error] :1:1: Premature end of file.
2024-09-18 17:23:21,495 [ERROR] LogOutputStream:74 - [STDERR_REDIRECT] 
2024-09-18 17:44:57,575 [ERROR] LogOutputStream:74 - [STDERR_REDIRECT] [Fatal Error] :1:1: Premature end of file.
2024-09-18 17:44:57,576 [ERROR] LogOutputStream:74 - [STDERR_REDIRECT] 
2024-09-18 17:44:57,638 [ERROR] LogOutputStream:74 - [STDERR_REDIRECT] [Fatal Error] :1:1: Premature end of file.
2024-09-18 17:44:57,638 [ERROR] LogOutputStream:74 - [STDERR_REDIRECT] 
2024-09-18 17:44:57,691 [ERROR] LogOutputStream:74 - [STDERR_REDIRECT] [Fatal Error] :1:1: Premature end of file.
2024-09-18 17:44:57,692 [ERROR] LogOutputStream:74 - [STDERR_REDIRECT] 
2024-09-18 17:44:57,762 [ERROR] LogOutputStream:74 - [STDERR_REDIRECT] [Fatal Error] :1:1: Premature end of file.
2024-09-18 17:44:57,762 [ERROR] LogOutputStream:74 - [STDERR_REDIRECT] 
2024-09-18 17:44:57,833 [ERROR] LogOutputStream:74 - [STDERR_REDIRECT] [Fatal Error] :1:1: Premature end of file.
2024-09-18 17:44:57,833 [ERROR] LogOutputStream:74 - [STDERR_REDIRECT] 
2024-09-18 17:44:57,955 [ERROR] LogOutputStream:74 - [STDERR_REDIRECT] [Fatal Error] :1:1: Premature end of file.
2024-09-18 17:44:57,955 [ERROR] LogOutputStream:74 - [STDERR_REDIRECT] 
2024-09-18 17:44:58,033 [ERROR] LogOutputStream:74 - [STDERR_REDIRECT] [Fatal Error] :1:1: Premature end of file.
2024-09-18 17:44:58,034 [ERROR] LogOutputStream:74 - [STDERR_REDIRECT] 
2024-09-18 17:44:58,100 [ERROR] LogOutputStream:74 - [STDERR_REDIRECT] [Fatal Error] :1:1: Premature end of file.
2024-09-18 17:44:58,101 [ERROR] LogOutputStream:74 - [STDERR_REDIRECT] 
2024-09-18 17:44:58,176 [ERROR] LogOutputStream:74 - [STDERR_REDIRECT] [Fatal Error] :1:1: Premature end of file.
2024-09-18 17:44:58,177 [ERROR] LogOutputStream:74 - [STDERR_REDIRECT] 
2024-09-18 17:44:58,293 [ERROR] LogOutputStream:74 - [STDERR_REDIRECT] [Fatal Error] :1:1: Premature end of file.
2024-09-18 17:44:58,293 [ERROR] LogOutputStream:74 - [STDERR_REDIRECT] 
2024-09-18 17:44:58,359 [ERROR] LogOutputStream:74 - [STDERR_REDIRECT] [Fatal Error] :1:1: Premature end of file.
2024-09-18 17:44:58,360 [ERROR] LogOutputStream:74 - [STDERR_REDIRECT] 
2024-09-18 17:44:58,423 [ERROR] LogOutputStream:74 - [STDERR_REDIRECT] [Fatal Error] :1:1: Premature end of file.
2024-09-18 17:44:58,424 [ERROR] LogOutputStream:74 - [STDERR_REDIRECT] 
2024-09-18 18:37:44,031 [ERROR] LogOutputStream:74 - [STDERR_REDIRECT] [Fatal Error] :1:1: Premature end of file.
2024-09-18 18:37:44,032 [ERROR] LogOutputStream:74 - [STDERR_REDIRECT] 
2024-09-18 18:37:44,126 [ERROR] LogOutputStream:74 - [STDERR_REDIRECT] [Fatal Error] :1:1: Premature end of file.
2024-09-18 18:37:44,127 [ERROR] LogOutputStream:74 - [STDERR_REDIRECT] 
2024-09-18 18:37:44,183 [ERROR] LogOutputStream:74 - [STDERR_REDIRECT] [Fatal Error] :1:1: Premature end of file.
2024-09-18 18:37:44,183 [ERROR] LogOutputStream:74 - [STDERR_REDIRECT] 
2024-09-18 19:30:44,857 [ERROR] LogOutputStream:74 - [STDERR_REDIRECT] [Fatal Error] :1:1: Premature end of file.
2024-09-18 19:30:44,860 [ERROR] LogOutputStream:74 - [STDERR_REDIRECT] 
2024-09-18 19:30:44,912 [ERROR] LogOutputStream:74 - [STDERR_REDIRECT] [Fatal Error] :1:1: Premature end of file.
2024-09-18 19:30:44,912 [ERROR] LogOutputStream:74 - [STDERR_REDIRECT] 
2024-09-18 19:30:44,967 [ERROR] LogOutputStream:74 - [STDERR_REDIRECT] [Fatal Error] :1:1: Premature end of file.
2024-09-18 19:30:44,968 [ERROR] LogOutputStream:74 - [STDERR_REDIRECT] 
2024-09-18 22:37:46,736 [ERROR] LogOutputStream:74 - [STDERR_REDIRECT] [Fatal Error] :1:1: Premature end of file.
2024-09-18 22:37:46,737 [ERROR] LogOutputStream:74 - [STDERR_REDIRECT] 
2024-09-18 22:37:46,805 [ERROR] LogOutputStream:74 - [STDERR_REDIRECT] [Fatal Error] :1:1: Premature end of file.
2024-09-18 22:37:46,806 [ERROR] LogOutputStream:74 - [STDERR_REDIRECT] 
2024-09-18 22:37:46,859 [ERROR] LogOutputStream:74 - [STDERR_REDIRECT] [Fatal Error] :1:1: Premature end of file.
2024-09-18 22:37:46,860 [ERROR] LogOutputStream:74 - [STDERR_REDIRECT] 
2024-09-18 22:41:50,230 [ERROR] LogOutputStream:74 - [STDERR_REDIRECT] [Fatal Error] :1:1: Premature end of file.
2024-09-18 22:41:50,231 [ERROR] LogOutputStream:74 - [STDERR_REDIRECT] 
2024-09-18 22:41:50,286 [ERROR] LogOutputStream:74 - [STDERR_REDIRECT] [Fatal Error] :1:1: Premature end of file.
2024-09-18 22:41:50,286 [ERROR] LogOutputStream:74 - [STDERR_REDIRECT] 
2024-09-18 22:41:50,341 [ERROR] LogOutputStream:74 - [STDERR_REDIRECT] [Fatal Error] :1:1: Premature end of file.
2024-09-18 22:41:50,341 [ERROR] LogOutputStream:74 - [STDERR_REDIRECT] 
2024-09-18 22:48:39,141 [ERROR] LogOutputStream:74 - [STDERR_REDIRECT] [Fatal Error] :1:1: Premature end of file.
2024-09-18 22:48:39,141 [ERROR] LogOutputStream:74 - [STDERR_REDIRECT] 
2024-09-18 22:48:39,202 [ERROR] LogOutputStream:74 - [STDERR_REDIRECT] [Fatal Error] :1:1: Premature end of file.
2024-09-18 22:48:39,202 [ERROR] LogOutputStream:74 - [STDERR_REDIRECT] 
2024-09-18 22:48:39,254 [ERROR] LogOutputStream:74 - [STDERR_REDIRECT] [Fatal Error] :1:1: Premature end of file.
2024-09-18 22:48:39,254 [ERROR] LogOutputStream:74 - [STDERR_REDIRECT] 
2024-09-18 22:54:51,106 [ERROR] LogOutputStream:74 - [STDERR_REDIRECT] [Fatal Error] :1:1: Premature end of file.
2024-09-18 22:54:51,106 [ERROR] LogOutputStream:74 - [STDERR_REDIRECT] 
2024-09-18 22:54:51,162 [ERROR] LogOutputStream:74 - [STDERR_REDIRECT] [Fatal Error] :1:1: Premature end of file.
2024-09-18 22:54:51,162 [ERROR] LogOutputStream:74 - [STDERR_REDIRECT] 
2024-09-18 22:54:51,212 [ERROR] LogOutputStream:74 - [STDERR_REDIRECT] [Fatal Error] :1:1: Premature end of file.
2024-09-18 22:54:51,213 [ERROR] LogOutputStream:74 - [STDERR_REDIRECT] 
2024-09-18 22:56:46,476 [ERROR] LogOutputStream:74 - [STDERR_REDIRECT] [Fatal Error] :1:1: Premature end of file.
2024-09-18 22:56:46,476 [ERROR] LogOutputStream:74 - [STDERR_REDIRECT] 
2024-09-18 22:56:46,528 [ERROR] LogOutputStream:74 - [STDERR_REDIRECT] [Fatal Error] :1:1: Premature end of file.
2024-09-18 22:56:46,529 [ERROR] LogOutputStream:74 - [STDERR_REDIRECT] 
2024-09-18 22:56:46,582 [ERROR] LogOutputStream:74 - [STDERR_REDIRECT] [Fatal Error] :1:1: Premature end of file.
2024-09-18 22:56:46,582 [ERROR] LogOutputStream:74 - [STDERR_REDIRECT] 
2024-09-18 23:03:52,781 [ERROR] LogOutputStream:74 - [STDERR_REDIRECT] [Fatal Error] :1:1: Premature end of file.
2024-09-18 23:03:52,781 [ERROR] LogOutputStream:74 - [STDERR_REDIRECT] 
2024-09-18 23:03:52,842 [ERROR] LogOutputStream:74 - [STDERR_REDIRECT] [Fatal Error] :1:1: Premature end of file.
2024-09-18 23:03:52,843 [ERROR] LogOutputStream:74 - [STDERR_REDIRECT] 
2024-09-18 23:03:52,900 [ERROR] LogOutputStream:74 - [STDERR_REDIRECT] [Fatal Error] :1:1: Premature end of file.
2024-09-18 23:03:52,901 [ERROR] LogOutputStream:74 - [STDERR_REDIRECT] 
2024-09-18 23:06:11,931 [ERROR] LogOutputStream:74 - [STDERR_REDIRECT] [Fatal Error] :1:1: Premature end of file.
2024-09-18 23:06:11,931 [ERROR] LogOutputStream:74 - [STDERR_REDIRECT] 
2024-09-18 23:06:11,984 [ERROR] LogOutputStream:74 - [STDERR_REDIRECT] [Fatal Error] :1:1: Premature end of file.
2024-09-18 23:06:11,985 [ERROR] LogOutputStream:74 - [STDERR_REDIRECT] 
2024-09-18 23:06:12,038 [ERROR] LogOutputStream:74 - [STDERR_REDIRECT] [Fatal Error] :1:1: Premature end of file.
2024-09-18 23:06:12,038 [ERROR] LogOutputStream:74 - [STDERR_REDIRECT] 
2024-09-18 23:11:56,242 [ERROR] LogOutputStream:74 - [STDERR_REDIRECT] [Fatal Error] :1:1: Premature end of file.
2024-09-18 23:11:56,243 [ERROR] LogOutputStream:74 - [STDERR_REDIRECT] 
2024-09-18 23:11:56,294 [ERROR] LogOutputStream:74 - [STDERR_REDIRECT] [Fatal Error] :1:1: Premature end of file.
2024-09-18 23:11:56,294 [ERROR] LogOutputStream:74 - [STDERR_REDIRECT] 
2024-09-18 23:11:56,345 [ERROR] LogOutputStream:74 - [STDERR_REDIRECT] [Fatal Error] :1:1: Premature end of file.
2024-09-18 23:11:56,345 [ERROR] LogOutputStream:74 - [STDERR_REDIRECT] 
2024-09-18 23:13:36,082 [ERROR] LogOutputStream:74 - [STDERR_REDIRECT] [Fatal Error] :1:1: Premature end of file.
2024-09-18 23:13:36,082 [ERROR] LogOutputStream:74 - [STDERR_REDIRECT] 
2024-09-18 23:13:36,140 [ERROR] LogOutputStream:74 - [STDERR_REDIRECT] [Fatal Error] :1:1: Premature end of file.
2024-09-18 23:13:36,140 [ERROR] LogOutputStream:74 - [STDERR_REDIRECT] 
2024-09-18 23:13:36,191 [ERROR] LogOutputStream:74 - [STDERR_REDIRECT] [Fatal Error] :1:1: Premature end of file.
2024-09-18 23:13:36,191 [ERROR] LogOutputStream:74 - [STDERR_REDIRECT] 
2024-09-18 23:21:50,099 [ERROR] LogOutputStream:74 - [STDERR_REDIRECT] [Fatal Error] :1:1: Premature end of file.
2024-09-18 23:21:50,100 [ERROR] LogOutputStream:74 - [STDERR_REDIRECT] 
2024-09-18 23:21:50,159 [ERROR] LogOutputStream:74 - [STDERR_REDIRECT] [Fatal Error] :1:1: Premature end of file.
2024-09-18 23:21:50,159 [ERROR] LogOutputStream:74 - [STDERR_REDIRECT] 
2024-09-18 23:21:50,235 [ERROR] LogOutputStream:74 - [STDERR_REDIRECT] [Fatal Error] :1:1: Premature end of file.
2024-09-18 23:21:50,235 [ERROR] LogOutputStream:74 - [STDERR_REDIRECT] 
2024-09-18 23:22:42,939 [ERROR] LogOutputStream:74 - [STDERR_REDIRECT] [Fatal Error] :1:1: Premature end of file.
2024-09-18 23:22:42,940 [ERROR] LogOutputStream:74 - [STDERR_REDIRECT] 
2024-09-18 23:22:43,023 [ERROR] LogOutputStream:74 - [STDERR_REDIRECT] [Fatal Error] :1:1: Premature end of file.
2024-09-18 23:22:43,023 [ERROR] LogOutputStream:74 - [STDERR_REDIRECT] 
2024-09-18 23:22:43,086 [ERROR] LogOutputStream:74 - [STDERR_REDIRECT] [Fatal Error] :1:1: Premature end of file.
2024-09-18 23:22:43,086 [ERROR] LogOutputStream:74 - [STDERR_REDIRECT] 
2024-09-18 23:23:39,687 [ERROR] LogOutputStream:74 - [STDERR_REDIRECT] [Fatal Error] :1:1: Premature end of file.
2024-09-18 23:23:39,688 [ERROR] LogOutputStream:74 - [STDERR_REDIRECT] 
2024-09-18 23:23:39,743 [ERROR] LogOutputStream:74 - [STDERR_REDIRECT] [Fatal Error] :1:1: Premature end of file.
2024-09-18 23:23:39,744 [ERROR] LogOutputStream:74 - [STDERR_REDIRECT] 
2024-09-18 23:23:39,799 [ERROR] LogOutputStream:74 - [STDERR_REDIRECT] [Fatal Error] :1:1: Premature end of file.
2024-09-18 23:23:39,799 [ERROR] LogOutputStream:74 - [STDERR_REDIRECT] 
2024-09-18 23:24:48,420 [ERROR] LogOutputStream:74 - [STDERR_REDIRECT] [Fatal Error] :1:1: Premature end of file.
2024-09-18 23:24:48,420 [ERROR] LogOutputStream:74 - [STDERR_REDIRECT] 
2024-09-18 23:24:48,476 [ERROR] LogOutputStream:74 - [STDERR_REDIRECT] [Fatal Error] :1:1: Premature end of file.
2024-09-18 23:24:48,477 [ERROR] LogOutputStream:74 - [STDERR_REDIRECT] 
2024-09-18 23:24:48,532 [ERROR] LogOutputStream:74 - [STDERR_REDIRECT] [Fatal Error] :1:1: Premature end of file.
2024-09-18 23:24:48,532 [ERROR] LogOutputStream:74 - [STDERR_REDIRECT] 
2024-09-18 23:31:22,253 [ERROR] LogOutputStream:74 - [STDERR_REDIRECT] [Fatal Error] :1:1: Premature end of file.
2024-09-18 23:31:22,253 [ERROR] LogOutputStream:74 - [STDERR_REDIRECT] 
2024-09-18 23:31:22,306 [ERROR] LogOutputStream:74 - [STDERR_REDIRECT] [Fatal Error] :1:1: Premature end of file.
2024-09-18 23:31:22,306 [ERROR] LogOutputStream:74 - [STDERR_REDIRECT] 
2024-09-18 23:31:22,373 [ERROR] LogOutputStream:74 - [STDERR_REDIRECT] [Fatal Error] :1:1: Premature end of file.
2024-09-18 23:31:22,373 [ERROR] LogOutputStream:74 - [STDERR_REDIRECT] 
2024-09-18 23:31:46,007 [ERROR] LogOutputStream:74 - [STDERR_REDIRECT] [Fatal Error] :1:1: Premature end of file.
2024-09-18 23:31:46,007 [ERROR] LogOutputStream:74 - [STDERR_REDIRECT] 
2024-09-18 23:31:46,070 [ERROR] LogOutputStream:74 - [STDERR_REDIRECT] [Fatal Error] :1:1: Premature end of file.
2024-09-18 23:31:46,071 [ERROR] LogOutputStream:74 - [STDERR_REDIRECT] 
2024-09-18 23:31:46,126 [ERROR] LogOutputStream:74 - [STDERR_REDIRECT] [Fatal Error] :1:1: Premature end of file.
2024-09-18 23:31:46,126 [ERROR] LogOutputStream:74 - [STDERR_REDIRECT] 
2024-09-18 23:35:17,437 [ERROR] LogOutputStream:74 - [STDERR_REDIRECT] [Fatal Error] :1:1: Premature end of file.
2024-09-18 23:35:17,437 [ERROR] LogOutputStream:74 - [STDERR_REDIRECT] 
2024-09-18 23:35:17,494 [ERROR] LogOutputStream:74 - [STDERR_REDIRECT] [Fatal Error] :1:1: Premature end of file.
2024-09-18 23:35:17,495 [ERROR] LogOutputStream:74 - [STDERR_REDIRECT] 
2024-09-18 23:35:17,551 [ERROR] LogOutputStream:74 - [STDERR_REDIRECT] [Fatal Error] :1:1: Premature end of file.
2024-09-18 23:35:17,551 [ERROR] LogOutputStream:74 - [STDERR_REDIRECT] 
2024-09-18 23:47:24,978 [ERROR] LogOutputStream:74 - [STDERR_REDIRECT] [Fatal Error] :1:1: Premature end of file.
2024-09-18 23:47:24,978 [ERROR] LogOutputStream:74 - [STDERR_REDIRECT] 
2024-09-18 23:47:25,032 [ERROR] LogOutputStream:74 - [STDERR_REDIRECT] [Fatal Error] :1:1: Premature end of file.
2024-09-18 23:47:25,032 [ERROR] LogOutputStream:74 - [STDERR_REDIRECT] 
2024-09-18 23:47:25,081 [ERROR] LogOutputStream:74 - [STDERR_REDIRECT] [Fatal Error] :1:1: Premature end of file.
2024-09-18 23:47:25,082 [ERROR] LogOutputStream:74 - [STDERR_REDIRECT] 
2024-09-18 23:48:46,360 [INFO] Activator:178 - 


2024-09-18 23:48:46,362 [INFO] Activator:179 - !SESSION log4j initialized
